2024-10-07T00:18:22+00:00 NOTICE Request
method: GET
uri: https://graph.facebook.com/v20.0/fbe_business?fbe_external_business_id=sicnehenceecomemrce-665f929422055
user-agent: Facebook-for-WooCommerce/3.2.10 (WooCommerce/9.3.3; WordPress/6.6.2)
body:
duration: 0.4939s
 CONTEXT: {"_legacy":true}
2024-10-07T00:18:22+00:00 NOTICE Response
code: 200
message: OK
body: {"business":{"name":"SicneHence eComemrce"},"ads":[{"feature_instance_id":"813554103728373","enabled":true}],"catalogs":[{"feature_instance_id":"777710937847014","enabled":true}],"catalog_feed_scheduled":{"enabled":false},"ig_cta":{"enabled":false},"ig_shopping":{"enabled":false},"messenger_chat":{"enabled":false},"messenger_menu":{"enabled":false},"page_card":{"enabled":false},"page_cta":{"enabled":false},"page_post":{"enabled":false},"page_shop":{"enabled":false},"pixels":[{"feature_instance_id":"798387502384774","enabled":true}],"thread_intent":{"enabled":false}}
 CONTEXT: {"_legacy":true}
2024-10-07T00:32:44+00:00 NOTICE Request
method: POST
uri: https://graph.facebook.com/v20.0/820729112865218/events
user-agent: Facebook-for-WooCommerce/3.2.10 (WooCommerce/9.3.3; WordPress/6.6.2)
body: {"data":[{"action_source":"website","event_time":1728261153,"event_id":"56574e13-184d-4b9e-b967-4ce8a91f8a19","event_source_url":"https:\/\/sincehence.store\/product-category\/hair\/?v=0b3b97fa6688","custom_data":{"content_name":"HAIR GROWTH","content_category":"HAIR GROWTH","content_ids":"[\"SHSUP-TB00027_125\",\"SHSUP-TB00028_123\",\"SHSUP-TB00026_127\"]","content_type":"product","contents":[{"id":"SHSUP-TB00027_125","quantity":1},{"id":"SHSUP-TB00028_123","quantity":1},{"id":"SHSUP-TB00026_127","quantity":1}]},"user_data":{"client_ip_address":"43.135.133.194","client_user_agent":"Mozilla\/5.0 (iPhone; CPU iPhone OS 13_2_3 like Mac OS X) AppleWebKit\/605.1.15 (KHTML, like Gecko) Version\/13.0.3 Mobile\/15E148 Safari\/604.1","fbc":"","fbp":""},"event_name":"ViewCategory"}],"partner_agent":"woocommerce-9.3.3-3.2.10"}
duration: 0.39974s
 CONTEXT: {"_legacy":true}
2024-10-07T00:32:44+00:00 NOTICE Response
code: 200
message: OK
body: {"events_received":1,"messages":[],"fbtrace_id":"AZZxWIhyv4Z8iQhbhbhohJM"}
 CONTEXT: {"_legacy":true}
2024-10-07T01:19:03+00:00 NOTICE Request
method: GET
uri: https://graph.facebook.com/v20.0/fbe_business?fbe_external_business_id=sicnehenceecomemrce-665f929422055
user-agent: Facebook-for-WooCommerce/3.2.10 (WooCommerce/9.3.3; WordPress/6.6.2)
body:
duration: 0.41803s
 CONTEXT: {"_legacy":true}
2024-10-07T01:19:03+00:00 NOTICE Response
code: 200
message: OK
body: {"business":{"name":"SicneHence eComemrce"},"ads":[{"feature_instance_id":"813554103728373","enabled":true}],"catalogs":[{"feature_instance_id":"777710937847014","enabled":true}],"catalog_feed_scheduled":{"enabled":false},"ig_cta":{"enabled":false},"ig_shopping":{"enabled":false},"messenger_chat":{"enabled":false},"messenger_menu":{"enabled":false},"page_card":{"enabled":false},"page_cta":{"enabled":false},"page_post":{"enabled":false},"page_shop":{"enabled":false},"pixels":[{"feature_instance_id":"798387502384774","enabled":true}],"thread_intent":{"enabled":false}}
 CONTEXT: {"_legacy":true}
2024-10-07T01:50:07+00:00 NOTICE Request
method: POST
uri: https://graph.facebook.com/v20.0/820729112865218/events
user-agent: Facebook-for-WooCommerce/3.2.10 (WooCommerce/9.3.3; WordPress/6.6.2)
body: {"data":[{"action_source":"website","event_time":1728265805,"event_id":"3cbab134-751c-4f58-a242-fd155d3ea1c6","event_source_url":"https:\/\/sincehence.store\/product\/hair-restoration-ultimate-combo\/?add-to-cart=83","custom_data":{"content_ids":"[\"SHSUP-TB00048_83\"]","content_name":"Metabolism Boost Patches - 30 Patches for Weight Management Support - Fucus Vesiculosus, 5-HTP, Guarana Extract - Vegan, Made in the USA","content_type":"product","contents":"[{\"id\":\"SHSUP-TB00048_83\",\"quantity\":1}]","value":22.95,"currency":"USD"},"user_data":{"client_ip_address":"124.243.179.91","client_user_agent":"Mozilla\/5.0 (Windows NT 10.0; Win64; x64) AppleWebKit\/537.36 (KHTML, like Gecko) Chrome\/101.0.4951.67 Safari\/537.36","fbc":"","fbp":""},"event_name":"AddToCart"}],"partner_agent":"woocommerce-9.3.3-3.2.10"}
duration: 0.44745s
 CONTEXT: {"_legacy":true}
2024-10-07T01:50:07+00:00 NOTICE Response
code: 200
message: OK
body: {"events_received":1,"messages":[],"fbtrace_id":"AoHhbHwd4qc45RlDMe0yAmN"}
 CONTEXT: {"_legacy":true}
2024-10-07T02:23:47+00:00 NOTICE Request
method: GET
uri: https://graph.facebook.com/v20.0/fbe_business?fbe_external_business_id=sicnehenceecomemrce-665f929422055
user-agent: Facebook-for-WooCommerce/3.2.10 (WooCommerce/9.3.3; WordPress/6.6.2)
body:
duration: 0.39596s
 CONTEXT: {"_legacy":true}
2024-10-07T02:23:47+00:00 NOTICE Response
code: 200
message: OK
body: {"business":{"name":"SicneHence eComemrce"},"ads":[{"feature_instance_id":"813554103728373","enabled":true}],"catalogs":[{"feature_instance_id":"777710937847014","enabled":true}],"catalog_feed_scheduled":{"enabled":false},"ig_cta":{"enabled":false},"ig_shopping":{"enabled":false},"messenger_chat":{"enabled":false},"messenger_menu":{"enabled":false},"page_card":{"enabled":false},"page_cta":{"enabled":false},"page_post":{"enabled":false},"page_shop":{"enabled":false},"pixels":[{"feature_instance_id":"798387502384774","enabled":true}],"thread_intent":{"enabled":false}}
 CONTEXT: {"_legacy":true}
2024-10-07T03:06:03+00:00 NOTICE Generating a fresh product feed file CONTEXT: {"_legacy":true}
2024-10-07T03:06:04+00:00 NOTICE Product feed file generated CONTEXT: {"_legacy":true}
2024-10-07T03:20:13+00:00 NOTICE Request
method: GET
uri: https://graph.facebook.com/v20.0/fbe_business?fbe_external_business_id=sicnehenceecomemrce-665f929422055
user-agent: Facebook-for-WooCommerce/3.2.10 (WooCommerce/9.3.3; WordPress/6.6.2)
body:
duration: 0.44606s
 CONTEXT: {"_legacy":true}
2024-10-07T03:20:13+00:00 NOTICE Response
code: 200
message: OK
body: {"business":{"name":"SicneHence eComemrce"},"ads":[{"feature_instance_id":"813554103728373","enabled":true}],"catalogs":[{"feature_instance_id":"777710937847014","enabled":true}],"catalog_feed_scheduled":{"enabled":false},"ig_cta":{"enabled":false},"ig_shopping":{"enabled":false},"messenger_chat":{"enabled":false},"messenger_menu":{"enabled":false},"page_card":{"enabled":false},"page_cta":{"enabled":false},"page_post":{"enabled":false},"page_shop":{"enabled":false},"pixels":[{"feature_instance_id":"798387502384774","enabled":true}],"thread_intent":{"enabled":false}}
 CONTEXT: {"_legacy":true}
2024-10-07T03:29:17+00:00 NOTICE Request
method: POST
uri: https://graph.facebook.com/v20.0/820729112865218/events
user-agent: Facebook-for-WooCommerce/3.2.10 (WooCommerce/9.3.3; WordPress/6.6.2)
body: {"data":[{"action_source":"website","event_time":1728271754,"event_id":"ace29436-314a-49ee-ab01-e638aabdf0ec","event_source_url":"https:\/\/sincehence.store\/product-category\/sleep\/?v=8bcc25c96aa5","custom_data":{"content_name":"SLEEP REMEDIES","content_category":"SLEEP REMEDIES","content_ids":"[\"SHSUP-TB00021_137\",\"SHSUP-TB00024_131\",\"SHSUP-TB00025_129\",\"SHSUP-TB00023_133\",\"SHSUP-TB00022_135\"]","content_type":"product","contents":[{"id":"SHSUP-TB00021_137","quantity":1},{"id":"SHSUP-TB00024_131","quantity":1},{"id":"SHSUP-TB00025_129","quantity":1},{"id":"SHSUP-TB00023_133","quantity":1},{"id":"SHSUP-TB00022_135","quantity":1}]},"user_data":{"client_ip_address":"43.131.39.179","client_user_agent":"Mozilla\/5.0 (iPhone; CPU iPhone OS 13_2_3 like Mac OS X) AppleWebKit\/605.1.15 (KHTML, like Gecko) Version\/13.0.3 Mobile\/15E148 Safari\/604.1","fbc":"","fbp":""},"event_name":"ViewCategory"}],"partner_agent":"woocommerce-9.3.3-3.2.10"}
duration: 0.36303s
 CONTEXT: {"_legacy":true}
2024-10-07T03:29:17+00:00 NOTICE Response
code: 200
message: OK
body: {"events_received":1,"messages":[],"fbtrace_id":"AGqPzrResZTJlvp8SL8B6uc"}
 CONTEXT: {"_legacy":true}
2024-10-07T04:20:59+00:00 NOTICE Request
method: GET
uri: https://graph.facebook.com/v20.0/fbe_business?fbe_external_business_id=sicnehenceecomemrce-665f929422055
user-agent: Facebook-for-WooCommerce/3.2.10 (WooCommerce/9.3.3; WordPress/6.6.2)
body:
duration: 0.47944s
 CONTEXT: {"_legacy":true}
2024-10-07T04:20:59+00:00 NOTICE Response
code: 200
message: OK
body: {"business":{"name":"SicneHence eComemrce"},"ads":[{"feature_instance_id":"813554103728373","enabled":true}],"catalogs":[{"feature_instance_id":"777710937847014","enabled":true}],"catalog_feed_scheduled":{"enabled":false},"ig_cta":{"enabled":false},"ig_shopping":{"enabled":false},"messenger_chat":{"enabled":false},"messenger_menu":{"enabled":false},"page_card":{"enabled":false},"page_cta":{"enabled":false},"page_post":{"enabled":false},"page_shop":{"enabled":false},"pixels":[{"feature_instance_id":"798387502384774","enabled":true}],"thread_intent":{"enabled":false}}
 CONTEXT: {"_legacy":true}
2024-10-07T05:08:35+00:00 NOTICE Request
method: POST
uri: https://graph.facebook.com/v20.0/820729112865218/events
user-agent: Facebook-for-WooCommerce/3.2.10 (WooCommerce/9.3.3; WordPress/6.6.2)
body: {"data":[{"action_source":"website","event_time":1728277714,"event_id":"66843e4b-2439-44dd-9141-17829e5703be","event_source_url":"https:\/\/sincehence.store\/product-category\/cbd\/?v=7885444af42e","custom_data":{"content_name":"CBD REMEDIES","content_category":"CBD REMEDIES","content_ids":"[\"SHSUP-TB00037_105\",\"SHSUP-TB00045_89\",\"SHSUP-TB00030_119\",\"SHSUP-TB00029_121\",\"SHSUP-TB00031_117\",\"SHSUP-TB00044_91\",\"SHSUP-TB00046_87\",\"SHSUP-TB00047_85\"]","content_type":"product","contents":[{"id":"SHSUP-TB00037_105","quantity":1},{"id":"SHSUP-TB00045_89","quantity":1},{"id":"SHSUP-TB00030_119","quantity":1},{"id":"SHSUP-TB00029_121","quantity":1},{"id":"SHSUP-TB00031_117","quantity":1},{"id":"SHSUP-TB00044_91","quantity":1},{"id":"SHSUP-TB00046_87","quantity":1},{"id":"SHSUP-TB00047_85","quantity":1}]},"user_data":{"client_ip_address":"66.249.79.236","client_user_agent":"Mozilla\/5.0 (Linux; Android 6.0.1; Nexus 5X Build\/MMB29P) AppleWebKit\/537.36 (KHTML, like Gecko) Chrome\/129.0.6668.89 Mobile Safari\/537.36 (compatible; Googlebot\/2.1; +http:\/\/www.google.com\/bot.html)","fbc":"","fbp":""},"event_name":"ViewCategory"}],"partner_agent":"woocommerce-9.3.3-3.2.10"}
duration: 0.36618s
 CONTEXT: {"_legacy":true}
2024-10-07T05:08:35+00:00 NOTICE Response
code: 200
message: OK
body: {"events_received":1,"messages":[],"fbtrace_id":"Au2PwirgveS5SAEaWHJfimD"}
 CONTEXT: {"_legacy":true}
2024-10-07T05:22:44+00:00 NOTICE Request
method: GET
uri: https://graph.facebook.com/v20.0/fbe_business?fbe_external_business_id=sicnehenceecomemrce-665f929422055
user-agent: Facebook-for-WooCommerce/3.2.10 (WooCommerce/9.3.3; WordPress/6.6.2)
body:
duration: 0.37112s
 CONTEXT: {"_legacy":true}
2024-10-07T05:22:44+00:00 NOTICE Response
code: 200
message: OK
body: {"business":{"name":"SicneHence eComemrce"},"ads":[{"feature_instance_id":"813554103728373","enabled":true}],"catalogs":[{"feature_instance_id":"777710937847014","enabled":true}],"catalog_feed_scheduled":{"enabled":false},"ig_cta":{"enabled":false},"ig_shopping":{"enabled":false},"messenger_chat":{"enabled":false},"messenger_menu":{"enabled":false},"page_card":{"enabled":false},"page_cta":{"enabled":false},"page_post":{"enabled":false},"page_shop":{"enabled":false},"pixels":[{"feature_instance_id":"798387502384774","enabled":true}],"thread_intent":{"enabled":false}}
 CONTEXT: {"_legacy":true}
2024-10-07T06:22:43+00:00 NOTICE Request
method: GET
uri: https://graph.facebook.com/v20.0/fbe_business?fbe_external_business_id=sicnehenceecomemrce-665f929422055
user-agent: Facebook-for-WooCommerce/3.2.10 (WooCommerce/9.3.3; WordPress/6.6.2)
body:
duration: 0.44126s
 CONTEXT: {"_legacy":true}
2024-10-07T06:22:43+00:00 NOTICE Response
code: 200
message: OK
body: {"business":{"name":"SicneHence eComemrce"},"ads":[{"feature_instance_id":"813554103728373","enabled":true}],"catalogs":[{"feature_instance_id":"777710937847014","enabled":true}],"catalog_feed_scheduled":{"enabled":false},"ig_cta":{"enabled":false},"ig_shopping":{"enabled":false},"messenger_chat":{"enabled":false},"messenger_menu":{"enabled":false},"page_card":{"enabled":false},"page_cta":{"enabled":false},"page_post":{"enabled":false},"page_shop":{"enabled":false},"pixels":[{"feature_instance_id":"798387502384774","enabled":true}],"thread_intent":{"enabled":false}}
 CONTEXT: {"_legacy":true}
2024-10-07T07:18:50+00:00 NOTICE Request
method: GET
uri: https://graph.facebook.com/v20.0/fbe_business?fbe_external_business_id=sicnehenceecomemrce-665f929422055
user-agent: Facebook-for-WooCommerce/3.2.10 (WooCommerce/9.3.3; WordPress/6.6.2)
body:
duration: 0.41905s
 CONTEXT: {"_legacy":true}
2024-10-07T07:18:50+00:00 NOTICE Response
code: 200
message: OK
body: {"business":{"name":"SicneHence eComemrce"},"ads":[{"feature_instance_id":"813554103728373","enabled":true}],"catalogs":[{"feature_instance_id":"777710937847014","enabled":true}],"catalog_feed_scheduled":{"enabled":false},"ig_cta":{"enabled":false},"ig_shopping":{"enabled":false},"messenger_chat":{"enabled":false},"messenger_menu":{"enabled":false},"page_card":{"enabled":false},"page_cta":{"enabled":false},"page_post":{"enabled":false},"page_shop":{"enabled":false},"pixels":[{"feature_instance_id":"798387502384774","enabled":true}],"thread_intent":{"enabled":false}}
 CONTEXT: {"_legacy":true}
2024-10-07T07:55:38+00:00 NOTICE Request
method: POST
uri: https://graph.facebook.com/v20.0/820729112865218/events
user-agent: Facebook-for-WooCommerce/3.2.10 (WooCommerce/9.3.3; WordPress/6.6.2)
body: {"data":[{"action_source":"website","event_time":1728287736,"event_id":"9b902f5d-c772-4a9e-8e1a-61716f78ef0b","event_source_url":"https:\/\/sincehence.store\/product-category\/mens-health\/?v=7885444af42e","custom_data":{"content_name":"MENS HEALTH","content_category":"MENS HEALTH","content_ids":"[\"SHSUP-TB00039_101\",\"SHSUP-TB00038_103\",\"SHSUP-TB00040_99\",\"SHSUP-TB00015_149\"]","content_type":"product","contents":[{"id":"SHSUP-TB00039_101","quantity":1},{"id":"SHSUP-TB00038_103","quantity":1},{"id":"SHSUP-TB00040_99","quantity":1},{"id":"SHSUP-TB00015_149","quantity":1}]},"user_data":{"client_ip_address":"66.249.79.237","client_user_agent":"Mozilla\/5.0 (Linux; Android 6.0.1; Nexus 5X Build\/MMB29P) AppleWebKit\/537.36 (KHTML, like Gecko) Chrome\/129.0.6668.89 Mobile Safari\/537.36 (compatible; Googlebot\/2.1; +http:\/\/www.google.com\/bot.html)","fbc":"","fbp":""},"event_name":"ViewCategory"}],"partner_agent":"woocommerce-9.3.3-3.2.10"}
duration: 0.39163s
 CONTEXT: {"_legacy":true}
2024-10-07T07:55:38+00:00 NOTICE Response
code: 200
message: OK
body: {"events_received":1,"messages":[],"fbtrace_id":"Af8LgzHiMc9Kh4UP-BMcJzk"}
 CONTEXT: {"_legacy":true}
2024-10-07T08:18:12+00:00 NOTICE Request
method: GET
uri: https://graph.facebook.com/v20.0/fbe_business?fbe_external_business_id=sicnehenceecomemrce-665f929422055
user-agent: Facebook-for-WooCommerce/3.2.10 (WooCommerce/9.3.3; WordPress/6.6.2)
body:
duration: 0.42694s
 CONTEXT: {"_legacy":true}
2024-10-07T08:18:12+00:00 NOTICE Response
code: 200
message: OK
body: {"business":{"name":"SicneHence eComemrce"},"ads":[{"feature_instance_id":"813554103728373","enabled":true}],"catalogs":[{"feature_instance_id":"777710937847014","enabled":true}],"catalog_feed_scheduled":{"enabled":false},"ig_cta":{"enabled":false},"ig_shopping":{"enabled":false},"messenger_chat":{"enabled":false},"messenger_menu":{"enabled":false},"page_card":{"enabled":false},"page_cta":{"enabled":false},"page_post":{"enabled":false},"page_shop":{"enabled":false},"pixels":[{"feature_instance_id":"798387502384774","enabled":true}],"thread_intent":{"enabled":false}}
 CONTEXT: {"_legacy":true}
2024-10-07T08:43:42+00:00 NOTICE Request
method: POST
uri: https://graph.facebook.com/v20.0/820729112865218/events
user-agent: Facebook-for-WooCommerce/3.2.10 (WooCommerce/9.3.3; WordPress/6.6.2)
body: {"data":[{"action_source":"website","event_time":1728290616,"event_id":"9b10328e-2bae-4943-a600-9824ed562423","event_source_url":"https:\/\/sincehence.store\/product\/testosterone-boost-capsules-single-bottle\/?v=7885444af42e","custom_data":{"content_name":"Testosterone Advanced Formula | Increase Testosterone Levels | 60 Capsules","content_ids":"[\"SHSUP-TB00040_99\"]","content_type":"product","contents":"[{\"id\":\"SHSUP-TB00040_99\",\"quantity\":1}]","content_category":"MENS HEALTH","value":"30.95","currency":"USD"},"user_data":{"client_ip_address":"66.249.79.238","client_user_agent":"Mozilla\/5.0 (Linux; Android 6.0.1; Nexus 5X Build\/MMB29P) AppleWebKit\/537.36 (KHTML, like Gecko) Chrome\/129.0.6668.89 Mobile Safari\/537.36 (compatible; Googlebot\/2.1; +http:\/\/www.google.com\/bot.html)","fbc":"","fbp":""},"event_name":"ViewContent"}],"partner_agent":"woocommerce-9.3.3-3.2.10"}
duration: 0.36279s
 CONTEXT: {"_legacy":true}
2024-10-07T08:43:42+00:00 NOTICE Response
code: 200
message: OK
body: {"events_received":1,"messages":[],"fbtrace_id":"A0Lor-k7MNC5o1qny8mD3rp"}
 CONTEXT: {"_legacy":true}
2024-10-07T09:18:26+00:00 NOTICE Request
method: GET
uri: https://graph.facebook.com/v20.0/fbe_business?fbe_external_business_id=sicnehenceecomemrce-665f929422055
user-agent: Facebook-for-WooCommerce/3.2.10 (WooCommerce/9.3.3; WordPress/6.6.2)
body:
duration: 0.56356s
 CONTEXT: {"_legacy":true}
2024-10-07T09:18:26+00:00 NOTICE Response
code: 200
message: OK
body: {"business":{"name":"SicneHence eComemrce"},"ads":[{"feature_instance_id":"813554103728373","enabled":true}],"catalogs":[{"feature_instance_id":"777710937847014","enabled":true}],"catalog_feed_scheduled":{"enabled":false},"ig_cta":{"enabled":false},"ig_shopping":{"enabled":false},"messenger_chat":{"enabled":false},"messenger_menu":{"enabled":false},"page_card":{"enabled":false},"page_cta":{"enabled":false},"page_post":{"enabled":false},"page_shop":{"enabled":false},"pixels":[{"feature_instance_id":"798387502384774","enabled":true}],"thread_intent":{"enabled":false}}
 CONTEXT: {"_legacy":true}
2024-10-07T09:28:06+00:00 NOTICE Request
method: POST
uri: https://graph.facebook.com/v20.0/820729112865218/events
user-agent: Facebook-for-WooCommerce/3.2.10 (WooCommerce/9.3.3; WordPress/6.6.2)
body: {"data":[{"action_source":"website","event_time":1728293284,"event_id":"6930262d-870a-40b6-9271-4025d8a52dbb","event_source_url":"https:\/\/sincehence.store\/product\/hair-serum-60ml\/?v=7885444af42e","custom_data":{"content_name":"Hair Growth Serum | 60ml | Revitalize and Strengthen Hair | Natural Ingredients | Fuller - Healthier Hair","content_ids":"[\"SHSUP-TB00028_123\"]","content_type":"product","contents":"[{\"id\":\"SHSUP-TB00028_123\",\"quantity\":1}]","content_category":"HAIR GROWTH","value":"30.95","currency":"USD"},"user_data":{"client_ip_address":"173.252.107.114","client_user_agent":"meta-externalagent\/1.1 (+https:\/\/developers.facebook.com\/docs\/sharing\/webmasters\/crawler)","fbc":"","fbp":""},"event_name":"ViewContent"}],"partner_agent":"woocommerce-9.3.3-3.2.10"}
duration: 0.40158s
 CONTEXT: {"_legacy":true}
2024-10-07T09:28:06+00:00 NOTICE Response
code: 200
message: OK
body: {"events_received":1,"messages":[],"fbtrace_id":"AMbNigGJgSYfJ77X7QR7ccO"}
 CONTEXT: {"_legacy":true}
2024-10-07T09:29:45+00:00 NOTICE Request
method: POST
uri: https://graph.facebook.com/v20.0/820729112865218/events
user-agent: Facebook-for-WooCommerce/3.2.10 (WooCommerce/9.3.3; WordPress/6.6.2)
body: {"data":[{"action_source":"website","event_time":1728293383,"event_id":"228b96f4-d153-4c92-a9ed-544411c562ea","event_source_url":"https:\/\/sincehence.store\/product\/sleep-patch-3-days-trial-pack\/?v=7885444af42e","custom_data":{"content_name":"Sleep Patches | 3 Day Pack | Achieve a Restful Night Sleep | Natural Ingredients","content_ids":"[\"SHSUP-TB00025_129\"]","content_type":"product","contents":"[{\"id\":\"SHSUP-TB00025_129\",\"quantity\":1}]","content_category":"SLEEP REMEDIES","value":"7.95","currency":"USD"},"user_data":{"client_ip_address":"69.171.230.9","client_user_agent":"meta-externalagent\/1.1 (+https:\/\/developers.facebook.com\/docs\/sharing\/webmasters\/crawler)","fbc":"","fbp":""},"event_name":"ViewContent"}],"partner_agent":"woocommerce-9.3.3-3.2.10"}
duration: 0.38024s
 CONTEXT: {"_legacy":true}
2024-10-07T09:29:45+00:00 NOTICE Response
code: 200
message: OK
body: {"events_received":1,"messages":[],"fbtrace_id":"A0jfEN4XmIVQ985PG2Hj1i9"}
 CONTEXT: {"_legacy":true}
2024-10-07T09:31:26+00:00 NOTICE Request
method: POST
uri: https://graph.facebook.com/v20.0/820729112865218/events
user-agent: Facebook-for-WooCommerce/3.2.10 (WooCommerce/9.3.3; WordPress/6.6.2)
body: {"data":[{"action_source":"website","event_time":1728293484,"event_id":"d89cfd2b-50a8-4b68-abe0-4c7c3791b197","event_source_url":"https:\/\/sincehence.store\/product\/potency-boosting-patches\/?v=0b3b97fa6688","custom_data":{"content_name":"Potency Patches | Natural Pain Relief | Immune System Support | 30 Day Supply | Men Health","content_ids":"[\"SHSUP-TB00038_103\"]","content_type":"product","contents":"[{\"id\":\"SHSUP-TB00038_103\",\"quantity\":1}]","content_category":"MENS HEALTH","value":"25.95","currency":"USD"},"user_data":{"client_ip_address":"57.141.5.7","client_user_agent":"facebookexternalhit\/1.1 (+http:\/\/www.facebook.com\/externalhit_uatext.php)","fbc":"","fbp":""},"event_name":"ViewContent"}],"partner_agent":"woocommerce-9.3.3-3.2.10"}
duration: 0.38172s
 CONTEXT: {"_legacy":true}
2024-10-07T09:31:26+00:00 NOTICE Response
code: 200
message: OK
body: {"events_received":1,"messages":[],"fbtrace_id":"AIIDq7iKa1YDLRBcfqiIcex"}
 CONTEXT: {"_legacy":true}
2024-10-07T09:32:04+00:00 NOTICE Request
method: POST
uri: https://graph.facebook.com/v20.0/820729112865218/events
user-agent: Facebook-for-WooCommerce/3.2.10 (WooCommerce/9.3.3; WordPress/6.6.2)
body: {"data":[{"action_source":"website","event_time":1728293522,"event_id":"92a4ce67-1050-4501-ba05-7e50b085cdcc","event_source_url":"https:\/\/sincehence.store\/product\/hangover-patches-6-pack\/?v=7885444af42e","custom_data":{"content_name":"Hangover Patches | 6 Patches | Ultimate Hangover Relief","content_ids":"[\"SHSUP-TB00035_109\"]","content_type":"product","contents":"[{\"id\":\"SHSUP-TB00035_109\",\"quantity\":1}]","content_category":"HANGOVER","value":"10.95","currency":"USD"},"user_data":{"client_ip_address":"47.128.23.223","client_user_agent":"Mozilla\/5.0 (compatible; Bytespider; spider-feedback@bytedance.com) AppleWebKit\/537.36 (KHTML, like Gecko) Chrome\/70.0.0.0 Safari\/537.36","fbc":"","fbp":""},"event_name":"ViewContent"}],"partner_agent":"woocommerce-9.3.3-3.2.10"}
duration: 0.3729s
 CONTEXT: {"_legacy":true}
2024-10-07T09:32:04+00:00 NOTICE Response
code: 200
message: OK
body: {"events_received":1,"messages":[],"fbtrace_id":"A6gzj4dxzq5xtTaHm4BXn2-"}
 CONTEXT: {"_legacy":true}
2024-10-07T09:45:40+00:00 NOTICE Request
method: POST
uri: https://graph.facebook.com/v20.0/820729112865218/events
user-agent: Facebook-for-WooCommerce/3.2.10 (WooCommerce/9.3.3; WordPress/6.6.2)
body: {"data":[{"action_source":"website","event_time":1728294338,"event_id":"985be365-fc5a-42db-b760-6c481024bc31","event_source_url":"https:\/\/sincehence.store\/product\/cbd-24mg-extra-strength-patches-6-pack\/?v=0b3b97fa6688","custom_data":{"content_name":"CBD Patches | 6 Pack | 24mg Extra Strength | Long-Lasting Relief | Convenient | Discreet","content_ids":"[\"SHSUP-TB00031_117\"]","content_type":"product","contents":"[{\"id\":\"SHSUP-TB00031_117\",\"quantity\":1}]","content_category":"CBD REMEDIES","value":"14.95","currency":"USD"},"user_data":{"client_ip_address":"57.141.5.30","client_user_agent":"facebookexternalhit\/1.1 (+http:\/\/www.facebook.com\/externalhit_uatext.php)","fbc":"","fbp":""},"event_name":"ViewContent"}],"partner_agent":"woocommerce-9.3.3-3.2.10"}
duration: 0.3817s
 CONTEXT: {"_legacy":true}
2024-10-07T09:45:40+00:00 NOTICE Response
code: 200
message: OK
body: {"events_received":1,"messages":[],"fbtrace_id":"A6YmvpGptmororwfn2KTaZy"}
 CONTEXT: {"_legacy":true}
2024-10-07T09:48:10+00:00 NOTICE Request
method: POST
uri: https://graph.facebook.com/v20.0/820729112865218/events
user-agent: Facebook-for-WooCommerce/3.2.10 (WooCommerce/9.3.3; WordPress/6.6.2)
body: {"data":[{"action_source":"website","event_time":1728294488,"event_id":"bb2f0d9b-2b7a-4a7e-957a-6f197805a562","event_source_url":"https:\/\/sincehence.store\/product\/cbd-oil-single-bottlecats-dogs\/?v=7885444af42e","custom_data":{"content_name":"CBD Oil | Dog and Cat | 500MG | Calming Support for Pets | GMO-free formula","content_ids":"[\"SHSUP-TB00037_105\"]","content_type":"product","contents":"[{\"id\":\"SHSUP-TB00037_105\",\"quantity\":1}]","content_category":"CBD REMEDIES","value":"30.95","currency":"USD"},"user_data":{"client_ip_address":"57.141.5.24","client_user_agent":"meta-externalagent\/1.1 (+https:\/\/developers.facebook.com\/docs\/sharing\/webmasters\/crawler)","fbc":"","fbp":""},"event_name":"ViewContent"}],"partner_agent":"woocommerce-9.3.3-3.2.10"}
duration: 0.42443s
 CONTEXT: {"_legacy":true}
2024-10-07T09:48:10+00:00 NOTICE Response
code: 200
message: OK
body: {"events_received":1,"messages":[],"fbtrace_id":"AZjCYLahxFbQP5nhSXGHAkJ"}
 CONTEXT: {"_legacy":true}
2024-10-07T10:19:04+00:00 NOTICE Request
method: GET
uri: https://graph.facebook.com/v20.0/fbe_business?fbe_external_business_id=sicnehenceecomemrce-665f929422055
user-agent: Facebook-for-WooCommerce/3.2.10 (WooCommerce/9.3.3; WordPress/6.6.2)
body:
duration: 0.41578s
 CONTEXT: {"_legacy":true}
2024-10-07T10:19:04+00:00 NOTICE Response
code: 200
message: OK
body: {"business":{"name":"SicneHence eComemrce"},"ads":[{"feature_instance_id":"813554103728373","enabled":true}],"catalogs":[{"feature_instance_id":"777710937847014","enabled":true}],"catalog_feed_scheduled":{"enabled":false},"ig_cta":{"enabled":false},"ig_shopping":{"enabled":false},"messenger_chat":{"enabled":false},"messenger_menu":{"enabled":false},"page_card":{"enabled":false},"page_cta":{"enabled":false},"page_post":{"enabled":false},"page_shop":{"enabled":false},"pixels":[{"feature_instance_id":"798387502384774","enabled":true}],"thread_intent":{"enabled":false}}
 CONTEXT: {"_legacy":true}
2024-10-07T10:24:48+00:00 NOTICE Request
method: POST
uri: https://graph.facebook.com/v20.0/820729112865218/events
user-agent: Facebook-for-WooCommerce/3.2.10 (WooCommerce/9.3.3; WordPress/6.6.2)
body: {"data":[{"action_source":"website","event_time":1728296685,"event_id":"38c4d6cd-0ef1-4c79-9295-83b07aaedd44","event_source_url":"https:\/\/sincehence.store\/product\/metabolism-boost-patches\/?v=7885444af42e","custom_data":{"content_name":"Metabolism Boost Patches - 30 Patches for Weight Management Support - Fucus Vesiculosus, 5-HTP, Guarana Extract - Vegan, Made in the USA","content_ids":"[\"SHSUP-TB00048_83\"]","content_type":"product","contents":"[{\"id\":\"SHSUP-TB00048_83\",\"quantity\":1}]","content_category":"KETO","value":"22.95","currency":"USD"},"user_data":{"client_ip_address":"57.141.5.21","client_user_agent":"meta-externalagent\/1.1 (+https:\/\/developers.facebook.com\/docs\/sharing\/webmasters\/crawler)","fbc":"","fbp":""},"event_name":"ViewContent"}],"partner_agent":"woocommerce-9.3.3-3.2.10"}
duration: 0.37305s
 CONTEXT: {"_legacy":true}
2024-10-07T10:24:48+00:00 NOTICE Response
code: 200
message: OK
body: {"events_received":1,"messages":[],"fbtrace_id":"A4z1Dd7ib8uChkG1lpP1w5d"}
 CONTEXT: {"_legacy":true}
2024-10-07T10:27:08+00:00 NOTICE Request
method: POST
uri: https://graph.facebook.com/v20.0/820729112865218/events
user-agent: Facebook-for-WooCommerce/3.2.10 (WooCommerce/9.3.3; WordPress/6.6.2)
body: {"data":[{"action_source":"website","event_time":1728296826,"event_id":"7d5f9c2e-f5d3-47fb-9e1a-33db91fb25de","event_source_url":"https:\/\/sincehence.store\/product\/brain-support-capsules\/?v=7885444af42e","custom_data":{"content_name":"Brain Support Capsules | Blood Sugar Support | Natural Dietary Supplement","content_ids":"[\"SHSUP-TB00012_155\"]","content_type":"product","contents":"[{\"id\":\"SHSUP-TB00012_155\",\"quantity\":1}]","content_category":"BRAIN HEALTH","value":"24.95","currency":"USD"},"user_data":{"client_ip_address":"66.249.79.236","client_user_agent":"Mozilla\/5.0 (Linux; Android 6.0.1; Nexus 5X Build\/MMB29P) AppleWebKit\/537.36 (KHTML, like Gecko) Chrome\/129.0.6668.89 Mobile Safari\/537.36 (compatible; Googlebot\/2.1; +http:\/\/www.google.com\/bot.html)","fbc":"","fbp":""},"event_name":"ViewContent"}],"partner_agent":"woocommerce-9.3.3-3.2.10"}
duration: 0.37917s
 CONTEXT: {"_legacy":true}
2024-10-07T10:27:08+00:00 NOTICE Response
code: 200
message: OK
body: {"events_received":1,"messages":[],"fbtrace_id":"A6AuoSkkeMKB5rH5ZOlSwoJ"}
 CONTEXT: {"_legacy":true}
2024-10-07T11:05:08+00:00 NOTICE Request
method: POST
uri: https://graph.facebook.com/v20.0/820729112865218/events
user-agent: Facebook-for-WooCommerce/3.2.10 (WooCommerce/9.3.3; WordPress/6.6.2)
body: {"data":[{"action_source":"website","event_time":1728299106,"event_id":"ec2c8000-1dcd-444f-afd2-93c0dd93366a","event_source_url":"https:\/\/sincehence.store\/product\/cbd-patches\/?v=7885444af42e","custom_data":{"content_name":"CBD Patches - 8MG CBD Isolate Per Patch - 30 Patches - Long-Lasting 24-Hour Relief - Easy Application, Minimal Skin Irritation","content_ids":"[\"SHSUP-TB00045_89\"]","content_type":"product","contents":"[{\"id\":\"SHSUP-TB00045_89\",\"quantity\":1}]","content_category":"CBD REMEDIES","value":"25.95","currency":"USD"},"user_data":{"client_ip_address":"66.249.79.236","client_user_agent":"Mozilla\/5.0 (Linux; Android 6.0.1; Nexus 5X Build\/MMB29P) AppleWebKit\/537.36 (KHTML, like Gecko) Chrome\/129.0.6668.89 Mobile Safari\/537.36 (compatible; Googlebot\/2.1; +http:\/\/www.google.com\/bot.html)","fbc":"","fbp":""},"event_name":"ViewContent"}],"partner_agent":"woocommerce-9.3.3-3.2.10"}
duration: 0.60416s
 CONTEXT: {"_legacy":true}
2024-10-07T11:05:08+00:00 NOTICE Response
code: 200
message: OK
body: {"events_received":1,"messages":[],"fbtrace_id":"AIKn5XmVCFZOSLwVrrf7vOp"}
 CONTEXT: {"_legacy":true}
2024-10-07T11:20:20+00:00 NOTICE Request
method: GET
uri: https://graph.facebook.com/v20.0/fbe_business?fbe_external_business_id=sicnehenceecomemrce-665f929422055
user-agent: Facebook-for-WooCommerce/3.2.10 (WooCommerce/9.3.3; WordPress/6.6.2)
body:
duration: 0.4801s
 CONTEXT: {"_legacy":true}
2024-10-07T11:20:20+00:00 NOTICE Response
code: 200
message: OK
body: {"business":{"name":"SicneHence eComemrce"},"ads":[{"feature_instance_id":"813554103728373","enabled":true}],"catalogs":[{"feature_instance_id":"777710937847014","enabled":true}],"catalog_feed_scheduled":{"enabled":false},"ig_cta":{"enabled":false},"ig_shopping":{"enabled":false},"messenger_chat":{"enabled":false},"messenger_menu":{"enabled":false},"page_card":{"enabled":false},"page_cta":{"enabled":false},"page_post":{"enabled":false},"page_shop":{"enabled":false},"pixels":[{"feature_instance_id":"798387502384774","enabled":true}],"thread_intent":{"enabled":false}}
 CONTEXT: {"_legacy":true}
2024-10-07T12:09:43+00:00 NOTICE Request
method: POST
uri: https://graph.facebook.com/v20.0/820729112865218/events
user-agent: Facebook-for-WooCommerce/3.2.10 (WooCommerce/9.3.3; WordPress/6.6.2)
body: {"data":[{"action_source":"website","event_time":1728302981,"event_id":"d51619b7-7795-48d4-b84b-61b292a88b9d","event_source_url":"https:\/\/sincehence.store\/product\/cleanse-capsule-single-bottle\/?v=7885444af42e","custom_data":{"content_name":"Advanced Formula for Digestive Aid Cleanse Capsules - Natural Dietary Supplement for Gut Health - Promotes Healthy Digestion and Eases Bloating","content_ids":"[\"SHSUP-TB00049_81\"]","content_type":"product","contents":"[{\"id\":\"SHSUP-TB00049_81\",\"quantity\":1}]","content_category":"KETO","value":"20.95","currency":"USD"},"user_data":{"client_ip_address":"66.249.79.237","client_user_agent":"Mozilla\/5.0 (Linux; Android 6.0.1; Nexus 5X Build\/MMB29P) AppleWebKit\/537.36 (KHTML, like Gecko) Chrome\/129.0.6668.89 Mobile Safari\/537.36 (compatible; Googlebot\/2.1; +http:\/\/www.google.com\/bot.html)","fbc":"","fbp":""},"event_name":"ViewContent"}],"partner_agent":"woocommerce-9.3.3-3.2.10"}
duration: 0.37203s
 CONTEXT: {"_legacy":true}
2024-10-07T12:09:43+00:00 NOTICE Response
code: 200
message: OK
body: {"events_received":1,"messages":[],"fbtrace_id":"AcD56D2g2HEoImJkrYSlw5z"}
 CONTEXT: {"_legacy":true}
2024-10-07T12:17:49+00:00 NOTICE Request
method: GET
uri: https://graph.facebook.com/v20.0/fbe_business?fbe_external_business_id=sicnehenceecomemrce-665f929422055
user-agent: Facebook-for-WooCommerce/3.2.10 (WooCommerce/9.3.3; WordPress/6.6.2)
body:
duration: 0.41884s
 CONTEXT: {"_legacy":true}
2024-10-07T12:17:49+00:00 NOTICE Response
code: 200
message: OK
body: {"business":{"name":"SicneHence eComemrce"},"ads":[{"feature_instance_id":"813554103728373","enabled":true}],"catalogs":[{"feature_instance_id":"777710937847014","enabled":true}],"catalog_feed_scheduled":{"enabled":false},"ig_cta":{"enabled":false},"ig_shopping":{"enabled":false},"messenger_chat":{"enabled":false},"messenger_menu":{"enabled":false},"page_card":{"enabled":false},"page_cta":{"enabled":false},"page_post":{"enabled":false},"page_shop":{"enabled":false},"pixels":[{"feature_instance_id":"798387502384774","enabled":true}],"thread_intent":{"enabled":false}}
 CONTEXT: {"_legacy":true}
2024-10-07T13:17:59+00:00 NOTICE Request
method: GET
uri: https://graph.facebook.com/v20.0/fbe_business?fbe_external_business_id=sicnehenceecomemrce-665f929422055
user-agent: Facebook-for-WooCommerce/3.2.10 (WooCommerce/9.3.3; WordPress/6.6.2)
body:
duration: 0.44281s
 CONTEXT: {"_legacy":true}
2024-10-07T13:17:59+00:00 NOTICE Response
code: 200
message: OK
body: {"business":{"name":"SicneHence eComemrce"},"ads":[{"feature_instance_id":"813554103728373","enabled":true}],"catalogs":[{"feature_instance_id":"777710937847014","enabled":true}],"catalog_feed_scheduled":{"enabled":false},"ig_cta":{"enabled":false},"ig_shopping":{"enabled":false},"messenger_chat":{"enabled":false},"messenger_menu":{"enabled":false},"page_card":{"enabled":false},"page_cta":{"enabled":false},"page_post":{"enabled":false},"page_shop":{"enabled":false},"pixels":[{"feature_instance_id":"798387502384774","enabled":true}],"thread_intent":{"enabled":false}}
 CONTEXT: {"_legacy":true}
2024-10-07T14:17:56+00:00 NOTICE Request
method: GET
uri: https://graph.facebook.com/v20.0/fbe_business?fbe_external_business_id=sicnehenceecomemrce-665f929422055
user-agent: Facebook-for-WooCommerce/3.2.10 (WooCommerce/9.3.3; WordPress/6.6.2)
body:
duration: 0.38463s
 CONTEXT: {"_legacy":true}
2024-10-07T14:17:56+00:00 NOTICE Response
code: 200
message: OK
body: {"business":{"name":"SicneHence eComemrce"},"ads":[{"feature_instance_id":"813554103728373","enabled":true}],"catalogs":[{"feature_instance_id":"777710937847014","enabled":true}],"catalog_feed_scheduled":{"enabled":false},"ig_cta":{"enabled":false},"ig_shopping":{"enabled":false},"messenger_chat":{"enabled":false},"messenger_menu":{"enabled":false},"page_card":{"enabled":false},"page_cta":{"enabled":false},"page_post":{"enabled":false},"page_shop":{"enabled":false},"pixels":[{"feature_instance_id":"798387502384774","enabled":true}],"thread_intent":{"enabled":false}}
 CONTEXT: {"_legacy":true}
2024-10-07T14:27:21+00:00 NOTICE Request
method: POST
uri: https://graph.facebook.com/v20.0/820729112865218/events
user-agent: Facebook-for-WooCommerce/3.2.10 (WooCommerce/9.3.3; WordPress/6.6.2)
body: {"data":[{"action_source":"website","event_time":1728311237,"event_id":"a8dc45b4-aabb-4f65-afd4-f94ca337cb5d","event_source_url":"https:\/\/sincehence.store\/product\/pain-relief-24mg-extra-strength-patches-6-pack\/?v=7885444af42e","custom_data":{"content_name":"CBD Patches | Pack of 6 | 24-Hour Relief | 24mg CBD Isolate | Convenient - Discreet - Targeted Application","content_ids":"[\"SHSUP-TB00003_173\"]","content_type":"product","contents":"[{\"id\":\"SHSUP-TB00003_173\",\"quantity\":1}]","content_category":"PAIN RELIEF","value":"14.95","currency":"USD"},"user_data":{"client_ip_address":"66.249.79.238","client_user_agent":"Mozilla\/5.0 (Linux; Android 6.0.1; Nexus 5X Build\/MMB29P) AppleWebKit\/537.36 (KHTML, like Gecko) Chrome\/129.0.6668.89 Mobile Safari\/537.36 (compatible; Googlebot\/2.1; +http:\/\/www.google.com\/bot.html)","fbc":"","fbp":""},"event_name":"ViewContent"}],"partner_agent":"woocommerce-9.3.3-3.2.10"}
duration: 0.42282s
 CONTEXT: {"_legacy":true}
2024-10-07T14:27:21+00:00 NOTICE Response
code: 200
message: OK
body: {"events_received":1,"messages":[],"fbtrace_id":"ARdbX4l2SE2j1HEtY5RAWhR"}
 CONTEXT: {"_legacy":true}
2024-10-07T14:45:43+00:00 NOTICE Request
method: POST
uri: https://graph.facebook.com/v20.0/820729112865218/events
user-agent: Facebook-for-WooCommerce/3.2.10 (WooCommerce/9.3.3; WordPress/6.6.2)
body: {"data":[{"action_source":"website","event_time":1728312340,"event_id":"3072444e-b55c-4559-878e-b2ab512eb6c2","event_source_url":"https:\/\/sincehence.store\/product-category\/cbd\/?v=7885444af42e","custom_data":{"content_name":"CBD REMEDIES","content_category":"CBD REMEDIES","content_ids":"[\"SHSUP-TB00037_105\",\"SHSUP-TB00045_89\",\"SHSUP-TB00030_119\",\"SHSUP-TB00029_121\",\"SHSUP-TB00031_117\",\"SHSUP-TB00044_91\",\"SHSUP-TB00046_87\",\"SHSUP-TB00047_85\"]","content_type":"product","contents":[{"id":"SHSUP-TB00037_105","quantity":1},{"id":"SHSUP-TB00045_89","quantity":1},{"id":"SHSUP-TB00030_119","quantity":1},{"id":"SHSUP-TB00029_121","quantity":1},{"id":"SHSUP-TB00031_117","quantity":1},{"id":"SHSUP-TB00044_91","quantity":1},{"id":"SHSUP-TB00046_87","quantity":1},{"id":"SHSUP-TB00047_85","quantity":1}]},"user_data":{"client_ip_address":"47.128.123.20","client_user_agent":"Mozilla\/5.0 (compatible; Bytespider; spider-feedback@bytedance.com) AppleWebKit\/537.36 (KHTML, like Gecko) Chrome\/70.0.0.0 Safari\/537.36","fbc":"","fbp":""},"event_name":"ViewCategory"}],"partner_agent":"woocommerce-9.3.3-3.2.10"}
duration: 0.43146s
 CONTEXT: {"_legacy":true}
2024-10-07T14:45:43+00:00 NOTICE Response
code: 200
message: OK
body: {"events_received":1,"messages":[],"fbtrace_id":"AJMeDxxLo2GIIse7Wb1Bah2"}
 CONTEXT: {"_legacy":true}
2024-10-07T15:17:46+00:00 NOTICE Request
method: GET
uri: https://graph.facebook.com/v20.0/fbe_business?fbe_external_business_id=sicnehenceecomemrce-665f929422055
user-agent: Facebook-for-WooCommerce/3.2.10 (WooCommerce/9.3.3; WordPress/6.6.2)
body:
duration: 0.40538s
 CONTEXT: {"_legacy":true}
2024-10-07T15:17:46+00:00 NOTICE Response
code: 200
message: OK
body: {"business":{"name":"SicneHence eComemrce"},"ads":[{"feature_instance_id":"813554103728373","enabled":true}],"catalogs":[{"feature_instance_id":"777710937847014","enabled":true}],"catalog_feed_scheduled":{"enabled":false},"ig_cta":{"enabled":false},"ig_shopping":{"enabled":false},"messenger_chat":{"enabled":false},"messenger_menu":{"enabled":false},"page_card":{"enabled":false},"page_cta":{"enabled":false},"page_post":{"enabled":false},"page_shop":{"enabled":false},"pixels":[{"feature_instance_id":"798387502384774","enabled":true}],"thread_intent":{"enabled":false}}
 CONTEXT: {"_legacy":true}
2024-10-07T16:18:36+00:00 NOTICE Request
method: GET
uri: https://graph.facebook.com/v20.0/fbe_business?fbe_external_business_id=sicnehenceecomemrce-665f929422055
user-agent: Facebook-for-WooCommerce/3.2.10 (WooCommerce/9.3.3; WordPress/6.6.2)
body:
duration: 0.4022s
 CONTEXT: {"_legacy":true}
2024-10-07T16:18:36+00:00 NOTICE Response
code: 200
message: OK
body: {"business":{"name":"SicneHence eComemrce"},"ads":[{"feature_instance_id":"813554103728373","enabled":true}],"catalogs":[{"feature_instance_id":"777710937847014","enabled":true}],"catalog_feed_scheduled":{"enabled":false},"ig_cta":{"enabled":false},"ig_shopping":{"enabled":false},"messenger_chat":{"enabled":false},"messenger_menu":{"enabled":false},"page_card":{"enabled":false},"page_cta":{"enabled":false},"page_post":{"enabled":false},"page_shop":{"enabled":false},"pixels":[{"feature_instance_id":"798387502384774","enabled":true}],"thread_intent":{"enabled":false}}
 CONTEXT: {"_legacy":true}
2024-10-07T17:19:21+00:00 NOTICE Request
method: GET
uri: https://graph.facebook.com/v20.0/fbe_business?fbe_external_business_id=sicnehenceecomemrce-665f929422055
user-agent: Facebook-for-WooCommerce/3.2.10 (WooCommerce/9.3.3; WordPress/6.6.2)
body:
duration: 0.60554s
 CONTEXT: {"_legacy":true}
2024-10-07T17:19:21+00:00 NOTICE Response
code: 200
message: OK
body: {"business":{"name":"SicneHence eComemrce"},"ads":[{"feature_instance_id":"813554103728373","enabled":true}],"catalogs":[{"feature_instance_id":"777710937847014","enabled":true}],"catalog_feed_scheduled":{"enabled":false},"ig_cta":{"enabled":false},"ig_shopping":{"enabled":false},"messenger_chat":{"enabled":false},"messenger_menu":{"enabled":false},"page_card":{"enabled":false},"page_cta":{"enabled":false},"page_post":{"enabled":false},"page_shop":{"enabled":false},"pixels":[{"feature_instance_id":"798387502384774","enabled":true}],"thread_intent":{"enabled":false}}
 CONTEXT: {"_legacy":true}
2024-10-07T18:17:48+00:00 NOTICE Request
method: GET
uri: https://graph.facebook.com/v20.0/fbe_business?fbe_external_business_id=sicnehenceecomemrce-665f929422055
user-agent: Facebook-for-WooCommerce/3.2.10 (WooCommerce/9.3.3; WordPress/6.6.2)
body:
duration: 0.45514s
 CONTEXT: {"_legacy":true}
2024-10-07T18:17:48+00:00 NOTICE Response
code: 200
message: OK
body: {"business":{"name":"SicneHence eComemrce"},"ads":[{"feature_instance_id":"813554103728373","enabled":true}],"catalogs":[{"feature_instance_id":"777710937847014","enabled":true}],"catalog_feed_scheduled":{"enabled":false},"ig_cta":{"enabled":false},"ig_shopping":{"enabled":false},"messenger_chat":{"enabled":false},"messenger_menu":{"enabled":false},"page_card":{"enabled":false},"page_cta":{"enabled":false},"page_post":{"enabled":false},"page_shop":{"enabled":false},"pixels":[{"feature_instance_id":"798387502384774","enabled":true}],"thread_intent":{"enabled":false}}
 CONTEXT: {"_legacy":true}
2024-10-07T18:22:07+00:00 NOTICE Request
method: POST
uri: https://graph.facebook.com/v20.0/820729112865218/events
user-agent: Facebook-for-WooCommerce/3.2.10 (WooCommerce/9.3.3; WordPress/6.6.2)
body: {"data":[{"action_source":"website","event_time":1728325325,"event_id":"fa8af9c9-e359-4380-897e-002f4adc36f7","event_source_url":"https:\/\/sincehence.store\/product-category\/hangover\/?v=0b3b97fa6688","custom_data":{"content_name":"HANGOVER","content_category":"HANGOVER","content_ids":"[\"SHSUP-TB00034_111\",\"SHSUP-TB00036_107\",\"SHSUP-TB00033_113\",\"SHSUP-TB00035_109\",\"SHSUP-TB00032_115\",\"SHSUP-TB00020_139\"]","content_type":"product","contents":[{"id":"SHSUP-TB00034_111","quantity":1},{"id":"SHSUP-TB00036_107","quantity":1},{"id":"SHSUP-TB00033_113","quantity":1},{"id":"SHSUP-TB00035_109","quantity":1},{"id":"SHSUP-TB00032_115","quantity":1},{"id":"SHSUP-TB00020_139","quantity":1}]},"user_data":{"client_ip_address":"49.51.204.74","client_user_agent":"Mozilla\/5.0 (iPhone; CPU iPhone OS 13_2_3 like Mac OS X) AppleWebKit\/605.1.15 (KHTML, like Gecko) Version\/13.0.3 Mobile\/15E148 Safari\/604.1","fbc":"","fbp":""},"event_name":"ViewCategory"}],"partner_agent":"woocommerce-9.3.3-3.2.10"}
duration: 0.41344s
 CONTEXT: {"_legacy":true}
2024-10-07T18:22:07+00:00 NOTICE Response
code: 200
message: OK
body: {"events_received":1,"messages":[],"fbtrace_id":"ADjj4E3Dx_v46JZyVruYYFi"}
 CONTEXT: {"_legacy":true}
2024-10-07T18:22:10+00:00 NOTICE Request
method: POST
uri: https://graph.facebook.com/v20.0/820729112865218/events
user-agent: Facebook-for-WooCommerce/3.2.10 (WooCommerce/9.3.3; WordPress/6.6.2)
body: {"data":[{"action_source":"website","event_time":1728325328,"event_id":"0192a716-c510-47b8-b62e-9361c0148b5a","event_source_url":"https:\/\/sincehence.store\/product\/liver-plast-capsules\/?v=0b3b97fa6688","custom_data":{"content_name":"Liver-Plast Detox Support Suppliments | Natural Liver Health Formula | 60 Vegan Capsules","content_ids":"[\"SHSUP-TB00020_139\"]","content_type":"product","contents":"[{\"id\":\"SHSUP-TB00020_139\",\"quantity\":1}]","content_category":"HANGOVER","value":"29.95","currency":"USD"},"user_data":{"client_ip_address":"49.51.204.74","client_user_agent":"Mozilla\/5.0 (iPhone; CPU iPhone OS 13_2_3 like Mac OS X) AppleWebKit\/605.1.15 (KHTML, like Gecko) Version\/13.0.3 Mobile\/15E148 Safari\/604.1","fbc":"","fbp":""},"event_name":"ViewContent"}],"partner_agent":"woocommerce-9.3.3-3.2.10"}
duration: 0.38724s
 CONTEXT: {"_legacy":true}
2024-10-07T18:22:10+00:00 NOTICE Response
code: 200
message: OK
body: {"events_received":1,"messages":[],"fbtrace_id":"AKkKaoEozliXn6D-CPJw9Ku"}
 CONTEXT: {"_legacy":true}
2024-10-07T19:18:45+00:00 NOTICE Request
method: GET
uri: https://graph.facebook.com/v20.0/fbe_business?fbe_external_business_id=sicnehenceecomemrce-665f929422055
user-agent: Facebook-for-WooCommerce/3.2.10 (WooCommerce/9.3.3; WordPress/6.6.2)
body:
duration: 0.44354s
 CONTEXT: {"_legacy":true}
2024-10-07T19:18:45+00:00 NOTICE Response
code: 200
message: OK
body: {"business":{"name":"SicneHence eComemrce"},"ads":[{"feature_instance_id":"813554103728373","enabled":true}],"catalogs":[{"feature_instance_id":"777710937847014","enabled":true}],"catalog_feed_scheduled":{"enabled":false},"ig_cta":{"enabled":false},"ig_shopping":{"enabled":false},"messenger_chat":{"enabled":false},"messenger_menu":{"enabled":false},"page_card":{"enabled":false},"page_cta":{"enabled":false},"page_post":{"enabled":false},"page_shop":{"enabled":false},"pixels":[{"feature_instance_id":"798387502384774","enabled":true}],"thread_intent":{"enabled":false}}
 CONTEXT: {"_legacy":true}
2024-10-07T20:18:49+00:00 NOTICE Request
method: GET
uri: https://graph.facebook.com/v20.0/fbe_business?fbe_external_business_id=sicnehenceecomemrce-665f929422055
user-agent: Facebook-for-WooCommerce/3.2.10 (WooCommerce/9.3.3; WordPress/6.6.2)
body:
duration: 0.49573s
 CONTEXT: {"_legacy":true}
2024-10-07T20:18:49+00:00 NOTICE Response
code: 200
message: OK
body: {"business":{"name":"SicneHence eComemrce"},"ads":[{"feature_instance_id":"813554103728373","enabled":true}],"catalogs":[{"feature_instance_id":"777710937847014","enabled":true}],"catalog_feed_scheduled":{"enabled":false},"ig_cta":{"enabled":false},"ig_shopping":{"enabled":false},"messenger_chat":{"enabled":false},"messenger_menu":{"enabled":false},"page_card":{"enabled":false},"page_cta":{"enabled":false},"page_post":{"enabled":false},"page_shop":{"enabled":false},"pixels":[{"feature_instance_id":"798387502384774","enabled":true}],"thread_intent":{"enabled":false}}
 CONTEXT: {"_legacy":true}
2024-10-07T21:18:42+00:00 NOTICE Request
method: GET
uri: https://graph.facebook.com/v20.0/fbe_business?fbe_external_business_id=sicnehenceecomemrce-665f929422055
user-agent: Facebook-for-WooCommerce/3.2.10 (WooCommerce/9.3.3; WordPress/6.6.2)
body:
duration: 0.51456s
 CONTEXT: {"_legacy":true}
2024-10-07T21:18:42+00:00 NOTICE Response
code: 200
message: OK
body: {"business":{"name":"SicneHence eComemrce"},"ads":[{"feature_instance_id":"813554103728373","enabled":true}],"catalogs":[{"feature_instance_id":"777710937847014","enabled":true}],"catalog_feed_scheduled":{"enabled":false},"ig_cta":{"enabled":false},"ig_shopping":{"enabled":false},"messenger_chat":{"enabled":false},"messenger_menu":{"enabled":false},"page_card":{"enabled":false},"page_cta":{"enabled":false},"page_post":{"enabled":false},"page_shop":{"enabled":false},"pixels":[{"feature_instance_id":"798387502384774","enabled":true}],"thread_intent":{"enabled":false}}
 CONTEXT: {"_legacy":true}
2024-10-07T22:20:00+00:00 NOTICE Request
method: GET
uri: https://graph.facebook.com/v20.0/fbe_business?fbe_external_business_id=sicnehenceecomemrce-665f929422055
user-agent: Facebook-for-WooCommerce/3.2.10 (WooCommerce/9.3.3; WordPress/6.6.2)
body:
duration: 0.44685s
 CONTEXT: {"_legacy":true}
2024-10-07T22:20:00+00:00 NOTICE Response
code: 200
message: OK
body: {"business":{"name":"SicneHence eComemrce"},"ads":[{"feature_instance_id":"813554103728373","enabled":true}],"catalogs":[{"feature_instance_id":"777710937847014","enabled":true}],"catalog_feed_scheduled":{"enabled":false},"ig_cta":{"enabled":false},"ig_shopping":{"enabled":false},"messenger_chat":{"enabled":false},"messenger_menu":{"enabled":false},"page_card":{"enabled":false},"page_cta":{"enabled":false},"page_post":{"enabled":false},"page_shop":{"enabled":false},"pixels":[{"feature_instance_id":"798387502384774","enabled":true}],"thread_intent":{"enabled":false}}
 CONTEXT: {"_legacy":true}
2024-10-07T22:21:43+00:00 NOTICE Request
method: GET
uri: https://graph.facebook.com/v20.0/987788172779218/product_feeds
user-agent: Facebook-for-WooCommerce/3.2.10 (WooCommerce/9.3.3; WordPress/6.6.2)
body:
duration: 0.44281s
 CONTEXT: {"_legacy":true}
2024-10-07T22:21:43+00:00 NOTICE Response
code: 200
message: OK
body: {"data":[{"id":"980052693510616","file_name":"SicneHence eComemrce Supplimet - Catalog - Feed","name":"SicneHence eComemrce Supplimet - Catalog - Feed"}],"paging":{"cursors":{"before":"QVFIUlpFTE9uUTRPVi0zSlAxcGNuMGlVNDEzMVVCdTNXYVhfNU80ZAXRhMk55eTR2eC11WGdRaHVmeDJ3aHRQUFVHSXo0RmtxZAkRXX3Fid1VwQjNhbG9fc093","after":"QVFIUlpFTE9uUTRPVi0zSlAxcGNuMGlVNDEzMVVCdTNXYVhfNU80ZAXRhMk55eTR2eC11WGdRaHVmeDJ3aHRQUFVHSXo0RmtxZAkRXX3Fid1VwQjNhbG9fc093"}}}
 CONTEXT: {"_legacy":true}
2024-10-07T22:21:44+00:00 NOTICE Request
method: GET
uri: https://graph.facebook.com/v20.0/980052693510616/?fields=created_time,latest_upload,product_count,schedule,update_schedule
user-agent: Facebook-for-WooCommerce/3.2.10 (WooCommerce/9.3.3; WordPress/6.6.2)
body:
duration: 0.47983s
 CONTEXT: {"_legacy":true}
2024-10-07T22:21:44+00:00 NOTICE Response
code: 200
message: OK
body: {"created_time":"2024-06-05T19:21:45+0000","product_count":0,"id":"980052693510616"}
 CONTEXT: {"_legacy":true}
2024-10-07T22:21:45+00:00 NOTICE Request
method: GET
uri: https://graph.facebook.com/v20.0/fbe_business/fbe_installs?fbe_external_business_id=sicnehenceecomemrce-665f929422055
user-agent: Facebook-for-WooCommerce/3.2.10 (WooCommerce/9.3.3; WordPress/6.6.2)
body:
duration: 0.54911s
 CONTEXT: {"_legacy":true}
2024-10-07T22:21:45+00:00 NOTICE Response
code: 200
message: OK
body: {"data":[{"business_manager_id":"280213847030763","onsite_eligible":false,"pixel_id":"820729112865218","profiles":["100481805425565","17841445880604158"],"ad_account_id":"307726204234823","catalog_id":"987788172779218","pages":["100481805425565"],"instagram_profiles":["17841445880604158"],"ig_shop":{"status":"NOT_SUBMITTED"},"token_type":"User","installed_features":[{"feature_instance_id":"813554103728373","feature_type":"ads","connected_assets":{"ad_account_id":"307726204234823","business_manager_id":"280213847030763","catalog_id":"987788172779218","ig_profile_id":"17841445880604158","page_id":"100481805425565","pixel_id":"820729112865218"},"additional_info":{"onsite_eligible":false,"pixel_is_consolidated_container":false}},{"feature_instance_id":"798387502384774","feature_type":"pixel","connected_assets":{"ad_account_id":"307726204234823","business_manager_id":"280213847030763","ig_profile_id":"17841445880604158","page_id":"100481805425565","pixel_id":"820729112865218"},"additional_info":{"onsite_eligible":false,"pixel_is_consolidated_container":false}},{"feature_instance_id":"777710937847014","feature_type":"catalog","connected_assets":{"ad_account_id":"307726204234823","business_manager_id":"280213847030763","catalog_id":"987788172779218","ig_profile_id":"17841445880604158","page_id":"100481805425565","pixel_id":"820729112865218"},"additional_info":{"onsite_eligible":false,"pixel_is_consolidated_container":false}}]}]}
 CONTEXT: {"_legacy":true}
2024-10-07T22:21:45+00:00 NOTICE Retrieving page access token CONTEXT: {"_legacy":true}
2024-10-07T23:18:17+00:00 NOTICE Request
method: GET
uri: https://graph.facebook.com/v20.0/fbe_business?fbe_external_business_id=sicnehenceecomemrce-665f929422055
user-agent: Facebook-for-WooCommerce/3.2.10 (WooCommerce/9.3.3; WordPress/6.6.2)
body:
duration: 0.39251s
 CONTEXT: {"_legacy":true}
2024-10-07T23:18:17+00:00 NOTICE Response
code: 200
message: OK
body: {"business":{"name":"SicneHence eComemrce"},"ads":[{"feature_instance_id":"813554103728373","enabled":true}],"catalogs":[{"feature_instance_id":"777710937847014","enabled":true}],"catalog_feed_scheduled":{"enabled":false},"ig_cta":{"enabled":false},"ig_shopping":{"enabled":false},"messenger_chat":{"enabled":false},"messenger_menu":{"enabled":false},"page_card":{"enabled":false},"page_cta":{"enabled":false},"page_post":{"enabled":false},"page_shop":{"enabled":false},"pixels":[{"feature_instance_id":"798387502384774","enabled":true}],"thread_intent":{"enabled":false}}
 CONTEXT: {"_legacy":true}
