2024-10-09T00:17:43+00:00 NOTICE Request
method: GET
uri: https://graph.facebook.com/v20.0/fbe_business?fbe_external_business_id=sicnehenceecomemrce-665f929422055
user-agent: Facebook-for-WooCommerce/3.2.10 (WooCommerce/9.3.3; WordPress/6.6.2)
body:
duration: 0.59025s
 CONTEXT: {"_legacy":true}
2024-10-09T00:17:43+00:00 NOTICE Response
code: 200
message: OK
body: {"business":{"name":"SicneHence eComemrce"},"ads":[{"feature_instance_id":"813554103728373","enabled":true}],"catalogs":[{"feature_instance_id":"777710937847014","enabled":true}],"catalog_feed_scheduled":{"enabled":false},"ig_cta":{"enabled":false},"ig_shopping":{"enabled":false},"messenger_chat":{"enabled":false},"messenger_menu":{"enabled":false},"page_card":{"enabled":false},"page_cta":{"enabled":false},"page_post":{"enabled":false},"page_shop":{"enabled":false},"pixels":[{"feature_instance_id":"798387502384774","enabled":true}],"thread_intent":{"enabled":false}}
 CONTEXT: {"_legacy":true}
2024-10-09T00:32:24+00:00 NOTICE Request
method: POST
uri: https://graph.facebook.com/v20.0/820729112865218/events
user-agent: Facebook-for-WooCommerce/3.2.10 (WooCommerce/9.3.3; WordPress/6.6.2)
body: {"data":[{"action_source":"website","event_time":1728433934,"event_id":"85147f59-d4bd-45e6-9fd5-7481bdcb49b1","event_source_url":"https:\/\/sincehence.store\/product-category\/sleep\/?v=0b3b97fa6688","custom_data":{"content_name":"SLEEP REMEDIES","content_category":"SLEEP REMEDIES","content_ids":"[\"SHSUP-TB00021_137\",\"SHSUP-TB00024_131\",\"SHSUP-TB00025_129\",\"SHSUP-TB00023_133\",\"SHSUP-TB00022_135\"]","content_type":"product","contents":[{"id":"SHSUP-TB00021_137","quantity":1},{"id":"SHSUP-TB00024_131","quantity":1},{"id":"SHSUP-TB00025_129","quantity":1},{"id":"SHSUP-TB00023_133","quantity":1},{"id":"SHSUP-TB00022_135","quantity":1}]},"user_data":{"client_ip_address":"43.130.53.252","client_user_agent":"Mozilla\/5.0 (iPhone; CPU iPhone OS 13_2_3 like Mac OS X) AppleWebKit\/605.1.15 (KHTML, like Gecko) Version\/13.0.3 Mobile\/15E148 Safari\/604.1","fbc":"","fbp":""},"event_name":"ViewCategory"}],"partner_agent":"woocommerce-9.3.3-3.2.10"}
duration: 0.5965s
 CONTEXT: {"_legacy":true}
2024-10-09T00:32:24+00:00 NOTICE Response
code: 200
message: OK
body: {"events_received":1,"messages":[],"fbtrace_id":"ANVk_11VLh20GCN86O63F3p"}
 CONTEXT: {"_legacy":true}
2024-10-09T01:19:37+00:00 NOTICE Request
method: GET
uri: https://graph.facebook.com/v20.0/fbe_business?fbe_external_business_id=sicnehenceecomemrce-665f929422055
user-agent: Facebook-for-WooCommerce/3.2.10 (WooCommerce/9.3.3; WordPress/6.6.2)
body:
duration: 0.45772s
 CONTEXT: {"_legacy":true}
2024-10-09T01:19:37+00:00 NOTICE Response
code: 200
message: OK
body: {"business":{"name":"SicneHence eComemrce"},"ads":[{"feature_instance_id":"813554103728373","enabled":true}],"catalogs":[{"feature_instance_id":"777710937847014","enabled":true}],"catalog_feed_scheduled":{"enabled":false},"ig_cta":{"enabled":false},"ig_shopping":{"enabled":false},"messenger_chat":{"enabled":false},"messenger_menu":{"enabled":false},"page_card":{"enabled":false},"page_cta":{"enabled":false},"page_post":{"enabled":false},"page_shop":{"enabled":false},"pixels":[{"feature_instance_id":"798387502384774","enabled":true}],"thread_intent":{"enabled":false}}
 CONTEXT: {"_legacy":true}
2024-10-09T02:17:52+00:00 NOTICE Request
method: GET
uri: https://graph.facebook.com/v20.0/fbe_business?fbe_external_business_id=sicnehenceecomemrce-665f929422055
user-agent: Facebook-for-WooCommerce/3.2.10 (WooCommerce/9.3.3; WordPress/6.6.2)
body:
duration: 0.39945s
 CONTEXT: {"_legacy":true}
2024-10-09T02:17:52+00:00 NOTICE Response
code: 200
message: OK
body: {"business":{"name":"SicneHence eComemrce"},"ads":[{"feature_instance_id":"813554103728373","enabled":true}],"catalogs":[{"feature_instance_id":"777710937847014","enabled":true}],"catalog_feed_scheduled":{"enabled":false},"ig_cta":{"enabled":false},"ig_shopping":{"enabled":false},"messenger_chat":{"enabled":false},"messenger_menu":{"enabled":false},"page_card":{"enabled":false},"page_cta":{"enabled":false},"page_post":{"enabled":false},"page_shop":{"enabled":false},"pixels":[{"feature_instance_id":"798387502384774","enabled":true}],"thread_intent":{"enabled":false}}
 CONTEXT: {"_legacy":true}
2024-10-09T03:01:17+00:00 NOTICE Request
method: POST
uri: https://graph.facebook.com/v20.0/820729112865218/events
user-agent: Facebook-for-WooCommerce/3.2.10 (WooCommerce/9.3.3; WordPress/6.6.2)
body: {"data":[{"action_source":"website","event_time":1728442875,"event_id":"6a0eb0ef-9bc3-4ddd-b5b7-4227eeffc78f","event_source_url":"https:\/\/sincehence.store\/product-category\/hair\/?v=7885444af42e","custom_data":{"content_name":"HAIR GROWTH","content_category":"HAIR GROWTH","content_ids":"[\"SHSUP-TB00027_125\",\"SHSUP-TB00028_123\",\"SHSUP-TB00026_127\"]","content_type":"product","contents":[{"id":"SHSUP-TB00027_125","quantity":1},{"id":"SHSUP-TB00028_123","quantity":1},{"id":"SHSUP-TB00026_127","quantity":1}]},"user_data":{"client_ip_address":"66.249.79.237","client_user_agent":"Mozilla\/5.0 (Linux; Android 6.0.1; Nexus 5X Build\/MMB29P) AppleWebKit\/537.36 (KHTML, like Gecko) Chrome\/129.0.6668.89 Mobile Safari\/537.36 (compatible; Googlebot\/2.1; +http:\/\/www.google.com\/bot.html)","fbc":"","fbp":""},"event_name":"ViewCategory"}],"partner_agent":"woocommerce-9.3.3-3.2.10"}
duration: 0.37357s
 CONTEXT: {"_legacy":true}
2024-10-09T03:01:17+00:00 NOTICE Response
code: 200
message: OK
body: {"events_received":1,"messages":[],"fbtrace_id":"ABhVmC0gFqUCD6PUKxxH-FM"}
 CONTEXT: {"_legacy":true}
2024-10-09T03:10:18+00:00 NOTICE Generating a fresh product feed file CONTEXT: {"_legacy":true}
2024-10-09T03:10:19+00:00 NOTICE Product feed file generated CONTEXT: {"_legacy":true}
2024-10-09T03:17:44+00:00 NOTICE Request
method: GET
uri: https://graph.facebook.com/v20.0/fbe_business?fbe_external_business_id=sicnehenceecomemrce-665f929422055
user-agent: Facebook-for-WooCommerce/3.2.10 (WooCommerce/9.3.3; WordPress/6.6.2)
body:
duration: 0.38319s
 CONTEXT: {"_legacy":true}
2024-10-09T03:17:44+00:00 NOTICE Response
code: 200
message: OK
body: {"business":{"name":"SicneHence eComemrce"},"ads":[{"feature_instance_id":"813554103728373","enabled":true}],"catalogs":[{"feature_instance_id":"777710937847014","enabled":true}],"catalog_feed_scheduled":{"enabled":false},"ig_cta":{"enabled":false},"ig_shopping":{"enabled":false},"messenger_chat":{"enabled":false},"messenger_menu":{"enabled":false},"page_card":{"enabled":false},"page_cta":{"enabled":false},"page_post":{"enabled":false},"page_shop":{"enabled":false},"pixels":[{"feature_instance_id":"798387502384774","enabled":true}],"thread_intent":{"enabled":false}}
 CONTEXT: {"_legacy":true}
2024-10-09T04:18:13+00:00 NOTICE Request
method: GET
uri: https://graph.facebook.com/v20.0/fbe_business?fbe_external_business_id=sicnehenceecomemrce-665f929422055
user-agent: Facebook-for-WooCommerce/3.2.10 (WooCommerce/9.3.3; WordPress/6.6.2)
body:
duration: 0.3863s
 CONTEXT: {"_legacy":true}
2024-10-09T04:18:13+00:00 NOTICE Response
code: 200
message: OK
body: {"business":{"name":"SicneHence eComemrce"},"ads":[{"feature_instance_id":"813554103728373","enabled":true}],"catalogs":[{"feature_instance_id":"777710937847014","enabled":true}],"catalog_feed_scheduled":{"enabled":false},"ig_cta":{"enabled":false},"ig_shopping":{"enabled":false},"messenger_chat":{"enabled":false},"messenger_menu":{"enabled":false},"page_card":{"enabled":false},"page_cta":{"enabled":false},"page_post":{"enabled":false},"page_shop":{"enabled":false},"pixels":[{"feature_instance_id":"798387502384774","enabled":true}],"thread_intent":{"enabled":false}}
 CONTEXT: {"_legacy":true}
2024-10-09T04:33:51+00:00 NOTICE Request
method: POST
uri: https://graph.facebook.com/v20.0/820729112865218/events
user-agent: Facebook-for-WooCommerce/3.2.10 (WooCommerce/9.3.3; WordPress/6.6.2)
body: {"data":[{"action_source":"website","event_time":1728448430,"event_id":"244c2c77-2861-4ff4-9d76-179b9f445376","event_source_url":"https:\/\/sincehence.store\/product\/beauty-face-cream-single-jar\/?add-to-cart=97","custom_data":{"content_ids":"[\"SHSUP-TB00041_97\"]","content_name":"Advanced Skin Toning Serum | Brighten Skin | Antioxidant","content_type":"product","contents":"[{\"id\":\"SHSUP-TB00041_97\",\"quantity\":1}]","value":22.95,"currency":"USD"},"user_data":{"client_ip_address":"66.249.79.238","client_user_agent":"Mozilla\/5.0 (Linux; Android 6.0.1; Nexus 5X Build\/MMB29P) AppleWebKit\/537.36 (KHTML, like Gecko) Chrome\/129.0.6668.89 Mobile Safari\/537.36 (compatible; Googlebot\/2.1; +http:\/\/www.google.com\/bot.html)","fbc":"","fbp":""},"event_name":"AddToCart"}],"partner_agent":"woocommerce-9.3.3-3.2.10"}
duration: 0.39234s
 CONTEXT: {"_legacy":true}
2024-10-09T04:33:51+00:00 NOTICE Response
code: 200
message: OK
body: {"events_received":1,"messages":[],"fbtrace_id":"Auud5nWyRljMpA5Dou6q6Qq"}
 CONTEXT: {"_legacy":true}
2024-10-09T05:17:50+00:00 NOTICE Request
method: GET
uri: https://graph.facebook.com/v20.0/fbe_business?fbe_external_business_id=sicnehenceecomemrce-665f929422055
user-agent: Facebook-for-WooCommerce/3.2.10 (WooCommerce/9.3.3; WordPress/6.6.2)
body:
duration: 0.44306s
 CONTEXT: {"_legacy":true}
2024-10-09T05:17:50+00:00 NOTICE Response
code: 200
message: OK
body: {"business":{"name":"SicneHence eComemrce"},"ads":[{"feature_instance_id":"813554103728373","enabled":true}],"catalogs":[{"feature_instance_id":"777710937847014","enabled":true}],"catalog_feed_scheduled":{"enabled":false},"ig_cta":{"enabled":false},"ig_shopping":{"enabled":false},"messenger_chat":{"enabled":false},"messenger_menu":{"enabled":false},"page_card":{"enabled":false},"page_cta":{"enabled":false},"page_post":{"enabled":false},"page_shop":{"enabled":false},"pixels":[{"feature_instance_id":"798387502384774","enabled":true}],"thread_intent":{"enabled":false}}
 CONTEXT: {"_legacy":true}
2024-10-09T06:08:08+00:00 NOTICE Request
method: POST
uri: https://graph.facebook.com/v20.0/820729112865218/events
user-agent: Facebook-for-WooCommerce/3.2.10 (WooCommerce/9.3.3; WordPress/6.6.2)
body: {"data":[{"action_source":"website","event_time":1728454081,"event_id":"03238e00-d9da-4cf9-90ca-d81bbd061f7d","event_source_url":"https:\/\/sincehence.store\/product\/the-pain-patch\/?v=b6bb43df4525","custom_data":{"content_name":"Bio Frequency Pain Relief Patches | Drug-Free Pain Relief for Back - Neck - Knee Pain | Non-Invasive Pain Management","content_ids":"[\"SHSUP-TB00004_171\"]","content_type":"product","contents":"[{\"id\":\"SHSUP-TB00004_171\",\"quantity\":1}]","content_category":"PAIN RELIEF","value":"25.95","currency":"USD"},"user_data":{"client_ip_address":"147.161.161.85","client_user_agent":"Mozilla\/5.0 (Windows NT 10.0; Win64; x64) AppleWebKit\/537.36 (KHTML, like Gecko) Chrome\/129.0.0.0 Safari\/537.36","fbc":"","fbp":""},"event_name":"ViewContent"}],"partner_agent":"woocommerce-9.3.3-3.2.10"}
duration: 0.40383s
 CONTEXT: {"_legacy":true}
2024-10-09T06:08:08+00:00 NOTICE Response
code: 200
message: OK
body: {"events_received":1,"messages":[],"fbtrace_id":"Ayfx06dudY4TkFjW7rvhImc"}
 CONTEXT: {"_legacy":true}
2024-10-09T06:17:43+00:00 NOTICE Request
method: GET
uri: https://graph.facebook.com/v20.0/fbe_business?fbe_external_business_id=sicnehenceecomemrce-665f929422055
user-agent: Facebook-for-WooCommerce/3.2.10 (WooCommerce/9.3.3; WordPress/6.6.2)
body:
duration: 0.39234s
 CONTEXT: {"_legacy":true}
2024-10-09T06:17:43+00:00 NOTICE Response
code: 200
message: OK
body: {"business":{"name":"SicneHence eComemrce"},"ads":[{"feature_instance_id":"813554103728373","enabled":true}],"catalogs":[{"feature_instance_id":"777710937847014","enabled":true}],"catalog_feed_scheduled":{"enabled":false},"ig_cta":{"enabled":false},"ig_shopping":{"enabled":false},"messenger_chat":{"enabled":false},"messenger_menu":{"enabled":false},"page_card":{"enabled":false},"page_cta":{"enabled":false},"page_post":{"enabled":false},"page_shop":{"enabled":false},"pixels":[{"feature_instance_id":"798387502384774","enabled":true}],"thread_intent":{"enabled":false}}
 CONTEXT: {"_legacy":true}
2024-10-09T07:18:34+00:00 NOTICE Request
method: GET
uri: https://graph.facebook.com/v20.0/fbe_business?fbe_external_business_id=sicnehenceecomemrce-665f929422055
user-agent: Facebook-for-WooCommerce/3.2.10 (WooCommerce/9.3.3; WordPress/6.6.2)
body:
duration: 0.44825s
 CONTEXT: {"_legacy":true}
2024-10-09T07:18:34+00:00 NOTICE Response
code: 200
message: OK
body: {"business":{"name":"SicneHence eComemrce"},"ads":[{"feature_instance_id":"813554103728373","enabled":true}],"catalogs":[{"feature_instance_id":"777710937847014","enabled":true}],"catalog_feed_scheduled":{"enabled":false},"ig_cta":{"enabled":false},"ig_shopping":{"enabled":false},"messenger_chat":{"enabled":false},"messenger_menu":{"enabled":false},"page_card":{"enabled":false},"page_cta":{"enabled":false},"page_post":{"enabled":false},"page_shop":{"enabled":false},"pixels":[{"feature_instance_id":"798387502384774","enabled":true}],"thread_intent":{"enabled":false}}
 CONTEXT: {"_legacy":true}
2024-10-09T08:22:53+00:00 NOTICE Request
method: GET
uri: https://graph.facebook.com/v20.0/fbe_business?fbe_external_business_id=sicnehenceecomemrce-665f929422055
user-agent: Facebook-for-WooCommerce/3.2.10 (WooCommerce/9.3.3; WordPress/6.6.2)
body:
duration: 0.41803s
 CONTEXT: {"_legacy":true}
2024-10-09T08:22:53+00:00 NOTICE Response
code: 200
message: OK
body: {"business":{"name":"SicneHence eComemrce"},"ads":[{"feature_instance_id":"813554103728373","enabled":true}],"catalogs":[{"feature_instance_id":"777710937847014","enabled":true}],"catalog_feed_scheduled":{"enabled":false},"ig_cta":{"enabled":false},"ig_shopping":{"enabled":false},"messenger_chat":{"enabled":false},"messenger_menu":{"enabled":false},"page_card":{"enabled":false},"page_cta":{"enabled":false},"page_post":{"enabled":false},"page_shop":{"enabled":false},"pixels":[{"feature_instance_id":"798387502384774","enabled":true}],"thread_intent":{"enabled":false}}
 CONTEXT: {"_legacy":true}
2024-10-09T09:18:04+00:00 NOTICE Request
method: GET
uri: https://graph.facebook.com/v20.0/fbe_business?fbe_external_business_id=sicnehenceecomemrce-665f929422055
user-agent: Facebook-for-WooCommerce/3.2.10 (WooCommerce/9.3.3; WordPress/6.6.2)
body:
duration: 0.46319s
 CONTEXT: {"_legacy":true}
2024-10-09T09:18:05+00:00 NOTICE Response
code: 200
message: OK
body: {"business":{"name":"SicneHence eComemrce"},"ads":[{"feature_instance_id":"813554103728373","enabled":true}],"catalogs":[{"feature_instance_id":"777710937847014","enabled":true}],"catalog_feed_scheduled":{"enabled":false},"ig_cta":{"enabled":false},"ig_shopping":{"enabled":false},"messenger_chat":{"enabled":false},"messenger_menu":{"enabled":false},"page_card":{"enabled":false},"page_cta":{"enabled":false},"page_post":{"enabled":false},"page_shop":{"enabled":false},"pixels":[{"feature_instance_id":"798387502384774","enabled":true}],"thread_intent":{"enabled":false}}
 CONTEXT: {"_legacy":true}
2024-10-09T09:47:44+00:00 NOTICE Request
method: POST
uri: https://graph.facebook.com/v20.0/820729112865218/events
user-agent: Facebook-for-WooCommerce/3.2.10 (WooCommerce/9.3.3; WordPress/6.6.2)
body: {"data":[{"action_source":"website","event_time":1728467263,"event_id":"ec5b825b-5a61-4b36-8713-017ecaf5373a","event_source_url":"https:\/\/sincehence.store\/product\/hangover-patches-3-pack\/?add-to-cart=105&v=6cc98ba2045f","custom_data":{"content_ids":"[\"SHSUP-TB00037_105\"]","content_name":"CBD Oil | Dog and Cat | 500MG | Calming Support for Pets | GMO-free formula","content_type":"product","contents":"[{\"id\":\"SHSUP-TB00037_105\",\"quantity\":1}]","value":30.95,"currency":"USD"},"user_data":{"client_ip_address":"124.243.137.225","client_user_agent":"Mozilla\/5.0 (Windows NT 10.0; Win64; x64) AppleWebKit\/537.36 (KHTML, like Gecko) Chrome\/110.0.0.0 Safari\/537.36","fbc":"","fbp":""},"event_name":"AddToCart"}],"partner_agent":"woocommerce-9.3.3-3.2.10"}
duration: 0.5213s
 CONTEXT: {"_legacy":true}
2024-10-09T09:47:44+00:00 NOTICE Response
code: 200
message: OK
body: {"events_received":1,"messages":[],"fbtrace_id":"AgVffS6ddRxBGqYU1Kd6z7u"}
 CONTEXT: {"_legacy":true}
2024-10-09T09:47:50+00:00 NOTICE Request
method: POST
uri: https://graph.facebook.com/v20.0/820729112865218/events
user-agent: Facebook-for-WooCommerce/3.2.10 (WooCommerce/9.3.3; WordPress/6.6.2)
body: {"data":[{"action_source":"website","event_time":1728467268,"event_id":"c1762724-7816-4411-945f-7152f296e302","event_source_url":"https:\/\/sincehence.store\/product\/hangover-patches-3-pack\/?v=8bcc25c96aa5","custom_data":{"content_name":"Hangover Patches | 3 Count | Ultimate Hangover Relief","content_ids":"[\"SHSUP-TB00036_107\"]","content_type":"product","contents":"[{\"id\":\"SHSUP-TB00036_107\",\"quantity\":1}]","content_category":"HANGOVER","value":"7.95","currency":"USD"},"user_data":{"client_ip_address":"124.243.137.225","client_user_agent":"Mozilla\/5.0 (Windows NT 10.0; Win64; x64) AppleWebKit\/537.36 (KHTML, like Gecko) Chrome\/110.0.0.0 Safari\/537.36","fbc":"","fbp":""},"event_name":"ViewContent"}],"partner_agent":"woocommerce-9.3.3-3.2.10"}
duration: 0.39301s
 CONTEXT: {"_legacy":true}
2024-10-09T09:47:50+00:00 NOTICE Response
code: 200
message: OK
body: {"events_received":1,"messages":[],"fbtrace_id":"AnyQkvHZU-O05xL44cFwy6t"}
 CONTEXT: {"_legacy":true}
2024-10-09T10:18:46+00:00 NOTICE Request
method: GET
uri: https://graph.facebook.com/v20.0/fbe_business?fbe_external_business_id=sicnehenceecomemrce-665f929422055
user-agent: Facebook-for-WooCommerce/3.2.10 (WooCommerce/9.3.3; WordPress/6.6.2)
body:
duration: 0.52731s
 CONTEXT: {"_legacy":true}
2024-10-09T10:18:46+00:00 NOTICE Response
code: 200
message: OK
body: {"business":{"name":"SicneHence eComemrce"},"ads":[{"feature_instance_id":"813554103728373","enabled":true}],"catalogs":[{"feature_instance_id":"777710937847014","enabled":true}],"catalog_feed_scheduled":{"enabled":false},"ig_cta":{"enabled":false},"ig_shopping":{"enabled":false},"messenger_chat":{"enabled":false},"messenger_menu":{"enabled":false},"page_card":{"enabled":false},"page_cta":{"enabled":false},"page_post":{"enabled":false},"page_shop":{"enabled":false},"pixels":[{"feature_instance_id":"798387502384774","enabled":true}],"thread_intent":{"enabled":false}}
 CONTEXT: {"_legacy":true}
2024-10-09T11:22:57+00:00 NOTICE Request
method: GET
uri: https://graph.facebook.com/v20.0/fbe_business?fbe_external_business_id=sicnehenceecomemrce-665f929422055
user-agent: Facebook-for-WooCommerce/3.2.10 (WooCommerce/9.3.3; WordPress/6.6.2)
body:
duration: 0.42686s
 CONTEXT: {"_legacy":true}
2024-10-09T11:22:57+00:00 NOTICE Response
code: 200
message: OK
body: {"business":{"name":"SicneHence eComemrce"},"ads":[{"feature_instance_id":"813554103728373","enabled":true}],"catalogs":[{"feature_instance_id":"777710937847014","enabled":true}],"catalog_feed_scheduled":{"enabled":false},"ig_cta":{"enabled":false},"ig_shopping":{"enabled":false},"messenger_chat":{"enabled":false},"messenger_menu":{"enabled":false},"page_card":{"enabled":false},"page_cta":{"enabled":false},"page_post":{"enabled":false},"page_shop":{"enabled":false},"pixels":[{"feature_instance_id":"798387502384774","enabled":true}],"thread_intent":{"enabled":false}}
 CONTEXT: {"_legacy":true}
2024-10-09T12:22:54+00:00 NOTICE Request
method: GET
uri: https://graph.facebook.com/v20.0/fbe_business?fbe_external_business_id=sicnehenceecomemrce-665f929422055
user-agent: Facebook-for-WooCommerce/3.2.10 (WooCommerce/9.3.3; WordPress/6.6.2)
body:
duration: 0.3882s
 CONTEXT: {"_legacy":true}
2024-10-09T12:22:54+00:00 NOTICE Response
code: 200
message: OK
body: {"business":{"name":"SicneHence eComemrce"},"ads":[{"feature_instance_id":"813554103728373","enabled":true}],"catalogs":[{"feature_instance_id":"777710937847014","enabled":true}],"catalog_feed_scheduled":{"enabled":false},"ig_cta":{"enabled":false},"ig_shopping":{"enabled":false},"messenger_chat":{"enabled":false},"messenger_menu":{"enabled":false},"page_card":{"enabled":false},"page_cta":{"enabled":false},"page_post":{"enabled":false},"page_shop":{"enabled":false},"pixels":[{"feature_instance_id":"798387502384774","enabled":true}],"thread_intent":{"enabled":false}}
 CONTEXT: {"_legacy":true}
2024-10-09T12:37:07+00:00 NOTICE Request
method: POST
uri: https://graph.facebook.com/v20.0/820729112865218/events
user-agent: Facebook-for-WooCommerce/3.2.10 (WooCommerce/9.3.3; WordPress/6.6.2)
body: {"data":[{"action_source":"website","event_time":1728477425,"event_id":"72766829-b1f8-499b-b87d-12ad23b538d2","event_source_url":"https:\/\/sincehence.store\/product\/blood-sugar-capsules\/?v=7885444af42e","custom_data":{"content_name":"Blood Sugar Suppliments | Natural Suppliments |  Blood Sugar Support | 60 Capsules","content_ids":"[\"SHSUP-TB00013_153\"]","content_type":"product","contents":"[{\"id\":\"SHSUP-TB00013_153\",\"quantity\":1}]","content_category":"BLOOD SUGAR","value":"24.95","currency":"USD"},"user_data":{"client_ip_address":"66.249.79.238","client_user_agent":"Mozilla\/5.0 (Linux; Android 6.0.1; Nexus 5X Build\/MMB29P) AppleWebKit\/537.36 (KHTML, like Gecko) Chrome\/129.0.6668.89 Mobile Safari\/537.36 (compatible; Googlebot\/2.1; +http:\/\/www.google.com\/bot.html)","fbc":"","fbp":""},"event_name":"ViewContent"}],"partner_agent":"woocommerce-9.3.3-3.2.10"}
duration: 0.3887s
 CONTEXT: {"_legacy":true}
2024-10-09T12:37:07+00:00 NOTICE Response
code: 200
message: OK
body: {"events_received":1,"messages":[],"fbtrace_id":"AKGMduVk903WwWal_VzTjzK"}
 CONTEXT: {"_legacy":true}
2024-10-09T13:20:17+00:00 NOTICE Request
method: GET
uri: https://graph.facebook.com/v20.0/fbe_business?fbe_external_business_id=sicnehenceecomemrce-665f929422055
user-agent: Facebook-for-WooCommerce/3.2.10 (WooCommerce/9.3.3; WordPress/6.6.2)
body:
duration: 0.40175s
 CONTEXT: {"_legacy":true}
2024-10-09T13:20:17+00:00 NOTICE Response
code: 200
message: OK
body: {"business":{"name":"SicneHence eComemrce"},"ads":[{"feature_instance_id":"813554103728373","enabled":true}],"catalogs":[{"feature_instance_id":"777710937847014","enabled":true}],"catalog_feed_scheduled":{"enabled":false},"ig_cta":{"enabled":false},"ig_shopping":{"enabled":false},"messenger_chat":{"enabled":false},"messenger_menu":{"enabled":false},"page_card":{"enabled":false},"page_cta":{"enabled":false},"page_post":{"enabled":false},"page_shop":{"enabled":false},"pixels":[{"feature_instance_id":"798387502384774","enabled":true}],"thread_intent":{"enabled":false}}
 CONTEXT: {"_legacy":true}
2024-10-09T14:22:47+00:00 NOTICE Request
method: GET
uri: https://graph.facebook.com/v20.0/fbe_business?fbe_external_business_id=sicnehenceecomemrce-665f929422055
user-agent: Facebook-for-WooCommerce/3.2.10 (WooCommerce/9.3.3; WordPress/6.6.2)
body:
duration: 0.394s
 CONTEXT: {"_legacy":true}
2024-10-09T14:22:47+00:00 NOTICE Response
code: 200
message: OK
body: {"business":{"name":"SicneHence eComemrce"},"ads":[{"feature_instance_id":"813554103728373","enabled":true}],"catalogs":[{"feature_instance_id":"777710937847014","enabled":true}],"catalog_feed_scheduled":{"enabled":false},"ig_cta":{"enabled":false},"ig_shopping":{"enabled":false},"messenger_chat":{"enabled":false},"messenger_menu":{"enabled":false},"page_card":{"enabled":false},"page_cta":{"enabled":false},"page_post":{"enabled":false},"page_shop":{"enabled":false},"pixels":[{"feature_instance_id":"798387502384774","enabled":true}],"thread_intent":{"enabled":false}}
 CONTEXT: {"_legacy":true}
2024-10-09T14:28:50+00:00 NOTICE Request
method: POST
uri: https://graph.facebook.com/v20.0/820729112865218/events
user-agent: Facebook-for-WooCommerce/3.2.10 (WooCommerce/9.3.3; WordPress/6.6.2)
body: {"data":[{"action_source":"website","event_time":1728484128,"event_id":"ad794f2a-626c-4d03-a129-a51d8d740802","event_source_url":"https:\/\/sincehence.store\/product-category\/hangover\/?v=7885444af42e","custom_data":{"content_name":"HANGOVER","content_category":"HANGOVER","content_ids":"[\"SHSUP-TB00034_111\",\"SHSUP-TB00036_107\",\"SHSUP-TB00033_113\",\"SHSUP-TB00035_109\",\"SHSUP-TB00032_115\",\"SHSUP-TB00020_139\"]","content_type":"product","contents":[{"id":"SHSUP-TB00034_111","quantity":1},{"id":"SHSUP-TB00036_107","quantity":1},{"id":"SHSUP-TB00033_113","quantity":1},{"id":"SHSUP-TB00035_109","quantity":1},{"id":"SHSUP-TB00032_115","quantity":1},{"id":"SHSUP-TB00020_139","quantity":1}]},"user_data":{"client_ip_address":"66.249.79.236","client_user_agent":"Mozilla\/5.0 (Linux; Android 6.0.1; Nexus 5X Build\/MMB29P) AppleWebKit\/537.36 (KHTML, like Gecko) Chrome\/129.0.6668.89 Mobile Safari\/537.36 (compatible; Googlebot\/2.1; +http:\/\/www.google.com\/bot.html)","fbc":"","fbp":""},"event_name":"ViewCategory"}],"partner_agent":"woocommerce-9.3.3-3.2.10"}
duration: 0.41929s
 CONTEXT: {"_legacy":true}
2024-10-09T14:28:50+00:00 NOTICE Response
code: 200
message: OK
body: {"events_received":1,"messages":[],"fbtrace_id":"AS7kJghEk-z0ZB9URIm69Y9"}
 CONTEXT: {"_legacy":true}
2024-10-09T15:17:52+00:00 NOTICE Request
method: GET
uri: https://graph.facebook.com/v20.0/fbe_business?fbe_external_business_id=sicnehenceecomemrce-665f929422055
user-agent: Facebook-for-WooCommerce/3.2.10 (WooCommerce/9.3.3; WordPress/6.6.2)
body:
duration: 0.40957s
 CONTEXT: {"_legacy":true}
2024-10-09T15:17:52+00:00 NOTICE Response
code: 200
message: OK
body: {"business":{"name":"SicneHence eComemrce"},"ads":[{"feature_instance_id":"813554103728373","enabled":true}],"catalogs":[{"feature_instance_id":"777710937847014","enabled":true}],"catalog_feed_scheduled":{"enabled":false},"ig_cta":{"enabled":false},"ig_shopping":{"enabled":false},"messenger_chat":{"enabled":false},"messenger_menu":{"enabled":false},"page_card":{"enabled":false},"page_cta":{"enabled":false},"page_post":{"enabled":false},"page_shop":{"enabled":false},"pixels":[{"feature_instance_id":"798387502384774","enabled":true}],"thread_intent":{"enabled":false}}
 CONTEXT: {"_legacy":true}
2024-10-09T15:34:58+00:00 NOTICE Request
method: POST
uri: https://graph.facebook.com/v20.0/820729112865218/events
user-agent: Facebook-for-WooCommerce/3.2.10 (WooCommerce/9.3.3; WordPress/6.6.2)
body: {"data":[{"action_source":"website","event_time":1728488095,"event_id":"3194cc5b-e4bb-4c5f-95a1-2433c33bbb19","event_source_url":"https:\/\/sincehence.store\/product\/hangover-patches-party-pack-60\/?v=7885444af42e","custom_data":{"content_name":"Hangover Patches | 60 Patches | Party Pack  | Ultimate Hangover Relief","content_ids":"[\"SHSUP-TB00032_115\"]","content_type":"product","contents":"[{\"id\":\"SHSUP-TB00032_115\",\"quantity\":1}]","content_category":"HANGOVER","value":"49.95","currency":"USD"},"user_data":{"client_ip_address":"47.128.33.21","client_user_agent":"Mozilla\/5.0 (compatible; Bytespider; spider-feedback@bytedance.com) AppleWebKit\/537.36 (KHTML, like Gecko) Chrome\/70.0.0.0 Safari\/537.36","fbc":"","fbp":""},"event_name":"ViewContent"}],"partner_agent":"woocommerce-9.3.3-3.2.10"}
duration: 0.39326s
 CONTEXT: {"_legacy":true}
2024-10-09T15:34:58+00:00 NOTICE Response
code: 200
message: OK
body: {"events_received":1,"messages":[],"fbtrace_id":"AtsajEYkqFVjWxaJCJ-AuEM"}
 CONTEXT: {"_legacy":true}
2024-10-09T16:18:13+00:00 NOTICE Request
method: GET
uri: https://graph.facebook.com/v20.0/fbe_business?fbe_external_business_id=sicnehenceecomemrce-665f929422055
user-agent: Facebook-for-WooCommerce/3.2.10 (WooCommerce/9.3.3; WordPress/6.6.2)
body:
duration: 0.63574s
 CONTEXT: {"_legacy":true}
2024-10-09T16:18:13+00:00 NOTICE Response
code: 200
message: OK
body: {"business":{"name":"SicneHence eComemrce"},"ads":[{"feature_instance_id":"813554103728373","enabled":true}],"catalogs":[{"feature_instance_id":"777710937847014","enabled":true}],"catalog_feed_scheduled":{"enabled":false},"ig_cta":{"enabled":false},"ig_shopping":{"enabled":false},"messenger_chat":{"enabled":false},"messenger_menu":{"enabled":false},"page_card":{"enabled":false},"page_cta":{"enabled":false},"page_post":{"enabled":false},"page_shop":{"enabled":false},"pixels":[{"feature_instance_id":"798387502384774","enabled":true}],"thread_intent":{"enabled":false}}
 CONTEXT: {"_legacy":true}
2024-10-09T17:17:50+00:00 NOTICE Request
method: GET
uri: https://graph.facebook.com/v20.0/fbe_business?fbe_external_business_id=sicnehenceecomemrce-665f929422055
user-agent: Facebook-for-WooCommerce/3.2.10 (WooCommerce/9.3.3; WordPress/6.6.2)
body:
duration: 0.4152s
 CONTEXT: {"_legacy":true}
2024-10-09T17:17:50+00:00 NOTICE Response
code: 200
message: OK
body: {"business":{"name":"SicneHence eComemrce"},"ads":[{"feature_instance_id":"813554103728373","enabled":true}],"catalogs":[{"feature_instance_id":"777710937847014","enabled":true}],"catalog_feed_scheduled":{"enabled":false},"ig_cta":{"enabled":false},"ig_shopping":{"enabled":false},"messenger_chat":{"enabled":false},"messenger_menu":{"enabled":false},"page_card":{"enabled":false},"page_cta":{"enabled":false},"page_post":{"enabled":false},"page_shop":{"enabled":false},"pixels":[{"feature_instance_id":"798387502384774","enabled":true}],"thread_intent":{"enabled":false}}
 CONTEXT: {"_legacy":true}
2024-10-09T17:23:53+00:00 NOTICE Request
method: POST
uri: https://graph.facebook.com/v20.0/820729112865218/events
user-agent: Facebook-for-WooCommerce/3.2.10 (WooCommerce/9.3.3; WordPress/6.6.2)
body: {"data":[{"action_source":"website","event_time":1728494631,"event_id":"29091ddd-5dda-41cf-8a7f-a10dbfc9d7b9","event_source_url":"https:\/\/sincehence.store\/product\/thyroid-support-capsules\/?v=7885444af42e","custom_data":{"content_name":"Thyroid Support Suppliments | Simply Nature Supplements | 60 Capsules | Natural Ingredients","content_ids":"[\"SHSUP-TB00018_143\"]","content_type":"product","contents":"[{\"id\":\"SHSUP-TB00018_143\",\"quantity\":1}]","content_category":"KETO","value":"22.95","currency":"USD"},"user_data":{"client_ip_address":"47.128.32.146","client_user_agent":"Mozilla\/5.0 (compatible; Bytespider; spider-feedback@bytedance.com) AppleWebKit\/537.36 (KHTML, like Gecko) Chrome\/70.0.0.0 Safari\/537.36","fbc":"","fbp":""},"event_name":"ViewContent"}],"partner_agent":"woocommerce-9.3.3-3.2.10"}
duration: 0.38718s
 CONTEXT: {"_legacy":true}
2024-10-09T17:23:53+00:00 NOTICE Response
code: 200
message: OK
body: {"events_received":1,"messages":[],"fbtrace_id":"AGsSpzle7XGX_ATigQW-_sn"}
 CONTEXT: {"_legacy":true}
2024-10-09T18:19:45+00:00 NOTICE Request
method: GET
uri: https://graph.facebook.com/v20.0/fbe_business?fbe_external_business_id=sicnehenceecomemrce-665f929422055
user-agent: Facebook-for-WooCommerce/3.2.10 (WooCommerce/9.3.3; WordPress/6.6.2)
body:
duration: 0.48443s
 CONTEXT: {"_legacy":true}
2024-10-09T18:19:45+00:00 NOTICE Response
code: 200
message: OK
body: {"business":{"name":"SicneHence eComemrce"},"ads":[{"feature_instance_id":"813554103728373","enabled":true}],"catalogs":[{"feature_instance_id":"777710937847014","enabled":true}],"catalog_feed_scheduled":{"enabled":false},"ig_cta":{"enabled":false},"ig_shopping":{"enabled":false},"messenger_chat":{"enabled":false},"messenger_menu":{"enabled":false},"page_card":{"enabled":false},"page_cta":{"enabled":false},"page_post":{"enabled":false},"page_shop":{"enabled":false},"pixels":[{"feature_instance_id":"798387502384774","enabled":true}],"thread_intent":{"enabled":false}}
 CONTEXT: {"_legacy":true}
2024-10-09T19:18:22+00:00 NOTICE Request
method: GET
uri: https://graph.facebook.com/v20.0/fbe_business?fbe_external_business_id=sicnehenceecomemrce-665f929422055
user-agent: Facebook-for-WooCommerce/3.2.10 (WooCommerce/9.3.3; WordPress/6.6.2)
body:
duration: 0.4494s
 CONTEXT: {"_legacy":true}
2024-10-09T19:18:22+00:00 NOTICE Response
code: 200
message: OK
body: {"business":{"name":"SicneHence eComemrce"},"ads":[{"feature_instance_id":"813554103728373","enabled":true}],"catalogs":[{"feature_instance_id":"777710937847014","enabled":true}],"catalog_feed_scheduled":{"enabled":false},"ig_cta":{"enabled":false},"ig_shopping":{"enabled":false},"messenger_chat":{"enabled":false},"messenger_menu":{"enabled":false},"page_card":{"enabled":false},"page_cta":{"enabled":false},"page_post":{"enabled":false},"page_shop":{"enabled":false},"pixels":[{"feature_instance_id":"798387502384774","enabled":true}],"thread_intent":{"enabled":false}}
 CONTEXT: {"_legacy":true}
2024-10-09T20:22:38+00:00 NOTICE Request
method: GET
uri: https://graph.facebook.com/v20.0/fbe_business?fbe_external_business_id=sicnehenceecomemrce-665f929422055
user-agent: Facebook-for-WooCommerce/3.2.10 (WooCommerce/9.3.3; WordPress/6.6.2)
body:
duration: 0.42499s
 CONTEXT: {"_legacy":true}
2024-10-09T20:22:38+00:00 NOTICE Response
code: 200
message: OK
body: {"business":{"name":"SicneHence eComemrce"},"ads":[{"feature_instance_id":"813554103728373","enabled":true}],"catalogs":[{"feature_instance_id":"777710937847014","enabled":true}],"catalog_feed_scheduled":{"enabled":false},"ig_cta":{"enabled":false},"ig_shopping":{"enabled":false},"messenger_chat":{"enabled":false},"messenger_menu":{"enabled":false},"page_card":{"enabled":false},"page_cta":{"enabled":false},"page_post":{"enabled":false},"page_shop":{"enabled":false},"pixels":[{"feature_instance_id":"798387502384774","enabled":true}],"thread_intent":{"enabled":false}}
 CONTEXT: {"_legacy":true}
2024-10-09T21:22:42+00:00 NOTICE Request
method: GET
uri: https://graph.facebook.com/v20.0/fbe_business?fbe_external_business_id=sicnehenceecomemrce-665f929422055
user-agent: Facebook-for-WooCommerce/3.2.10 (WooCommerce/9.3.3; WordPress/6.6.2)
body:
duration: 0.38827s
 CONTEXT: {"_legacy":true}
2024-10-09T21:22:42+00:00 NOTICE Response
code: 200
message: OK
body: {"business":{"name":"SicneHence eComemrce"},"ads":[{"feature_instance_id":"813554103728373","enabled":true}],"catalogs":[{"feature_instance_id":"777710937847014","enabled":true}],"catalog_feed_scheduled":{"enabled":false},"ig_cta":{"enabled":false},"ig_shopping":{"enabled":false},"messenger_chat":{"enabled":false},"messenger_menu":{"enabled":false},"page_card":{"enabled":false},"page_cta":{"enabled":false},"page_post":{"enabled":false},"page_shop":{"enabled":false},"pixels":[{"feature_instance_id":"798387502384774","enabled":true}],"thread_intent":{"enabled":false}}
 CONTEXT: {"_legacy":true}
2024-10-09T21:52:09+00:00 NOTICE Request
method: POST
uri: https://graph.facebook.com/v20.0/820729112865218/events
user-agent: Facebook-for-WooCommerce/3.2.10 (WooCommerce/9.3.3; WordPress/6.6.2)
body: {"data":[{"action_source":"website","event_time":1728510725,"event_id":"74f83ba8-7794-4c5e-a572-475d062ff64f","event_source_url":"https:\/\/sincehence.store\/product\/sleep-pillow-spray\/?v=7885444af42e","custom_data":{"content_name":"Sleep Time Pillow Spray | Lavender Scent | Relaxation and Enhanced Sleep Quality","content_ids":"[\"SHSUP-TB00022_135\"]","content_type":"product","contents":"[{\"id\":\"SHSUP-TB00022_135\",\"quantity\":1}]","content_category":"SLEEP REMEDIES","value":"15.95","currency":"USD"},"user_data":{"client_ip_address":"47.128.54.59","client_user_agent":"Mozilla\/5.0 (compatible; Bytespider; spider-feedback@bytedance.com) AppleWebKit\/537.36 (KHTML, like Gecko) Chrome\/70.0.0.0 Safari\/537.36","fbc":"","fbp":""},"event_name":"ViewContent"}],"partner_agent":"woocommerce-9.3.3-3.2.10"}
duration: 0.43313s
 CONTEXT: {"_legacy":true}
2024-10-09T21:52:09+00:00 NOTICE Response
code: 200
message: OK
body: {"events_received":1,"messages":[],"fbtrace_id":"Alsohz11L1cs2yru7ZjjtYA"}
 CONTEXT: {"_legacy":true}
2024-10-09T22:18:31+00:00 NOTICE Request
method: GET
uri: https://graph.facebook.com/v20.0/fbe_business?fbe_external_business_id=sicnehenceecomemrce-665f929422055
user-agent: Facebook-for-WooCommerce/3.2.10 (WooCommerce/9.3.3; WordPress/6.6.2)
body:
duration: 0.39478s
 CONTEXT: {"_legacy":true}
2024-10-09T22:18:31+00:00 NOTICE Response
code: 200
message: OK
body: {"business":{"name":"SicneHence eComemrce"},"ads":[{"feature_instance_id":"813554103728373","enabled":true}],"catalogs":[{"feature_instance_id":"777710937847014","enabled":true}],"catalog_feed_scheduled":{"enabled":false},"ig_cta":{"enabled":false},"ig_shopping":{"enabled":false},"messenger_chat":{"enabled":false},"messenger_menu":{"enabled":false},"page_card":{"enabled":false},"page_cta":{"enabled":false},"page_post":{"enabled":false},"page_shop":{"enabled":false},"pixels":[{"feature_instance_id":"798387502384774","enabled":true}],"thread_intent":{"enabled":false}}
 CONTEXT: {"_legacy":true}
2024-10-09T22:22:40+00:00 NOTICE Request
method: GET
uri: https://graph.facebook.com/v20.0/987788172779218/product_feeds
user-agent: Facebook-for-WooCommerce/3.2.10 (WooCommerce/9.3.3; WordPress/6.6.2)
body:
duration: 0.41001s
 CONTEXT: {"_legacy":true}
2024-10-09T22:22:40+00:00 NOTICE Response
code: 200
message: OK
body: {"data":[{"id":"980052693510616","file_name":"SicneHence eComemrce Supplimet - Catalog - Feed","name":"SicneHence eComemrce Supplimet - Catalog - Feed"}],"paging":{"cursors":{"before":"QVFIUlpFTE9uUTRPVi0zSlAxcGNuMGlVNDEzMVVCdTNXYVhfNU80ZAXRhMk55eTR2eC11WGdRaHVmeDJ3aHRQUFVHSXo0RmtxZAkRXX3Fid1VwQjNhbG9fc093","after":"QVFIUlpFTE9uUTRPVi0zSlAxcGNuMGlVNDEzMVVCdTNXYVhfNU80ZAXRhMk55eTR2eC11WGdRaHVmeDJ3aHRQUFVHSXo0RmtxZAkRXX3Fid1VwQjNhbG9fc093"}}}
 CONTEXT: {"_legacy":true}
2024-10-09T22:22:41+00:00 NOTICE Request
method: GET
uri: https://graph.facebook.com/v20.0/980052693510616/?fields=created_time,latest_upload,product_count,schedule,update_schedule
user-agent: Facebook-for-WooCommerce/3.2.10 (WooCommerce/9.3.3; WordPress/6.6.2)
body:
duration: 0.49439s
 CONTEXT: {"_legacy":true}
2024-10-09T22:22:41+00:00 NOTICE Response
code: 200
message: OK
body: {"created_time":"2024-06-05T19:21:45+0000","product_count":0,"id":"980052693510616"}
 CONTEXT: {"_legacy":true}
2024-10-09T22:22:41+00:00 NOTICE Request
method: GET
uri: https://graph.facebook.com/v20.0/fbe_business/fbe_installs?fbe_external_business_id=sicnehenceecomemrce-665f929422055
user-agent: Facebook-for-WooCommerce/3.2.10 (WooCommerce/9.3.3; WordPress/6.6.2)
body:
duration: 0.52338s
 CONTEXT: {"_legacy":true}
2024-10-09T22:22:41+00:00 NOTICE Response
code: 200
message: OK
body: {"data":[{"business_manager_id":"280213847030763","onsite_eligible":false,"pixel_id":"820729112865218","profiles":["100481805425565","17841445880604158"],"ad_account_id":"307726204234823","catalog_id":"987788172779218","pages":["100481805425565"],"instagram_profiles":["17841445880604158"],"ig_shop":{"status":"NOT_SUBMITTED"},"token_type":"User","installed_features":[{"feature_instance_id":"813554103728373","feature_type":"ads","connected_assets":{"ad_account_id":"307726204234823","business_manager_id":"280213847030763","catalog_id":"987788172779218","ig_profile_id":"17841445880604158","page_id":"100481805425565","pixel_id":"820729112865218"},"additional_info":{"onsite_eligible":false,"pixel_is_consolidated_container":false}},{"feature_instance_id":"798387502384774","feature_type":"pixel","connected_assets":{"ad_account_id":"307726204234823","business_manager_id":"280213847030763","ig_profile_id":"17841445880604158","page_id":"100481805425565","pixel_id":"820729112865218"},"additional_info":{"onsite_eligible":false,"pixel_is_consolidated_container":false}},{"feature_instance_id":"777710937847014","feature_type":"catalog","connected_assets":{"ad_account_id":"307726204234823","business_manager_id":"280213847030763","catalog_id":"987788172779218","ig_profile_id":"17841445880604158","page_id":"100481805425565","pixel_id":"820729112865218"},"additional_info":{"onsite_eligible":false,"pixel_is_consolidated_container":false}}]}]}
 CONTEXT: {"_legacy":true}
2024-10-09T22:22:41+00:00 NOTICE Retrieving page access token CONTEXT: {"_legacy":true}
2024-10-09T22:53:35+00:00 NOTICE Request
method: POST
uri: https://graph.facebook.com/v20.0/820729112865218/events
user-agent: Facebook-for-WooCommerce/3.2.10 (WooCommerce/9.3.3; WordPress/6.6.2)
body: {"data":[{"action_source":"website","event_time":1728514414,"event_id":"a2aa2aea-3a9c-401e-b85e-c3429c73e42b","event_source_url":"https:\/\/sincehence.store\/product\/hangover-patches-3-pack\/?v=7885444af42e","custom_data":{"content_name":"Hangover Patches | 3 Count | Ultimate Hangover Relief","content_ids":"[\"SHSUP-TB00036_107\"]","content_type":"product","contents":"[{\"id\":\"SHSUP-TB00036_107\",\"quantity\":1}]","content_category":"HANGOVER","value":"7.95","currency":"USD"},"user_data":{"client_ip_address":"47.128.127.71","client_user_agent":"Mozilla\/5.0 (compatible; Bytespider; spider-feedback@bytedance.com) AppleWebKit\/537.36 (KHTML, like Gecko) Chrome\/70.0.0.0 Safari\/537.36","fbc":"","fbp":""},"event_name":"ViewContent"}],"partner_agent":"woocommerce-9.3.3-3.2.10"}
duration: 0.37692s
 CONTEXT: {"_legacy":true}
2024-10-09T22:53:35+00:00 NOTICE Response
code: 200
message: OK
body: {"events_received":1,"messages":[],"fbtrace_id":"AEC859UWDjEJ9eAUq8v7Xby"}
 CONTEXT: {"_legacy":true}
2024-10-09T23:22:44+00:00 NOTICE Request
method: GET
uri: https://graph.facebook.com/v20.0/fbe_business?fbe_external_business_id=sicnehenceecomemrce-665f929422055
user-agent: Facebook-for-WooCommerce/3.2.10 (WooCommerce/9.3.3; WordPress/6.6.2)
body:
duration: 0.61188s
 CONTEXT: {"_legacy":true}
2024-10-09T23:22:44+00:00 NOTICE Response
code: 200
message: OK
body: {"business":{"name":"SicneHence eComemrce"},"ads":[{"feature_instance_id":"813554103728373","enabled":true}],"catalogs":[{"feature_instance_id":"777710937847014","enabled":true}],"catalog_feed_scheduled":{"enabled":false},"ig_cta":{"enabled":false},"ig_shopping":{"enabled":false},"messenger_chat":{"enabled":false},"messenger_menu":{"enabled":false},"page_card":{"enabled":false},"page_cta":{"enabled":false},"page_post":{"enabled":false},"page_shop":{"enabled":false},"pixels":[{"feature_instance_id":"798387502384774","enabled":true}],"thread_intent":{"enabled":false}}
 CONTEXT: {"_legacy":true}
