2024-10-17T00:18:21+00:00 NOTICE Request
method: GET
uri: https://graph.facebook.com/v20.0/fbe_business?fbe_external_business_id=sicnehenceecomemrce-665f929422055
user-agent: Facebook-for-WooCommerce/3.2.10 (WooCommerce/9.3.3; WordPress/6.6.2)
body:
duration: 0.46154s
 CONTEXT: {"_legacy":true}
2024-10-17T00:18:21+00:00 NOTICE Response
code: 200
message: OK
body: {"business":{"name":"SicneHence eComemrce"},"ads":[{"feature_instance_id":"813554103728373","enabled":true}],"catalogs":[{"feature_instance_id":"777710937847014","enabled":true}],"catalog_feed_scheduled":{"enabled":false},"ig_cta":{"enabled":false},"ig_shopping":{"enabled":false},"messenger_chat":{"enabled":false},"messenger_menu":{"enabled":false},"page_card":{"enabled":false},"page_cta":{"enabled":false},"page_post":{"enabled":false},"page_shop":{"enabled":false},"pixels":[{"feature_instance_id":"798387502384774","enabled":true}],"thread_intent":{"enabled":false}}
 CONTEXT: {"_legacy":true}
2024-10-17T00:30:53+00:00 NOTICE Request
method: POST
uri: https://graph.facebook.com/v20.0/820729112865218/events
user-agent: Facebook-for-WooCommerce/3.2.10 (WooCommerce/9.3.3; WordPress/6.6.2)
body: {"data":[{"action_source":"website","event_time":1729125037,"event_id":"7b7b885d-5dea-4019-9a04-0ddf0f468f01","event_source_url":"https:\/\/sincehence.store\/product-category\/keto\/?v=0b3b97fa6688","custom_data":{"content_name":"KETO","content_category":"KETO","content_ids":"[\"SHSUP-TB00049_81\",\"SHSUP-TB00019_141\",\"SHSUP-TB00017_145\",\"SHSUP-TB00016_147\",\"SHSUP-TB00050_79\",\"SHSUP-TB00048_83\",\"SHSUP-TB00018_143\"]","content_type":"product","contents":[{"id":"SHSUP-TB00049_81","quantity":1},{"id":"SHSUP-TB00019_141","quantity":1},{"id":"SHSUP-TB00017_145","quantity":1},{"id":"SHSUP-TB00016_147","quantity":1},{"id":"SHSUP-TB00050_79","quantity":1},{"id":"SHSUP-TB00048_83","quantity":1},{"id":"SHSUP-TB00018_143","quantity":1}]},"user_data":{"client_ip_address":"43.135.145.117","client_user_agent":"Mozilla\/5.0 (iPhone; CPU iPhone OS 13_2_3 like Mac OS X) AppleWebKit\/605.1.15 (KHTML, like Gecko) Version\/13.0.3 Mobile\/15E148 Safari\/604.1","fbc":"","fbp":""},"event_name":"ViewCategory"}],"partner_agent":"woocommerce-9.3.3-3.2.10"}
duration: 0.38659s
 CONTEXT: {"_legacy":true}
2024-10-17T00:30:53+00:00 NOTICE Response
code: 200
message: OK
body: {"events_received":1,"messages":[],"fbtrace_id":"AEEhZytc7SWcZnnCVRQa1G4"}
 CONTEXT: {"_legacy":true}
2024-10-17T00:30:54+00:00 NOTICE Request
method: POST
uri: https://graph.facebook.com/v20.0/820729112865218/events
user-agent: Facebook-for-WooCommerce/3.2.10 (WooCommerce/9.3.3; WordPress/6.6.2)
body: {"data":[{"action_source":"website","event_time":1729125036,"event_id":"2e61be24-1ebc-4b31-bcd7-1c0061898a3f","event_source_url":"https:\/\/sincehence.store\/product\/pain-relief-24mg-extra-strength-patches-30-pack\/?v=0b3b97fa6688","custom_data":{"content_name":"CBD Patches | Pack of 30 | 24-Hour Relief | 24mg CBD Isolate | Convenient - Discreet - Targeted Application","content_ids":"[\"SHSUP-TB00001_177\"]","content_type":"product","contents":"[{\"id\":\"SHSUP-TB00001_177\",\"quantity\":1}]","content_category":"PAIN RELIEF","value":"64.95","currency":"USD"},"user_data":{"client_ip_address":"43.135.145.117","client_user_agent":"Mozilla\/5.0 (iPhone; CPU iPhone OS 13_2_3 like Mac OS X) AppleWebKit\/605.1.15 (KHTML, like Gecko) Version\/13.0.3 Mobile\/15E148 Safari\/604.1","fbc":"","fbp":""},"event_name":"ViewContent"}],"partner_agent":"woocommerce-9.3.3-3.2.10"}
duration: 0.37995s
 CONTEXT: {"_legacy":true}
2024-10-17T00:30:54+00:00 NOTICE Response
code: 200
message: OK
body: {"events_received":1,"messages":[],"fbtrace_id":"AizXU_Ti9J28saBQHqT_kiw"}
 CONTEXT: {"_legacy":true}
2024-10-17T01:19:05+00:00 NOTICE Request
method: GET
uri: https://graph.facebook.com/v20.0/fbe_business?fbe_external_business_id=sicnehenceecomemrce-665f929422055
user-agent: Facebook-for-WooCommerce/3.2.10 (WooCommerce/9.3.3; WordPress/6.6.2)
body:
duration: 0.46291s
 CONTEXT: {"_legacy":true}
2024-10-17T01:19:05+00:00 NOTICE Response
code: 200
message: OK
body: {"business":{"name":"SicneHence eComemrce"},"ads":[{"feature_instance_id":"813554103728373","enabled":true}],"catalogs":[{"feature_instance_id":"777710937847014","enabled":true}],"catalog_feed_scheduled":{"enabled":false},"ig_cta":{"enabled":false},"ig_shopping":{"enabled":false},"messenger_chat":{"enabled":false},"messenger_menu":{"enabled":false},"page_card":{"enabled":false},"page_cta":{"enabled":false},"page_post":{"enabled":false},"page_shop":{"enabled":false},"pixels":[{"feature_instance_id":"798387502384774","enabled":true}],"thread_intent":{"enabled":false}}
 CONTEXT: {"_legacy":true}
2024-10-17T02:18:34+00:00 NOTICE Request
method: GET
uri: https://graph.facebook.com/v20.0/fbe_business?fbe_external_business_id=sicnehenceecomemrce-665f929422055
user-agent: Facebook-for-WooCommerce/3.2.10 (WooCommerce/9.3.3; WordPress/6.6.2)
body:
duration: 0.46924s
 CONTEXT: {"_legacy":true}
2024-10-17T02:18:34+00:00 NOTICE Response
code: 200
message: OK
body: {"business":{"name":"SicneHence eComemrce"},"ads":[{"feature_instance_id":"813554103728373","enabled":true}],"catalogs":[{"feature_instance_id":"777710937847014","enabled":true}],"catalog_feed_scheduled":{"enabled":false},"ig_cta":{"enabled":false},"ig_shopping":{"enabled":false},"messenger_chat":{"enabled":false},"messenger_menu":{"enabled":false},"page_card":{"enabled":false},"page_cta":{"enabled":false},"page_post":{"enabled":false},"page_shop":{"enabled":false},"pixels":[{"feature_instance_id":"798387502384774","enabled":true}],"thread_intent":{"enabled":false}}
 CONTEXT: {"_legacy":true}
2024-10-17T03:18:16+00:00 NOTICE Generating a fresh product feed file CONTEXT: {"_legacy":true}
2024-10-17T03:18:17+00:00 NOTICE Product feed file generated CONTEXT: {"_legacy":true}
2024-10-17T03:19:01+00:00 NOTICE Request
method: GET
uri: https://graph.facebook.com/v20.0/fbe_business?fbe_external_business_id=sicnehenceecomemrce-665f929422055
user-agent: Facebook-for-WooCommerce/3.2.10 (WooCommerce/9.3.3; WordPress/6.6.2)
body:
duration: 0.57676s
 CONTEXT: {"_legacy":true}
2024-10-17T03:19:01+00:00 NOTICE Response
code: 200
message: OK
body: {"business":{"name":"SicneHence eComemrce"},"ads":[{"feature_instance_id":"813554103728373","enabled":true}],"catalogs":[{"feature_instance_id":"777710937847014","enabled":true}],"catalog_feed_scheduled":{"enabled":false},"ig_cta":{"enabled":false},"ig_shopping":{"enabled":false},"messenger_chat":{"enabled":false},"messenger_menu":{"enabled":false},"page_card":{"enabled":false},"page_cta":{"enabled":false},"page_post":{"enabled":false},"page_shop":{"enabled":false},"pixels":[{"feature_instance_id":"798387502384774","enabled":true}],"thread_intent":{"enabled":false}}
 CONTEXT: {"_legacy":true}
2024-10-17T03:19:02+00:00 NOTICE Request
method: POST
uri: https://graph.facebook.com/v20.0/820729112865218/events
user-agent: Facebook-for-WooCommerce/3.2.10 (WooCommerce/9.3.3; WordPress/6.6.2)
body: {"data":[{"action_source":"website","event_time":1729135140,"event_id":"cb12ba80-4bf7-441e-bf9d-967539181071","event_source_url":"https:\/\/sincehence.store\/product-category\/cbd\/?v=0b3b97fa6688","custom_data":{"content_name":"CBD REMEDIES","content_category":"CBD REMEDIES","content_ids":"[\"SHSUP-TB00037_105\",\"SHSUP-TB00045_89\",\"SHSUP-TB00030_119\",\"SHSUP-TB00029_121\",\"SHSUP-TB00031_117\",\"SHSUP-TB00044_91\",\"SHSUP-TB00046_87\",\"SHSUP-TB00047_85\"]","content_type":"product","contents":[{"id":"SHSUP-TB00037_105","quantity":1},{"id":"SHSUP-TB00045_89","quantity":1},{"id":"SHSUP-TB00030_119","quantity":1},{"id":"SHSUP-TB00029_121","quantity":1},{"id":"SHSUP-TB00031_117","quantity":1},{"id":"SHSUP-TB00044_91","quantity":1},{"id":"SHSUP-TB00046_87","quantity":1},{"id":"SHSUP-TB00047_85","quantity":1}]},"user_data":{"client_ip_address":"49.51.72.76","client_user_agent":"Mozilla\/5.0 (iPhone; CPU iPhone OS 13_2_3 like Mac OS X) AppleWebKit\/605.1.15 (KHTML, like Gecko) Version\/13.0.3 Mobile\/15E148 Safari\/604.1","fbc":"","fbp":""},"event_name":"ViewCategory"}],"partner_agent":"woocommerce-9.3.3-3.2.10"}
duration: 0.37812s
 CONTEXT: {"_legacy":true}
2024-10-17T03:19:02+00:00 NOTICE Response
code: 200
message: OK
body: {"events_received":1,"messages":[],"fbtrace_id":"AHj0UBqsMtYm1dHqqgQqPNF"}
 CONTEXT: {"_legacy":true}
2024-10-17T04:17:40+00:00 NOTICE Request
method: GET
uri: https://graph.facebook.com/v20.0/fbe_business?fbe_external_business_id=sicnehenceecomemrce-665f929422055
user-agent: Facebook-for-WooCommerce/3.2.10 (WooCommerce/9.3.3; WordPress/6.6.2)
body:
duration: 0.48702s
 CONTEXT: {"_legacy":true}
2024-10-17T04:17:40+00:00 NOTICE Response
code: 200
message: OK
body: {"business":{"name":"SicneHence eComemrce"},"ads":[{"feature_instance_id":"813554103728373","enabled":true}],"catalogs":[{"feature_instance_id":"777710937847014","enabled":true}],"catalog_feed_scheduled":{"enabled":false},"ig_cta":{"enabled":false},"ig_shopping":{"enabled":false},"messenger_chat":{"enabled":false},"messenger_menu":{"enabled":false},"page_card":{"enabled":false},"page_cta":{"enabled":false},"page_post":{"enabled":false},"page_shop":{"enabled":false},"pixels":[{"feature_instance_id":"798387502384774","enabled":true}],"thread_intent":{"enabled":false}}
 CONTEXT: {"_legacy":true}
2024-10-17T04:17:41+00:00 NOTICE Request
method: POST
uri: https://graph.facebook.com/v20.0/820729112865218/events
user-agent: Facebook-for-WooCommerce/3.2.10 (WooCommerce/9.3.3; WordPress/6.6.2)
body: {"data":[{"action_source":"website","event_time":1729138659,"event_id":"161ebd0e-2804-4650-9688-80c72c9b1e51","event_source_url":"https:\/\/sincehence.store\/product\/beauty-face-cream-single-jar\/?v=7885444af42e","custom_data":{"content_name":"Anti-Wrinkle Face Cream | Natural Ingredients | Cream Jar | Paraben-free","content_ids":"[\"SHSUP-TB00043_93\"]","content_type":"product","contents":"[{\"id\":\"SHSUP-TB00043_93\",\"quantity\":1}]","content_category":"SKIN CARE AND BEAUTY","value":"30.95","currency":"USD"},"user_data":{"client_ip_address":"66.249.79.237","client_user_agent":"Mozilla\/5.0 (Linux; Android 6.0.1; Nexus 5X Build\/MMB29P) AppleWebKit\/537.36 (KHTML, like Gecko) Chrome\/129.0.6668.89 Mobile Safari\/537.36 (compatible; Googlebot\/2.1; +http:\/\/www.google.com\/bot.html)","fbc":"","fbp":""},"event_name":"ViewContent"}],"partner_agent":"woocommerce-9.3.3-3.2.10"}
duration: 0.38179s
 CONTEXT: {"_legacy":true}
2024-10-17T04:17:41+00:00 NOTICE Response
code: 200
message: OK
body: {"events_received":1,"messages":[],"fbtrace_id":"APHSuQ2mcPkZgJpO1FFZPMf"}
 CONTEXT: {"_legacy":true}
2024-10-17T05:23:09+00:00 NOTICE Request
method: GET
uri: https://graph.facebook.com/v20.0/fbe_business?fbe_external_business_id=sicnehenceecomemrce-665f929422055
user-agent: Facebook-for-WooCommerce/3.2.10 (WooCommerce/9.3.3; WordPress/6.6.2)
body:
duration: 0.46509s
 CONTEXT: {"_legacy":true}
2024-10-17T05:23:09+00:00 NOTICE Response
code: 200
message: OK
body: {"business":{"name":"SicneHence eComemrce"},"ads":[{"feature_instance_id":"813554103728373","enabled":true}],"catalogs":[{"feature_instance_id":"777710937847014","enabled":true}],"catalog_feed_scheduled":{"enabled":false},"ig_cta":{"enabled":false},"ig_shopping":{"enabled":false},"messenger_chat":{"enabled":false},"messenger_menu":{"enabled":false},"page_card":{"enabled":false},"page_cta":{"enabled":false},"page_post":{"enabled":false},"page_shop":{"enabled":false},"pixels":[{"feature_instance_id":"798387502384774","enabled":true}],"thread_intent":{"enabled":false}}
 CONTEXT: {"_legacy":true}
2024-10-17T06:23:17+00:00 NOTICE Request
method: GET
uri: https://graph.facebook.com/v20.0/fbe_business?fbe_external_business_id=sicnehenceecomemrce-665f929422055
user-agent: Facebook-for-WooCommerce/3.2.10 (WooCommerce/9.3.3; WordPress/6.6.2)
body:
duration: 0.58826s
 CONTEXT: {"_legacy":true}
2024-10-17T06:23:17+00:00 NOTICE Response
code: 200
message: OK
body: {"business":{"name":"SicneHence eComemrce"},"ads":[{"feature_instance_id":"813554103728373","enabled":true}],"catalogs":[{"feature_instance_id":"777710937847014","enabled":true}],"catalog_feed_scheduled":{"enabled":false},"ig_cta":{"enabled":false},"ig_shopping":{"enabled":false},"messenger_chat":{"enabled":false},"messenger_menu":{"enabled":false},"page_card":{"enabled":false},"page_cta":{"enabled":false},"page_post":{"enabled":false},"page_shop":{"enabled":false},"pixels":[{"feature_instance_id":"798387502384774","enabled":true}],"thread_intent":{"enabled":false}}
 CONTEXT: {"_legacy":true}
2024-10-17T07:19:06+00:00 NOTICE Request
method: GET
uri: https://graph.facebook.com/v20.0/fbe_business?fbe_external_business_id=sicnehenceecomemrce-665f929422055
user-agent: Facebook-for-WooCommerce/3.2.10 (WooCommerce/9.3.3; WordPress/6.6.2)
body:
duration: 0.45873s
 CONTEXT: {"_legacy":true}
2024-10-17T07:19:06+00:00 NOTICE Response
code: 200
message: OK
body: {"business":{"name":"SicneHence eComemrce"},"ads":[{"feature_instance_id":"813554103728373","enabled":true}],"catalogs":[{"feature_instance_id":"777710937847014","enabled":true}],"catalog_feed_scheduled":{"enabled":false},"ig_cta":{"enabled":false},"ig_shopping":{"enabled":false},"messenger_chat":{"enabled":false},"messenger_menu":{"enabled":false},"page_card":{"enabled":false},"page_cta":{"enabled":false},"page_post":{"enabled":false},"page_shop":{"enabled":false},"pixels":[{"feature_instance_id":"798387502384774","enabled":true}],"thread_intent":{"enabled":false}}
 CONTEXT: {"_legacy":true}
2024-10-17T07:28:52+00:00 NOTICE Request
method: POST
uri: https://graph.facebook.com/v20.0/820729112865218/events
user-agent: Facebook-for-WooCommerce/3.2.10 (WooCommerce/9.3.3; WordPress/6.6.2)
body: {"data":[{"action_source":"website","event_time":1729150130,"event_id":"960a58ec-d235-44ea-b59a-5e857f20ad53","event_source_url":"https:\/\/sincehence.store\/product\/berberine-capsules\/?v=7885444af42e","custom_data":{"content_name":"Berberine Complex | Natural Dietary Supplement | 60 Capsules | Overall Wellness | Healthy Blood Sugar | Metabolic Health","content_ids":"[\"SHSUP-TB00014_151\"]","content_type":"product","contents":"[{\"id\":\"SHSUP-TB00014_151\",\"quantity\":1}]","content_category":"BLOOD SUGAR","value":"39.95","currency":"USD"},"user_data":{"client_ip_address":"47.128.122.0","client_user_agent":"Mozilla\/5.0 (compatible; Bytespider; spider-feedback@bytedance.com) AppleWebKit\/537.36 (KHTML, like Gecko) Chrome\/70.0.0.0 Safari\/537.36","fbc":"","fbp":""},"event_name":"ViewContent"}],"partner_agent":"woocommerce-9.3.3-3.2.10"}
duration: 0.40477s
 CONTEXT: {"_legacy":true}
2024-10-17T07:28:52+00:00 NOTICE Response
code: 200
message: OK
body: {"events_received":1,"messages":[],"fbtrace_id":"ALlPiI5PP2y3z7-SZfGrR92"}
 CONTEXT: {"_legacy":true}
2024-10-17T08:16:04+00:00 NOTICE Request
method: POST
uri: https://graph.facebook.com/v20.0/820729112865218/events
user-agent: Facebook-for-WooCommerce/3.2.10 (WooCommerce/9.3.3; WordPress/6.6.2)
body: {"data":[{"action_source":"website","event_time":1729152962,"event_id":"35e54d95-f593-4344-ba1b-4f513c8004b2","event_source_url":"https:\/\/sincehence.store\/product\/keto-capsule-single-bottle\/?v=7885444af42e","custom_data":{"content_name":"Keto BHB Advanced Weight Loss Formula Capsules - Faster Ketosis, Enhanced Fat Burning, Increased Energy - 60 Capsules","content_ids":"[\"SHSUP-TB00050_79\"]","content_type":"product","contents":"[{\"id\":\"SHSUP-TB00050_79\",\"quantity\":1}]","content_category":"KETO","value":"25.95","currency":"USD"},"user_data":{"client_ip_address":"66.249.79.238","client_user_agent":"Mozilla\/5.0 (Linux; Android 6.0.1; Nexus 5X Build\/MMB29P) AppleWebKit\/537.36 (KHTML, like Gecko) Chrome\/129.0.6668.89 Mobile Safari\/537.36 (compatible; Googlebot\/2.1; +http:\/\/www.google.com\/bot.html)","fbc":"","fbp":""},"event_name":"ViewContent"}],"partner_agent":"woocommerce-9.3.3-3.2.10"}
duration: 0.38562s
 CONTEXT: {"_legacy":true}
2024-10-17T08:16:04+00:00 NOTICE Response
code: 200
message: OK
body: {"events_received":1,"messages":[],"fbtrace_id":"Aruul6cZ3SDwpt3t43NG5NH"}
 CONTEXT: {"_legacy":true}
2024-10-17T08:18:17+00:00 NOTICE Request
method: GET
uri: https://graph.facebook.com/v20.0/fbe_business?fbe_external_business_id=sicnehenceecomemrce-665f929422055
user-agent: Facebook-for-WooCommerce/3.2.10 (WooCommerce/9.3.3; WordPress/6.6.2)
body:
duration: 0.52422s
 CONTEXT: {"_legacy":true}
2024-10-17T08:18:17+00:00 NOTICE Response
code: 200
message: OK
body: {"business":{"name":"SicneHence eComemrce"},"ads":[{"feature_instance_id":"813554103728373","enabled":true}],"catalogs":[{"feature_instance_id":"777710937847014","enabled":true}],"catalog_feed_scheduled":{"enabled":false},"ig_cta":{"enabled":false},"ig_shopping":{"enabled":false},"messenger_chat":{"enabled":false},"messenger_menu":{"enabled":false},"page_card":{"enabled":false},"page_cta":{"enabled":false},"page_post":{"enabled":false},"page_shop":{"enabled":false},"pixels":[{"feature_instance_id":"798387502384774","enabled":true}],"thread_intent":{"enabled":false}}
 CONTEXT: {"_legacy":true}
2024-10-17T08:23:17+00:00 NOTICE Request
method: POST
uri: https://graph.facebook.com/v20.0/820729112865218/events
user-agent: Facebook-for-WooCommerce/3.2.10 (WooCommerce/9.3.3; WordPress/6.6.2)
body: {"data":[{"action_source":"website","event_time":1729153395,"event_id":"baddf9c4-e426-4a8a-97d2-b3c961264d81","event_source_url":"https:\/\/sincehence.store\/product\/hair-restoration-ultimate-combo\/?v=7885444af42e","custom_data":{"content_name":"Hair Growth Serum | Hair-Skin-Nails Supplement Combo | Ultimate Health","content_ids":"[\"SHSUP-TB00026_127\"]","content_type":"product","contents":"[{\"id\":\"SHSUP-TB00026_127\",\"quantity\":1}]","content_category":"HAIR GROWTH","value":"49.95","currency":"USD"},"user_data":{"client_ip_address":"66.249.79.237","client_user_agent":"Mozilla\/5.0 (Linux; Android 6.0.1; Nexus 5X Build\/MMB29P) AppleWebKit\/537.36 (KHTML, like Gecko) Chrome\/129.0.6668.89 Mobile Safari\/537.36 (compatible; Googlebot\/2.1; +http:\/\/www.google.com\/bot.html)","fbc":"","fbp":""},"event_name":"ViewContent"}],"partner_agent":"woocommerce-9.3.3-3.2.10"}
duration: 0.37056s
 CONTEXT: {"_legacy":true}
2024-10-17T08:23:17+00:00 NOTICE Response
code: 200
message: OK
body: {"events_received":1,"messages":[],"fbtrace_id":"A8cS99hjlZ8R57G458ukCWX"}
 CONTEXT: {"_legacy":true}
2024-10-17T08:30:20+00:00 NOTICE Request
method: POST
uri: https://graph.facebook.com/v20.0/820729112865218/events
user-agent: Facebook-for-WooCommerce/3.2.10 (WooCommerce/9.3.3; WordPress/6.6.2)
body: {"data":[{"action_source":"website","event_time":1729153816,"event_id":"175fa7e1-2179-48f3-9016-f6cbda93ac4b","event_source_url":"https:\/\/sincehence.store\/product-category\/keto\/?v=7885444af42e","custom_data":{"content_name":"KETO","content_category":"KETO","content_ids":"[\"SHSUP-TB00049_81\",\"SHSUP-TB00019_141\",\"SHSUP-TB00017_145\",\"SHSUP-TB00016_147\",\"SHSUP-TB00050_79\",\"SHSUP-TB00048_83\",\"SHSUP-TB00018_143\"]","content_type":"product","contents":[{"id":"SHSUP-TB00049_81","quantity":1},{"id":"SHSUP-TB00019_141","quantity":1},{"id":"SHSUP-TB00017_145","quantity":1},{"id":"SHSUP-TB00016_147","quantity":1},{"id":"SHSUP-TB00050_79","quantity":1},{"id":"SHSUP-TB00048_83","quantity":1},{"id":"SHSUP-TB00018_143","quantity":1}]},"user_data":{"client_ip_address":"66.249.79.237","client_user_agent":"Mozilla\/5.0 (Linux; Android 6.0.1; Nexus 5X Build\/MMB29P) AppleWebKit\/537.36 (KHTML, like Gecko) Chrome\/129.0.6668.89 Mobile Safari\/537.36 (compatible; Googlebot\/2.1; +http:\/\/www.google.com\/bot.html)","fbc":"","fbp":""},"event_name":"ViewCategory"}],"partner_agent":"woocommerce-9.3.3-3.2.10"}
duration: 0.42715s
 CONTEXT: {"_legacy":true}
2024-10-17T08:30:20+00:00 NOTICE Response
code: 200
message: OK
body: {"events_received":1,"messages":[],"fbtrace_id":"Aw4aNMy2-YW8CM9lFDPhcG0"}
 CONTEXT: {"_legacy":true}
2024-10-17T08:40:36+00:00 NOTICE Request
method: POST
uri: https://graph.facebook.com/v20.0/820729112865218/events
user-agent: Facebook-for-WooCommerce/3.2.10 (WooCommerce/9.3.3; WordPress/6.6.2)
body: {"data":[{"action_source":"website","event_time":1729154434,"event_id":"7213b2ca-2fa7-42ef-9cfb-0e64d4ea8a51","event_source_url":"https:\/\/sincehence.store\/product\/brain-support-capsules\/?v=7885444af42e","custom_data":{"content_name":"Brain Support Capsules | Blood Sugar Support | Natural Dietary Supplement","content_ids":"[\"SHSUP-TB00012_155\"]","content_type":"product","contents":"[{\"id\":\"SHSUP-TB00012_155\",\"quantity\":1}]","content_category":"BRAIN HEALTH","value":"24.95","currency":"USD"},"user_data":{"client_ip_address":"47.128.61.204","client_user_agent":"Mozilla\/5.0 (compatible; Bytespider; spider-feedback@bytedance.com) AppleWebKit\/537.36 (KHTML, like Gecko) Chrome\/70.0.0.0 Safari\/537.36","fbc":"","fbp":""},"event_name":"ViewContent"}],"partner_agent":"woocommerce-9.3.3-3.2.10"}
duration: 0.36s
 CONTEXT: {"_legacy":true}
2024-10-17T08:40:36+00:00 NOTICE Response
code: 200
message: OK
body: {"events_received":1,"messages":[],"fbtrace_id":"AC2Ge1x27DgmIX1CaHB2O2g"}
 CONTEXT: {"_legacy":true}
2024-10-17T08:59:50+00:00 NOTICE Request
method: POST
uri: https://graph.facebook.com/v20.0/820729112865218/events
user-agent: Facebook-for-WooCommerce/3.2.10 (WooCommerce/9.3.3; WordPress/6.6.2)
body: {"data":[{"action_source":"website","event_time":1729155588,"event_id":"db339f7a-973f-4173-81a1-be5450eefc83","event_source_url":"https:\/\/sincehence.store\/product\/instant-eye-lift-serum-single-bottle\/?v=8bcc25c96aa5","custom_data":{"content_name":"Instant Eye Lift Serum for Fine Lines and Puffiness  | Potent Blend of Ingredients","content_ids":"[\"SHSUP-TB00042_95\"]","content_type":"product","contents":"[{\"id\":\"SHSUP-TB00042_95\",\"quantity\":1}]","content_category":"SKIN CARE AND BEAUTY","value":"25.95","currency":"USD"},"user_data":{"client_ip_address":"91.219.239.166","client_user_agent":"Mozilla\/5.0 (Macintosh; Intel Mac OS X 12_5) AppleWebKit\/537.36 (KHTML, like Gecko) Chrome\/114.0.0.0 Safari\/537.36 Vivaldi\/5.3.2679.68","fbc":"","fbp":""},"event_name":"ViewContent"}],"partner_agent":"woocommerce-9.3.3-3.2.10"}
duration: 0.41112s
 CONTEXT: {"_legacy":true}
2024-10-17T08:59:50+00:00 NOTICE Response
code: 200
message: OK
body: {"events_received":1,"messages":[],"fbtrace_id":"A9VaNUJJCyLjXPoUoDZBu6x"}
 CONTEXT: {"_legacy":true}
2024-10-17T08:59:58+00:00 NOTICE Request
method: POST
uri: https://graph.facebook.com/v20.0/820729112865218/events
user-agent: Facebook-for-WooCommerce/3.2.10 (WooCommerce/9.3.3; WordPress/6.6.2)
body: {"data":[{"action_source":"website","event_time":1729155597,"event_id":"24399659-8118-47d3-9a2c-89c8cd3616b5","event_source_url":"https:\/\/sincehence.store\/product\/hair-restoration-ultimate-combo\/?v=8bcc25c96aa5","custom_data":{"content_name":"Hair Growth Serum | Hair-Skin-Nails Supplement Combo | Ultimate Health","content_ids":"[\"SHSUP-TB00026_127\"]","content_type":"product","contents":"[{\"id\":\"SHSUP-TB00026_127\",\"quantity\":1}]","content_category":"HAIR GROWTH","value":"49.95","currency":"USD"},"user_data":{"client_ip_address":"185.107.57.64","client_user_agent":"Mozilla\/5.0 (Macintosh; Intel Mac OS X 12_5) AppleWebKit\/537.36 (KHTML, like Gecko) Chrome\/114.0.0.0 Safari\/537.36 Vivaldi\/5.3.2679.68","fbc":"","fbp":""},"event_name":"ViewContent"}],"partner_agent":"woocommerce-9.3.3-3.2.10"}
duration: 0.39015s
 CONTEXT: {"_legacy":true}
2024-10-17T08:59:58+00:00 NOTICE Response
code: 200
message: OK
body: {"events_received":1,"messages":[],"fbtrace_id":"A7G8nnRqqCD_hP1-Kpi1UmZ"}
 CONTEXT: {"_legacy":true}
2024-10-17T09:00:14+00:00 NOTICE Request
method: POST
uri: https://graph.facebook.com/v20.0/820729112865218/events
user-agent: Facebook-for-WooCommerce/3.2.10 (WooCommerce/9.3.3; WordPress/6.6.2)
body: {"data":[{"action_source":"website","event_time":1729155612,"event_id":"5d6bdba7-ded9-404e-acd0-de36401fbb5a","event_source_url":"https:\/\/sincehence.store\/product\/testosterone-boost-capsules-single-bottle\/?v=8bcc25c96aa5","custom_data":{"content_name":"Testosterone Advanced Formula | Increase Testosterone Levels | 60 Capsules","content_ids":"[\"SHSUP-TB00040_99\"]","content_type":"product","contents":"[{\"id\":\"SHSUP-TB00040_99\",\"quantity\":1}]","content_category":"MENS HEALTH","value":"30.95","currency":"USD"},"user_data":{"client_ip_address":"185.220.101.100","client_user_agent":"Mozilla\/5.0 (Macintosh; Intel Mac OS X 12_5) AppleWebKit\/537.36 (KHTML, like Gecko) Chrome\/114.0.0.0 Safari\/537.36 Vivaldi\/5.3.2679.68","fbc":"","fbp":""},"event_name":"ViewContent"}],"partner_agent":"woocommerce-9.3.3-3.2.10"}
duration: 0.39104s
 CONTEXT: {"_legacy":true}
2024-10-17T09:00:14+00:00 NOTICE Response
code: 200
message: OK
body: {"events_received":1,"messages":[],"fbtrace_id":"AnZYQ6h1pP8qGEeVe5-aSgd"}
 CONTEXT: {"_legacy":true}
2024-10-17T09:00:30+00:00 NOTICE Request
method: POST
uri: https://graph.facebook.com/v20.0/820729112865218/events
user-agent: Facebook-for-WooCommerce/3.2.10 (WooCommerce/9.3.3; WordPress/6.6.2)
body: {"data":[{"action_source":"website","event_time":1729155628,"event_id":"a4c4c1e9-4ac2-4c0c-b65f-b8327e51c69d","event_source_url":"https:\/\/sincehence.store\/product\/cbd-capsule-single-bottle\/?v=8bcc25c96aa5","custom_data":{"content_name":"CBD Veggie Caps - 10MG CBD Isolate Per Capsule - 300MG Total - Vegan, GMO-Free, Made in the USA","content_ids":"[\"SHSUP-TB00046_87\"]","content_type":"product","contents":"[{\"id\":\"SHSUP-TB00046_87\",\"quantity\":1}]","content_category":"CBD REMEDIES","value":"25.95","currency":"USD"},"user_data":{"client_ip_address":"77.221.152.105","client_user_agent":"Mozilla\/5.0 (Macintosh; Intel Mac OS X 12_5) AppleWebKit\/537.36 (KHTML, like Gecko) Chrome\/114.0.0.0 Safari\/537.36 Vivaldi\/5.3.2679.68","fbc":"","fbp":""},"event_name":"ViewContent"}],"partner_agent":"woocommerce-9.3.3-3.2.10"}
duration: 0.38264s
 CONTEXT: {"_legacy":true}
2024-10-17T09:00:30+00:00 NOTICE Response
code: 200
message: OK
body: {"events_received":1,"messages":[],"fbtrace_id":"A34OmwNc216QfwKEa2K5jWA"}
 CONTEXT: {"_legacy":true}
2024-10-17T09:01:09+00:00 NOTICE Request
method: POST
uri: https://graph.facebook.com/v20.0/820729112865218/events
user-agent: Facebook-for-WooCommerce/3.2.10 (WooCommerce/9.3.3; WordPress/6.6.2)
body: {"data":[{"action_source":"website","event_time":1729155667,"event_id":"68cf39ce-dcb1-41f5-ba77-d9691e2e068e","event_source_url":"https:\/\/sincehence.store\/product\/liver-plast-capsules\/?v=8bcc25c96aa5","custom_data":{"content_name":"Liver-Plast Detox Support Suppliments | Natural Liver Health Formula | 60 Vegan Capsules","content_ids":"[\"SHSUP-TB00020_139\"]","content_type":"product","contents":"[{\"id\":\"SHSUP-TB00020_139\",\"quantity\":1}]","content_category":"HANGOVER","value":"29.95","currency":"USD"},"user_data":{"client_ip_address":"89.185.85.140","client_user_agent":"Mozilla\/5.0 (Macintosh; Intel Mac OS X 12_5) AppleWebKit\/537.36 (KHTML, like Gecko) Chrome\/114.0.0.0 Safari\/537.36 Vivaldi\/5.3.2679.68","fbc":"","fbp":""},"event_name":"ViewContent"}],"partner_agent":"woocommerce-9.3.3-3.2.10"}
duration: 0.40258s
 CONTEXT: {"_legacy":true}
2024-10-17T09:01:09+00:00 NOTICE Response
code: 200
message: OK
body: {"events_received":1,"messages":[],"fbtrace_id":"A-YpdXX_GvAgQ_aGXlEKUQt"}
 CONTEXT: {"_legacy":true}
2024-10-17T09:01:29+00:00 NOTICE Request
method: POST
uri: https://graph.facebook.com/v20.0/820729112865218/events
user-agent: Facebook-for-WooCommerce/3.2.10 (WooCommerce/9.3.3; WordPress/6.6.2)
body: {"data":[{"action_source":"website","event_time":1729155687,"event_id":"6cf2fa72-d69e-460d-bc85-753652ea77f2","event_source_url":"https:\/\/sincehence.store\/product\/pain-relief-24mg-extra-strength-patches-30-pack\/?v=8bcc25c96aa5","custom_data":{"content_name":"CBD Patches | Pack of 30 | 24-Hour Relief | 24mg CBD Isolate | Convenient - Discreet - Targeted Application","content_ids":"[\"SHSUP-TB00001_177\"]","content_type":"product","contents":"[{\"id\":\"SHSUP-TB00001_177\",\"quantity\":1}]","content_category":"PAIN RELIEF","value":"64.95","currency":"USD"},"user_data":{"client_ip_address":"185.220.100.254","client_user_agent":"Mozilla\/5.0 (Macintosh; Intel Mac OS X 12_5) AppleWebKit\/537.36 (KHTML, like Gecko) Chrome\/114.0.0.0 Safari\/537.36 Vivaldi\/5.3.2679.68","fbc":"","fbp":""},"event_name":"ViewContent"}],"partner_agent":"woocommerce-9.3.3-3.2.10"}
duration: 0.3676s
 CONTEXT: {"_legacy":true}
2024-10-17T09:01:29+00:00 NOTICE Response
code: 200
message: OK
body: {"events_received":1,"messages":[],"fbtrace_id":"ABasH3aNB--vr5859aQn5mQ"}
 CONTEXT: {"_legacy":true}
2024-10-17T09:02:25+00:00 NOTICE Request
method: POST
uri: https://graph.facebook.com/v20.0/820729112865218/events
user-agent: Facebook-for-WooCommerce/3.2.10 (WooCommerce/9.3.3; WordPress/6.6.2)
body: {"data":[{"action_source":"website","event_time":1729155744,"event_id":"7f05f0cb-3def-4ed0-9e7e-cac676ad42e1","event_source_url":"https:\/\/sincehence.store\/product\/cbd-patches\/?v=8bcc25c96aa5","custom_data":{"content_name":"CBD Patches - 8MG CBD Isolate Per Patch - 30 Patches - Long-Lasting 24-Hour Relief - Easy Application, Minimal Skin Irritation","content_ids":"[\"SHSUP-TB00045_89\"]","content_type":"product","contents":"[{\"id\":\"SHSUP-TB00045_89\",\"quantity\":1}]","content_category":"CBD REMEDIES","value":"25.95","currency":"USD"},"user_data":{"client_ip_address":"151.80.148.159","client_user_agent":"Mozilla\/5.0 (Macintosh; Intel Mac OS X 12_5) AppleWebKit\/537.36 (KHTML, like Gecko) Chrome\/114.0.0.0 Safari\/537.36 Vivaldi\/5.3.2679.68","fbc":"","fbp":""},"event_name":"ViewContent"}],"partner_agent":"woocommerce-9.3.3-3.2.10"}
duration: 0.37743s
 CONTEXT: {"_legacy":true}
2024-10-17T09:02:25+00:00 NOTICE Response
code: 200
message: OK
body: {"events_received":1,"messages":[],"fbtrace_id":"A30wZTW4-RcBN-dj05HXHYB"}
 CONTEXT: {"_legacy":true}
2024-10-17T09:03:28+00:00 NOTICE Request
method: POST
uri: https://graph.facebook.com/v20.0/820729112865218/events
user-agent: Facebook-for-WooCommerce/3.2.10 (WooCommerce/9.3.3; WordPress/6.6.2)
body: {"data":[{"action_source":"website","event_time":1729155807,"event_id":"26788f0e-0961-4904-b61f-d49e953c157c","event_source_url":"https:\/\/sincehence.store\/product\/pain-relief-24mg-extra-strength-patches-6-pack\/?v=8bcc25c96aa5","custom_data":{"content_name":"CBD Patches | Pack of 6 | 24-Hour Relief | 24mg CBD Isolate | Convenient - Discreet - Targeted Application","content_ids":"[\"SHSUP-TB00003_173\"]","content_type":"product","contents":"[{\"id\":\"SHSUP-TB00003_173\",\"quantity\":1}]","content_category":"PAIN RELIEF","value":"14.95","currency":"USD"},"user_data":{"client_ip_address":"77.221.159.189","client_user_agent":"Mozilla\/5.0 (Macintosh; Intel Mac OS X 12_5) AppleWebKit\/537.36 (KHTML, like Gecko) Chrome\/114.0.0.0 Safari\/537.36 Vivaldi\/5.3.2679.68","fbc":"","fbp":""},"event_name":"ViewContent"}],"partner_agent":"woocommerce-9.3.3-3.2.10"}
duration: 0.38592s
 CONTEXT: {"_legacy":true}
2024-10-17T09:03:28+00:00 NOTICE Response
code: 200
message: OK
body: {"events_received":1,"messages":[],"fbtrace_id":"AYhZc6NqPhnEfvjI8anaxA6"}
 CONTEXT: {"_legacy":true}
2024-10-17T09:03:38+00:00 NOTICE Request
method: POST
uri: https://graph.facebook.com/v20.0/820729112865218/events
user-agent: Facebook-for-WooCommerce/3.2.10 (WooCommerce/9.3.3; WordPress/6.6.2)
body: {"data":[{"action_source":"website","event_time":1729155816,"event_id":"b7dbcdc4-54e3-48c6-bafd-bd8090011082","event_source_url":"https:\/\/sincehence.store\/product\/sleep-pillow-spray\/?v=8bcc25c96aa5","custom_data":{"content_name":"Sleep Time Pillow Spray | Lavender Scent | Relaxation and Enhanced Sleep Quality","content_ids":"[\"SHSUP-TB00022_135\"]","content_type":"product","contents":"[{\"id\":\"SHSUP-TB00022_135\",\"quantity\":1}]","content_category":"SLEEP REMEDIES","value":"15.95","currency":"USD"},"user_data":{"client_ip_address":"45.66.35.32","client_user_agent":"Mozilla\/5.0 (Macintosh; Intel Mac OS X 12_5) AppleWebKit\/537.36 (KHTML, like Gecko) Chrome\/114.0.0.0 Safari\/537.36 Vivaldi\/5.3.2679.68","fbc":"","fbp":""},"event_name":"ViewContent"}],"partner_agent":"woocommerce-9.3.3-3.2.10"}
duration: 0.3698s
 CONTEXT: {"_legacy":true}
2024-10-17T09:03:38+00:00 NOTICE Response
code: 200
message: OK
body: {"events_received":1,"messages":[],"fbtrace_id":"AHdO_htCEFcmBMF6_3EKbby"}
 CONTEXT: {"_legacy":true}
2024-10-17T09:23:19+00:00 NOTICE Request
method: GET
uri: https://graph.facebook.com/v20.0/fbe_business?fbe_external_business_id=sicnehenceecomemrce-665f929422055
user-agent: Facebook-for-WooCommerce/3.2.10 (WooCommerce/9.3.3; WordPress/6.6.2)
body:
duration: 0.48502s
 CONTEXT: {"_legacy":true}
2024-10-17T09:23:19+00:00 NOTICE Response
code: 200
message: OK
body: {"business":{"name":"SicneHence eComemrce"},"ads":[{"feature_instance_id":"813554103728373","enabled":true}],"catalogs":[{"feature_instance_id":"777710937847014","enabled":true}],"catalog_feed_scheduled":{"enabled":false},"ig_cta":{"enabled":false},"ig_shopping":{"enabled":false},"messenger_chat":{"enabled":false},"messenger_menu":{"enabled":false},"page_card":{"enabled":false},"page_cta":{"enabled":false},"page_post":{"enabled":false},"page_shop":{"enabled":false},"pixels":[{"feature_instance_id":"798387502384774","enabled":true}],"thread_intent":{"enabled":false}}
 CONTEXT: {"_legacy":true}
2024-10-17T10:17:59+00:00 NOTICE Request
method: GET
uri: https://graph.facebook.com/v20.0/fbe_business?fbe_external_business_id=sicnehenceecomemrce-665f929422055
user-agent: Facebook-for-WooCommerce/3.2.10 (WooCommerce/9.3.3; WordPress/6.6.2)
body:
duration: 0.66733s
 CONTEXT: {"_legacy":true}
2024-10-17T10:17:59+00:00 NOTICE Response
code: 200
message: OK
body: {"business":{"name":"SicneHence eComemrce"},"ads":[{"feature_instance_id":"813554103728373","enabled":true}],"catalogs":[{"feature_instance_id":"777710937847014","enabled":true}],"catalog_feed_scheduled":{"enabled":false},"ig_cta":{"enabled":false},"ig_shopping":{"enabled":false},"messenger_chat":{"enabled":false},"messenger_menu":{"enabled":false},"page_card":{"enabled":false},"page_cta":{"enabled":false},"page_post":{"enabled":false},"page_shop":{"enabled":false},"pixels":[{"feature_instance_id":"798387502384774","enabled":true}],"thread_intent":{"enabled":false}}
 CONTEXT: {"_legacy":true}
2024-10-17T10:36:56+00:00 NOTICE Request
method: POST
uri: https://graph.facebook.com/v20.0/820729112865218/events
user-agent: Facebook-for-WooCommerce/3.2.10 (WooCommerce/9.3.3; WordPress/6.6.2)
body: {"data":[{"action_source":"website","event_time":1729161414,"event_id":"437e77ca-7e28-46c9-9837-c40879106519","event_source_url":"https:\/\/sincehence.store\/product\/hangover-patches-15-pack\/?v=7885444af42e","custom_data":{"content_name":"Hangover Patches | 15 Patches | Ultimate Hangover Relief","content_ids":"[\"SHSUP-TB00034_111\"]","content_type":"product","contents":"[{\"id\":\"SHSUP-TB00034_111\",\"quantity\":1}]","content_category":"HANGOVER","value":"15.95","currency":"USD"},"user_data":{"client_ip_address":"173.252.83.46","client_user_agent":"meta-externalagent\/1.1 (+https:\/\/developers.facebook.com\/docs\/sharing\/webmasters\/crawler)","fbc":"","fbp":""},"event_name":"ViewContent"}],"partner_agent":"woocommerce-9.3.3-3.2.10"}
duration: 0.38125s
 CONTEXT: {"_legacy":true}
2024-10-17T10:36:56+00:00 NOTICE Response
code: 200
message: OK
body: {"events_received":1,"messages":[],"fbtrace_id":"AthC2UckcNnGyO7kA9E99zl"}
 CONTEXT: {"_legacy":true}
2024-10-17T10:40:32+00:00 NOTICE Request
method: POST
uri: https://graph.facebook.com/v20.0/820729112865218/events
user-agent: Facebook-for-WooCommerce/3.2.10 (WooCommerce/9.3.3; WordPress/6.6.2)
body: {"data":[{"action_source":"website","event_time":1729161629,"event_id":"e300d00a-649b-4269-9807-e4f030d8ce51","event_source_url":"https:\/\/sincehence.store\/product\/hair-restoration-ultimate-combo\/?v=7885444af42e","custom_data":{"content_name":"Hair Growth Serum | Hair-Skin-Nails Supplement Combo | Ultimate Health","content_ids":"[\"SHSUP-TB00026_127\"]","content_type":"product","contents":"[{\"id\":\"SHSUP-TB00026_127\",\"quantity\":1}]","content_category":"HAIR GROWTH","value":"49.95","currency":"USD"},"user_data":{"client_ip_address":"66.220.149.41","client_user_agent":"meta-externalagent\/1.1 (+https:\/\/developers.facebook.com\/docs\/sharing\/webmasters\/crawler)","fbc":"","fbp":""},"event_name":"ViewContent"}],"partner_agent":"woocommerce-9.3.3-3.2.10"}
duration: 0.41971s
 CONTEXT: {"_legacy":true}
2024-10-17T10:40:32+00:00 NOTICE Response
code: 200
message: OK
body: {"events_received":1,"messages":[],"fbtrace_id":"A9Fnp4A6XDorpi3-1o1IFXc"}
 CONTEXT: {"_legacy":true}
2024-10-17T10:46:13+00:00 NOTICE Request
method: POST
uri: https://graph.facebook.com/v20.0/820729112865218/events
user-agent: Facebook-for-WooCommerce/3.2.10 (WooCommerce/9.3.3; WordPress/6.6.2)
body: {"data":[{"action_source":"website","event_time":1729161971,"event_id":"fba5d45d-010e-484a-af1d-4e4a375ef2af","event_source_url":"https:\/\/sincehence.store\/product\/vitamin-c-skin-toning-serum\/?v=0b3b97fa6688","custom_data":{"content_name":"Advanced Skin Toning Serum | Brighten Skin | Antioxidant","content_ids":"[\"SHSUP-TB00041_97\"]","content_type":"product","contents":"[{\"id\":\"SHSUP-TB00041_97\",\"quantity\":1}]","content_category":"SKIN CARE AND BEAUTY","value":"22.95","currency":"USD"},"user_data":{"client_ip_address":"57.141.5.3","client_user_agent":"facebookexternalhit\/1.1 (+http:\/\/www.facebook.com\/externalhit_uatext.php)","fbc":"","fbp":""},"event_name":"ViewContent"}],"partner_agent":"woocommerce-9.3.3-3.2.10"}
duration: 0.36731s
 CONTEXT: {"_legacy":true}
2024-10-17T10:46:13+00:00 NOTICE Response
code: 200
message: OK
body: {"events_received":1,"messages":[],"fbtrace_id":"APL6ZN2DHU9rGENdCPfuBkF"}
 CONTEXT: {"_legacy":true}
2024-10-17T10:59:59+00:00 NOTICE Request
method: POST
uri: https://graph.facebook.com/v20.0/820729112865218/events
user-agent: Facebook-for-WooCommerce/3.2.10 (WooCommerce/9.3.3; WordPress/6.6.2)
body: {"data":[{"action_source":"website","event_time":1729162797,"event_id":"391f61c9-a25d-426a-9eb6-a542025d2227","event_source_url":"https:\/\/sincehence.store\/product\/hair-serum-60ml\/?v=0b3b97fa6688","custom_data":{"content_name":"Hair Growth Serum | 60ml | Revitalize and Strengthen Hair | Natural Ingredients | Fuller - Healthier Hair","content_ids":"[\"SHSUP-TB00028_123\"]","content_type":"product","contents":"[{\"id\":\"SHSUP-TB00028_123\",\"quantity\":1}]","content_category":"HAIR GROWTH","value":"30.95","currency":"USD"},"user_data":{"client_ip_address":"173.252.83.11","client_user_agent":"facebookexternalhit\/1.1 (+http:\/\/www.facebook.com\/externalhit_uatext.php)","fbc":"","fbp":""},"event_name":"ViewContent"}],"partner_agent":"woocommerce-9.3.3-3.2.10"}
duration: 0.38448s
 CONTEXT: {"_legacy":true}
2024-10-17T10:59:59+00:00 NOTICE Response
code: 200
message: OK
body: {"events_received":1,"messages":[],"fbtrace_id":"AqcRyrb7jBIF-3JqT9OaiGw"}
 CONTEXT: {"_legacy":true}
2024-10-17T11:00:24+00:00 NOTICE Request
method: POST
uri: https://graph.facebook.com/v20.0/820729112865218/events
user-agent: Facebook-for-WooCommerce/3.2.10 (WooCommerce/9.3.3; WordPress/6.6.2)
body: {"data":[{"action_source":"website","event_time":1729162822,"event_id":"18f68beb-200a-4671-8515-8df888ea421d","event_source_url":"https:\/\/sincehence.store\/product\/focus-patches-3-day\/?v=0b3b97fa6688","custom_data":{"content_name":"Focus Patches | 3 Days Topical Skin Patches | Enhance Focus and Mental Clarity | Natural Ingredients","content_ids":"[\"SHSUP-TB00011_157\"]","content_type":"product","contents":"[{\"id\":\"SHSUP-TB00011_157\",\"quantity\":1}]","content_category":"BRAIN HEALTH","value":"7.95","currency":"USD"},"user_data":{"client_ip_address":"57.141.5.14","client_user_agent":"facebookexternalhit\/1.1 (+http:\/\/www.facebook.com\/externalhit_uatext.php)","fbc":"","fbp":""},"event_name":"ViewContent"}],"partner_agent":"woocommerce-9.3.3-3.2.10"}
duration: 0.41394s
 CONTEXT: {"_legacy":true}
2024-10-17T11:00:24+00:00 NOTICE Response
code: 200
message: OK
body: {"events_received":1,"messages":[],"fbtrace_id":"AGKAmPjuzfpeNqMY80xdO4M"}
 CONTEXT: {"_legacy":true}
2024-10-17T11:01:46+00:00 NOTICE Request
method: POST
uri: https://graph.facebook.com/v20.0/820729112865218/events
user-agent: Facebook-for-WooCommerce/3.2.10 (WooCommerce/9.3.3; WordPress/6.6.2)
body: {"data":[{"action_source":"website","event_time":1729162904,"event_id":"3573aa84-b16d-44cf-b15f-0839d72af189","event_source_url":"https:\/\/sincehence.store\/product\/hangover-patches-party-pack-60\/?v=0b3b97fa6688","custom_data":{"content_name":"Hangover Patches | 60 Patches | Party Pack  | Ultimate Hangover Relief","content_ids":"[\"SHSUP-TB00032_115\"]","content_type":"product","contents":"[{\"id\":\"SHSUP-TB00032_115\",\"quantity\":1}]","content_category":"HANGOVER","value":"49.95","currency":"USD"},"user_data":{"client_ip_address":"66.220.149.46","client_user_agent":"facebookexternalhit\/1.1 (+http:\/\/www.facebook.com\/externalhit_uatext.php)","fbc":"","fbp":""},"event_name":"ViewContent"}],"partner_agent":"woocommerce-9.3.3-3.2.10"}
duration: 0.3583s
 CONTEXT: {"_legacy":true}
2024-10-17T11:01:46+00:00 NOTICE Response
code: 200
message: OK
body: {"events_received":1,"messages":[],"fbtrace_id":"A1lS2d0-b5kxuwjpjfzqDqX"}
 CONTEXT: {"_legacy":true}
2024-10-17T11:16:36+00:00 NOTICE Request
method: POST
uri: https://graph.facebook.com/v20.0/820729112865218/events
user-agent: Facebook-for-WooCommerce/3.2.10 (WooCommerce/9.3.3; WordPress/6.6.2)
body: {"data":[{"action_source":"website","event_time":1729163794,"event_id":"172c463c-ced8-4c5d-8fde-626cddce7076","event_source_url":"https:\/\/sincehence.store\/product\/sleep-patch-30-days-pack\/?v=7885444af42e","custom_data":{"content_name":"Sleep Patches | 30 Days Pack | Achieve a Restful Night Sleep | Natural Ingredients","content_ids":"[\"SHSUP-TB00023_133\"]","content_type":"product","contents":"[{\"id\":\"SHSUP-TB00023_133\",\"quantity\":1}]","content_category":"SLEEP REMEDIES","value":"27.95","currency":"USD"},"user_data":{"client_ip_address":"57.141.5.29","client_user_agent":"meta-externalagent\/1.1 (+https:\/\/developers.facebook.com\/docs\/sharing\/webmasters\/crawler)","fbc":"","fbp":""},"event_name":"ViewContent"}],"partner_agent":"woocommerce-9.3.3-3.2.10"}
duration: 0.36195s
 CONTEXT: {"_legacy":true}
2024-10-17T11:16:36+00:00 NOTICE Response
code: 200
message: OK
body: {"events_received":1,"messages":[],"fbtrace_id":"A9S_yA7M765mcWZX6OHP1Z6"}
 CONTEXT: {"_legacy":true}
2024-10-17T11:16:51+00:00 NOTICE Request
method: POST
uri: https://graph.facebook.com/v20.0/820729112865218/events
user-agent: Facebook-for-WooCommerce/3.2.10 (WooCommerce/9.3.3; WordPress/6.6.2)
body: {"data":[{"action_source":"website","event_time":1729163810,"event_id":"ae173403-f629-42ab-a68f-f389fe241e58","event_source_url":"https:\/\/sincehence.store\/product-category\/sleep\/?v=0b3b97fa6688","custom_data":{"content_name":"SLEEP REMEDIES","content_category":"SLEEP REMEDIES","content_ids":"[\"SHSUP-TB00021_137\",\"SHSUP-TB00024_131\",\"SHSUP-TB00025_129\",\"SHSUP-TB00023_133\",\"SHSUP-TB00022_135\"]","content_type":"product","contents":[{"id":"SHSUP-TB00021_137","quantity":1},{"id":"SHSUP-TB00024_131","quantity":1},{"id":"SHSUP-TB00025_129","quantity":1},{"id":"SHSUP-TB00023_133","quantity":1},{"id":"SHSUP-TB00022_135","quantity":1}]},"user_data":{"client_ip_address":"173.252.83.4","client_user_agent":"facebookexternalhit\/1.1 (+http:\/\/www.facebook.com\/externalhit_uatext.php)","fbc":"","fbp":""},"event_name":"ViewCategory"}],"partner_agent":"woocommerce-9.3.3-3.2.10"}
duration: 0.35238s
 CONTEXT: {"_legacy":true}
2024-10-17T11:16:51+00:00 NOTICE Response
code: 200
message: OK
body: {"events_received":1,"messages":[],"fbtrace_id":"A88nQ5prUzqY6lWe1LBWDb9"}
 CONTEXT: {"_legacy":true}
2024-10-17T11:19:40+00:00 NOTICE Request
method: GET
uri: https://graph.facebook.com/v20.0/fbe_business?fbe_external_business_id=sicnehenceecomemrce-665f929422055
user-agent: Facebook-for-WooCommerce/3.2.10 (WooCommerce/9.3.3; WordPress/6.6.2)
body:
duration: 0.45137s
 CONTEXT: {"_legacy":true}
2024-10-17T11:19:40+00:00 NOTICE Response
code: 200
message: OK
body: {"business":{"name":"SicneHence eComemrce"},"ads":[{"feature_instance_id":"813554103728373","enabled":true}],"catalogs":[{"feature_instance_id":"777710937847014","enabled":true}],"catalog_feed_scheduled":{"enabled":false},"ig_cta":{"enabled":false},"ig_shopping":{"enabled":false},"messenger_chat":{"enabled":false},"messenger_menu":{"enabled":false},"page_card":{"enabled":false},"page_cta":{"enabled":false},"page_post":{"enabled":false},"page_shop":{"enabled":false},"pixels":[{"feature_instance_id":"798387502384774","enabled":true}],"thread_intent":{"enabled":false}}
 CONTEXT: {"_legacy":true}
2024-10-17T11:22:46+00:00 NOTICE Request
method: POST
uri: https://graph.facebook.com/v20.0/820729112865218/events
user-agent: Facebook-for-WooCommerce/3.2.10 (WooCommerce/9.3.3; WordPress/6.6.2)
body: {"data":[{"action_source":"website","event_time":1729164164,"event_id":"b861bc1b-b361-4f28-80c8-841e0d7d9793","event_source_url":"https:\/\/sincehence.store\/product-category\/pain-relief\/?v=0b3b97fa6688","custom_data":{"content_name":"PAIN RELIEF","content_category":"PAIN RELIEF","content_ids":"[\"SHSUP-TB00004_171\",\"SHSUP-TB00002_175\",\"SHSUP-TB00001_177\",\"SHSUP-TB00003_173\",\"SHSUP-TB00007_165\",\"SHSUP-TB00005_169\",\"SHSUP-TB00006_167\",\"SHSUP-TB00008_163\"]","content_type":"product","contents":[{"id":"SHSUP-TB00004_171","quantity":1},{"id":"SHSUP-TB00002_175","quantity":1},{"id":"SHSUP-TB00001_177","quantity":1},{"id":"SHSUP-TB00003_173","quantity":1},{"id":"SHSUP-TB00007_165","quantity":1},{"id":"SHSUP-TB00005_169","quantity":1},{"id":"SHSUP-TB00006_167","quantity":1},{"id":"SHSUP-TB00008_163","quantity":1}]},"user_data":{"client_ip_address":"57.141.5.17","client_user_agent":"facebookexternalhit\/1.1 (+http:\/\/www.facebook.com\/externalhit_uatext.php)","fbc":"","fbp":""},"event_name":"ViewCategory"}],"partner_agent":"woocommerce-9.3.3-3.2.10"}
duration: 0.36609s
 CONTEXT: {"_legacy":true}
2024-10-17T11:22:46+00:00 NOTICE Response
code: 200
message: OK
body: {"events_received":1,"messages":[],"fbtrace_id":"A3DPKJzXcFeeiiOardiXcZD"}
 CONTEXT: {"_legacy":true}
2024-10-17T11:25:59+00:00 NOTICE Request
method: POST
uri: https://graph.facebook.com/v20.0/820729112865218/events
user-agent: Facebook-for-WooCommerce/3.2.10 (WooCommerce/9.3.3; WordPress/6.6.2)
body: {"data":[{"action_source":"website","event_time":1729164358,"event_id":"741073be-546c-442e-b3fb-3562f5168590","event_source_url":"https:\/\/sincehence.store\/product-category\/skin\/?v=7885444af42e","custom_data":{"content_name":"SKIN CARE AND BEAUTY","content_category":"SKIN CARE AND BEAUTY","content_ids":"[\"SHSUP-TB00041_97\",\"SHSUP-TB00043_93\",\"SHSUP-TB00042_95\"]","content_type":"product","contents":[{"id":"SHSUP-TB00041_97","quantity":1},{"id":"SHSUP-TB00043_93","quantity":1},{"id":"SHSUP-TB00042_95","quantity":1}]},"user_data":{"client_ip_address":"57.141.5.1","client_user_agent":"meta-externalagent\/1.1 (+https:\/\/developers.facebook.com\/docs\/sharing\/webmasters\/crawler)","fbc":"","fbp":""},"event_name":"ViewCategory"}],"partner_agent":"woocommerce-9.3.3-3.2.10"}
duration: 0.37355s
 CONTEXT: {"_legacy":true}
2024-10-17T11:25:59+00:00 NOTICE Response
code: 200
message: OK
body: {"events_received":1,"messages":[],"fbtrace_id":"Ap7kpfRxlg5Y5SHuQDFeiiS"}
 CONTEXT: {"_legacy":true}
2024-10-17T11:32:38+00:00 NOTICE Request
method: POST
uri: https://graph.facebook.com/v20.0/820729112865218/events
user-agent: Facebook-for-WooCommerce/3.2.10 (WooCommerce/9.3.3; WordPress/6.6.2)
body: {"data":[{"action_source":"website","event_time":1729164756,"event_id":"d7d95e18-e8ed-4cbc-bdb1-a01861f295bb","event_source_url":"https:\/\/sincehence.store\/product\/hangover-patches-30-pack\/?v=0b3b97fa6688","custom_data":{"content_name":"Hangover Patches | 30 Patches | Ultimate Hangover Relief","content_ids":"[\"SHSUP-TB00033_113\"]","content_type":"product","contents":"[{\"id\":\"SHSUP-TB00033_113\",\"quantity\":1}]","content_category":"HANGOVER","value":"29.95","currency":"USD"},"user_data":{"client_ip_address":"57.141.5.1","client_user_agent":"facebookexternalhit\/1.1 (+http:\/\/www.facebook.com\/externalhit_uatext.php)","fbc":"","fbp":""},"event_name":"ViewContent"}],"partner_agent":"woocommerce-9.3.3-3.2.10"}
duration: 0.3625s
 CONTEXT: {"_legacy":true}
2024-10-17T11:32:38+00:00 NOTICE Response
code: 200
message: OK
body: {"events_received":1,"messages":[],"fbtrace_id":"AI5uJBvEzYi6p09HtxR6jeT"}
 CONTEXT: {"_legacy":true}
2024-10-17T11:41:21+00:00 NOTICE Request
method: POST
uri: https://graph.facebook.com/v20.0/820729112865218/events
user-agent: Facebook-for-WooCommerce/3.2.10 (WooCommerce/9.3.3; WordPress/6.6.2)
body: {"data":[{"action_source":"website","event_time":1729165279,"event_id":"45959ad5-56b4-44e2-8f42-e05c81542cdd","event_source_url":"https:\/\/sincehence.store\/product\/sleep-pillow-spray\/?v=0b3b97fa6688","custom_data":{"content_name":"Sleep Time Pillow Spray | Lavender Scent | Relaxation and Enhanced Sleep Quality","content_ids":"[\"SHSUP-TB00022_135\"]","content_type":"product","contents":"[{\"id\":\"SHSUP-TB00022_135\",\"quantity\":1}]","content_category":"SLEEP REMEDIES","value":"15.95","currency":"USD"},"user_data":{"client_ip_address":"69.171.249.18","client_user_agent":"facebookexternalhit\/1.1 (+http:\/\/www.facebook.com\/externalhit_uatext.php)","fbc":"","fbp":""},"event_name":"ViewContent"}],"partner_agent":"woocommerce-9.3.3-3.2.10"}
duration: 0.37712s
 CONTEXT: {"_legacy":true}
2024-10-17T11:41:21+00:00 NOTICE Response
code: 200
message: OK
body: {"events_received":1,"messages":[],"fbtrace_id":"ARnqcAKeE06yxXq-e9SHoER"}
 CONTEXT: {"_legacy":true}
2024-10-17T12:01:16+00:00 NOTICE Request
method: POST
uri: https://graph.facebook.com/v20.0/820729112865218/events
user-agent: Facebook-for-WooCommerce/3.2.10 (WooCommerce/9.3.3; WordPress/6.6.2)
body: {"data":[{"action_source":"website","event_time":1729166474,"event_id":"2549672f-118b-4c16-9087-af82ddba1b8c","event_source_url":"https:\/\/sincehence.store\/product\/instant-eye-lift-serum-single-bottle\/?v=0b3b97fa6688","custom_data":{"content_name":"Instant Eye Lift Serum for Fine Lines and Puffiness  | Potent Blend of Ingredients","content_ids":"[\"SHSUP-TB00042_95\"]","content_type":"product","contents":"[{\"id\":\"SHSUP-TB00042_95\",\"quantity\":1}]","content_category":"SKIN CARE AND BEAUTY","value":"25.95","currency":"USD"},"user_data":{"client_ip_address":"57.141.5.24","client_user_agent":"facebookexternalhit\/1.1 (+http:\/\/www.facebook.com\/externalhit_uatext.php)","fbc":"","fbp":""},"event_name":"ViewContent"}],"partner_agent":"woocommerce-9.3.3-3.2.10"}
duration: 0.43195s
 CONTEXT: {"_legacy":true}
2024-10-17T12:01:16+00:00 NOTICE Response
code: 200
message: OK
body: {"events_received":1,"messages":[],"fbtrace_id":"ACvE2JTJ-qmrofhIUO-JICl"}
 CONTEXT: {"_legacy":true}
2024-10-17T12:23:14+00:00 NOTICE Request
method: GET
uri: https://graph.facebook.com/v20.0/fbe_business?fbe_external_business_id=sicnehenceecomemrce-665f929422055
user-agent: Facebook-for-WooCommerce/3.2.10 (WooCommerce/9.3.3; WordPress/6.6.2)
body:
duration: 0.42771s
 CONTEXT: {"_legacy":true}
2024-10-17T12:23:14+00:00 NOTICE Response
code: 200
message: OK
body: {"business":{"name":"SicneHence eComemrce"},"ads":[{"feature_instance_id":"813554103728373","enabled":true}],"catalogs":[{"feature_instance_id":"777710937847014","enabled":true}],"catalog_feed_scheduled":{"enabled":false},"ig_cta":{"enabled":false},"ig_shopping":{"enabled":false},"messenger_chat":{"enabled":false},"messenger_menu":{"enabled":false},"page_card":{"enabled":false},"page_cta":{"enabled":false},"page_post":{"enabled":false},"page_shop":{"enabled":false},"pixels":[{"feature_instance_id":"798387502384774","enabled":true}],"thread_intent":{"enabled":false}}
 CONTEXT: {"_legacy":true}
2024-10-17T12:24:03+00:00 NOTICE Request
method: POST
uri: https://graph.facebook.com/v20.0/820729112865218/events
user-agent: Facebook-for-WooCommerce/3.2.10 (WooCommerce/9.3.3; WordPress/6.6.2)
body: {"data":[{"action_source":"website","event_time":1729167841,"event_id":"7aa67241-83ef-4d0c-8d47-5652146ecf25","event_source_url":"https:\/\/sincehence.store\/product\/cbd-cream-jar\/?v=7885444af42e","custom_data":{"content_name":"CBD Relief Cream | 250MG | Fast-Acting | Soothing Muscle & Joint Discomfort Relief |  Cruelty-Free with Peppermint Oil & Menthol","content_ids":"[\"SHSUP-TB00044_91\"]","content_type":"product","contents":"[{\"id\":\"SHSUP-TB00044_91\",\"quantity\":1}]","content_category":"CBD REMEDIES","value":"27.95","currency":"USD"},"user_data":{"client_ip_address":"57.141.5.5","client_user_agent":"meta-externalagent\/1.1 (+https:\/\/developers.facebook.com\/docs\/sharing\/webmasters\/crawler)","fbc":"","fbp":""},"event_name":"ViewContent"}],"partner_agent":"woocommerce-9.3.3-3.2.10"}
duration: 0.36001s
 CONTEXT: {"_legacy":true}
2024-10-17T12:24:03+00:00 NOTICE Response
code: 200
message: OK
body: {"events_received":1,"messages":[],"fbtrace_id":"AEUoQRWLDrwMSajwE-_UvU-"}
 CONTEXT: {"_legacy":true}
2024-10-17T12:24:31+00:00 NOTICE Request
method: POST
uri: https://graph.facebook.com/v20.0/820729112865218/events
user-agent: Facebook-for-WooCommerce/3.2.10 (WooCommerce/9.3.3; WordPress/6.6.2)
body: {"data":[{"action_source":"website","event_time":1729167869,"event_id":"53662f79-dc64-4488-8d41-3d211ad21f91","event_source_url":"https:\/\/sincehence.store\/product\/keto-capsule-single-bottle\/?v=0b3b97fa6688","custom_data":{"content_name":"Keto BHB Advanced Weight Loss Formula Capsules - Faster Ketosis, Enhanced Fat Burning, Increased Energy - 60 Capsules","content_ids":"[\"SHSUP-TB00050_79\"]","content_type":"product","contents":"[{\"id\":\"SHSUP-TB00050_79\",\"quantity\":1}]","content_category":"KETO","value":"25.95","currency":"USD"},"user_data":{"client_ip_address":"57.141.5.21","client_user_agent":"facebookexternalhit\/1.1 (+http:\/\/www.facebook.com\/externalhit_uatext.php)","fbc":"","fbp":""},"event_name":"ViewContent"}],"partner_agent":"woocommerce-9.3.3-3.2.10"}
duration: 0.36433s
 CONTEXT: {"_legacy":true}
2024-10-17T12:24:31+00:00 NOTICE Response
code: 200
message: OK
body: {"events_received":1,"messages":[],"fbtrace_id":"Azx2TXL8KQjKpDLU3Ob5uN_"}
 CONTEXT: {"_legacy":true}
2024-10-17T12:36:29+00:00 NOTICE Request
method: POST
uri: https://graph.facebook.com/v20.0/820729112865218/events
user-agent: Facebook-for-WooCommerce/3.2.10 (WooCommerce/9.3.3; WordPress/6.6.2)
body: {"data":[{"action_source":"website","event_time":1729168587,"event_id":"109a39ab-2674-4858-a601-2c47d68948f5","event_source_url":"https:\/\/sincehence.store\/product\/liver-plast-capsules\/?v=7885444af42e","custom_data":{"content_name":"Liver-Plast Detox Support Suppliments | Natural Liver Health Formula | 60 Vegan Capsules","content_ids":"[\"SHSUP-TB00020_139\"]","content_type":"product","contents":"[{\"id\":\"SHSUP-TB00020_139\",\"quantity\":1}]","content_category":"HANGOVER","value":"29.95","currency":"USD"},"user_data":{"client_ip_address":"173.252.107.17","client_user_agent":"meta-externalagent\/1.1 (+https:\/\/developers.facebook.com\/docs\/sharing\/webmasters\/crawler)","fbc":"","fbp":""},"event_name":"ViewContent"}],"partner_agent":"woocommerce-9.3.3-3.2.10"}
duration: 0.38179s
 CONTEXT: {"_legacy":true}
2024-10-17T12:36:29+00:00 NOTICE Response
code: 200
message: OK
body: {"events_received":1,"messages":[],"fbtrace_id":"AOYULhpz7PT8v0NuetQG4EI"}
 CONTEXT: {"_legacy":true}
2024-10-17T12:43:21+00:00 NOTICE Request
method: POST
uri: https://graph.facebook.com/v20.0/820729112865218/events
user-agent: Facebook-for-WooCommerce/3.2.10 (WooCommerce/9.3.3; WordPress/6.6.2)
body: {"data":[{"action_source":"website","event_time":1729168999,"event_id":"c0d3152c-3052-42b7-9f05-9bf7dc17f41c","event_source_url":"https:\/\/sincehence.store\/product\/choless-capsules\/?v=7885444af42e","custom_data":{"content_name":"Choless Suppliment |  Cholesterol Control Formula | 60 Vegan Capsules | Natural Ingredients","content_ids":"[\"SHSUP-TB00019_141\"]","content_type":"product","contents":"[{\"id\":\"SHSUP-TB00019_141\",\"quantity\":1}]","content_category":"KETO","value":"24.95","currency":"USD"},"user_data":{"client_ip_address":"57.141.5.20","client_user_agent":"meta-externalagent\/1.1 (+https:\/\/developers.facebook.com\/docs\/sharing\/webmasters\/crawler)","fbc":"","fbp":""},"event_name":"ViewContent"}],"partner_agent":"woocommerce-9.3.3-3.2.10"}
duration: 0.37029s
 CONTEXT: {"_legacy":true}
2024-10-17T12:43:21+00:00 NOTICE Response
code: 200
message: OK
body: {"events_received":1,"messages":[],"fbtrace_id":"AW_mz0pJLMRT3XUUoWaN4C8"}
 CONTEXT: {"_legacy":true}
2024-10-17T13:18:12+00:00 NOTICE Request
method: GET
uri: https://graph.facebook.com/v20.0/fbe_business?fbe_external_business_id=sicnehenceecomemrce-665f929422055
user-agent: Facebook-for-WooCommerce/3.2.10 (WooCommerce/9.3.3; WordPress/6.6.2)
body:
duration: 0.46164s
 CONTEXT: {"_legacy":true}
2024-10-17T13:18:13+00:00 NOTICE Response
code: 200
message: OK
body: {"business":{"name":"SicneHence eComemrce"},"ads":[{"feature_instance_id":"813554103728373","enabled":true}],"catalogs":[{"feature_instance_id":"777710937847014","enabled":true}],"catalog_feed_scheduled":{"enabled":false},"ig_cta":{"enabled":false},"ig_shopping":{"enabled":false},"messenger_chat":{"enabled":false},"messenger_menu":{"enabled":false},"page_card":{"enabled":false},"page_cta":{"enabled":false},"page_post":{"enabled":false},"page_shop":{"enabled":false},"pixels":[{"feature_instance_id":"798387502384774","enabled":true}],"thread_intent":{"enabled":false}}
 CONTEXT: {"_legacy":true}
2024-10-17T13:18:14+00:00 NOTICE Request
method: POST
uri: https://graph.facebook.com/v20.0/820729112865218/events
user-agent: Facebook-for-WooCommerce/3.2.10 (WooCommerce/9.3.3; WordPress/6.6.2)
body: {"data":[{"action_source":"website","event_time":1729171092,"event_id":"02152b22-64b0-4919-a207-35c47093d46b","event_source_url":"https:\/\/sincehence.store\/product\/cbd-24mg-extra-strength-patches-6-pack\/?v=0b3b97fa6688","custom_data":{"content_name":"CBD Patches | 6 Pack | 24mg Extra Strength | Long-Lasting Relief | Convenient | Discreet","content_ids":"[\"SHSUP-TB00031_117\"]","content_type":"product","contents":"[{\"id\":\"SHSUP-TB00031_117\",\"quantity\":1}]","content_category":"CBD REMEDIES","value":"14.95","currency":"USD"},"user_data":{"client_ip_address":"57.141.5.6","client_user_agent":"facebookexternalhit\/1.1 (+http:\/\/www.facebook.com\/externalhit_uatext.php)","fbc":"","fbp":""},"event_name":"ViewContent"}],"partner_agent":"woocommerce-9.3.3-3.2.10"}
duration: 0.38433s
 CONTEXT: {"_legacy":true}
2024-10-17T13:18:14+00:00 NOTICE Response
code: 200
message: OK
body: {"events_received":1,"messages":[],"fbtrace_id":"A1D1kXe6UfIyqhAi48QcZAC"}
 CONTEXT: {"_legacy":true}
2024-10-17T13:30:54+00:00 NOTICE Request
method: POST
uri: https://graph.facebook.com/v20.0/820729112865218/events
user-agent: Facebook-for-WooCommerce/3.2.10 (WooCommerce/9.3.3; WordPress/6.6.2)
body: {"data":[{"action_source":"website","event_time":1729171851,"event_id":"512dea03-56aa-4b2d-849c-2f1c0f7cf3ef","event_source_url":"https:\/\/sincehence.store\/product\/digestive-enzyme-capsules\/?v=0b3b97fa6688","custom_data":{"content_name":"Digestive Enzyme Formula | 20 Potent Enzymes | Optimal Digestion | 60 Capsules | Supports Gluten Digestion | Plant-Based | Vegan","content_ids":"[\"SHSUP-TB00017_145\"]","content_type":"product","contents":"[{\"id\":\"SHSUP-TB00017_145\",\"quantity\":1}]","content_category":"KETO","value":"24.95","currency":"USD"},"user_data":{"client_ip_address":"57.141.5.1","client_user_agent":"facebookexternalhit\/1.1 (+http:\/\/www.facebook.com\/externalhit_uatext.php)","fbc":"","fbp":""},"event_name":"ViewContent"}],"partner_agent":"woocommerce-9.3.3-3.2.10"}
duration: 0.65759s
 CONTEXT: {"_legacy":true}
2024-10-17T13:30:54+00:00 NOTICE Response
code: 200
message: OK
body: {"events_received":1,"messages":[],"fbtrace_id":"A0Ei6i89uLCpTvm03uWoS9b"}
 CONTEXT: {"_legacy":true}
2024-10-17T14:19:33+00:00 NOTICE Request
method: GET
uri: https://graph.facebook.com/v20.0/fbe_business?fbe_external_business_id=sicnehenceecomemrce-665f929422055
user-agent: Facebook-for-WooCommerce/3.2.10 (WooCommerce/9.3.3; WordPress/6.6.2)
body:
duration: 0.49665s
 CONTEXT: {"_legacy":true}
2024-10-17T14:19:33+00:00 NOTICE Response
code: 200
message: OK
body: {"business":{"name":"SicneHence eComemrce"},"ads":[{"feature_instance_id":"813554103728373","enabled":true}],"catalogs":[{"feature_instance_id":"777710937847014","enabled":true}],"catalog_feed_scheduled":{"enabled":false},"ig_cta":{"enabled":false},"ig_shopping":{"enabled":false},"messenger_chat":{"enabled":false},"messenger_menu":{"enabled":false},"page_card":{"enabled":false},"page_cta":{"enabled":false},"page_post":{"enabled":false},"page_shop":{"enabled":false},"pixels":[{"feature_instance_id":"798387502384774","enabled":true}],"thread_intent":{"enabled":false}}
 CONTEXT: {"_legacy":true}
2024-10-17T15:19:07+00:00 NOTICE Request
method: GET
uri: https://graph.facebook.com/v20.0/fbe_business?fbe_external_business_id=sicnehenceecomemrce-665f929422055
user-agent: Facebook-for-WooCommerce/3.2.10 (WooCommerce/9.3.3; WordPress/6.6.2)
body:
duration: 0.41479s
 CONTEXT: {"_legacy":true}
2024-10-17T15:19:07+00:00 NOTICE Response
code: 200
message: OK
body: {"business":{"name":"SicneHence eComemrce"},"ads":[{"feature_instance_id":"813554103728373","enabled":true}],"catalogs":[{"feature_instance_id":"777710937847014","enabled":true}],"catalog_feed_scheduled":{"enabled":false},"ig_cta":{"enabled":false},"ig_shopping":{"enabled":false},"messenger_chat":{"enabled":false},"messenger_menu":{"enabled":false},"page_card":{"enabled":false},"page_cta":{"enabled":false},"page_post":{"enabled":false},"page_shop":{"enabled":false},"pixels":[{"feature_instance_id":"798387502384774","enabled":true}],"thread_intent":{"enabled":false}}
 CONTEXT: {"_legacy":true}
2024-10-17T16:06:06+00:00 NOTICE Request
method: POST
uri: https://graph.facebook.com/v20.0/820729112865218/events
user-agent: Facebook-for-WooCommerce/3.2.10 (WooCommerce/9.3.3; WordPress/6.6.2)
body: {"data":[{"action_source":"website","event_time":1729181162,"event_id":"b0fdf8fd-52f1-4f7b-8c50-d47776c8dc67","event_source_url":"https:\/\/sincehence.store\/product-category\/cbd\/?v=7885444af42e","custom_data":{"content_name":"CBD REMEDIES","content_category":"CBD REMEDIES","content_ids":"[\"SHSUP-TB00037_105\",\"SHSUP-TB00045_89\",\"SHSUP-TB00030_119\",\"SHSUP-TB00029_121\",\"SHSUP-TB00031_117\",\"SHSUP-TB00044_91\",\"SHSUP-TB00046_87\",\"SHSUP-TB00047_85\"]","content_type":"product","contents":[{"id":"SHSUP-TB00037_105","quantity":1},{"id":"SHSUP-TB00045_89","quantity":1},{"id":"SHSUP-TB00030_119","quantity":1},{"id":"SHSUP-TB00029_121","quantity":1},{"id":"SHSUP-TB00031_117","quantity":1},{"id":"SHSUP-TB00044_91","quantity":1},{"id":"SHSUP-TB00046_87","quantity":1},{"id":"SHSUP-TB00047_85","quantity":1}]},"user_data":{"client_ip_address":"47.128.111.220","client_user_agent":"Mozilla\/5.0 (compatible; Bytespider; spider-feedback@bytedance.com) AppleWebKit\/537.36 (KHTML, like Gecko) Chrome\/70.0.0.0 Safari\/537.36","fbc":"","fbp":""},"event_name":"ViewCategory"}],"partner_agent":"woocommerce-9.3.3-3.2.10"}
duration: 1.403s
 CONTEXT: {"_legacy":true}
2024-10-17T16:06:06+00:00 NOTICE Response
code: 200
message: OK
body: {"events_received":1,"messages":[],"fbtrace_id":"AfrDGiVYKRFqL3NjmPosY5u"}
 CONTEXT: {"_legacy":true}
2024-10-17T16:19:16+00:00 NOTICE Request
method: GET
uri: https://graph.facebook.com/v20.0/fbe_business?fbe_external_business_id=sicnehenceecomemrce-665f929422055
user-agent: Facebook-for-WooCommerce/3.2.10 (WooCommerce/9.3.3; WordPress/6.6.2)
body:
duration: 0.51134s
 CONTEXT: {"_legacy":true}
2024-10-17T16:19:16+00:00 NOTICE Response
code: 200
message: OK
body: {"business":{"name":"SicneHence eComemrce"},"ads":[{"feature_instance_id":"813554103728373","enabled":true}],"catalogs":[{"feature_instance_id":"777710937847014","enabled":true}],"catalog_feed_scheduled":{"enabled":false},"ig_cta":{"enabled":false},"ig_shopping":{"enabled":false},"messenger_chat":{"enabled":false},"messenger_menu":{"enabled":false},"page_card":{"enabled":false},"page_cta":{"enabled":false},"page_post":{"enabled":false},"page_shop":{"enabled":false},"pixels":[{"feature_instance_id":"798387502384774","enabled":true}],"thread_intent":{"enabled":false}}
 CONTEXT: {"_legacy":true}
2024-10-17T17:18:14+00:00 NOTICE Request
method: GET
uri: https://graph.facebook.com/v20.0/fbe_business?fbe_external_business_id=sicnehenceecomemrce-665f929422055
user-agent: Facebook-for-WooCommerce/3.2.10 (WooCommerce/9.3.3; WordPress/6.6.2)
body:
duration: 0.51444s
 CONTEXT: {"_legacy":true}
2024-10-17T17:18:14+00:00 NOTICE Response
code: 200
message: OK
body: {"business":{"name":"SicneHence eComemrce"},"ads":[{"feature_instance_id":"813554103728373","enabled":true}],"catalogs":[{"feature_instance_id":"777710937847014","enabled":true}],"catalog_feed_scheduled":{"enabled":false},"ig_cta":{"enabled":false},"ig_shopping":{"enabled":false},"messenger_chat":{"enabled":false},"messenger_menu":{"enabled":false},"page_card":{"enabled":false},"page_cta":{"enabled":false},"page_post":{"enabled":false},"page_shop":{"enabled":false},"pixels":[{"feature_instance_id":"798387502384774","enabled":true}],"thread_intent":{"enabled":false}}
 CONTEXT: {"_legacy":true}
2024-10-17T18:18:10+00:00 NOTICE Request
method: GET
uri: https://graph.facebook.com/v20.0/fbe_business?fbe_external_business_id=sicnehenceecomemrce-665f929422055
user-agent: Facebook-for-WooCommerce/3.2.10 (WooCommerce/9.3.3; WordPress/6.6.2)
body:
duration: 0.50622s
 CONTEXT: {"_legacy":true}
2024-10-17T18:18:10+00:00 NOTICE Response
code: 200
message: OK
body: {"business":{"name":"SicneHence eComemrce"},"ads":[{"feature_instance_id":"813554103728373","enabled":true}],"catalogs":[{"feature_instance_id":"777710937847014","enabled":true}],"catalog_feed_scheduled":{"enabled":false},"ig_cta":{"enabled":false},"ig_shopping":{"enabled":false},"messenger_chat":{"enabled":false},"messenger_menu":{"enabled":false},"page_card":{"enabled":false},"page_cta":{"enabled":false},"page_post":{"enabled":false},"page_shop":{"enabled":false},"pixels":[{"feature_instance_id":"798387502384774","enabled":true}],"thread_intent":{"enabled":false}}
 CONTEXT: {"_legacy":true}
2024-10-17T18:27:17+00:00 NOTICE Request
method: POST
uri: https://graph.facebook.com/v20.0/820729112865218/events
user-agent: Facebook-for-WooCommerce/3.2.10 (WooCommerce/9.3.3; WordPress/6.6.2)
body: {"data":[{"action_source":"website","event_time":1729189635,"event_id":"2a28645e-f75b-4cb2-889b-26096cfffdce","event_source_url":"https:\/\/sincehence.store\/product-category\/brain-health\/?v=0b3b97fa6688","custom_data":{"content_name":"BRAIN HEALTH","content_category":"BRAIN HEALTH","content_ids":"[\"SHSUP-TB00012_155\",\"SHSUP-TB00010_159\",\"SHSUP-TB00011_157\",\"SHSUP-TB00009_161\"]","content_type":"product","contents":[{"id":"SHSUP-TB00012_155","quantity":1},{"id":"SHSUP-TB00010_159","quantity":1},{"id":"SHSUP-TB00011_157","quantity":1},{"id":"SHSUP-TB00009_161","quantity":1}]},"user_data":{"client_ip_address":"49.51.243.156","client_user_agent":"Mozilla\/5.0 (iPhone; CPU iPhone OS 13_2_3 like Mac OS X) AppleWebKit\/605.1.15 (KHTML, like Gecko) Version\/13.0.3 Mobile\/15E148 Safari\/604.1","fbc":"","fbp":""},"event_name":"ViewCategory"}],"partner_agent":"woocommerce-9.3.3-3.2.10"}
duration: 0.39663s
 CONTEXT: {"_legacy":true}
2024-10-17T18:27:17+00:00 NOTICE Response
code: 200
message: OK
body: {"events_received":1,"messages":[],"fbtrace_id":"A4hhrBSyydP6cRfMbAQBxG6"}
 CONTEXT: {"_legacy":true}
2024-10-17T18:27:39+00:00 NOTICE Request
method: POST
uri: https://graph.facebook.com/v20.0/820729112865218/events
user-agent: Facebook-for-WooCommerce/3.2.10 (WooCommerce/9.3.3; WordPress/6.6.2)
body: {"data":[{"action_source":"website","event_time":1729189657,"event_id":"de2b2eba-f3b6-4192-a1d5-ac9fd7a856f6","event_source_url":"https:\/\/sincehence.store\/product\/vitamin-c-skin-toning-serum\/?v=0b3b97fa6688","custom_data":{"content_name":"Advanced Skin Toning Serum | Brighten Skin | Antioxidant","content_ids":"[\"SHSUP-TB00041_97\"]","content_type":"product","contents":"[{\"id\":\"SHSUP-TB00041_97\",\"quantity\":1}]","content_category":"SKIN CARE AND BEAUTY","value":"22.95","currency":"USD"},"user_data":{"client_ip_address":"43.135.133.194","client_user_agent":"Mozilla\/5.0 (iPhone; CPU iPhone OS 13_2_3 like Mac OS X) AppleWebKit\/605.1.15 (KHTML, like Gecko) Version\/13.0.3 Mobile\/15E148 Safari\/604.1","fbc":"","fbp":""},"event_name":"ViewContent"}],"partner_agent":"woocommerce-9.3.3-3.2.10"}
duration: 0.40086s
 CONTEXT: {"_legacy":true}
2024-10-17T18:27:39+00:00 NOTICE Response
code: 200
message: OK
body: {"events_received":1,"messages":[],"fbtrace_id":"A1WhVcxI-mU0BPa0szLYyHU"}
 CONTEXT: {"_legacy":true}
2024-10-17T18:27:40+00:00 NOTICE Request
method: POST
uri: https://graph.facebook.com/v20.0/820729112865218/events
user-agent: Facebook-for-WooCommerce/3.2.10 (WooCommerce/9.3.3; WordPress/6.6.2)
body: {"data":[{"action_source":"website","event_time":1729189658,"event_id":"607f9eab-79ec-4d43-b7f8-35ec7101df03","event_source_url":"https:\/\/sincehence.store\/product\/beauty-face-cream-single-jar\/?v=0b3b97fa6688","custom_data":{"content_name":"Anti-Wrinkle Face Cream | Natural Ingredients | Cream Jar | Paraben-free","content_ids":"[\"SHSUP-TB00043_93\"]","content_type":"product","contents":"[{\"id\":\"SHSUP-TB00043_93\",\"quantity\":1}]","content_category":"SKIN CARE AND BEAUTY","value":"30.95","currency":"USD"},"user_data":{"client_ip_address":"49.51.243.156","client_user_agent":"Mozilla\/5.0 (iPhone; CPU iPhone OS 13_2_3 like Mac OS X) AppleWebKit\/605.1.15 (KHTML, like Gecko) Version\/13.0.3 Mobile\/15E148 Safari\/604.1","fbc":"","fbp":""},"event_name":"ViewContent"}],"partner_agent":"woocommerce-9.3.3-3.2.10"}
duration: 0.41566s
 CONTEXT: {"_legacy":true}
2024-10-17T18:27:40+00:00 NOTICE Response
code: 200
message: OK
body: {"events_received":1,"messages":[],"fbtrace_id":"AQ_W6HUuHG5sk5OTGTU1KuR"}
 CONTEXT: {"_legacy":true}
2024-10-17T19:08:14+00:00 NOTICE Request
method: POST
uri: https://graph.facebook.com/v20.0/820729112865218/events
user-agent: Facebook-for-WooCommerce/3.2.10 (WooCommerce/9.3.3; WordPress/6.6.2)
body: {"data":[{"action_source":"website","event_time":1729192091,"event_id":"490b7569-1d4d-4244-88df-74f2c7135805","event_source_url":"https:\/\/sincehence.store\/product\/cleanse-capsule-single-bottle\/?v=7885444af42e","custom_data":{"content_name":"Advanced Formula for Digestive Aid Cleanse Capsules - Natural Dietary Supplement for Gut Health - Promotes Healthy Digestion and Eases Bloating","content_ids":"[\"SHSUP-TB00049_81\"]","content_type":"product","contents":"[{\"id\":\"SHSUP-TB00049_81\",\"quantity\":1}]","content_category":"KETO","value":"20.95","currency":"USD"},"user_data":{"client_ip_address":"47.128.55.240","client_user_agent":"Mozilla\/5.0 (compatible; Bytespider; spider-feedback@bytedance.com) AppleWebKit\/537.36 (KHTML, like Gecko) Chrome\/70.0.0.0 Safari\/537.36","fbc":"","fbp":""},"event_name":"ViewContent"}],"partner_agent":"woocommerce-9.3.3-3.2.10"}
duration: 0.42668s
 CONTEXT: {"_legacy":true}
2024-10-17T19:08:14+00:00 NOTICE Response
code: 200
message: OK
body: {"events_received":1,"messages":[],"fbtrace_id":"AibeiWGo5xl1bI2v__IDrbP"}
 CONTEXT: {"_legacy":true}
2024-10-17T19:19:06+00:00 NOTICE Request
method: GET
uri: https://graph.facebook.com/v20.0/fbe_business?fbe_external_business_id=sicnehenceecomemrce-665f929422055
user-agent: Facebook-for-WooCommerce/3.2.10 (WooCommerce/9.3.3; WordPress/6.6.2)
body:
duration: 0.49977s
 CONTEXT: {"_legacy":true}
2024-10-17T19:19:06+00:00 NOTICE Response
code: 200
message: OK
body: {"business":{"name":"SicneHence eComemrce"},"ads":[{"feature_instance_id":"813554103728373","enabled":true}],"catalogs":[{"feature_instance_id":"777710937847014","enabled":true}],"catalog_feed_scheduled":{"enabled":false},"ig_cta":{"enabled":false},"ig_shopping":{"enabled":false},"messenger_chat":{"enabled":false},"messenger_menu":{"enabled":false},"page_card":{"enabled":false},"page_cta":{"enabled":false},"page_post":{"enabled":false},"page_shop":{"enabled":false},"pixels":[{"feature_instance_id":"798387502384774","enabled":true}],"thread_intent":{"enabled":false}}
 CONTEXT: {"_legacy":true}
2024-10-17T20:23:10+00:00 NOTICE Request
method: GET
uri: https://graph.facebook.com/v20.0/fbe_business?fbe_external_business_id=sicnehenceecomemrce-665f929422055
user-agent: Facebook-for-WooCommerce/3.2.10 (WooCommerce/9.3.3; WordPress/6.6.2)
body:
duration: 0.52491s
 CONTEXT: {"_legacy":true}
2024-10-17T20:23:10+00:00 NOTICE Response
code: 200
message: OK
body: {"business":{"name":"SicneHence eComemrce"},"ads":[{"feature_instance_id":"813554103728373","enabled":true}],"catalogs":[{"feature_instance_id":"777710937847014","enabled":true}],"catalog_feed_scheduled":{"enabled":false},"ig_cta":{"enabled":false},"ig_shopping":{"enabled":false},"messenger_chat":{"enabled":false},"messenger_menu":{"enabled":false},"page_card":{"enabled":false},"page_cta":{"enabled":false},"page_post":{"enabled":false},"page_shop":{"enabled":false},"pixels":[{"feature_instance_id":"798387502384774","enabled":true}],"thread_intent":{"enabled":false}}
 CONTEXT: {"_legacy":true}
2024-10-17T20:42:41+00:00 NOTICE Request
method: POST
uri: https://graph.facebook.com/v20.0/820729112865218/events
user-agent: Facebook-for-WooCommerce/3.2.10 (WooCommerce/9.3.3; WordPress/6.6.2)
body: {"data":[{"action_source":"website","event_time":1729197759,"event_id":"4d2e1514-51a4-48f8-ac31-449e049e2274","event_source_url":"https:\/\/sincehence.store\/product\/pain-relief-cream-jar\/?v=7885444af42e","custom_data":{"content_name":"Pain Relief Cream | 250MG CBD Isolate | Fast-Acting | Soothing | Cruelty-Free | Made in USA","content_ids":"[\"SHSUP-TB00005_169\"]","content_type":"product","contents":"[{\"id\":\"SHSUP-TB00005_169\",\"quantity\":1}]","content_category":"PAIN RELIEF","value":"27.95","currency":"USD"},"user_data":{"client_ip_address":"47.128.53.186","client_user_agent":"Mozilla\/5.0 (Linux; Android 5.0) AppleWebKit\/537.36 (KHTML, like Gecko) Mobile Safari\/537.36 (compatible; Bytespider; spider-feedback@bytedance.com)","fbc":"","fbp":""},"event_name":"ViewContent"}],"partner_agent":"woocommerce-9.3.3-3.2.10"}
duration: 0.37384s
 CONTEXT: {"_legacy":true}
2024-10-17T20:42:41+00:00 NOTICE Response
code: 200
message: OK
body: {"events_received":1,"messages":[],"fbtrace_id":"ANdcRY-kNLCMaq4DKbXstB2"}
 CONTEXT: {"_legacy":true}
2024-10-17T21:03:01+00:00 NOTICE Request
method: POST
uri: https://graph.facebook.com/v20.0/820729112865218/events
user-agent: Facebook-for-WooCommerce/3.2.10 (WooCommerce/9.3.3; WordPress/6.6.2)
body: {"data":[{"action_source":"website","event_time":1729198979,"event_id":"049fc843-d441-45fe-901d-41e8edf78007","event_source_url":"https:\/\/sincehence.store\/product\/testosterone-boost-capsules-single-bottle\/?v=7885444af42e","custom_data":{"content_name":"Testosterone Advanced Formula | Increase Testosterone Levels | 60 Capsules","content_ids":"[\"SHSUP-TB00040_99\"]","content_type":"product","contents":"[{\"id\":\"SHSUP-TB00040_99\",\"quantity\":1}]","content_category":"MENS HEALTH","value":"30.95","currency":"USD"},"user_data":{"client_ip_address":"66.249.79.236","client_user_agent":"Mozilla\/5.0 (Linux; Android 6.0.1; Nexus 5X Build\/MMB29P) AppleWebKit\/537.36 (KHTML, like Gecko) Chrome\/129.0.6668.89 Mobile Safari\/537.36 (compatible; Googlebot\/2.1; +http:\/\/www.google.com\/bot.html)","fbc":"","fbp":""},"event_name":"ViewContent"}],"partner_agent":"woocommerce-9.3.3-3.2.10"}
duration: 0.38053s
 CONTEXT: {"_legacy":true}
2024-10-17T21:03:01+00:00 NOTICE Response
code: 200
message: OK
body: {"events_received":1,"messages":[],"fbtrace_id":"AZ4BU4XzHUldub4oSRoQWdp"}
 CONTEXT: {"_legacy":true}
2024-10-17T21:18:08+00:00 NOTICE Request
method: GET
uri: https://graph.facebook.com/v20.0/fbe_business?fbe_external_business_id=sicnehenceecomemrce-665f929422055
user-agent: Facebook-for-WooCommerce/3.2.10 (WooCommerce/9.3.3; WordPress/6.6.2)
body:
duration: 0.50484s
 CONTEXT: {"_legacy":true}
2024-10-17T21:18:08+00:00 NOTICE Response
code: 200
message: OK
body: {"business":{"name":"SicneHence eComemrce"},"ads":[{"feature_instance_id":"813554103728373","enabled":true}],"catalogs":[{"feature_instance_id":"777710937847014","enabled":true}],"catalog_feed_scheduled":{"enabled":false},"ig_cta":{"enabled":false},"ig_shopping":{"enabled":false},"messenger_chat":{"enabled":false},"messenger_menu":{"enabled":false},"page_card":{"enabled":false},"page_cta":{"enabled":false},"page_post":{"enabled":false},"page_shop":{"enabled":false},"pixels":[{"feature_instance_id":"798387502384774","enabled":true}],"thread_intent":{"enabled":false}}
 CONTEXT: {"_legacy":true}
2024-10-17T22:20:13+00:00 NOTICE Request
method: GET
uri: https://graph.facebook.com/v20.0/fbe_business?fbe_external_business_id=sicnehenceecomemrce-665f929422055
user-agent: Facebook-for-WooCommerce/3.2.10 (WooCommerce/9.3.3; WordPress/6.6.2)
body:
duration: 0.42887s
 CONTEXT: {"_legacy":true}
2024-10-17T22:20:14+00:00 NOTICE Response
code: 200
message: OK
body: {"business":{"name":"SicneHence eComemrce"},"ads":[{"feature_instance_id":"813554103728373","enabled":true}],"catalogs":[{"feature_instance_id":"777710937847014","enabled":true}],"catalog_feed_scheduled":{"enabled":false},"ig_cta":{"enabled":false},"ig_shopping":{"enabled":false},"messenger_chat":{"enabled":false},"messenger_menu":{"enabled":false},"page_card":{"enabled":false},"page_cta":{"enabled":false},"page_post":{"enabled":false},"page_shop":{"enabled":false},"pixels":[{"feature_instance_id":"798387502384774","enabled":true}],"thread_intent":{"enabled":false}}
 CONTEXT: {"_legacy":true}
2024-10-17T22:21:41+00:00 NOTICE Request
method: GET
uri: https://graph.facebook.com/v20.0/987788172779218/product_feeds
user-agent: Facebook-for-WooCommerce/3.2.10 (WooCommerce/9.3.3; WordPress/6.6.2)
body:
duration: 0.44621s
 CONTEXT: {"_legacy":true}
2024-10-17T22:21:41+00:00 NOTICE Response
code: 200
message: OK
body: {"data":[{"id":"980052693510616","file_name":"SicneHence eComemrce Supplimet - Catalog - Feed","name":"SicneHence eComemrce Supplimet - Catalog - Feed"}],"paging":{"cursors":{"before":"QVFIUlpFTE9uUTRPVi0zSlAxcGNuMGlVNDEzMVVCdTNXYVhfNU80ZAXRhMk55eTR2eC11WGdRaHVmeDJ3aHRQUFVHSXo0RmtxZAkRXX3Fid1VwQjNhbG9fc093","after":"QVFIUlpFTE9uUTRPVi0zSlAxcGNuMGlVNDEzMVVCdTNXYVhfNU80ZAXRhMk55eTR2eC11WGdRaHVmeDJ3aHRQUFVHSXo0RmtxZAkRXX3Fid1VwQjNhbG9fc093"}}}
 CONTEXT: {"_legacy":true}
2024-10-17T22:21:41+00:00 NOTICE Request
method: GET
uri: https://graph.facebook.com/v20.0/980052693510616/?fields=created_time,latest_upload,product_count,schedule,update_schedule
user-agent: Facebook-for-WooCommerce/3.2.10 (WooCommerce/9.3.3; WordPress/6.6.2)
body:
duration: 0.48313s
 CONTEXT: {"_legacy":true}
2024-10-17T22:21:41+00:00 NOTICE Response
code: 200
message: OK
body: {"created_time":"2024-06-05T19:21:45+0000","product_count":0,"id":"980052693510616"}
 CONTEXT: {"_legacy":true}
2024-10-17T22:21:42+00:00 NOTICE Request
method: GET
uri: https://graph.facebook.com/v20.0/fbe_business/fbe_installs?fbe_external_business_id=sicnehenceecomemrce-665f929422055
user-agent: Facebook-for-WooCommerce/3.2.10 (WooCommerce/9.3.3; WordPress/6.6.2)
body:
duration: 0.67309s
 CONTEXT: {"_legacy":true}
2024-10-17T22:21:42+00:00 NOTICE Response
code: 200
message: OK
body: {"data":[{"business_manager_id":"280213847030763","onsite_eligible":false,"pixel_id":"820729112865218","profiles":["100481805425565","17841445880604158"],"ad_account_id":"307726204234823","catalog_id":"987788172779218","pages":["100481805425565"],"instagram_profiles":["17841445880604158"],"ig_shop":{"status":"NOT_SUBMITTED"},"token_type":"User","installed_features":[{"feature_instance_id":"813554103728373","feature_type":"ads","connected_assets":{"ad_account_id":"307726204234823","business_manager_id":"280213847030763","catalog_id":"987788172779218","ig_profile_id":"17841445880604158","page_id":"100481805425565","pixel_id":"820729112865218"},"additional_info":{"onsite_eligible":false,"pixel_is_consolidated_container":false}},{"feature_instance_id":"798387502384774","feature_type":"pixel","connected_assets":{"ad_account_id":"307726204234823","business_manager_id":"280213847030763","ig_profile_id":"17841445880604158","page_id":"100481805425565","pixel_id":"820729112865218"},"additional_info":{"onsite_eligible":false,"pixel_is_consolidated_container":false}},{"feature_instance_id":"777710937847014","feature_type":"catalog","connected_assets":{"ad_account_id":"307726204234823","business_manager_id":"280213847030763","catalog_id":"987788172779218","ig_profile_id":"17841445880604158","page_id":"100481805425565","pixel_id":"820729112865218"},"additional_info":{"onsite_eligible":false,"pixel_is_consolidated_container":false}}]}]}
 CONTEXT: {"_legacy":true}
2024-10-17T22:21:42+00:00 NOTICE Retrieving page access token CONTEXT: {"_legacy":true}
2024-10-17T23:18:24+00:00 NOTICE Request
method: GET
uri: https://graph.facebook.com/v20.0/fbe_business?fbe_external_business_id=sicnehenceecomemrce-665f929422055
user-agent: Facebook-for-WooCommerce/3.2.10 (WooCommerce/9.3.3; WordPress/6.6.2)
body:
duration: 0.4531s
 CONTEXT: {"_legacy":true}
2024-10-17T23:18:24+00:00 NOTICE Response
code: 200
message: OK
body: {"business":{"name":"SicneHence eComemrce"},"ads":[{"feature_instance_id":"813554103728373","enabled":true}],"catalogs":[{"feature_instance_id":"777710937847014","enabled":true}],"catalog_feed_scheduled":{"enabled":false},"ig_cta":{"enabled":false},"ig_shopping":{"enabled":false},"messenger_chat":{"enabled":false},"messenger_menu":{"enabled":false},"page_card":{"enabled":false},"page_cta":{"enabled":false},"page_post":{"enabled":false},"page_shop":{"enabled":false},"pixels":[{"feature_instance_id":"798387502384774","enabled":true}],"thread_intent":{"enabled":false}}
 CONTEXT: {"_legacy":true}
2024-10-17T23:31:01+00:00 NOTICE Request
method: POST
uri: https://graph.facebook.com/v20.0/820729112865218/events
user-agent: Facebook-for-WooCommerce/3.2.10 (WooCommerce/9.3.3; WordPress/6.6.2)
body: {"data":[{"action_source":"website","event_time":1729207859,"event_id":"f8427143-cb46-42d6-bfea-14e1524e044f","event_source_url":"https:\/\/sincehence.store\/product\/the-pain-patch\/?v=7885444af42e","custom_data":{"content_name":"Bio Frequency Pain Relief Patches | Drug-Free Pain Relief for Back - Neck - Knee Pain | Non-Invasive Pain Management","content_ids":"[\"SHSUP-TB00004_171\"]","content_type":"product","contents":"[{\"id\":\"SHSUP-TB00004_171\",\"quantity\":1}]","content_category":"PAIN RELIEF","value":"25.95","currency":"USD"},"user_data":{"client_ip_address":"47.128.52.148","client_user_agent":"Mozilla\/5.0 (compatible; Bytespider; spider-feedback@bytedance.com) AppleWebKit\/537.36 (KHTML, like Gecko) Chrome\/70.0.0.0 Safari\/537.36","fbc":"","fbp":""},"event_name":"ViewContent"}],"partner_agent":"woocommerce-9.3.3-3.2.10"}
duration: 0.39212s
 CONTEXT: {"_legacy":true}
2024-10-17T23:31:01+00:00 NOTICE Response
code: 200
message: OK
body: {"events_received":1,"messages":[],"fbtrace_id":"ApyWP4HD02WLMEeYM-fVuqq"}
 CONTEXT: {"_legacy":true}
