2024-11-03T00:17:47+00:00 NOTICE Request
method: GET
uri: https://graph.facebook.com/v20.0/fbe_business?fbe_external_business_id=sicnehenceecomemrce-665f929422055
user-agent: Facebook-for-WooCommerce/3.2.10 (WooCommerce/9.3.3; WordPress/6.6.2)
body:
duration: 0.22956s
 CONTEXT: {"_legacy":true}
2024-11-03T00:17:47+00:00 NOTICE Response
code: 200
message: OK
body: {"business":{"name":"SicneHence eComemrce"},"ads":[{"feature_instance_id":"813554103728373","enabled":true}],"catalogs":[{"feature_instance_id":"777710937847014","enabled":true}],"catalog_feed_scheduled":{"enabled":false},"ig_cta":{"enabled":false},"ig_shopping":{"enabled":false},"messenger_chat":{"enabled":false},"messenger_menu":{"enabled":false},"page_card":{"enabled":false},"page_cta":{"enabled":false},"page_post":{"enabled":false},"page_shop":{"enabled":false},"pixels":[{"feature_instance_id":"798387502384774","enabled":true}],"thread_intent":{"enabled":false}}
 CONTEXT: {"_legacy":true}
2024-11-03T00:20:36+00:00 NOTICE Request
method: POST
uri: https://graph.facebook.com/v20.0/820729112865218/events
user-agent: Facebook-for-WooCommerce/3.2.10 (WooCommerce/9.3.3; WordPress/6.6.2)
body: {"data":[{"action_source":"website","event_time":1730593231,"event_id":"9abc69d4-9fb8-4816-8829-1c8058d931c9","event_source_url":"https:\/\/sincehence.store\/product\/hair-restoration-ultimate-combo\/?v=8bcc25c96aa5","custom_data":{"content_name":"Hair Growth Serum | Hair-Skin-Nails Supplement Combo | Ultimate Health","content_ids":"[\"SHSUP-TB00026_127\"]","content_type":"product","contents":"[{\"id\":\"SHSUP-TB00026_127\",\"quantity\":1}]","content_category":"HAIR GROWTH","value":"49.95","currency":"USD"},"user_data":{"client_ip_address":"83.171.225.225","client_user_agent":"Mozilla\/5.0 (X11; Fedora; Linux x86_64; rv:114.0) Gecko\/20100101 Firefox\/114.0","fbc":"","fbp":""},"event_name":"ViewContent"}],"partner_agent":"woocommerce-9.3.3-3.2.10"}
duration: 0.13438s
 CONTEXT: {"_legacy":true}
2024-11-03T00:20:36+00:00 NOTICE Response
code: 200
message: OK
body: {"events_received":1,"messages":[],"fbtrace_id":"A7I4jHgnttzXuI3s2ZeeiTv"}
 CONTEXT: {"_legacy":true}
2024-11-03T00:21:00+00:00 NOTICE Request
method: POST
uri: https://graph.facebook.com/v20.0/820729112865218/events
user-agent: Facebook-for-WooCommerce/3.2.10 (WooCommerce/9.3.3; WordPress/6.6.2)
body: {"data":[{"action_source":"website","event_time":1730593259,"event_id":"9fd1360a-3a7d-4e65-9e77-70a0b9c4776a","event_source_url":"https:\/\/sincehence.store\/product\/cbd-capsule-single-bottle\/?v=8bcc25c96aa5","custom_data":{"content_name":"CBD Veggie Caps - 10MG CBD Isolate Per Capsule - 300MG Total - Vegan, GMO-Free, Made in the USA","content_ids":"[\"SHSUP-TB00046_87\"]","content_type":"product","contents":"[{\"id\":\"SHSUP-TB00046_87\",\"quantity\":1}]","content_category":"CBD REMEDIES","value":"25.95","currency":"USD"},"user_data":{"client_ip_address":"91.243.92.91","client_user_agent":"Mozilla\/5.0 (X11; Fedora; Linux x86_64; rv:114.0) Gecko\/20100101 Firefox\/114.0","fbc":"","fbp":""},"event_name":"ViewContent"}],"partner_agent":"woocommerce-9.3.3-3.2.10"}
duration: 0.089s
 CONTEXT: {"_legacy":true}
2024-11-03T00:21:00+00:00 NOTICE Response
code: 200
message: OK
body: {"events_received":1,"messages":[],"fbtrace_id":"A7Z1eDsHvF8G7HiW_VzF56h"}
 CONTEXT: {"_legacy":true}
2024-11-03T00:33:16+00:00 NOTICE Request
method: POST
uri: https://graph.facebook.com/v20.0/820729112865218/events
user-agent: Facebook-for-WooCommerce/3.2.10 (WooCommerce/9.3.3; WordPress/6.6.2)
body: {"data":[{"action_source":"website","event_time":1730593995,"event_id":"bec807d8-384c-40cb-bc75-4f34858149b0","event_source_url":"https:\/\/sincehence.store\/product\/testosterone-boost-capsules-single-bottle\/?v=0b3b97fa6688","custom_data":{"content_name":"Testosterone Advanced Formula | Increase Testosterone Levels | 60 Capsules","content_ids":"[\"SHSUP-TB00040_99\"]","content_type":"product","contents":"[{\"id\":\"SHSUP-TB00040_99\",\"quantity\":1}]","content_category":"MENS HEALTH","value":"30.95","currency":"USD"},"user_data":{"client_ip_address":"43.159.128.172","client_user_agent":"Mozilla\/5.0 (iPhone; CPU iPhone OS 13_2_3 like Mac OS X) AppleWebKit\/605.1.15 (KHTML, like Gecko) Version\/13.0.3 Mobile\/15E148 Safari\/604.1","fbc":"","fbp":""},"event_name":"ViewContent"}],"partner_agent":"woocommerce-9.3.3-3.2.10"}
duration: 0.16891s
 CONTEXT: {"_legacy":true}
2024-11-03T00:33:16+00:00 NOTICE Response
code: 200
message: OK
body: {"events_received":1,"messages":[],"fbtrace_id":"AKXLvf-tScBqnNkgqGuiDGy"}
 CONTEXT: {"_legacy":true}
2024-11-03T01:18:29+00:00 NOTICE Request
method: GET
uri: https://graph.facebook.com/v20.0/fbe_business?fbe_external_business_id=sicnehenceecomemrce-665f929422055
user-agent: Facebook-for-WooCommerce/3.2.10 (WooCommerce/9.3.3; WordPress/6.6.2)
body:
duration: 0.20483s
 CONTEXT: {"_legacy":true}
2024-11-03T01:18:29+00:00 NOTICE Response
code: 200
message: OK
body: {"business":{"name":"SicneHence eComemrce"},"ads":[{"feature_instance_id":"813554103728373","enabled":true}],"catalogs":[{"feature_instance_id":"777710937847014","enabled":true}],"catalog_feed_scheduled":{"enabled":false},"ig_cta":{"enabled":false},"ig_shopping":{"enabled":false},"messenger_chat":{"enabled":false},"messenger_menu":{"enabled":false},"page_card":{"enabled":false},"page_cta":{"enabled":false},"page_post":{"enabled":false},"page_shop":{"enabled":false},"pixels":[{"feature_instance_id":"798387502384774","enabled":true}],"thread_intent":{"enabled":false}}
 CONTEXT: {"_legacy":true}
2024-11-03T02:12:44+00:00 NOTICE Request
method: POST
uri: https://graph.facebook.com/v20.0/820729112865218/events
user-agent: Facebook-for-WooCommerce/3.2.10 (WooCommerce/9.3.3; WordPress/6.6.2)
body: {"data":[{"action_source":"website","event_time":1730599963,"event_id":"ac8cff86-2ac3-41a7-9aa3-c03b8061d605","event_source_url":"https:\/\/sincehence.store\/product\/hangover-patches-6-pack\/?v=7885444af42e","custom_data":{"content_name":"Hangover Patches | 6 Patches | Ultimate Hangover Relief","content_ids":"[\"SHSUP-TB00035_109\"]","content_type":"product","contents":"[{\"id\":\"SHSUP-TB00035_109\",\"quantity\":1}]","content_category":"HANGOVER","value":"10.95","currency":"USD"},"user_data":{"client_ip_address":"66.249.79.164","client_user_agent":"Mozilla\/5.0 (compatible; Googlebot\/2.1; +http:\/\/www.google.com\/bot.html)","fbc":"","fbp":""},"event_name":"ViewContent"}],"partner_agent":"woocommerce-9.3.3-3.2.10"}
duration: 0.13156s
 CONTEXT: {"_legacy":true}
2024-11-03T02:12:44+00:00 NOTICE Response
code: 200
message: OK
body: {"events_received":1,"messages":[],"fbtrace_id":"Arlv6iBd086EA9NnSoEQRlC"}
 CONTEXT: {"_legacy":true}
2024-11-03T02:12:47+00:00 NOTICE Request
method: POST
uri: https://graph.facebook.com/v20.0/820729112865218/events
user-agent: Facebook-for-WooCommerce/3.2.10 (WooCommerce/9.3.3; WordPress/6.6.2)
body: {"data":[{"action_source":"website","event_time":1730599965,"event_id":"644e6479-4500-4af1-ac14-7e4759eb3fa2","event_source_url":"https:\/\/sincehence.store\/product\/hangover-patches-30-pack\/?v=7885444af42e","custom_data":{"content_name":"Hangover Patches | 30 Patches | Ultimate Hangover Relief","content_ids":"[\"SHSUP-TB00033_113\"]","content_type":"product","contents":"[{\"id\":\"SHSUP-TB00033_113\",\"quantity\":1}]","content_category":"HANGOVER","value":"29.95","currency":"USD"},"user_data":{"client_ip_address":"66.249.79.164","client_user_agent":"Mozilla\/5.0 (compatible; Googlebot\/2.1; +http:\/\/www.google.com\/bot.html)","fbc":"","fbp":""},"event_name":"ViewContent"}],"partner_agent":"woocommerce-9.3.3-3.2.10"}
duration: 0.15258s
 CONTEXT: {"_legacy":true}
2024-11-03T02:12:47+00:00 NOTICE Response
code: 200
message: OK
body: {"events_received":1,"messages":[],"fbtrace_id":"AmK7hFzm7pHe2sCaM3ThTkM"}
 CONTEXT: {"_legacy":true}
2024-11-03T02:12:55+00:00 NOTICE Request
method: POST
uri: https://graph.facebook.com/v20.0/820729112865218/events
user-agent: Facebook-for-WooCommerce/3.2.10 (WooCommerce/9.3.3; WordPress/6.6.2)
body: {"data":[{"action_source":"website","event_time":1730599973,"event_id":"41e05dd6-ddb2-4bd0-9f65-ad1faaad08a6","event_source_url":"https:\/\/sincehence.store\/product\/sleep-patch-15-days-pack\/?v=7885444af42e","custom_data":{"content_name":"Sleep Patches | 15 Day Pack | Achieve a Restful Night Sleep | Natural Ingredients","content_ids":"[\"SHSUP-TB00024_131\"]","content_type":"product","contents":"[{\"id\":\"SHSUP-TB00024_131\",\"quantity\":1}]","content_category":"SLEEP REMEDIES","value":"14.95","currency":"USD"},"user_data":{"client_ip_address":"66.249.79.164","client_user_agent":"Mozilla\/5.0 (compatible; Googlebot\/2.1; +http:\/\/www.google.com\/bot.html)","fbc":"","fbp":""},"event_name":"ViewContent"}],"partner_agent":"woocommerce-9.3.3-3.2.10"}
duration: 0.1329s
 CONTEXT: {"_legacy":true}
2024-11-03T02:12:55+00:00 NOTICE Response
code: 200
message: OK
body: {"events_received":1,"messages":[],"fbtrace_id":"ARqvktCOPUQFUNFAjq48F1h"}
 CONTEXT: {"_legacy":true}
2024-11-03T02:12:57+00:00 NOTICE Request
method: POST
uri: https://graph.facebook.com/v20.0/820729112865218/events
user-agent: Facebook-for-WooCommerce/3.2.10 (WooCommerce/9.3.3; WordPress/6.6.2)
body: {"data":[{"action_source":"website","event_time":1730599976,"event_id":"11dfcb28-a555-4307-a1f8-906f233b21d0","event_source_url":"https:\/\/sincehence.store\/product\/sleep-patch-30-days-pack\/?v=7885444af42e","custom_data":{"content_name":"Sleep Patches | 30 Days Pack | Achieve a Restful Night Sleep | Natural Ingredients","content_ids":"[\"SHSUP-TB00023_133\"]","content_type":"product","contents":"[{\"id\":\"SHSUP-TB00023_133\",\"quantity\":1}]","content_category":"SLEEP REMEDIES","value":"27.95","currency":"USD"},"user_data":{"client_ip_address":"66.249.79.164","client_user_agent":"Mozilla\/5.0 (compatible; Googlebot\/2.1; +http:\/\/www.google.com\/bot.html)","fbc":"","fbp":""},"event_name":"ViewContent"}],"partner_agent":"woocommerce-9.3.3-3.2.10"}
duration: 0.13325s
 CONTEXT: {"_legacy":true}
2024-11-03T02:12:57+00:00 NOTICE Response
code: 200
message: OK
body: {"events_received":1,"messages":[],"fbtrace_id":"A42j4jI7sxjkwPQskitb9Kl"}
 CONTEXT: {"_legacy":true}
2024-11-03T02:13:00+00:00 NOTICE Request
method: POST
uri: https://graph.facebook.com/v20.0/820729112865218/events
user-agent: Facebook-for-WooCommerce/3.2.10 (WooCommerce/9.3.3; WordPress/6.6.2)
body: {"data":[{"action_source":"website","event_time":1730599979,"event_id":"add4c3a7-38de-45f1-8764-790276584fae","event_source_url":"https:\/\/sincehence.store\/product\/sleep-pillow-spray\/?v=7885444af42e","custom_data":{"content_name":"Sleep Time Pillow Spray | Lavender Scent | Relaxation and Enhanced Sleep Quality","content_ids":"[\"SHSUP-TB00022_135\"]","content_type":"product","contents":"[{\"id\":\"SHSUP-TB00022_135\",\"quantity\":1}]","content_category":"SLEEP REMEDIES","value":"15.95","currency":"USD"},"user_data":{"client_ip_address":"66.249.79.165","client_user_agent":"Mozilla\/5.0 (compatible; Googlebot\/2.1; +http:\/\/www.google.com\/bot.html)","fbc":"","fbp":""},"event_name":"ViewContent"}],"partner_agent":"woocommerce-9.3.3-3.2.10"}
duration: 0.12876s
 CONTEXT: {"_legacy":true}
2024-11-03T02:13:00+00:00 NOTICE Response
code: 200
message: OK
body: {"events_received":1,"messages":[],"fbtrace_id":"AUcEgh8ib5jEiYvxa1XYzdh"}
 CONTEXT: {"_legacy":true}
2024-11-03T02:13:02+00:00 NOTICE Request
method: POST
uri: https://graph.facebook.com/v20.0/820729112865218/events
user-agent: Facebook-for-WooCommerce/3.2.10 (WooCommerce/9.3.3; WordPress/6.6.2)
body: {"data":[{"action_source":"website","event_time":1730599981,"event_id":"232e3f8f-b35a-4dc4-8019-b19a2aa8be88","event_source_url":"https:\/\/sincehence.store\/product\/leg-cramp-cream\/?v=7885444af42e","custom_data":{"content_name":"Leg Cramp Relief Cream | Soothe | Relieve Muscle Cramps | Improve Circulation | Relax Muscles","content_ids":"[\"SHSUP-TB00021_137\"]","content_type":"product","contents":"[{\"id\":\"SHSUP-TB00021_137\",\"quantity\":1}]","content_category":"SLEEP REMEDIES","value":"17.95","currency":"USD"},"user_data":{"client_ip_address":"66.249.79.164","client_user_agent":"Mozilla\/5.0 (compatible; Googlebot\/2.1; +http:\/\/www.google.com\/bot.html)","fbc":"","fbp":""},"event_name":"ViewContent"}],"partner_agent":"woocommerce-9.3.3-3.2.10"}
duration: 0.1369s
 CONTEXT: {"_legacy":true}
2024-11-03T02:13:02+00:00 NOTICE Response
code: 200
message: OK
body: {"events_received":1,"messages":[],"fbtrace_id":"AN5H9XQsqzeOgaeU7X3eLoy"}
 CONTEXT: {"_legacy":true}
2024-11-03T02:22:46+00:00 NOTICE Request
method: GET
uri: https://graph.facebook.com/v20.0/fbe_business?fbe_external_business_id=sicnehenceecomemrce-665f929422055
user-agent: Facebook-for-WooCommerce/3.2.10 (WooCommerce/9.3.3; WordPress/6.6.2)
body:
duration: 0.31039s
 CONTEXT: {"_legacy":true}
2024-11-03T02:22:46+00:00 NOTICE Response
code: 200
message: OK
body: {"business":{"name":"SicneHence eComemrce"},"ads":[{"feature_instance_id":"813554103728373","enabled":true}],"catalogs":[{"feature_instance_id":"777710937847014","enabled":true}],"catalog_feed_scheduled":{"enabled":false},"ig_cta":{"enabled":false},"ig_shopping":{"enabled":false},"messenger_chat":{"enabled":false},"messenger_menu":{"enabled":false},"page_card":{"enabled":false},"page_cta":{"enabled":false},"page_post":{"enabled":false},"page_shop":{"enabled":false},"pixels":[{"feature_instance_id":"798387502384774","enabled":true}],"thread_intent":{"enabled":false}}
 CONTEXT: {"_legacy":true}
2024-11-03T02:23:21+00:00 NOTICE Request
method: POST
uri: https://graph.facebook.com/v20.0/820729112865218/events
user-agent: Facebook-for-WooCommerce/3.2.10 (WooCommerce/9.3.3; WordPress/6.6.2)
body: {"data":[{"action_source":"website","event_time":1730600599,"event_id":"d2331145-0c12-45ec-90c2-6d6e0f8cf129","event_source_url":"https:\/\/sincehence.store\/product\/cbd-patches\/?v=7885444af42e","custom_data":{"content_name":"CBD Patches - 8MG CBD Isolate Per Patch - 30 Patches - Long-Lasting 24-Hour Relief - Easy Application, Minimal Skin Irritation","content_ids":"[\"SHSUP-TB00045_89\"]","content_type":"product","contents":"[{\"id\":\"SHSUP-TB00045_89\",\"quantity\":1}]","content_category":"CBD REMEDIES","value":"25.95","currency":"USD"},"user_data":{"client_ip_address":"66.249.79.164","client_user_agent":"Mozilla\/5.0 (Linux; Android 6.0.1; Nexus 5X Build\/MMB29P) AppleWebKit\/537.36 (KHTML, like Gecko) Chrome\/130.0.6723.69 Mobile Safari\/537.36 (compatible; Googlebot\/2.1; +http:\/\/www.google.com\/bot.html)","fbc":"","fbp":""},"event_name":"ViewContent"}],"partner_agent":"woocommerce-9.3.3-3.2.10"}
duration: 0.1194s
 CONTEXT: {"_legacy":true}
2024-11-03T02:23:21+00:00 NOTICE Response
code: 200
message: OK
body: {"events_received":1,"messages":[],"fbtrace_id":"Arm1pCvUSgeA93XOzDeC4oh"}
 CONTEXT: {"_legacy":true}
2024-11-03T03:17:46+00:00 NOTICE Request
method: GET
uri: https://graph.facebook.com/v20.0/fbe_business?fbe_external_business_id=sicnehenceecomemrce-665f929422055
user-agent: Facebook-for-WooCommerce/3.2.10 (WooCommerce/9.3.3; WordPress/6.6.2)
body:
duration: 0.21765s
 CONTEXT: {"_legacy":true}
2024-11-03T03:17:46+00:00 NOTICE Response
code: 200
message: OK
body: {"business":{"name":"SicneHence eComemrce"},"ads":[{"feature_instance_id":"813554103728373","enabled":true}],"catalogs":[{"feature_instance_id":"777710937847014","enabled":true}],"catalog_feed_scheduled":{"enabled":false},"ig_cta":{"enabled":false},"ig_shopping":{"enabled":false},"messenger_chat":{"enabled":false},"messenger_menu":{"enabled":false},"page_card":{"enabled":false},"page_cta":{"enabled":false},"page_post":{"enabled":false},"page_shop":{"enabled":false},"pixels":[{"feature_instance_id":"798387502384774","enabled":true}],"thread_intent":{"enabled":false}}
 CONTEXT: {"_legacy":true}
2024-11-03T03:37:06+00:00 NOTICE Request
method: POST
uri: https://graph.facebook.com/v20.0/820729112865218/events
user-agent: Facebook-for-WooCommerce/3.2.10 (WooCommerce/9.3.3; WordPress/6.6.2)
body: {"data":[{"action_source":"website","event_time":1730605025,"event_id":"df134d94-1966-4a64-9b29-1627571be268","event_source_url":"https:\/\/sincehence.store\/product-category\/mens-health\/?v=0b3b97fa6688","custom_data":{"content_name":"MENS HEALTH","content_category":"MENS HEALTH","content_ids":"[\"SHSUP-TB00039_101\",\"SHSUP-TB00038_103\",\"SHSUP-TB00040_99\",\"SHSUP-TB00015_149\"]","content_type":"product","contents":[{"id":"SHSUP-TB00039_101","quantity":1},{"id":"SHSUP-TB00038_103","quantity":1},{"id":"SHSUP-TB00040_99","quantity":1},{"id":"SHSUP-TB00015_149","quantity":1}]},"user_data":{"client_ip_address":"49.51.36.179","client_user_agent":"Mozilla\/5.0 (iPhone; CPU iPhone OS 13_2_3 like Mac OS X) AppleWebKit\/605.1.15 (KHTML, like Gecko) Version\/13.0.3 Mobile\/15E148 Safari\/604.1","fbc":"","fbp":""},"event_name":"ViewCategory"}],"partner_agent":"woocommerce-9.3.3-3.2.10"}
duration: 0.14816s
 CONTEXT: {"_legacy":true}
2024-11-03T03:37:06+00:00 NOTICE Response
code: 200
message: OK
body: {"events_received":1,"messages":[],"fbtrace_id":"A2N8ViYdSQ4LMavw3-4-k7_"}
 CONTEXT: {"_legacy":true}
2024-11-03T03:38:46+00:00 NOTICE Generating a fresh product feed file CONTEXT: {"_legacy":true}
2024-11-03T03:38:47+00:00 NOTICE Product feed file generated CONTEXT: {"_legacy":true}
2024-11-03T04:17:52+00:00 NOTICE Request
method: GET
uri: https://graph.facebook.com/v20.0/fbe_business?fbe_external_business_id=sicnehenceecomemrce-665f929422055
user-agent: Facebook-for-WooCommerce/3.2.10 (WooCommerce/9.3.3; WordPress/6.6.2)
body:
duration: 0.15134s
 CONTEXT: {"_legacy":true}
2024-11-03T04:17:52+00:00 NOTICE Response
code: 200
message: OK
body: {"business":{"name":"SicneHence eComemrce"},"ads":[{"feature_instance_id":"813554103728373","enabled":true}],"catalogs":[{"feature_instance_id":"777710937847014","enabled":true}],"catalog_feed_scheduled":{"enabled":false},"ig_cta":{"enabled":false},"ig_shopping":{"enabled":false},"messenger_chat":{"enabled":false},"messenger_menu":{"enabled":false},"page_card":{"enabled":false},"page_cta":{"enabled":false},"page_post":{"enabled":false},"page_shop":{"enabled":false},"pixels":[{"feature_instance_id":"798387502384774","enabled":true}],"thread_intent":{"enabled":false}}
 CONTEXT: {"_legacy":true}
2024-11-03T05:17:53+00:00 NOTICE Request
method: GET
uri: https://graph.facebook.com/v20.0/fbe_business?fbe_external_business_id=sicnehenceecomemrce-665f929422055
user-agent: Facebook-for-WooCommerce/3.2.10 (WooCommerce/9.3.3; WordPress/6.6.2)
body:
duration: 0.19716s
 CONTEXT: {"_legacy":true}
2024-11-03T05:17:53+00:00 NOTICE Response
code: 200
message: OK
body: {"business":{"name":"SicneHence eComemrce"},"ads":[{"feature_instance_id":"813554103728373","enabled":true}],"catalogs":[{"feature_instance_id":"777710937847014","enabled":true}],"catalog_feed_scheduled":{"enabled":false},"ig_cta":{"enabled":false},"ig_shopping":{"enabled":false},"messenger_chat":{"enabled":false},"messenger_menu":{"enabled":false},"page_card":{"enabled":false},"page_cta":{"enabled":false},"page_post":{"enabled":false},"page_shop":{"enabled":false},"pixels":[{"feature_instance_id":"798387502384774","enabled":true}],"thread_intent":{"enabled":false}}
 CONTEXT: {"_legacy":true}
2024-11-03T06:17:52+00:00 NOTICE Request
method: GET
uri: https://graph.facebook.com/v20.0/fbe_business?fbe_external_business_id=sicnehenceecomemrce-665f929422055
user-agent: Facebook-for-WooCommerce/3.2.10 (WooCommerce/9.3.3; WordPress/6.6.2)
body:
duration: 0.18565s
 CONTEXT: {"_legacy":true}
2024-11-03T06:17:52+00:00 NOTICE Response
code: 200
message: OK
body: {"business":{"name":"SicneHence eComemrce"},"ads":[{"feature_instance_id":"813554103728373","enabled":true}],"catalogs":[{"feature_instance_id":"777710937847014","enabled":true}],"catalog_feed_scheduled":{"enabled":false},"ig_cta":{"enabled":false},"ig_shopping":{"enabled":false},"messenger_chat":{"enabled":false},"messenger_menu":{"enabled":false},"page_card":{"enabled":false},"page_cta":{"enabled":false},"page_post":{"enabled":false},"page_shop":{"enabled":false},"pixels":[{"feature_instance_id":"798387502384774","enabled":true}],"thread_intent":{"enabled":false}}
 CONTEXT: {"_legacy":true}
2024-11-03T06:18:05+00:00 NOTICE Request
method: POST
uri: https://graph.facebook.com/v20.0/820729112865218/events
user-agent: Facebook-for-WooCommerce/3.2.10 (WooCommerce/9.3.3; WordPress/6.6.2)
body: {"data":[{"action_source":"website","event_time":1730614683,"event_id":"ef6d9bfa-a9d9-4a17-af73-53ee240a2965","event_source_url":"https:\/\/sincehence.store\/product\/hair-restoration-ultimate-combo\/?v=7885444af42e","custom_data":{"content_name":"Hair Growth Serum | Hair-Skin-Nails Supplement Combo | Ultimate Health","content_ids":"[\"SHSUP-TB00026_127\"]","content_type":"product","contents":"[{\"id\":\"SHSUP-TB00026_127\",\"quantity\":1}]","content_category":"HAIR GROWTH","value":"49.95","currency":"USD"},"user_data":{"client_ip_address":"66.249.79.164","client_user_agent":"Mozilla\/5.0 (Linux; Android 6.0.1; Nexus 5X Build\/MMB29P) AppleWebKit\/537.36 (KHTML, like Gecko) Chrome\/130.0.6723.69 Mobile Safari\/537.36 (compatible; Googlebot\/2.1; +http:\/\/www.google.com\/bot.html)","fbc":"","fbp":""},"event_name":"ViewContent"}],"partner_agent":"woocommerce-9.3.3-3.2.10"}
duration: 0.26799s
 CONTEXT: {"_legacy":true}
2024-11-03T06:18:05+00:00 NOTICE Response
code: 200
message: OK
body: {"events_received":1,"messages":[],"fbtrace_id":"AYE1ywWja5om6zzYgJeXR9c"}
 CONTEXT: {"_legacy":true}
2024-11-03T07:22:48+00:00 NOTICE Request
method: GET
uri: https://graph.facebook.com/v20.0/fbe_business?fbe_external_business_id=sicnehenceecomemrce-665f929422055
user-agent: Facebook-for-WooCommerce/3.2.10 (WooCommerce/9.3.3; WordPress/6.6.2)
body:
duration: 0.184s
 CONTEXT: {"_legacy":true}
2024-11-03T07:22:48+00:00 NOTICE Response
code: 200
message: OK
body: {"business":{"name":"SicneHence eComemrce"},"ads":[{"feature_instance_id":"813554103728373","enabled":true}],"catalogs":[{"feature_instance_id":"777710937847014","enabled":true}],"catalog_feed_scheduled":{"enabled":false},"ig_cta":{"enabled":false},"ig_shopping":{"enabled":false},"messenger_chat":{"enabled":false},"messenger_menu":{"enabled":false},"page_card":{"enabled":false},"page_cta":{"enabled":false},"page_post":{"enabled":false},"page_shop":{"enabled":false},"pixels":[{"feature_instance_id":"798387502384774","enabled":true}],"thread_intent":{"enabled":false}}
 CONTEXT: {"_legacy":true}
2024-11-03T08:17:47+00:00 NOTICE Request
method: GET
uri: https://graph.facebook.com/v20.0/fbe_business?fbe_external_business_id=sicnehenceecomemrce-665f929422055
user-agent: Facebook-for-WooCommerce/3.2.10 (WooCommerce/9.3.3; WordPress/6.6.2)
body:
duration: 0.16287s
 CONTEXT: {"_legacy":true}
2024-11-03T08:17:47+00:00 NOTICE Response
code: 200
message: OK
body: {"business":{"name":"SicneHence eComemrce"},"ads":[{"feature_instance_id":"813554103728373","enabled":true}],"catalogs":[{"feature_instance_id":"777710937847014","enabled":true}],"catalog_feed_scheduled":{"enabled":false},"ig_cta":{"enabled":false},"ig_shopping":{"enabled":false},"messenger_chat":{"enabled":false},"messenger_menu":{"enabled":false},"page_card":{"enabled":false},"page_cta":{"enabled":false},"page_post":{"enabled":false},"page_shop":{"enabled":false},"pixels":[{"feature_instance_id":"798387502384774","enabled":true}],"thread_intent":{"enabled":false}}
 CONTEXT: {"_legacy":true}
2024-11-03T09:21:58+00:00 NOTICE Request
method: GET
uri: https://graph.facebook.com/v20.0/fbe_business?fbe_external_business_id=sicnehenceecomemrce-665f929422055
user-agent: Facebook-for-WooCommerce/3.2.10 (WooCommerce/9.3.3; WordPress/6.6.2)
body:
duration: 0.29899s
 CONTEXT: {"_legacy":true}
2024-11-03T09:21:58+00:00 NOTICE Response
code: 200
message: OK
body: {"business":{"name":"SicneHence eComemrce"},"ads":[{"feature_instance_id":"813554103728373","enabled":true}],"catalogs":[{"feature_instance_id":"777710937847014","enabled":true}],"catalog_feed_scheduled":{"enabled":false},"ig_cta":{"enabled":false},"ig_shopping":{"enabled":false},"messenger_chat":{"enabled":false},"messenger_menu":{"enabled":false},"page_card":{"enabled":false},"page_cta":{"enabled":false},"page_post":{"enabled":false},"page_shop":{"enabled":false},"pixels":[{"feature_instance_id":"798387502384774","enabled":true}],"thread_intent":{"enabled":false}}
 CONTEXT: {"_legacy":true}
2024-11-03T10:19:20+00:00 NOTICE Request
method: GET
uri: https://graph.facebook.com/v20.0/fbe_business?fbe_external_business_id=sicnehenceecomemrce-665f929422055
user-agent: Facebook-for-WooCommerce/3.2.10 (WooCommerce/9.3.3; WordPress/6.6.2)
body:
duration: 0.18771s
 CONTEXT: {"_legacy":true}
2024-11-03T10:19:20+00:00 NOTICE Response
code: 200
message: OK
body: {"business":{"name":"SicneHence eComemrce"},"ads":[{"feature_instance_id":"813554103728373","enabled":true}],"catalogs":[{"feature_instance_id":"777710937847014","enabled":true}],"catalog_feed_scheduled":{"enabled":false},"ig_cta":{"enabled":false},"ig_shopping":{"enabled":false},"messenger_chat":{"enabled":false},"messenger_menu":{"enabled":false},"page_card":{"enabled":false},"page_cta":{"enabled":false},"page_post":{"enabled":false},"page_shop":{"enabled":false},"pixels":[{"feature_instance_id":"798387502384774","enabled":true}],"thread_intent":{"enabled":false}}
 CONTEXT: {"_legacy":true}
2024-11-03T11:17:52+00:00 NOTICE Request
method: GET
uri: https://graph.facebook.com/v20.0/fbe_business?fbe_external_business_id=sicnehenceecomemrce-665f929422055
user-agent: Facebook-for-WooCommerce/3.2.10 (WooCommerce/9.3.3; WordPress/6.6.2)
body:
duration: 0.15594s
 CONTEXT: {"_legacy":true}
2024-11-03T11:17:52+00:00 NOTICE Response
code: 200
message: OK
body: {"business":{"name":"SicneHence eComemrce"},"ads":[{"feature_instance_id":"813554103728373","enabled":true}],"catalogs":[{"feature_instance_id":"777710937847014","enabled":true}],"catalog_feed_scheduled":{"enabled":false},"ig_cta":{"enabled":false},"ig_shopping":{"enabled":false},"messenger_chat":{"enabled":false},"messenger_menu":{"enabled":false},"page_card":{"enabled":false},"page_cta":{"enabled":false},"page_post":{"enabled":false},"page_shop":{"enabled":false},"pixels":[{"feature_instance_id":"798387502384774","enabled":true}],"thread_intent":{"enabled":false}}
 CONTEXT: {"_legacy":true}
2024-11-03T12:17:51+00:00 NOTICE Request
method: POST
uri: https://graph.facebook.com/v20.0/820729112865218/events
user-agent: Facebook-for-WooCommerce/3.2.10 (WooCommerce/9.3.3; WordPress/6.6.2)
body: {"data":[{"action_source":"website","event_time":1730636268,"event_id":"8893e848-2d34-4920-a4da-6ea985232267","event_source_url":"https:\/\/sincehence.store\/product\/thyroid-support-capsules\/?v=7885444af42e","custom_data":{"content_name":"Thyroid Support Suppliments | Simply Nature Supplements | 60 Capsules | Natural Ingredients","content_ids":"[\"SHSUP-TB00018_143\"]","content_type":"product","contents":"[{\"id\":\"SHSUP-TB00018_143\",\"quantity\":1}]","content_category":"KETO","value":"22.95","currency":"USD"},"user_data":{"client_ip_address":"47.128.111.133","client_user_agent":"Mozilla\/5.0 (compatible; Bytespider; spider-feedback@bytedance.com) AppleWebKit\/537.36 (KHTML, like Gecko) Chrome\/70.0.0.0 Safari\/537.36","fbc":"","fbp":""},"event_name":"ViewContent"}],"partner_agent":"woocommerce-9.3.3-3.2.10"}
duration: 0.16422s
 CONTEXT: {"_legacy":true}
2024-11-03T12:17:51+00:00 NOTICE Response
code: 200
message: OK
body: {"events_received":1,"messages":[],"fbtrace_id":"AEnIgrtbkJ9MYEyrBJreJYt"}
 CONTEXT: {"_legacy":true}
2024-11-03T12:19:02+00:00 NOTICE Request
method: GET
uri: https://graph.facebook.com/v20.0/fbe_business?fbe_external_business_id=sicnehenceecomemrce-665f929422055
user-agent: Facebook-for-WooCommerce/3.2.10 (WooCommerce/9.3.3; WordPress/6.6.2)
body:
duration: 0.22482s
 CONTEXT: {"_legacy":true}
2024-11-03T12:19:02+00:00 NOTICE Response
code: 200
message: OK
body: {"business":{"name":"SicneHence eComemrce"},"ads":[{"feature_instance_id":"813554103728373","enabled":true}],"catalogs":[{"feature_instance_id":"777710937847014","enabled":true}],"catalog_feed_scheduled":{"enabled":false},"ig_cta":{"enabled":false},"ig_shopping":{"enabled":false},"messenger_chat":{"enabled":false},"messenger_menu":{"enabled":false},"page_card":{"enabled":false},"page_cta":{"enabled":false},"page_post":{"enabled":false},"page_shop":{"enabled":false},"pixels":[{"feature_instance_id":"798387502384774","enabled":true}],"thread_intent":{"enabled":false}}
 CONTEXT: {"_legacy":true}
2024-11-03T13:10:13+00:00 NOTICE Request
method: POST
uri: https://graph.facebook.com/v20.0/820729112865218/events
user-agent: Facebook-for-WooCommerce/3.2.10 (WooCommerce/9.3.3; WordPress/6.6.2)
body: {"data":[{"action_source":"website","event_time":1730639409,"event_id":"7a541bb4-118e-4240-a6c8-9bc9724601eb","event_source_url":"https:\/\/sincehence.store\/product\/pain-relief-24mg-extra-strength-patches-12-pack\/?v=7885444af42e","custom_data":{"content_name":"CBD Patches | Pack of 12 | 24-Hour Relief | 24mg CBD Isolate | Convenient - Discreet - Targeted Application","content_ids":"[\"SHSUP-TB00002_175\"]","content_type":"product","contents":"[{\"id\":\"SHSUP-TB00002_175\",\"quantity\":1}]","content_category":"PAIN RELIEF","value":"29.95","currency":"USD"},"user_data":{"client_ip_address":"17.241.75.206","client_user_agent":"Mozilla\/5.0 (Macintosh; Intel Mac OS X 10_15_7) AppleWebKit\/605.1.15 (KHTML, like Gecko) Version\/17.4 Safari\/605.1.15 (Applebot\/0.1; +http:\/\/www.apple.com\/go\/applebot)","fbc":"","fbp":""},"event_name":"ViewContent"}],"partner_agent":"woocommerce-9.3.3-3.2.10"}
duration: 0.1688s
 CONTEXT: {"_legacy":true}
2024-11-03T13:10:13+00:00 NOTICE Response
code: 200
message: OK
body: {"events_received":1,"messages":[],"fbtrace_id":"AYAL4Mlnmu317-qiRYQIB-N"}
 CONTEXT: {"_legacy":true}
2024-11-03T13:18:21+00:00 NOTICE Request
method: GET
uri: https://graph.facebook.com/v20.0/fbe_business?fbe_external_business_id=sicnehenceecomemrce-665f929422055
user-agent: Facebook-for-WooCommerce/3.2.10 (WooCommerce/9.3.3; WordPress/6.6.2)
body:
duration: 0.18429s
 CONTEXT: {"_legacy":true}
2024-11-03T13:18:21+00:00 NOTICE Response
code: 200
message: OK
body: {"business":{"name":"SicneHence eComemrce"},"ads":[{"feature_instance_id":"813554103728373","enabled":true}],"catalogs":[{"feature_instance_id":"777710937847014","enabled":true}],"catalog_feed_scheduled":{"enabled":false},"ig_cta":{"enabled":false},"ig_shopping":{"enabled":false},"messenger_chat":{"enabled":false},"messenger_menu":{"enabled":false},"page_card":{"enabled":false},"page_cta":{"enabled":false},"page_post":{"enabled":false},"page_shop":{"enabled":false},"pixels":[{"feature_instance_id":"798387502384774","enabled":true}],"thread_intent":{"enabled":false}}
 CONTEXT: {"_legacy":true}
2024-11-03T14:18:18+00:00 NOTICE Request
method: GET
uri: https://graph.facebook.com/v20.0/fbe_business?fbe_external_business_id=sicnehenceecomemrce-665f929422055
user-agent: Facebook-for-WooCommerce/3.2.10 (WooCommerce/9.3.3; WordPress/6.6.2)
body:
duration: 0.25507s
 CONTEXT: {"_legacy":true}
2024-11-03T14:18:18+00:00 NOTICE Response
code: 200
message: OK
body: {"business":{"name":"SicneHence eComemrce"},"ads":[{"feature_instance_id":"813554103728373","enabled":true}],"catalogs":[{"feature_instance_id":"777710937847014","enabled":true}],"catalog_feed_scheduled":{"enabled":false},"ig_cta":{"enabled":false},"ig_shopping":{"enabled":false},"messenger_chat":{"enabled":false},"messenger_menu":{"enabled":false},"page_card":{"enabled":false},"page_cta":{"enabled":false},"page_post":{"enabled":false},"page_shop":{"enabled":false},"pixels":[{"feature_instance_id":"798387502384774","enabled":true}],"thread_intent":{"enabled":false}}
 CONTEXT: {"_legacy":true}
2024-11-03T14:20:50+00:00 NOTICE Request
method: POST
uri: https://graph.facebook.com/v20.0/820729112865218/events
user-agent: Facebook-for-WooCommerce/3.2.10 (WooCommerce/9.3.3; WordPress/6.6.2)
body: {"data":[{"action_source":"website","event_time":1730643648,"event_id":"db963700-8238-4ed9-af71-454bb86dddd6","event_source_url":"https:\/\/sincehence.store\/product\/focus-patches-3-day\/?v=8bcc25c96aa5","custom_data":{"content_name":"Focus Patches | 3 Days Topical Skin Patches | Enhance Focus and Mental Clarity | Natural Ingredients","content_ids":"[\"SHSUP-TB00011_157\"]","content_type":"product","contents":"[{\"id\":\"SHSUP-TB00011_157\",\"quantity\":1}]","content_category":"BRAIN HEALTH","value":"7.95","currency":"USD"},"user_data":{"client_ip_address":"119.13.106.55","client_user_agent":"Mozilla\/5.0 (Windows NT 10.0; Win64; x64) AppleWebKit\/537.36 (KHTML, like Gecko) Chrome\/101.0.4951.67 Safari\/537.36","fbc":"","fbp":""},"event_name":"ViewContent"}],"partner_agent":"woocommerce-9.3.3-3.2.10"}
duration: 0.15422s
 CONTEXT: {"_legacy":true}
2024-11-03T14:20:50+00:00 NOTICE Response
code: 200
message: OK
body: {"events_received":1,"messages":[],"fbtrace_id":"AimyuWJPQsq29-a7ku4mHZd"}
 CONTEXT: {"_legacy":true}
2024-11-03T15:20:21+00:00 NOTICE Request
method: GET
uri: https://graph.facebook.com/v20.0/fbe_business?fbe_external_business_id=sicnehenceecomemrce-665f929422055
user-agent: Facebook-for-WooCommerce/3.2.10 (WooCommerce/9.3.3; WordPress/6.6.2)
body:
duration: 0.16863s
 CONTEXT: {"_legacy":true}
2024-11-03T15:20:21+00:00 NOTICE Response
code: 200
message: OK
body: {"business":{"name":"SicneHence eComemrce"},"ads":[{"feature_instance_id":"813554103728373","enabled":true}],"catalogs":[{"feature_instance_id":"777710937847014","enabled":true}],"catalog_feed_scheduled":{"enabled":false},"ig_cta":{"enabled":false},"ig_shopping":{"enabled":false},"messenger_chat":{"enabled":false},"messenger_menu":{"enabled":false},"page_card":{"enabled":false},"page_cta":{"enabled":false},"page_post":{"enabled":false},"page_shop":{"enabled":false},"pixels":[{"feature_instance_id":"798387502384774","enabled":true}],"thread_intent":{"enabled":false}}
 CONTEXT: {"_legacy":true}
2024-11-03T15:27:51+00:00 NOTICE Request
method: POST
uri: https://graph.facebook.com/v20.0/820729112865218/events
user-agent: Facebook-for-WooCommerce/3.2.10 (WooCommerce/9.3.3; WordPress/6.6.2)
body: {"data":[{"action_source":"website","event_time":1730647669,"event_id":"5c511f7e-cb78-41f5-8772-0e1e34d52629","event_source_url":"https:\/\/sincehence.store\/product-category\/hair\/?v=8bcc25c96aa5","custom_data":{"content_name":"HAIR GROWTH","content_category":"HAIR GROWTH","content_ids":"[\"SHSUP-TB00027_125\",\"SHSUP-TB00028_123\",\"SHSUP-TB00026_127\"]","content_type":"product","contents":[{"id":"SHSUP-TB00027_125","quantity":1},{"id":"SHSUP-TB00028_123","quantity":1},{"id":"SHSUP-TB00026_127","quantity":1}]},"user_data":{"client_ip_address":"124.156.193.7","client_user_agent":"Mozilla\/5.0 (iPhone; CPU iPhone OS 13_2_3 like Mac OS X) AppleWebKit\/605.1.15 (KHTML, like Gecko) Version\/13.0.3 Mobile\/15E148 Safari\/604.1","fbc":"","fbp":""},"event_name":"ViewCategory"}],"partner_agent":"woocommerce-9.3.3-3.2.10"}
duration: 0.16337s
 CONTEXT: {"_legacy":true}
2024-11-03T15:27:51+00:00 NOTICE Response
code: 200
message: OK
body: {"events_received":1,"messages":[],"fbtrace_id":"AMz5CRNWcmNNBkbZLErEcLb"}
 CONTEXT: {"_legacy":true}
2024-11-03T16:22:47+00:00 NOTICE Request
method: GET
uri: https://graph.facebook.com/v20.0/fbe_business?fbe_external_business_id=sicnehenceecomemrce-665f929422055
user-agent: Facebook-for-WooCommerce/3.2.10 (WooCommerce/9.3.3; WordPress/6.6.2)
body:
duration: 0.18961s
 CONTEXT: {"_legacy":true}
2024-11-03T16:22:47+00:00 NOTICE Response
code: 200
message: OK
body: {"business":{"name":"SicneHence eComemrce"},"ads":[{"feature_instance_id":"813554103728373","enabled":true}],"catalogs":[{"feature_instance_id":"777710937847014","enabled":true}],"catalog_feed_scheduled":{"enabled":false},"ig_cta":{"enabled":false},"ig_shopping":{"enabled":false},"messenger_chat":{"enabled":false},"messenger_menu":{"enabled":false},"page_card":{"enabled":false},"page_cta":{"enabled":false},"page_post":{"enabled":false},"page_shop":{"enabled":false},"pixels":[{"feature_instance_id":"798387502384774","enabled":true}],"thread_intent":{"enabled":false}}
 CONTEXT: {"_legacy":true}
2024-11-03T17:17:54+00:00 NOTICE Request
method: GET
uri: https://graph.facebook.com/v20.0/fbe_business?fbe_external_business_id=sicnehenceecomemrce-665f929422055
user-agent: Facebook-for-WooCommerce/3.2.10 (WooCommerce/9.3.3; WordPress/6.6.2)
body:
duration: 0.17651s
 CONTEXT: {"_legacy":true}
2024-11-03T17:17:54+00:00 NOTICE Response
code: 200
message: OK
body: {"business":{"name":"SicneHence eComemrce"},"ads":[{"feature_instance_id":"813554103728373","enabled":true}],"catalogs":[{"feature_instance_id":"777710937847014","enabled":true}],"catalog_feed_scheduled":{"enabled":false},"ig_cta":{"enabled":false},"ig_shopping":{"enabled":false},"messenger_chat":{"enabled":false},"messenger_menu":{"enabled":false},"page_card":{"enabled":false},"page_cta":{"enabled":false},"page_post":{"enabled":false},"page_shop":{"enabled":false},"pixels":[{"feature_instance_id":"798387502384774","enabled":true}],"thread_intent":{"enabled":false}}
 CONTEXT: {"_legacy":true}
2024-11-03T17:23:47+00:00 NOTICE Request
method: POST
uri: https://graph.facebook.com/v20.0/820729112865218/events
user-agent: Facebook-for-WooCommerce/3.2.10 (WooCommerce/9.3.3; WordPress/6.6.2)
body: {"data":[{"action_source":"website","event_time":1730654624,"event_id":"6a60a9f6-16d6-4a27-8818-fb0c56d603b3","event_source_url":"https:\/\/sincehence.store\/product\/cbd-24mg-extra-strength-patches-30-pack\/?v=7885444af42e","custom_data":{"content_name":"CBD Patches | 30 Pack | 24mg Extra Strength | Long-Lasting Relief | Convenient | Discreet","content_ids":"[\"SHSUP-TB00029_121\"]","content_type":"product","contents":"[{\"id\":\"SHSUP-TB00029_121\",\"quantity\":1}]","content_category":"CBD REMEDIES","value":"64.95","currency":"USD"},"user_data":{"client_ip_address":"47.128.56.85","client_user_agent":"Mozilla\/5.0 (compatible; Bytespider; spider-feedback@bytedance.com) AppleWebKit\/537.36 (KHTML, like Gecko) Chrome\/70.0.0.0 Safari\/537.36","fbc":"","fbp":""},"event_name":"ViewContent"}],"partner_agent":"woocommerce-9.3.3-3.2.10"}
duration: 0.20167s
 CONTEXT: {"_legacy":true}
2024-11-03T17:23:47+00:00 NOTICE Response
code: 200
message: OK
body: {"events_received":1,"messages":[],"fbtrace_id":"AFx3sccBjMS9xC8J3geX7vl"}
 CONTEXT: {"_legacy":true}
2024-11-03T18:22:46+00:00 NOTICE Request
method: GET
uri: https://graph.facebook.com/v20.0/fbe_business?fbe_external_business_id=sicnehenceecomemrce-665f929422055
user-agent: Facebook-for-WooCommerce/3.2.10 (WooCommerce/9.3.3; WordPress/6.6.2)
body:
duration: 0.23478s
 CONTEXT: {"_legacy":true}
2024-11-03T18:22:46+00:00 NOTICE Response
code: 200
message: OK
body: {"business":{"name":"SicneHence eComemrce"},"ads":[{"feature_instance_id":"813554103728373","enabled":true}],"catalogs":[{"feature_instance_id":"777710937847014","enabled":true}],"catalog_feed_scheduled":{"enabled":false},"ig_cta":{"enabled":false},"ig_shopping":{"enabled":false},"messenger_chat":{"enabled":false},"messenger_menu":{"enabled":false},"page_card":{"enabled":false},"page_cta":{"enabled":false},"page_post":{"enabled":false},"page_shop":{"enabled":false},"pixels":[{"feature_instance_id":"798387502384774","enabled":true}],"thread_intent":{"enabled":false}}
 CONTEXT: {"_legacy":true}
2024-11-03T19:17:59+00:00 NOTICE Request
method: GET
uri: https://graph.facebook.com/v20.0/fbe_business?fbe_external_business_id=sicnehenceecomemrce-665f929422055
user-agent: Facebook-for-WooCommerce/3.2.10 (WooCommerce/9.3.3; WordPress/6.6.2)
body:
duration: 0.15642s
 CONTEXT: {"_legacy":true}
2024-11-03T19:17:59+00:00 NOTICE Response
code: 200
message: OK
body: {"business":{"name":"SicneHence eComemrce"},"ads":[{"feature_instance_id":"813554103728373","enabled":true}],"catalogs":[{"feature_instance_id":"777710937847014","enabled":true}],"catalog_feed_scheduled":{"enabled":false},"ig_cta":{"enabled":false},"ig_shopping":{"enabled":false},"messenger_chat":{"enabled":false},"messenger_menu":{"enabled":false},"page_card":{"enabled":false},"page_cta":{"enabled":false},"page_post":{"enabled":false},"page_shop":{"enabled":false},"pixels":[{"feature_instance_id":"798387502384774","enabled":true}],"thread_intent":{"enabled":false}}
 CONTEXT: {"_legacy":true}
2024-11-03T20:20:41+00:00 NOTICE Request
method: GET
uri: https://graph.facebook.com/v20.0/fbe_business?fbe_external_business_id=sicnehenceecomemrce-665f929422055
user-agent: Facebook-for-WooCommerce/3.2.10 (WooCommerce/9.3.3; WordPress/6.6.2)
body:
duration: 0.26041s
 CONTEXT: {"_legacy":true}
2024-11-03T20:20:41+00:00 NOTICE Response
code: 200
message: OK
body: {"business":{"name":"SicneHence eComemrce"},"ads":[{"feature_instance_id":"813554103728373","enabled":true}],"catalogs":[{"feature_instance_id":"777710937847014","enabled":true}],"catalog_feed_scheduled":{"enabled":false},"ig_cta":{"enabled":false},"ig_shopping":{"enabled":false},"messenger_chat":{"enabled":false},"messenger_menu":{"enabled":false},"page_card":{"enabled":false},"page_cta":{"enabled":false},"page_post":{"enabled":false},"page_shop":{"enabled":false},"pixels":[{"feature_instance_id":"798387502384774","enabled":true}],"thread_intent":{"enabled":false}}
 CONTEXT: {"_legacy":true}
2024-11-03T21:17:50+00:00 NOTICE Request
method: GET
uri: https://graph.facebook.com/v20.0/fbe_business?fbe_external_business_id=sicnehenceecomemrce-665f929422055
user-agent: Facebook-for-WooCommerce/3.2.10 (WooCommerce/9.3.3; WordPress/6.6.2)
body:
duration: 0.12048s
 CONTEXT: {"_legacy":true}
2024-11-03T21:17:50+00:00 NOTICE Response
code: 200
message: OK
body: {"business":{"name":"SicneHence eComemrce"},"ads":[{"feature_instance_id":"813554103728373","enabled":true}],"catalogs":[{"feature_instance_id":"777710937847014","enabled":true}],"catalog_feed_scheduled":{"enabled":false},"ig_cta":{"enabled":false},"ig_shopping":{"enabled":false},"messenger_chat":{"enabled":false},"messenger_menu":{"enabled":false},"page_card":{"enabled":false},"page_cta":{"enabled":false},"page_post":{"enabled":false},"page_shop":{"enabled":false},"pixels":[{"feature_instance_id":"798387502384774","enabled":true}],"thread_intent":{"enabled":false}}
 CONTEXT: {"_legacy":true}
2024-11-03T22:20:40+00:00 NOTICE Request
method: GET
uri: https://graph.facebook.com/v20.0/fbe_business?fbe_external_business_id=sicnehenceecomemrce-665f929422055
user-agent: Facebook-for-WooCommerce/3.2.10 (WooCommerce/9.3.3; WordPress/6.6.2)
body:
duration: 0.20065s
 CONTEXT: {"_legacy":true}
2024-11-03T22:20:40+00:00 NOTICE Response
code: 200
message: OK
body: {"business":{"name":"SicneHence eComemrce"},"ads":[{"feature_instance_id":"813554103728373","enabled":true}],"catalogs":[{"feature_instance_id":"777710937847014","enabled":true}],"catalog_feed_scheduled":{"enabled":false},"ig_cta":{"enabled":false},"ig_shopping":{"enabled":false},"messenger_chat":{"enabled":false},"messenger_menu":{"enabled":false},"page_card":{"enabled":false},"page_cta":{"enabled":false},"page_post":{"enabled":false},"page_shop":{"enabled":false},"pixels":[{"feature_instance_id":"798387502384774","enabled":true}],"thread_intent":{"enabled":false}}
 CONTEXT: {"_legacy":true}
2024-11-03T22:22:45+00:00 NOTICE Request
method: GET
uri: https://graph.facebook.com/v20.0/987788172779218/product_feeds
user-agent: Facebook-for-WooCommerce/3.2.10 (WooCommerce/9.3.3; WordPress/6.6.2)
body:
duration: 0.17406s
 CONTEXT: {"_legacy":true}
2024-11-03T22:22:45+00:00 NOTICE Response
code: 200
message: OK
body: {"data":[{"id":"980052693510616","file_name":"SicneHence eComemrce Supplimet - Catalog - Feed","name":"SicneHence eComemrce Supplimet - Catalog - Feed"}],"paging":{"cursors":{"before":"QVFIUlpFTE9uUTRPVi0zSlAxcGNuMGlVNDEzMVVCdTNXYVhfNU80ZAXRhMk55eTR2eC11WGdRaHVmeDJ3aHRQUFVHSXo0RmtxZAkRXX3Fid1VwQjNhbG9fc093","after":"QVFIUlpFTE9uUTRPVi0zSlAxcGNuMGlVNDEzMVVCdTNXYVhfNU80ZAXRhMk55eTR2eC11WGdRaHVmeDJ3aHRQUFVHSXo0RmtxZAkRXX3Fid1VwQjNhbG9fc093"}}}
 CONTEXT: {"_legacy":true}
2024-11-03T22:22:46+00:00 NOTICE Request
method: GET
uri: https://graph.facebook.com/v20.0/980052693510616/?fields=created_time,latest_upload,product_count,schedule,update_schedule
user-agent: Facebook-for-WooCommerce/3.2.10 (WooCommerce/9.3.3; WordPress/6.6.2)
body:
duration: 0.24596s
 CONTEXT: {"_legacy":true}
2024-11-03T22:22:46+00:00 NOTICE Response
code: 200
message: OK
body: {"created_time":"2024-06-05T19:21:45+0000","product_count":0,"id":"980052693510616"}
 CONTEXT: {"_legacy":true}
2024-11-03T22:22:46+00:00 NOTICE Request
method: GET
uri: https://graph.facebook.com/v20.0/fbe_business/fbe_installs?fbe_external_business_id=sicnehenceecomemrce-665f929422055
user-agent: Facebook-for-WooCommerce/3.2.10 (WooCommerce/9.3.3; WordPress/6.6.2)
body:
duration: 0.4631s
 CONTEXT: {"_legacy":true}
2024-11-03T22:22:46+00:00 NOTICE Response
code: 200
message: OK
body: {"data":[{"business_manager_id":"280213847030763","onsite_eligible":false,"pixel_id":"820729112865218","profiles":["100481805425565","17841445880604158"],"ad_account_id":"307726204234823","catalog_id":"987788172779218","pages":["100481805425565"],"instagram_profiles":["17841445880604158"],"ig_shop":{"status":"NOT_SUBMITTED"},"token_type":"User","installed_features":[{"feature_instance_id":"813554103728373","feature_type":"ads","connected_assets":{"ad_account_id":"307726204234823","business_manager_id":"280213847030763","catalog_id":"987788172779218","ig_profile_id":"17841445880604158","page_id":"100481805425565","pixel_id":"820729112865218"},"additional_info":{"onsite_eligible":false,"pixel_is_consolidated_container":false}},{"feature_instance_id":"798387502384774","feature_type":"pixel","connected_assets":{"ad_account_id":"307726204234823","business_manager_id":"280213847030763","ig_profile_id":"17841445880604158","page_id":"100481805425565","pixel_id":"820729112865218"},"additional_info":{"onsite_eligible":false,"pixel_is_consolidated_container":false}},{"feature_instance_id":"777710937847014","feature_type":"catalog","connected_assets":{"ad_account_id":"307726204234823","business_manager_id":"280213847030763","catalog_id":"987788172779218","ig_profile_id":"17841445880604158","page_id":"100481805425565","pixel_id":"820729112865218"},"additional_info":{"onsite_eligible":false,"pixel_is_consolidated_container":false}}]}]}
 CONTEXT: {"_legacy":true}
2024-11-03T22:22:46+00:00 NOTICE Retrieving page access token CONTEXT: {"_legacy":true}
2024-11-03T23:17:47+00:00 NOTICE Request
method: GET
uri: https://graph.facebook.com/v20.0/fbe_business?fbe_external_business_id=sicnehenceecomemrce-665f929422055
user-agent: Facebook-for-WooCommerce/3.2.10 (WooCommerce/9.3.3; WordPress/6.6.2)
body:
duration: 0.22742s
 CONTEXT: {"_legacy":true}
2024-11-03T23:17:47+00:00 NOTICE Response
code: 200
message: OK
body: {"business":{"name":"SicneHence eComemrce"},"ads":[{"feature_instance_id":"813554103728373","enabled":true}],"catalogs":[{"feature_instance_id":"777710937847014","enabled":true}],"catalog_feed_scheduled":{"enabled":false},"ig_cta":{"enabled":false},"ig_shopping":{"enabled":false},"messenger_chat":{"enabled":false},"messenger_menu":{"enabled":false},"page_card":{"enabled":false},"page_cta":{"enabled":false},"page_post":{"enabled":false},"page_shop":{"enabled":false},"pixels":[{"feature_instance_id":"798387502384774","enabled":true}],"thread_intent":{"enabled":false}}
 CONTEXT: {"_legacy":true}
