2024-10-25T00:22:28+00:00 NOTICE Request
method: GET
uri: https://graph.facebook.com/v20.0/fbe_business?fbe_external_business_id=sicnehenceecomemrce-665f929422055
user-agent: Facebook-for-WooCommerce/3.2.10 (WooCommerce/9.3.3; WordPress/6.6.2)
body:
duration: 0.33034s
 CONTEXT: {"_legacy":true}
2024-10-25T00:22:28+00:00 NOTICE Response
code: 200
message: OK
body: {"business":{"name":"SicneHence eComemrce"},"ads":[{"feature_instance_id":"813554103728373","enabled":true}],"catalogs":[{"feature_instance_id":"777710937847014","enabled":true}],"catalog_feed_scheduled":{"enabled":false},"ig_cta":{"enabled":false},"ig_shopping":{"enabled":false},"messenger_chat":{"enabled":false},"messenger_menu":{"enabled":false},"page_card":{"enabled":false},"page_cta":{"enabled":false},"page_post":{"enabled":false},"page_shop":{"enabled":false},"pixels":[{"feature_instance_id":"798387502384774","enabled":true}],"thread_intent":{"enabled":false}}
 CONTEXT: {"_legacy":true}
2024-10-25T00:34:25+00:00 NOTICE Request
method: POST
uri: https://graph.facebook.com/v20.0/820729112865218/events
user-agent: Facebook-for-WooCommerce/3.2.10 (WooCommerce/9.3.3; WordPress/6.6.2)
body: {"data":[{"action_source":"website","event_time":1729816460,"event_id":"e3b8e4a1-f36f-4cee-ac08-eaa2060df659","event_source_url":"https:\/\/sincehence.store\/product-category\/keto\/?v=0b3b97fa6688","custom_data":{"content_name":"KETO","content_category":"KETO","content_ids":"[\"SHSUP-TB00049_81\",\"SHSUP-TB00019_141\",\"SHSUP-TB00017_145\",\"SHSUP-TB00016_147\",\"SHSUP-TB00050_79\",\"SHSUP-TB00048_83\",\"SHSUP-TB00018_143\"]","content_type":"product","contents":[{"id":"SHSUP-TB00049_81","quantity":1},{"id":"SHSUP-TB00019_141","quantity":1},{"id":"SHSUP-TB00017_145","quantity":1},{"id":"SHSUP-TB00016_147","quantity":1},{"id":"SHSUP-TB00050_79","quantity":1},{"id":"SHSUP-TB00048_83","quantity":1},{"id":"SHSUP-TB00018_143","quantity":1}]},"user_data":{"client_ip_address":"43.130.7.211","client_user_agent":"Mozilla\/5.0 (iPhone; CPU iPhone OS 13_2_3 like Mac OS X) AppleWebKit\/605.1.15 (KHTML, like Gecko) Version\/13.0.3 Mobile\/15E148 Safari\/604.1","fbc":"","fbp":""},"event_name":"ViewCategory"}],"partner_agent":"woocommerce-9.3.3-3.2.10"}
duration: 0.25191s
 CONTEXT: {"_legacy":true}
2024-10-25T00:34:25+00:00 NOTICE Response
code: 200
message: OK
body: {"events_received":1,"messages":[],"fbtrace_id":"AwTNPb_qZQ_iCMJx1IGDsPy"}
 CONTEXT: {"_legacy":true}
2024-10-25T00:34:37+00:00 NOTICE Request
method: POST
uri: https://graph.facebook.com/v20.0/820729112865218/events
user-agent: Facebook-for-WooCommerce/3.2.10 (WooCommerce/9.3.3; WordPress/6.6.2)
body: {"data":[{"action_source":"website","event_time":1729816476,"event_id":"c0b23603-e6c4-4347-9043-36304b8d4307","event_source_url":"https:\/\/sincehence.store\/product-category\/sleep\/?v=8bcc25c96aa5","custom_data":{"content_name":"SLEEP REMEDIES","content_category":"SLEEP REMEDIES","content_ids":"[\"SHSUP-TB00021_137\",\"SHSUP-TB00024_131\",\"SHSUP-TB00025_129\",\"SHSUP-TB00023_133\",\"SHSUP-TB00022_135\"]","content_type":"product","contents":[{"id":"SHSUP-TB00021_137","quantity":1},{"id":"SHSUP-TB00024_131","quantity":1},{"id":"SHSUP-TB00025_129","quantity":1},{"id":"SHSUP-TB00023_133","quantity":1},{"id":"SHSUP-TB00022_135","quantity":1}]},"user_data":{"client_ip_address":"43.155.169.133","client_user_agent":"Mozilla\/5.0 (iPhone; CPU iPhone OS 13_2_3 like Mac OS X) AppleWebKit\/605.1.15 (KHTML, like Gecko) Version\/13.0.3 Mobile\/15E148 Safari\/604.1","fbc":"","fbp":""},"event_name":"ViewCategory"}],"partner_agent":"woocommerce-9.3.3-3.2.10"}
duration: 0.22483s
 CONTEXT: {"_legacy":true}
2024-10-25T00:34:37+00:00 NOTICE Response
code: 200
message: OK
body: {"events_received":1,"messages":[],"fbtrace_id":"AhXAW4qVk-R7ahGAYU3LxkI"}
 CONTEXT: {"_legacy":true}
2024-10-25T00:34:39+00:00 NOTICE Request
method: POST
uri: https://graph.facebook.com/v20.0/820729112865218/events
user-agent: Facebook-for-WooCommerce/3.2.10 (WooCommerce/9.3.3; WordPress/6.6.2)
body: {"data":[{"action_source":"website","event_time":1729816477,"event_id":"7e6936ee-c36a-459c-a997-c308b3ca8830","event_source_url":"https:\/\/sincehence.store\/product-category\/cbd\/?v=8bcc25c96aa5","custom_data":{"content_name":"CBD REMEDIES","content_category":"CBD REMEDIES","content_ids":"[\"SHSUP-TB00037_105\",\"SHSUP-TB00045_89\",\"SHSUP-TB00030_119\",\"SHSUP-TB00029_121\",\"SHSUP-TB00031_117\",\"SHSUP-TB00044_91\",\"SHSUP-TB00046_87\",\"SHSUP-TB00047_85\"]","content_type":"product","contents":[{"id":"SHSUP-TB00037_105","quantity":1},{"id":"SHSUP-TB00045_89","quantity":1},{"id":"SHSUP-TB00030_119","quantity":1},{"id":"SHSUP-TB00029_121","quantity":1},{"id":"SHSUP-TB00031_117","quantity":1},{"id":"SHSUP-TB00044_91","quantity":1},{"id":"SHSUP-TB00046_87","quantity":1},{"id":"SHSUP-TB00047_85","quantity":1}]},"user_data":{"client_ip_address":"43.155.169.133","client_user_agent":"Mozilla\/5.0 (iPhone; CPU iPhone OS 13_2_3 like Mac OS X) AppleWebKit\/605.1.15 (KHTML, like Gecko) Version\/13.0.3 Mobile\/15E148 Safari\/604.1","fbc":"","fbp":""},"event_name":"ViewCategory"}],"partner_agent":"woocommerce-9.3.3-3.2.10"}
duration: 0.88546s
 CONTEXT: {"_legacy":true}
2024-10-25T00:34:39+00:00 NOTICE Response
code: 200
message: OK
body: {"events_received":1,"messages":[],"fbtrace_id":"A7HYHeAvlqMyePccacmDot8"}
 CONTEXT: {"_legacy":true}
2024-10-25T00:34:41+00:00 NOTICE Request
method: POST
uri: https://graph.facebook.com/v20.0/820729112865218/events
user-agent: Facebook-for-WooCommerce/3.2.10 (WooCommerce/9.3.3; WordPress/6.6.2)
body: {"data":[{"action_source":"website","event_time":1729816480,"event_id":"e9920c4d-24a9-48cf-8cb7-f1fa7a04a994","event_source_url":"https:\/\/sincehence.store\/product-category\/hair\/?v=8bcc25c96aa5","custom_data":{"content_name":"HAIR GROWTH","content_category":"HAIR GROWTH","content_ids":"[\"SHSUP-TB00027_125\",\"SHSUP-TB00028_123\",\"SHSUP-TB00026_127\"]","content_type":"product","contents":[{"id":"SHSUP-TB00027_125","quantity":1},{"id":"SHSUP-TB00028_123","quantity":1},{"id":"SHSUP-TB00026_127","quantity":1}]},"user_data":{"client_ip_address":"43.155.169.133","client_user_agent":"Mozilla\/5.0 (iPhone; CPU iPhone OS 13_2_3 like Mac OS X) AppleWebKit\/605.1.15 (KHTML, like Gecko) Version\/13.0.3 Mobile\/15E148 Safari\/604.1","fbc":"","fbp":""},"event_name":"ViewCategory"}],"partner_agent":"woocommerce-9.3.3-3.2.10"}
duration: 0.2169s
 CONTEXT: {"_legacy":true}
2024-10-25T00:34:41+00:00 NOTICE Response
code: 200
message: OK
body: {"events_received":1,"messages":[],"fbtrace_id":"AqVDUfExPLSHMsT5oBw7C8Z"}
 CONTEXT: {"_legacy":true}
2024-10-25T01:18:53+00:00 NOTICE Request
method: GET
uri: https://graph.facebook.com/v20.0/fbe_business?fbe_external_business_id=sicnehenceecomemrce-665f929422055
user-agent: Facebook-for-WooCommerce/3.2.10 (WooCommerce/9.3.3; WordPress/6.6.2)
body:
duration: 0.32039s
 CONTEXT: {"_legacy":true}
2024-10-25T01:18:53+00:00 NOTICE Response
code: 200
message: OK
body: {"business":{"name":"SicneHence eComemrce"},"ads":[{"feature_instance_id":"813554103728373","enabled":true}],"catalogs":[{"feature_instance_id":"777710937847014","enabled":true}],"catalog_feed_scheduled":{"enabled":false},"ig_cta":{"enabled":false},"ig_shopping":{"enabled":false},"messenger_chat":{"enabled":false},"messenger_menu":{"enabled":false},"page_card":{"enabled":false},"page_cta":{"enabled":false},"page_post":{"enabled":false},"page_shop":{"enabled":false},"pixels":[{"feature_instance_id":"798387502384774","enabled":true}],"thread_intent":{"enabled":false}}
 CONTEXT: {"_legacy":true}
2024-10-25T02:22:28+00:00 NOTICE Request
method: GET
uri: https://graph.facebook.com/v20.0/fbe_business?fbe_external_business_id=sicnehenceecomemrce-665f929422055
user-agent: Facebook-for-WooCommerce/3.2.10 (WooCommerce/9.3.3; WordPress/6.6.2)
body:
duration: 0.39722s
 CONTEXT: {"_legacy":true}
2024-10-25T02:22:28+00:00 NOTICE Response
code: 200
message: OK
body: {"business":{"name":"SicneHence eComemrce"},"ads":[{"feature_instance_id":"813554103728373","enabled":true}],"catalogs":[{"feature_instance_id":"777710937847014","enabled":true}],"catalog_feed_scheduled":{"enabled":false},"ig_cta":{"enabled":false},"ig_shopping":{"enabled":false},"messenger_chat":{"enabled":false},"messenger_menu":{"enabled":false},"page_card":{"enabled":false},"page_cta":{"enabled":false},"page_post":{"enabled":false},"page_shop":{"enabled":false},"pixels":[{"feature_instance_id":"798387502384774","enabled":true}],"thread_intent":{"enabled":false}}
 CONTEXT: {"_legacy":true}
2024-10-25T03:04:38+00:00 NOTICE Request
method: POST
uri: https://graph.facebook.com/v20.0/820729112865218/events
user-agent: Facebook-for-WooCommerce/3.2.10 (WooCommerce/9.3.3; WordPress/6.6.2)
body: {"data":[{"action_source":"website","event_time":1729825473,"event_id":"355b064b-335b-447b-ae99-3564ada6fd34","event_source_url":"https:\/\/sincehence.store\/product\/hair-growth-caps-30-count\/?v=7885444af42e","custom_data":{"content_name":"Hair Growth Caps | 30 Count | Hair - Skin - Nails Advanced Formula","content_ids":"[\"SHSUP-TB00027_125\"]","content_type":"product","contents":"[{\"id\":\"SHSUP-TB00027_125\",\"quantity\":1}]","content_category":"HAIR GROWTH","value":"24.95","currency":"USD"},"user_data":{"client_ip_address":"66.249.79.236","client_user_agent":"Mozilla\/5.0 (Linux; Android 6.0.1; Nexus 5X Build\/MMB29P) AppleWebKit\/537.36 (KHTML, like Gecko) Chrome\/130.0.6723.69 Mobile Safari\/537.36 (compatible; Googlebot\/2.1; +http:\/\/www.google.com\/bot.html)","fbc":"","fbp":""},"event_name":"ViewContent"}],"partner_agent":"woocommerce-9.3.3-3.2.10"}
duration: 0.20766s
 CONTEXT: {"_legacy":true}
2024-10-25T03:04:38+00:00 NOTICE Response
code: 200
message: OK
body: {"events_received":1,"messages":[],"fbtrace_id":"AlxQ4jDgnRvHFVovW0Mzodf"}
 CONTEXT: {"_legacy":true}
2024-10-25T03:05:59+00:00 NOTICE Request
method: POST
uri: https://graph.facebook.com/v20.0/820729112865218/events
user-agent: Facebook-for-WooCommerce/3.2.10 (WooCommerce/9.3.3; WordPress/6.6.2)
body: {"data":[{"action_source":"website","event_time":1729825557,"event_id":"6d7d4e3f-2c72-43c0-b7bf-fa7b4eddfe35","event_source_url":"https:\/\/sincehence.store\/product\/berberine-capsules\/?v=7885444af42e","custom_data":{"content_name":"Berberine Complex | Natural Dietary Supplement | 60 Capsules | Overall Wellness | Healthy Blood Sugar | Metabolic Health","content_ids":"[\"SHSUP-TB00014_151\"]","content_type":"product","contents":"[{\"id\":\"SHSUP-TB00014_151\",\"quantity\":1}]","content_category":"BLOOD SUGAR","value":"39.95","currency":"USD"},"user_data":{"client_ip_address":"47.128.121.220","client_user_agent":"Mozilla\/5.0 (compatible; Bytespider; spider-feedback@bytedance.com) AppleWebKit\/537.36 (KHTML, like Gecko) Chrome\/70.0.0.0 Safari\/537.36","fbc":"","fbp":""},"event_name":"ViewContent"}],"partner_agent":"woocommerce-9.3.3-3.2.10"}
duration: 0.26604s
 CONTEXT: {"_legacy":true}
2024-10-25T03:05:59+00:00 NOTICE Response
code: 200
message: OK
body: {"events_received":1,"messages":[],"fbtrace_id":"AT_pcYWcYKfxLU0qp7QxbOj"}
 CONTEXT: {"_legacy":true}
2024-10-25T03:06:28+00:00 NOTICE Request
method: POST
uri: https://graph.facebook.com/v20.0/820729112865218/events
user-agent: Facebook-for-WooCommerce/3.2.10 (WooCommerce/9.3.3; WordPress/6.6.2)
body: {"data":[{"action_source":"website","event_time":1729825586,"event_id":"e22f5077-5cba-49a8-a6b8-455fe3ba7235","event_source_url":"https:\/\/sincehence.store\/product\/sleep-patch-15-days-pack\/?v=7885444af42e","custom_data":{"content_name":"Sleep Patches | 15 Day Pack | Achieve a Restful Night Sleep | Natural Ingredients","content_ids":"[\"SHSUP-TB00024_131\"]","content_type":"product","contents":"[{\"id\":\"SHSUP-TB00024_131\",\"quantity\":1}]","content_category":"SLEEP REMEDIES","value":"14.95","currency":"USD"},"user_data":{"client_ip_address":"47.128.122.125","client_user_agent":"Mozilla\/5.0 (Linux; Android 5.0) AppleWebKit\/537.36 (KHTML, like Gecko) Mobile Safari\/537.36 (compatible; Bytespider; spider-feedback@bytedance.com)","fbc":"","fbp":""},"event_name":"ViewContent"}],"partner_agent":"woocommerce-9.3.3-3.2.10"}
duration: 0.21987s
 CONTEXT: {"_legacy":true}
2024-10-25T03:06:28+00:00 NOTICE Response
code: 200
message: OK
body: {"events_received":1,"messages":[],"fbtrace_id":"AF4-UdE-QMMA30hepFJ1-Wr"}
 CONTEXT: {"_legacy":true}
2024-10-25T03:22:25+00:00 NOTICE Request
method: GET
uri: https://graph.facebook.com/v20.0/fbe_business?fbe_external_business_id=sicnehenceecomemrce-665f929422055
user-agent: Facebook-for-WooCommerce/3.2.10 (WooCommerce/9.3.3; WordPress/6.6.2)
body:
duration: 0.30136s
 CONTEXT: {"_legacy":true}
2024-10-25T03:22:25+00:00 NOTICE Response
code: 200
message: OK
body: {"business":{"name":"SicneHence eComemrce"},"ads":[{"feature_instance_id":"813554103728373","enabled":true}],"catalogs":[{"feature_instance_id":"777710937847014","enabled":true}],"catalog_feed_scheduled":{"enabled":false},"ig_cta":{"enabled":false},"ig_shopping":{"enabled":false},"messenger_chat":{"enabled":false},"messenger_menu":{"enabled":false},"page_card":{"enabled":false},"page_cta":{"enabled":false},"page_post":{"enabled":false},"page_shop":{"enabled":false},"pixels":[{"feature_instance_id":"798387502384774","enabled":true}],"thread_intent":{"enabled":false}}
 CONTEXT: {"_legacy":true}
2024-10-25T03:29:41+00:00 NOTICE Generating a fresh product feed file CONTEXT: {"_legacy":true}
2024-10-25T03:29:42+00:00 NOTICE Product feed file generated CONTEXT: {"_legacy":true}
2024-10-25T03:29:43+00:00 NOTICE Request
method: POST
uri: https://graph.facebook.com/v20.0/820729112865218/events
user-agent: Facebook-for-WooCommerce/3.2.10 (WooCommerce/9.3.3; WordPress/6.6.2)
body: {"data":[{"action_source":"website","event_time":1729826982,"event_id":"56a87b4f-c635-4111-8b18-f6c16c8402d6","event_source_url":"https:\/\/sincehence.store\/product-category\/skin\/?v=8bcc25c96aa5","custom_data":{"content_name":"SKIN CARE AND BEAUTY","content_category":"SKIN CARE AND BEAUTY","content_ids":"[\"SHSUP-TB00041_97\",\"SHSUP-TB00043_93\",\"SHSUP-TB00042_95\"]","content_type":"product","contents":[{"id":"SHSUP-TB00041_97","quantity":1},{"id":"SHSUP-TB00043_93","quantity":1},{"id":"SHSUP-TB00042_95","quantity":1}]},"user_data":{"client_ip_address":"43.157.66.187","client_user_agent":"Mozilla\/5.0 (iPhone; CPU iPhone OS 13_2_3 like Mac OS X) AppleWebKit\/605.1.15 (KHTML, like Gecko) Version\/13.0.3 Mobile\/15E148 Safari\/604.1","fbc":"","fbp":""},"event_name":"ViewCategory"}],"partner_agent":"woocommerce-9.3.3-3.2.10"}
duration: 0.21873s
 CONTEXT: {"_legacy":true}
2024-10-25T03:29:43+00:00 NOTICE Response
code: 200
message: OK
body: {"events_received":1,"messages":[],"fbtrace_id":"AG1c-8Dqq0CsfAsBmGR9w7z"}
 CONTEXT: {"_legacy":true}
2024-10-25T03:31:03+00:00 NOTICE Request
method: POST
uri: https://graph.facebook.com/v20.0/820729112865218/events
user-agent: Facebook-for-WooCommerce/3.2.10 (WooCommerce/9.3.3; WordPress/6.6.2)
body: {"data":[{"action_source":"website","event_time":1729827061,"event_id":"ce769fe9-da9f-450b-9874-06efc9f56f00","event_source_url":"https:\/\/sincehence.store\/product\/cbd-patches\/?v=0b3b97fa6688","custom_data":{"content_name":"CBD Patches - 8MG CBD Isolate Per Patch - 30 Patches - Long-Lasting 24-Hour Relief - Easy Application, Minimal Skin Irritation","content_ids":"[\"SHSUP-TB00045_89\"]","content_type":"product","contents":"[{\"id\":\"SHSUP-TB00045_89\",\"quantity\":1}]","content_category":"CBD REMEDIES","value":"25.95","currency":"USD"},"user_data":{"client_ip_address":"43.130.37.62","client_user_agent":"Mozilla\/5.0 (iPhone; CPU iPhone OS 13_2_3 like Mac OS X) AppleWebKit\/605.1.15 (KHTML, like Gecko) Version\/13.0.3 Mobile\/15E148 Safari\/604.1","fbc":"","fbp":""},"event_name":"ViewContent"}],"partner_agent":"woocommerce-9.3.3-3.2.10"}
duration: 0.2233s
 CONTEXT: {"_legacy":true}
2024-10-25T03:31:03+00:00 NOTICE Response
code: 200
message: OK
body: {"events_received":1,"messages":[],"fbtrace_id":"AQEjnfp5jLYkC6jhOB8ENSK"}
 CONTEXT: {"_legacy":true}
2024-10-25T03:43:14+00:00 NOTICE Request
method: POST
uri: https://graph.facebook.com/v20.0/820729112865218/events
user-agent: Facebook-for-WooCommerce/3.2.10 (WooCommerce/9.3.3; WordPress/6.6.2)
body: {"data":[{"action_source":"website","event_time":1729827793,"event_id":"5c26a0f1-8d25-4f7a-85ed-36b72d2a3f7d","event_source_url":"https:\/\/sincehence.store\/product-category\/keto\/?v=7885444af42e","custom_data":{"content_name":"KETO","content_category":"KETO","content_ids":"[\"SHSUP-TB00049_81\",\"SHSUP-TB00019_141\",\"SHSUP-TB00017_145\",\"SHSUP-TB00016_147\",\"SHSUP-TB00050_79\",\"SHSUP-TB00048_83\",\"SHSUP-TB00018_143\"]","content_type":"product","contents":[{"id":"SHSUP-TB00049_81","quantity":1},{"id":"SHSUP-TB00019_141","quantity":1},{"id":"SHSUP-TB00017_145","quantity":1},{"id":"SHSUP-TB00016_147","quantity":1},{"id":"SHSUP-TB00050_79","quantity":1},{"id":"SHSUP-TB00048_83","quantity":1},{"id":"SHSUP-TB00018_143","quantity":1}]},"user_data":{"client_ip_address":"66.249.79.238","client_user_agent":"Mozilla\/5.0 (Linux; Android 6.0.1; Nexus 5X Build\/MMB29P) AppleWebKit\/537.36 (KHTML, like Gecko) Chrome\/130.0.6723.69 Mobile Safari\/537.36 (compatible; Googlebot\/2.1; +http:\/\/www.google.com\/bot.html)","fbc":"","fbp":""},"event_name":"ViewCategory"}],"partner_agent":"woocommerce-9.3.3-3.2.10"}
duration: 0.22758s
 CONTEXT: {"_legacy":true}
2024-10-25T03:43:14+00:00 NOTICE Response
code: 200
message: OK
body: {"events_received":1,"messages":[],"fbtrace_id":"AWns867cZoGgsdahfmVzViL"}
 CONTEXT: {"_legacy":true}
2024-10-25T04:18:48+00:00 NOTICE Request
method: GET
uri: https://graph.facebook.com/v20.0/fbe_business?fbe_external_business_id=sicnehenceecomemrce-665f929422055
user-agent: Facebook-for-WooCommerce/3.2.10 (WooCommerce/9.3.3; WordPress/6.6.2)
body:
duration: 0.25628s
 CONTEXT: {"_legacy":true}
2024-10-25T04:18:48+00:00 NOTICE Response
code: 200
message: OK
body: {"business":{"name":"SicneHence eComemrce"},"ads":[{"feature_instance_id":"813554103728373","enabled":true}],"catalogs":[{"feature_instance_id":"777710937847014","enabled":true}],"catalog_feed_scheduled":{"enabled":false},"ig_cta":{"enabled":false},"ig_shopping":{"enabled":false},"messenger_chat":{"enabled":false},"messenger_menu":{"enabled":false},"page_card":{"enabled":false},"page_cta":{"enabled":false},"page_post":{"enabled":false},"page_shop":{"enabled":false},"pixels":[{"feature_instance_id":"798387502384774","enabled":true}],"thread_intent":{"enabled":false}}
 CONTEXT: {"_legacy":true}
2024-10-25T05:18:02+00:00 NOTICE Request
method: GET
uri: https://graph.facebook.com/v20.0/fbe_business?fbe_external_business_id=sicnehenceecomemrce-665f929422055
user-agent: Facebook-for-WooCommerce/3.2.10 (WooCommerce/9.3.3; WordPress/6.6.2)
body:
duration: 0.30161s
 CONTEXT: {"_legacy":true}
2024-10-25T05:18:02+00:00 NOTICE Response
code: 200
message: OK
body: {"business":{"name":"SicneHence eComemrce"},"ads":[{"feature_instance_id":"813554103728373","enabled":true}],"catalogs":[{"feature_instance_id":"777710937847014","enabled":true}],"catalog_feed_scheduled":{"enabled":false},"ig_cta":{"enabled":false},"ig_shopping":{"enabled":false},"messenger_chat":{"enabled":false},"messenger_menu":{"enabled":false},"page_card":{"enabled":false},"page_cta":{"enabled":false},"page_post":{"enabled":false},"page_shop":{"enabled":false},"pixels":[{"feature_instance_id":"798387502384774","enabled":true}],"thread_intent":{"enabled":false}}
 CONTEXT: {"_legacy":true}
2024-10-25T06:22:26+00:00 NOTICE Request
method: GET
uri: https://graph.facebook.com/v20.0/fbe_business?fbe_external_business_id=sicnehenceecomemrce-665f929422055
user-agent: Facebook-for-WooCommerce/3.2.10 (WooCommerce/9.3.3; WordPress/6.6.2)
body:
duration: 0.26209s
 CONTEXT: {"_legacy":true}
2024-10-25T06:22:26+00:00 NOTICE Response
code: 200
message: OK
body: {"business":{"name":"SicneHence eComemrce"},"ads":[{"feature_instance_id":"813554103728373","enabled":true}],"catalogs":[{"feature_instance_id":"777710937847014","enabled":true}],"catalog_feed_scheduled":{"enabled":false},"ig_cta":{"enabled":false},"ig_shopping":{"enabled":false},"messenger_chat":{"enabled":false},"messenger_menu":{"enabled":false},"page_card":{"enabled":false},"page_cta":{"enabled":false},"page_post":{"enabled":false},"page_shop":{"enabled":false},"pixels":[{"feature_instance_id":"798387502384774","enabled":true}],"thread_intent":{"enabled":false}}
 CONTEXT: {"_legacy":true}
2024-10-25T07:18:51+00:00 NOTICE Request
method: GET
uri: https://graph.facebook.com/v20.0/fbe_business?fbe_external_business_id=sicnehenceecomemrce-665f929422055
user-agent: Facebook-for-WooCommerce/3.2.10 (WooCommerce/9.3.3; WordPress/6.6.2)
body:
duration: 0.35092s
 CONTEXT: {"_legacy":true}
2024-10-25T07:18:51+00:00 NOTICE Response
code: 200
message: OK
body: {"business":{"name":"SicneHence eComemrce"},"ads":[{"feature_instance_id":"813554103728373","enabled":true}],"catalogs":[{"feature_instance_id":"777710937847014","enabled":true}],"catalog_feed_scheduled":{"enabled":false},"ig_cta":{"enabled":false},"ig_shopping":{"enabled":false},"messenger_chat":{"enabled":false},"messenger_menu":{"enabled":false},"page_card":{"enabled":false},"page_cta":{"enabled":false},"page_post":{"enabled":false},"page_shop":{"enabled":false},"pixels":[{"feature_instance_id":"798387502384774","enabled":true}],"thread_intent":{"enabled":false}}
 CONTEXT: {"_legacy":true}
2024-10-25T08:22:28+00:00 NOTICE Request
method: GET
uri: https://graph.facebook.com/v20.0/fbe_business?fbe_external_business_id=sicnehenceecomemrce-665f929422055
user-agent: Facebook-for-WooCommerce/3.2.10 (WooCommerce/9.3.3; WordPress/6.6.2)
body:
duration: 0.26287s
 CONTEXT: {"_legacy":true}
2024-10-25T08:22:28+00:00 NOTICE Response
code: 200
message: OK
body: {"business":{"name":"SicneHence eComemrce"},"ads":[{"feature_instance_id":"813554103728373","enabled":true}],"catalogs":[{"feature_instance_id":"777710937847014","enabled":true}],"catalog_feed_scheduled":{"enabled":false},"ig_cta":{"enabled":false},"ig_shopping":{"enabled":false},"messenger_chat":{"enabled":false},"messenger_menu":{"enabled":false},"page_card":{"enabled":false},"page_cta":{"enabled":false},"page_post":{"enabled":false},"page_shop":{"enabled":false},"pixels":[{"feature_instance_id":"798387502384774","enabled":true}],"thread_intent":{"enabled":false}}
 CONTEXT: {"_legacy":true}
2024-10-25T09:17:56+00:00 NOTICE Request
method: GET
uri: https://graph.facebook.com/v20.0/fbe_business?fbe_external_business_id=sicnehenceecomemrce-665f929422055
user-agent: Facebook-for-WooCommerce/3.2.10 (WooCommerce/9.3.3; WordPress/6.6.2)
body:
duration: 0.45556s
 CONTEXT: {"_legacy":true}
2024-10-25T09:17:56+00:00 NOTICE Response
code: 200
message: OK
body: {"business":{"name":"SicneHence eComemrce"},"ads":[{"feature_instance_id":"813554103728373","enabled":true}],"catalogs":[{"feature_instance_id":"777710937847014","enabled":true}],"catalog_feed_scheduled":{"enabled":false},"ig_cta":{"enabled":false},"ig_shopping":{"enabled":false},"messenger_chat":{"enabled":false},"messenger_menu":{"enabled":false},"page_card":{"enabled":false},"page_cta":{"enabled":false},"page_post":{"enabled":false},"page_shop":{"enabled":false},"pixels":[{"feature_instance_id":"798387502384774","enabled":true}],"thread_intent":{"enabled":false}}
 CONTEXT: {"_legacy":true}
2024-10-25T09:33:57+00:00 NOTICE Request
method: POST
uri: https://graph.facebook.com/v20.0/820729112865218/events
user-agent: Facebook-for-WooCommerce/3.2.10 (WooCommerce/9.3.3; WordPress/6.6.2)
body: {"data":[{"action_source":"website","event_time":1729848833,"event_id":"d834e8d8-1df5-4c05-b493-923ee4de1f5e","event_source_url":"https:\/\/sincehence.store\/product\/sleep-pillow-spray\/?v=0b3b97fa6688","custom_data":{"content_name":"Sleep Time Pillow Spray | Lavender Scent | Relaxation and Enhanced Sleep Quality","content_ids":"[\"SHSUP-TB00022_135\"]","content_type":"product","contents":"[{\"id\":\"SHSUP-TB00022_135\",\"quantity\":1}]","content_category":"SLEEP REMEDIES","value":"15.95","currency":"USD"},"user_data":{"client_ip_address":"69.171.230.7","client_user_agent":"facebookexternalhit\/1.1 (+http:\/\/www.facebook.com\/externalhit_uatext.php)","fbc":"","fbp":""},"event_name":"ViewContent"}],"partner_agent":"woocommerce-9.3.3-3.2.10"}
duration: 0.24708s
 CONTEXT: {"_legacy":true}
2024-10-25T09:33:57+00:00 NOTICE Response
code: 200
message: OK
body: {"events_received":1,"messages":[],"fbtrace_id":"AdUNiGbSyPKh1-dBkXgVfjV"}
 CONTEXT: {"_legacy":true}
2024-10-25T09:46:44+00:00 NOTICE Request
method: POST
uri: https://graph.facebook.com/v20.0/820729112865218/events
user-agent: Facebook-for-WooCommerce/3.2.10 (WooCommerce/9.3.3; WordPress/6.6.2)
body: {"data":[{"action_source":"website","event_time":1729849602,"event_id":"fda87e43-df07-470b-993b-28d15fe75ae8","event_source_url":"https:\/\/sincehence.store\/product\/blood-sugar-capsules\/?v=0b3b97fa6688","custom_data":{"content_name":"Blood Sugar Suppliments | Natural Suppliments |  Blood Sugar Support | 60 Capsules","content_ids":"[\"SHSUP-TB00013_153\"]","content_type":"product","contents":"[{\"id\":\"SHSUP-TB00013_153\",\"quantity\":1}]","content_category":"BLOOD SUGAR","value":"24.95","currency":"USD"},"user_data":{"client_ip_address":"69.171.249.16","client_user_agent":"facebookexternalhit\/1.1 (+http:\/\/www.facebook.com\/externalhit_uatext.php)","fbc":"","fbp":""},"event_name":"ViewContent"}],"partner_agent":"woocommerce-9.3.3-3.2.10"}
duration: 0.22993s
 CONTEXT: {"_legacy":true}
2024-10-25T09:46:44+00:00 NOTICE Response
code: 200
message: OK
body: {"events_received":1,"messages":[],"fbtrace_id":"AjoSjXJiQ09KyGEVorn_T3Z"}
 CONTEXT: {"_legacy":true}
2024-10-25T10:10:39+00:00 NOTICE Request
method: POST
uri: https://graph.facebook.com/v20.0/820729112865218/events
user-agent: Facebook-for-WooCommerce/3.2.10 (WooCommerce/9.3.3; WordPress/6.6.2)
body: {"data":[{"action_source":"website","event_time":1729851037,"event_id":"a950cef6-c926-418c-9a5e-d88df4f5ee8f","event_source_url":"https:\/\/sincehence.store\/product\/hair-serum-60ml\/?v=7885444af42e","custom_data":{"content_name":"Hair Growth Serum | 60ml | Revitalize and Strengthen Hair | Natural Ingredients | Fuller - Healthier Hair","content_ids":"[\"SHSUP-TB00028_123\"]","content_type":"product","contents":"[{\"id\":\"SHSUP-TB00028_123\",\"quantity\":1}]","content_category":"HAIR GROWTH","value":"30.95","currency":"USD"},"user_data":{"client_ip_address":"69.171.249.20","client_user_agent":"meta-externalagent\/1.1 (+https:\/\/developers.facebook.com\/docs\/sharing\/webmasters\/crawler)","fbc":"","fbp":""},"event_name":"ViewContent"}],"partner_agent":"woocommerce-9.3.3-3.2.10"}
duration: 0.24608s
 CONTEXT: {"_legacy":true}
2024-10-25T10:10:40+00:00 NOTICE Response
code: 200
message: OK
body: {"events_received":1,"messages":[],"fbtrace_id":"AguXxuZZ8X5Lh9RYvHHjHJp"}
 CONTEXT: {"_legacy":true}
2024-10-25T10:14:36+00:00 NOTICE Request
method: POST
uri: https://graph.facebook.com/v20.0/820729112865218/events
user-agent: Facebook-for-WooCommerce/3.2.10 (WooCommerce/9.3.3; WordPress/6.6.2)
body: {"data":[{"action_source":"website","event_time":1729851274,"event_id":"5bce6264-1ac0-456e-b4db-d7dda39e7ccf","event_source_url":"https:\/\/sincehence.store\/product\/vitamin-c-skin-toning-serum\/?v=0b3b97fa6688","custom_data":{"content_name":"Advanced Skin Toning Serum | Brighten Skin | Antioxidant","content_ids":"[\"SHSUP-TB00041_97\"]","content_type":"product","contents":"[{\"id\":\"SHSUP-TB00041_97\",\"quantity\":1}]","content_category":"SKIN CARE AND BEAUTY","value":"22.95","currency":"USD"},"user_data":{"client_ip_address":"173.252.83.13","client_user_agent":"facebookexternalhit\/1.1 (+http:\/\/www.facebook.com\/externalhit_uatext.php)","fbc":"","fbp":""},"event_name":"ViewContent"}],"partner_agent":"woocommerce-9.3.3-3.2.10"}
duration: 0.24411s
 CONTEXT: {"_legacy":true}
2024-10-25T10:14:36+00:00 NOTICE Response
code: 200
message: OK
body: {"events_received":1,"messages":[],"fbtrace_id":"Aric0cJXkyBySNGiyCOCOVz"}
 CONTEXT: {"_legacy":true}
2024-10-25T10:18:01+00:00 NOTICE Request
method: GET
uri: https://graph.facebook.com/v20.0/fbe_business?fbe_external_business_id=sicnehenceecomemrce-665f929422055
user-agent: Facebook-for-WooCommerce/3.2.10 (WooCommerce/9.3.3; WordPress/6.6.2)
body:
duration: 0.28366s
 CONTEXT: {"_legacy":true}
2024-10-25T10:18:01+00:00 NOTICE Response
code: 200
message: OK
body: {"business":{"name":"SicneHence eComemrce"},"ads":[{"feature_instance_id":"813554103728373","enabled":true}],"catalogs":[{"feature_instance_id":"777710937847014","enabled":true}],"catalog_feed_scheduled":{"enabled":false},"ig_cta":{"enabled":false},"ig_shopping":{"enabled":false},"messenger_chat":{"enabled":false},"messenger_menu":{"enabled":false},"page_card":{"enabled":false},"page_cta":{"enabled":false},"page_post":{"enabled":false},"page_shop":{"enabled":false},"pixels":[{"feature_instance_id":"798387502384774","enabled":true}],"thread_intent":{"enabled":false}}
 CONTEXT: {"_legacy":true}
2024-10-25T10:20:46+00:00 NOTICE Request
method: POST
uri: https://graph.facebook.com/v20.0/820729112865218/events
user-agent: Facebook-for-WooCommerce/3.2.10 (WooCommerce/9.3.3; WordPress/6.6.2)
body: {"data":[{"action_source":"website","event_time":1729851644,"event_id":"38c9165c-d1d0-4e5d-aead-09730d217f6d","event_source_url":"https:\/\/sincehence.store\/product\/cbd-24mg-extra-strength-patches-6-pack\/?v=0b3b97fa6688","custom_data":{"content_name":"CBD Patches | 6 Pack | 24mg Extra Strength | Long-Lasting Relief | Convenient | Discreet","content_ids":"[\"SHSUP-TB00031_117\"]","content_type":"product","contents":"[{\"id\":\"SHSUP-TB00031_117\",\"quantity\":1}]","content_category":"CBD REMEDIES","value":"14.95","currency":"USD"},"user_data":{"client_ip_address":"66.220.149.2","client_user_agent":"facebookexternalhit\/1.1 (+http:\/\/www.facebook.com\/externalhit_uatext.php)","fbc":"","fbp":""},"event_name":"ViewContent"}],"partner_agent":"woocommerce-9.3.3-3.2.10"}
duration: 0.24894s
 CONTEXT: {"_legacy":true}
2024-10-25T10:20:46+00:00 NOTICE Response
code: 200
message: OK
body: {"events_received":1,"messages":[],"fbtrace_id":"AF8kazojkXoM-EY2S7BytZK"}
 CONTEXT: {"_legacy":true}
2024-10-25T10:30:00+00:00 NOTICE Request
method: POST
uri: https://graph.facebook.com/v20.0/820729112865218/events
user-agent: Facebook-for-WooCommerce/3.2.10 (WooCommerce/9.3.3; WordPress/6.6.2)
body: {"data":[{"action_source":"website","event_time":1729852197,"event_id":"d5d4d990-1fee-41a3-8a81-a7f6c2403d34","event_source_url":"https:\/\/sincehence.store\/product\/sleep-patch-3-days-trial-pack\/?v=7885444af42e","custom_data":{"content_name":"Sleep Patches | 3 Day Pack | Achieve a Restful Night Sleep | Natural Ingredients","content_ids":"[\"SHSUP-TB00025_129\"]","content_type":"product","contents":"[{\"id\":\"SHSUP-TB00025_129\",\"quantity\":1}]","content_category":"SLEEP REMEDIES","value":"7.95","currency":"USD"},"user_data":{"client_ip_address":"173.252.83.30","client_user_agent":"meta-externalagent\/1.1 (+https:\/\/developers.facebook.com\/docs\/sharing\/webmasters\/crawler)","fbc":"","fbp":""},"event_name":"ViewContent"}],"partner_agent":"woocommerce-9.3.3-3.2.10"}
duration: 0.23029s
 CONTEXT: {"_legacy":true}
2024-10-25T10:30:00+00:00 NOTICE Response
code: 200
message: OK
body: {"events_received":1,"messages":[],"fbtrace_id":"AGK0yx0YqzC3wB_ia6TJyse"}
 CONTEXT: {"_legacy":true}
2024-10-25T10:30:23+00:00 NOTICE Request
method: POST
uri: https://graph.facebook.com/v20.0/820729112865218/events
user-agent: Facebook-for-WooCommerce/3.2.10 (WooCommerce/9.3.3; WordPress/6.6.2)
body: {"data":[{"action_source":"website","event_time":1729852221,"event_id":"afac1277-c25d-404d-848a-23df2e911207","event_source_url":"https:\/\/sincehence.store\/product\/uric-acid-capsules\/?v=7885444af42e","custom_data":{"content_name":"Uritic Acid Formula | Support Your Kidney and Gallbladder Health | Rich in Antioxidants and Vitamin C | 60 Capsules","content_ids":"[\"SHSUP-TB00015_149\"]","content_type":"product","contents":"[{\"id\":\"SHSUP-TB00015_149\",\"quantity\":1}]","content_category":"MENS HEALTH","value":"29.95","currency":"USD"},"user_data":{"client_ip_address":"85.208.96.203","client_user_agent":"Mozilla\/5.0 (compatible; SemrushBot\/7~bl; +http:\/\/www.semrush.com\/bot.html)","fbc":"","fbp":""},"event_name":"ViewContent"}],"partner_agent":"woocommerce-9.3.3-3.2.10"}
duration: 0.24201s
 CONTEXT: {"_legacy":true}
2024-10-25T10:30:23+00:00 NOTICE Response
code: 200
message: OK
body: {"events_received":1,"messages":[],"fbtrace_id":"AkeCHdlgf6DRQZVDkYCjyAF"}
 CONTEXT: {"_legacy":true}
2024-10-25T10:56:07+00:00 NOTICE Request
method: POST
uri: https://graph.facebook.com/v20.0/820729112865218/events
user-agent: Facebook-for-WooCommerce/3.2.10 (WooCommerce/9.3.3; WordPress/6.6.2)
body: {"data":[{"action_source":"website","event_time":1729853764,"event_id":"9b828c74-4f92-41c1-bfc0-98bc997a6439","event_source_url":"https:\/\/sincehence.store\/product\/focus-patches-30-day\/?v=7885444af42e","custom_data":{"content_name":"Focus Patches | 30 Days Topical Skin Patches | Enhance Focus and Mental Clarity | Natural Ingredients","content_ids":"[\"SHSUP-TB00009_161\"]","content_type":"product","contents":"[{\"id\":\"SHSUP-TB00009_161\",\"quantity\":1}]","content_category":"BRAIN HEALTH","value":"29.95","currency":"USD"},"user_data":{"client_ip_address":"173.252.83.116","client_user_agent":"meta-externalagent\/1.1 (+https:\/\/developers.facebook.com\/docs\/sharing\/webmasters\/crawler)","fbc":"","fbp":""},"event_name":"ViewContent"}],"partner_agent":"woocommerce-9.3.3-3.2.10"}
duration: 0.26423s
 CONTEXT: {"_legacy":true}
2024-10-25T10:56:07+00:00 NOTICE Response
code: 200
message: OK
body: {"events_received":1,"messages":[],"fbtrace_id":"Aueix33mPi05GTgU16QhQlZ"}
 CONTEXT: {"_legacy":true}
2024-10-25T11:04:05+00:00 NOTICE Request
method: POST
uri: https://graph.facebook.com/v20.0/820729112865218/events
user-agent: Facebook-for-WooCommerce/3.2.10 (WooCommerce/9.3.3; WordPress/6.6.2)
body: {"data":[{"action_source":"website","event_time":1729854243,"event_id":"bf0e8c45-a2f7-400b-8559-fc10ceb20716","event_source_url":"https:\/\/sincehence.store\/product\/pain-relief-24mg-extra-strength-patches-30-pack\/?v=7885444af42e","custom_data":{"content_name":"CBD Patches | Pack of 30 | 24-Hour Relief | 24mg CBD Isolate | Convenient - Discreet - Targeted Application","content_ids":"[\"SHSUP-TB00001_177\"]","content_type":"product","contents":"[{\"id\":\"SHSUP-TB00001_177\",\"quantity\":1}]","content_category":"PAIN RELIEF","value":"64.95","currency":"USD"},"user_data":{"client_ip_address":"66.249.79.236","client_user_agent":"Mozilla\/5.0 (Linux; Android 6.0.1; Nexus 5X Build\/MMB29P) AppleWebKit\/537.36 (KHTML, like Gecko) Chrome\/130.0.6723.69 Mobile Safari\/537.36 (compatible; Googlebot\/2.1; +http:\/\/www.google.com\/bot.html)","fbc":"","fbp":""},"event_name":"ViewContent"}],"partner_agent":"woocommerce-9.3.3-3.2.10"}
duration: 0.22032s
 CONTEXT: {"_legacy":true}
2024-10-25T11:04:05+00:00 NOTICE Response
code: 200
message: OK
body: {"events_received":1,"messages":[],"fbtrace_id":"A6qDSUXbmxhkuYpcb8LYvpA"}
 CONTEXT: {"_legacy":true}
2024-10-25T11:22:25+00:00 NOTICE Request
method: GET
uri: https://graph.facebook.com/v20.0/fbe_business?fbe_external_business_id=sicnehenceecomemrce-665f929422055
user-agent: Facebook-for-WooCommerce/3.2.10 (WooCommerce/9.3.3; WordPress/6.6.2)
body:
duration: 0.31s
 CONTEXT: {"_legacy":true}
2024-10-25T11:22:25+00:00 NOTICE Response
code: 200
message: OK
body: {"business":{"name":"SicneHence eComemrce"},"ads":[{"feature_instance_id":"813554103728373","enabled":true}],"catalogs":[{"feature_instance_id":"777710937847014","enabled":true}],"catalog_feed_scheduled":{"enabled":false},"ig_cta":{"enabled":false},"ig_shopping":{"enabled":false},"messenger_chat":{"enabled":false},"messenger_menu":{"enabled":false},"page_card":{"enabled":false},"page_cta":{"enabled":false},"page_post":{"enabled":false},"page_shop":{"enabled":false},"pixels":[{"feature_instance_id":"798387502384774","enabled":true}],"thread_intent":{"enabled":false}}
 CONTEXT: {"_legacy":true}
2024-10-25T11:28:02+00:00 NOTICE Request
method: POST
uri: https://graph.facebook.com/v20.0/820729112865218/events
user-agent: Facebook-for-WooCommerce/3.2.10 (WooCommerce/9.3.3; WordPress/6.6.2)
body: {"data":[{"action_source":"website","event_time":1729855680,"event_id":"6c038d06-013a-4f72-aa5a-75fe6b09a16a","event_source_url":"https:\/\/sincehence.store\/product\/instant-eye-lift-serum-single-bottle\/?v=0b3b97fa6688","custom_data":{"content_name":"Instant Eye Lift Serum for Fine Lines and Puffiness  | Potent Blend of Ingredients","content_ids":"[\"SHSUP-TB00042_95\"]","content_type":"product","contents":"[{\"id\":\"SHSUP-TB00042_95\",\"quantity\":1}]","content_category":"SKIN CARE AND BEAUTY","value":"25.95","currency":"USD"},"user_data":{"client_ip_address":"69.171.230.6","client_user_agent":"facebookexternalhit\/1.1 (+http:\/\/www.facebook.com\/externalhit_uatext.php)","fbc":"","fbp":""},"event_name":"ViewContent"}],"partner_agent":"woocommerce-9.3.3-3.2.10"}
duration: 0.23203s
 CONTEXT: {"_legacy":true}
2024-10-25T11:28:02+00:00 NOTICE Response
code: 200
message: OK
body: {"events_received":1,"messages":[],"fbtrace_id":"AG4YOy4Aw8AZ9YILZSixlZm"}
 CONTEXT: {"_legacy":true}
2024-10-25T11:31:31+00:00 NOTICE Request
method: POST
uri: https://graph.facebook.com/v20.0/820729112865218/events
user-agent: Facebook-for-WooCommerce/3.2.10 (WooCommerce/9.3.3; WordPress/6.6.2)
body: {"data":[{"action_source":"website","event_time":1729855889,"event_id":"2d959cfc-6fda-4587-b9c2-80b44ebdc31b","event_source_url":"https:\/\/sincehence.store\/product\/hangover-patches-30-pack\/?v=0b3b97fa6688","custom_data":{"content_name":"Hangover Patches | 30 Patches | Ultimate Hangover Relief","content_ids":"[\"SHSUP-TB00033_113\"]","content_type":"product","contents":"[{\"id\":\"SHSUP-TB00033_113\",\"quantity\":1}]","content_category":"HANGOVER","value":"29.95","currency":"USD"},"user_data":{"client_ip_address":"173.252.83.37","client_user_agent":"facebookexternalhit\/1.1 (+http:\/\/www.facebook.com\/externalhit_uatext.php)","fbc":"","fbp":""},"event_name":"ViewContent"}],"partner_agent":"woocommerce-9.3.3-3.2.10"}
duration: 0.20438s
 CONTEXT: {"_legacy":true}
2024-10-25T11:31:31+00:00 NOTICE Response
code: 200
message: OK
body: {"events_received":1,"messages":[],"fbtrace_id":"AkMzczN_dTybIwg8k6R113M"}
 CONTEXT: {"_legacy":true}
2024-10-25T11:38:07+00:00 NOTICE Request
method: POST
uri: https://graph.facebook.com/v20.0/820729112865218/events
user-agent: Facebook-for-WooCommerce/3.2.10 (WooCommerce/9.3.3; WordPress/6.6.2)
body: {"data":[{"action_source":"website","event_time":1729856285,"event_id":"88bb4aaa-24c8-4213-bf6d-46579f7c7d29","event_source_url":"https:\/\/sincehence.store\/product\/the-pain-patch\/?v=7885444af42e","custom_data":{"content_name":"Bio Frequency Pain Relief Patches | Drug-Free Pain Relief for Back - Neck - Knee Pain | Non-Invasive Pain Management","content_ids":"[\"SHSUP-TB00004_171\"]","content_type":"product","contents":"[{\"id\":\"SHSUP-TB00004_171\",\"quantity\":1}]","content_category":"PAIN RELIEF","value":"25.95","currency":"USD"},"user_data":{"client_ip_address":"66.249.79.238","client_user_agent":"Mozilla\/5.0 (Linux; Android 6.0.1; Nexus 5X Build\/MMB29P) AppleWebKit\/537.36 (KHTML, like Gecko) Chrome\/130.0.6723.69 Mobile Safari\/537.36 (compatible; Googlebot\/2.1; +http:\/\/www.google.com\/bot.html)","fbc":"","fbp":""},"event_name":"ViewContent"}],"partner_agent":"woocommerce-9.3.3-3.2.10"}
duration: 0.23807s
 CONTEXT: {"_legacy":true}
2024-10-25T11:38:07+00:00 NOTICE Response
code: 200
message: OK
body: {"events_received":1,"messages":[],"fbtrace_id":"AtaZvgY8rZU613bFpEXetj6"}
 CONTEXT: {"_legacy":true}
2024-10-25T12:10:26+00:00 NOTICE Request
method: POST
uri: https://graph.facebook.com/v20.0/820729112865218/events
user-agent: Facebook-for-WooCommerce/3.2.10 (WooCommerce/9.3.3; WordPress/6.6.2)
body: {"data":[{"action_source":"website","event_time":1729858224,"event_id":"c8a7c7eb-4bb1-4525-9b90-5d7c36bb17b6","event_source_url":"https:\/\/sincehence.store\/product\/blood-sugar-capsules\/?v=7885444af42e","custom_data":{"content_name":"Blood Sugar Suppliments | Natural Suppliments |  Blood Sugar Support | 60 Capsules","content_ids":"[\"SHSUP-TB00013_153\"]","content_type":"product","contents":"[{\"id\":\"SHSUP-TB00013_153\",\"quantity\":1}]","content_category":"BLOOD SUGAR","value":"24.95","currency":"USD"},"user_data":{"client_ip_address":"66.249.79.237","client_user_agent":"Mozilla\/5.0 (Linux; Android 6.0.1; Nexus 5X Build\/MMB29P) AppleWebKit\/537.36 (KHTML, like Gecko) Chrome\/130.0.6723.69 Mobile Safari\/537.36 (compatible; Googlebot\/2.1; +http:\/\/www.google.com\/bot.html)","fbc":"","fbp":""},"event_name":"ViewContent"}],"partner_agent":"woocommerce-9.3.3-3.2.10"}
duration: 0.23267s
 CONTEXT: {"_legacy":true}
2024-10-25T12:10:26+00:00 NOTICE Response
code: 200
message: OK
body: {"events_received":1,"messages":[],"fbtrace_id":"ArSzEgRNBdniZKJXfjelyFc"}
 CONTEXT: {"_legacy":true}
2024-10-25T12:22:26+00:00 NOTICE Request
method: GET
uri: https://graph.facebook.com/v20.0/fbe_business?fbe_external_business_id=sicnehenceecomemrce-665f929422055
user-agent: Facebook-for-WooCommerce/3.2.10 (WooCommerce/9.3.3; WordPress/6.6.2)
body:
duration: 0.30767s
 CONTEXT: {"_legacy":true}
2024-10-25T12:22:27+00:00 NOTICE Response
code: 200
message: OK
body: {"business":{"name":"SicneHence eComemrce"},"ads":[{"feature_instance_id":"813554103728373","enabled":true}],"catalogs":[{"feature_instance_id":"777710937847014","enabled":true}],"catalog_feed_scheduled":{"enabled":false},"ig_cta":{"enabled":false},"ig_shopping":{"enabled":false},"messenger_chat":{"enabled":false},"messenger_menu":{"enabled":false},"page_card":{"enabled":false},"page_cta":{"enabled":false},"page_post":{"enabled":false},"page_shop":{"enabled":false},"pixels":[{"feature_instance_id":"798387502384774","enabled":true}],"thread_intent":{"enabled":false}}
 CONTEXT: {"_legacy":true}
2024-10-25T12:23:10+00:00 NOTICE Request
method: POST
uri: https://graph.facebook.com/v20.0/820729112865218/events
user-agent: Facebook-for-WooCommerce/3.2.10 (WooCommerce/9.3.3; WordPress/6.6.2)
body: {"data":[{"action_source":"website","event_time":1729858987,"event_id":"7edba449-5d86-4cac-a40b-193d3c3d72fb","event_source_url":"https:\/\/sincehence.store\/product\/brain-support-capsules\/?v=7885444af42e","custom_data":{"content_name":"Brain Support Capsules | Blood Sugar Support | Natural Dietary Supplement","content_ids":"[\"SHSUP-TB00012_155\"]","content_type":"product","contents":"[{\"id\":\"SHSUP-TB00012_155\",\"quantity\":1}]","content_category":"BRAIN HEALTH","value":"24.95","currency":"USD"},"user_data":{"client_ip_address":"47.128.58.235","client_user_agent":"Mozilla\/5.0 (compatible; Bytespider; spider-feedback@bytedance.com) AppleWebKit\/537.36 (KHTML, like Gecko) Chrome\/70.0.0.0 Safari\/537.36","fbc":"","fbp":""},"event_name":"ViewContent"}],"partner_agent":"woocommerce-9.3.3-3.2.10"}
duration: 0.23845s
 CONTEXT: {"_legacy":true}
2024-10-25T12:23:10+00:00 NOTICE Response
code: 200
message: OK
body: {"events_received":1,"messages":[],"fbtrace_id":"A3CpmPp0rs4fmAps8UVTSzQ"}
 CONTEXT: {"_legacy":true}
2024-10-25T12:43:19+00:00 NOTICE Request
method: POST
uri: https://graph.facebook.com/v20.0/820729112865218/events
user-agent: Facebook-for-WooCommerce/3.2.10 (WooCommerce/9.3.3; WordPress/6.6.2)
body: {"data":[{"action_source":"website","event_time":1729860197,"event_id":"09a6da33-f3db-4c95-a4be-6be6440fcc4c","event_source_url":"https:\/\/sincehence.store\/product-category\/sleep\/?v=0b3b97fa6688","custom_data":{"content_name":"SLEEP REMEDIES","content_category":"SLEEP REMEDIES","content_ids":"[\"SHSUP-TB00021_137\",\"SHSUP-TB00024_131\",\"SHSUP-TB00025_129\",\"SHSUP-TB00023_133\",\"SHSUP-TB00022_135\"]","content_type":"product","contents":[{"id":"SHSUP-TB00021_137","quantity":1},{"id":"SHSUP-TB00024_131","quantity":1},{"id":"SHSUP-TB00025_129","quantity":1},{"id":"SHSUP-TB00023_133","quantity":1},{"id":"SHSUP-TB00022_135","quantity":1}]},"user_data":{"client_ip_address":"66.220.149.48","client_user_agent":"facebookexternalhit\/1.1 (+http:\/\/www.facebook.com\/externalhit_uatext.php)","fbc":"","fbp":""},"event_name":"ViewCategory"}],"partner_agent":"woocommerce-9.3.3-3.2.10"}
duration: 0.22829s
 CONTEXT: {"_legacy":true}
2024-10-25T12:43:19+00:00 NOTICE Response
code: 200
message: OK
body: {"events_received":1,"messages":[],"fbtrace_id":"AIPte26w5BEXOAO_NApNgp_"}
 CONTEXT: {"_legacy":true}
2024-10-25T13:18:20+00:00 NOTICE Request
method: GET
uri: https://graph.facebook.com/v20.0/fbe_business?fbe_external_business_id=sicnehenceecomemrce-665f929422055
user-agent: Facebook-for-WooCommerce/3.2.10 (WooCommerce/9.3.3; WordPress/6.6.2)
body:
duration: 0.26934s
 CONTEXT: {"_legacy":true}
2024-10-25T13:18:20+00:00 NOTICE Response
code: 200
message: OK
body: {"business":{"name":"SicneHence eComemrce"},"ads":[{"feature_instance_id":"813554103728373","enabled":true}],"catalogs":[{"feature_instance_id":"777710937847014","enabled":true}],"catalog_feed_scheduled":{"enabled":false},"ig_cta":{"enabled":false},"ig_shopping":{"enabled":false},"messenger_chat":{"enabled":false},"messenger_menu":{"enabled":false},"page_card":{"enabled":false},"page_cta":{"enabled":false},"page_post":{"enabled":false},"page_shop":{"enabled":false},"pixels":[{"feature_instance_id":"798387502384774","enabled":true}],"thread_intent":{"enabled":false}}
 CONTEXT: {"_legacy":true}
2024-10-25T14:22:24+00:00 NOTICE Request
method: GET
uri: https://graph.facebook.com/v20.0/fbe_business?fbe_external_business_id=sicnehenceecomemrce-665f929422055
user-agent: Facebook-for-WooCommerce/3.2.10 (WooCommerce/9.3.3; WordPress/6.6.2)
body:
duration: 0.30673s
 CONTEXT: {"_legacy":true}
2024-10-25T14:22:24+00:00 NOTICE Response
code: 200
message: OK
body: {"business":{"name":"SicneHence eComemrce"},"ads":[{"feature_instance_id":"813554103728373","enabled":true}],"catalogs":[{"feature_instance_id":"777710937847014","enabled":true}],"catalog_feed_scheduled":{"enabled":false},"ig_cta":{"enabled":false},"ig_shopping":{"enabled":false},"messenger_chat":{"enabled":false},"messenger_menu":{"enabled":false},"page_card":{"enabled":false},"page_cta":{"enabled":false},"page_post":{"enabled":false},"page_shop":{"enabled":false},"pixels":[{"feature_instance_id":"798387502384774","enabled":true}],"thread_intent":{"enabled":false}}
 CONTEXT: {"_legacy":true}
2024-10-25T15:21:29+00:00 NOTICE Request
method: GET
uri: https://graph.facebook.com/v20.0/fbe_business?fbe_external_business_id=sicnehenceecomemrce-665f929422055
user-agent: Facebook-for-WooCommerce/3.2.10 (WooCommerce/9.3.3; WordPress/6.6.2)
body:
duration: 0.29048s
 CONTEXT: {"_legacy":true}
2024-10-25T15:21:29+00:00 NOTICE Response
code: 200
message: OK
body: {"business":{"name":"SicneHence eComemrce"},"ads":[{"feature_instance_id":"813554103728373","enabled":true}],"catalogs":[{"feature_instance_id":"777710937847014","enabled":true}],"catalog_feed_scheduled":{"enabled":false},"ig_cta":{"enabled":false},"ig_shopping":{"enabled":false},"messenger_chat":{"enabled":false},"messenger_menu":{"enabled":false},"page_card":{"enabled":false},"page_cta":{"enabled":false},"page_post":{"enabled":false},"page_shop":{"enabled":false},"pixels":[{"feature_instance_id":"798387502384774","enabled":true}],"thread_intent":{"enabled":false}}
 CONTEXT: {"_legacy":true}
2024-10-25T15:29:56+00:00 NOTICE Request
method: POST
uri: https://graph.facebook.com/v20.0/820729112865218/events
user-agent: Facebook-for-WooCommerce/3.2.10 (WooCommerce/9.3.3; WordPress/6.6.2)
body: {"data":[{"action_source":"website","event_time":1729870194,"event_id":"a6a7a6d9-6db6-418c-b427-09b5cc0216a8","event_source_url":"https:\/\/sincehence.store\/product\/pain-relief-24mg-extra-strength-patches-30-pack\/?v=8bcc25c96aa5","custom_data":{"content_name":"CBD Patches | Pack of 30 | 24-Hour Relief | 24mg CBD Isolate | Convenient - Discreet - Targeted Application","content_ids":"[\"SHSUP-TB00001_177\"]","content_type":"product","contents":"[{\"id\":\"SHSUP-TB00001_177\",\"quantity\":1}]","content_category":"PAIN RELIEF","value":"64.95","currency":"USD"},"user_data":{"client_ip_address":"129.226.93.214","client_user_agent":"Mozilla\/5.0 (iPhone; CPU iPhone OS 13_2_3 like Mac OS X) AppleWebKit\/605.1.15 (KHTML, like Gecko) Version\/13.0.3 Mobile\/15E148 Safari\/604.1","fbc":"","fbp":""},"event_name":"ViewContent"}],"partner_agent":"woocommerce-9.3.3-3.2.10"}
duration: 0.28492s
 CONTEXT: {"_legacy":true}
2024-10-25T15:29:56+00:00 NOTICE Response
code: 200
message: OK
body: {"events_received":1,"messages":[],"fbtrace_id":"AO5MI4WHRwu80KWhbcP-Uwb"}
 CONTEXT: {"_legacy":true}
2024-10-25T16:18:32+00:00 NOTICE Request
method: GET
uri: https://graph.facebook.com/v20.0/fbe_business?fbe_external_business_id=sicnehenceecomemrce-665f929422055
user-agent: Facebook-for-WooCommerce/3.2.10 (WooCommerce/9.3.3; WordPress/6.6.2)
body:
duration: 0.37216s
 CONTEXT: {"_legacy":true}
2024-10-25T16:18:32+00:00 NOTICE Response
code: 200
message: OK
body: {"business":{"name":"SicneHence eComemrce"},"ads":[{"feature_instance_id":"813554103728373","enabled":true}],"catalogs":[{"feature_instance_id":"777710937847014","enabled":true}],"catalog_feed_scheduled":{"enabled":false},"ig_cta":{"enabled":false},"ig_shopping":{"enabled":false},"messenger_chat":{"enabled":false},"messenger_menu":{"enabled":false},"page_card":{"enabled":false},"page_cta":{"enabled":false},"page_post":{"enabled":false},"page_shop":{"enabled":false},"pixels":[{"feature_instance_id":"798387502384774","enabled":true}],"thread_intent":{"enabled":false}}
 CONTEXT: {"_legacy":true}
2024-10-25T16:29:31+00:00 NOTICE Request
method: POST
uri: https://graph.facebook.com/v20.0/820729112865218/events
user-agent: Facebook-for-WooCommerce/3.2.10 (WooCommerce/9.3.3; WordPress/6.6.2)
body: {"data":[{"action_source":"website","event_time":1729873769,"event_id":"e04db5f8-596e-4a99-96a5-9087c59750c6","event_source_url":"https:\/\/sincehence.store\/product\/the-pain-patch\/?v=7885444af42e","custom_data":{"content_name":"Bio Frequency Pain Relief Patches | Drug-Free Pain Relief for Back - Neck - Knee Pain | Non-Invasive Pain Management","content_ids":"[\"SHSUP-TB00004_171\"]","content_type":"product","contents":"[{\"id\":\"SHSUP-TB00004_171\",\"quantity\":1}]","content_category":"PAIN RELIEF","value":"25.95","currency":"USD"},"user_data":{"client_ip_address":"47.128.46.205","client_user_agent":"Mozilla\/5.0 (compatible; Bytespider; spider-feedback@bytedance.com) AppleWebKit\/537.36 (KHTML, like Gecko) Chrome\/70.0.0.0 Safari\/537.36","fbc":"","fbp":""},"event_name":"ViewContent"}],"partner_agent":"woocommerce-9.3.3-3.2.10"}
duration: 0.24696s
 CONTEXT: {"_legacy":true}
2024-10-25T16:29:31+00:00 NOTICE Response
code: 200
message: OK
body: {"events_received":1,"messages":[],"fbtrace_id":"AHEZQUqYEry6ydRooh0TJyU"}
 CONTEXT: {"_legacy":true}
2024-10-25T17:20:58+00:00 NOTICE Request
method: GET
uri: https://graph.facebook.com/v20.0/fbe_business?fbe_external_business_id=sicnehenceecomemrce-665f929422055
user-agent: Facebook-for-WooCommerce/3.2.10 (WooCommerce/9.3.3; WordPress/6.6.2)
body:
duration: 0.44158s
 CONTEXT: {"_legacy":true}
2024-10-25T17:20:58+00:00 NOTICE Response
code: 200
message: OK
body: {"business":{"name":"SicneHence eComemrce"},"ads":[{"feature_instance_id":"813554103728373","enabled":true}],"catalogs":[{"feature_instance_id":"777710937847014","enabled":true}],"catalog_feed_scheduled":{"enabled":false},"ig_cta":{"enabled":false},"ig_shopping":{"enabled":false},"messenger_chat":{"enabled":false},"messenger_menu":{"enabled":false},"page_card":{"enabled":false},"page_cta":{"enabled":false},"page_post":{"enabled":false},"page_shop":{"enabled":false},"pixels":[{"feature_instance_id":"798387502384774","enabled":true}],"thread_intent":{"enabled":false}}
 CONTEXT: {"_legacy":true}
2024-10-25T18:22:22+00:00 NOTICE Request
method: GET
uri: https://graph.facebook.com/v20.0/fbe_business?fbe_external_business_id=sicnehenceecomemrce-665f929422055
user-agent: Facebook-for-WooCommerce/3.2.10 (WooCommerce/9.3.3; WordPress/6.6.2)
body:
duration: 0.29241s
 CONTEXT: {"_legacy":true}
2024-10-25T18:22:22+00:00 NOTICE Response
code: 200
message: OK
body: {"business":{"name":"SicneHence eComemrce"},"ads":[{"feature_instance_id":"813554103728373","enabled":true}],"catalogs":[{"feature_instance_id":"777710937847014","enabled":true}],"catalog_feed_scheduled":{"enabled":false},"ig_cta":{"enabled":false},"ig_shopping":{"enabled":false},"messenger_chat":{"enabled":false},"messenger_menu":{"enabled":false},"page_card":{"enabled":false},"page_cta":{"enabled":false},"page_post":{"enabled":false},"page_shop":{"enabled":false},"pixels":[{"feature_instance_id":"798387502384774","enabled":true}],"thread_intent":{"enabled":false}}
 CONTEXT: {"_legacy":true}
2024-10-25T19:18:56+00:00 NOTICE Request
method: GET
uri: https://graph.facebook.com/v20.0/fbe_business?fbe_external_business_id=sicnehenceecomemrce-665f929422055
user-agent: Facebook-for-WooCommerce/3.2.10 (WooCommerce/9.3.3; WordPress/6.6.2)
body:
duration: 0.31393s
 CONTEXT: {"_legacy":true}
2024-10-25T19:18:56+00:00 NOTICE Response
code: 200
message: OK
body: {"business":{"name":"SicneHence eComemrce"},"ads":[{"feature_instance_id":"813554103728373","enabled":true}],"catalogs":[{"feature_instance_id":"777710937847014","enabled":true}],"catalog_feed_scheduled":{"enabled":false},"ig_cta":{"enabled":false},"ig_shopping":{"enabled":false},"messenger_chat":{"enabled":false},"messenger_menu":{"enabled":false},"page_card":{"enabled":false},"page_cta":{"enabled":false},"page_post":{"enabled":false},"page_shop":{"enabled":false},"pixels":[{"feature_instance_id":"798387502384774","enabled":true}],"thread_intent":{"enabled":false}}
 CONTEXT: {"_legacy":true}
2024-10-25T20:22:23+00:00 NOTICE Request
method: GET
uri: https://graph.facebook.com/v20.0/fbe_business?fbe_external_business_id=sicnehenceecomemrce-665f929422055
user-agent: Facebook-for-WooCommerce/3.2.10 (WooCommerce/9.3.3; WordPress/6.6.2)
body:
duration: 0.3103s
 CONTEXT: {"_legacy":true}
2024-10-25T20:22:23+00:00 NOTICE Response
code: 200
message: OK
body: {"business":{"name":"SicneHence eComemrce"},"ads":[{"feature_instance_id":"813554103728373","enabled":true}],"catalogs":[{"feature_instance_id":"777710937847014","enabled":true}],"catalog_feed_scheduled":{"enabled":false},"ig_cta":{"enabled":false},"ig_shopping":{"enabled":false},"messenger_chat":{"enabled":false},"messenger_menu":{"enabled":false},"page_card":{"enabled":false},"page_cta":{"enabled":false},"page_post":{"enabled":false},"page_shop":{"enabled":false},"pixels":[{"feature_instance_id":"798387502384774","enabled":true}],"thread_intent":{"enabled":false}}
 CONTEXT: {"_legacy":true}
2024-10-25T21:18:04+00:00 NOTICE Request
method: GET
uri: https://graph.facebook.com/v20.0/fbe_business?fbe_external_business_id=sicnehenceecomemrce-665f929422055
user-agent: Facebook-for-WooCommerce/3.2.10 (WooCommerce/9.3.3; WordPress/6.6.2)
body:
duration: 0.31468s
 CONTEXT: {"_legacy":true}
2024-10-25T21:18:04+00:00 NOTICE Response
code: 200
message: OK
body: {"business":{"name":"SicneHence eComemrce"},"ads":[{"feature_instance_id":"813554103728373","enabled":true}],"catalogs":[{"feature_instance_id":"777710937847014","enabled":true}],"catalog_feed_scheduled":{"enabled":false},"ig_cta":{"enabled":false},"ig_shopping":{"enabled":false},"messenger_chat":{"enabled":false},"messenger_menu":{"enabled":false},"page_card":{"enabled":false},"page_cta":{"enabled":false},"page_post":{"enabled":false},"page_shop":{"enabled":false},"pixels":[{"feature_instance_id":"798387502384774","enabled":true}],"thread_intent":{"enabled":false}}
 CONTEXT: {"_legacy":true}
2024-10-25T22:20:15+00:00 NOTICE Request
method: GET
uri: https://graph.facebook.com/v20.0/fbe_business?fbe_external_business_id=sicnehenceecomemrce-665f929422055
user-agent: Facebook-for-WooCommerce/3.2.10 (WooCommerce/9.3.3; WordPress/6.6.2)
body:
duration: 0.30748s
 CONTEXT: {"_legacy":true}
2024-10-25T22:20:15+00:00 NOTICE Response
code: 200
message: OK
body: {"business":{"name":"SicneHence eComemrce"},"ads":[{"feature_instance_id":"813554103728373","enabled":true}],"catalogs":[{"feature_instance_id":"777710937847014","enabled":true}],"catalog_feed_scheduled":{"enabled":false},"ig_cta":{"enabled":false},"ig_shopping":{"enabled":false},"messenger_chat":{"enabled":false},"messenger_menu":{"enabled":false},"page_card":{"enabled":false},"page_cta":{"enabled":false},"page_post":{"enabled":false},"page_shop":{"enabled":false},"pixels":[{"feature_instance_id":"798387502384774","enabled":true}],"thread_intent":{"enabled":false}}
 CONTEXT: {"_legacy":true}
2024-10-25T22:20:17+00:00 NOTICE Request
method: GET
uri: https://graph.facebook.com/v20.0/987788172779218/product_feeds
user-agent: Facebook-for-WooCommerce/3.2.10 (WooCommerce/9.3.3; WordPress/6.6.2)
body:
duration: 0.29872s
 CONTEXT: {"_legacy":true}
2024-10-25T22:20:17+00:00 NOTICE Response
code: 200
message: OK
body: {"data":[{"id":"980052693510616","file_name":"SicneHence eComemrce Supplimet - Catalog - Feed","name":"SicneHence eComemrce Supplimet - Catalog - Feed"}],"paging":{"cursors":{"before":"QVFIUlpFTE9uUTRPVi0zSlAxcGNuMGlVNDEzMVVCdTNXYVhfNU80ZAXRhMk55eTR2eC11WGdRaHVmeDJ3aHRQUFVHSXo0RmtxZAkRXX3Fid1VwQjNhbG9fc093","after":"QVFIUlpFTE9uUTRPVi0zSlAxcGNuMGlVNDEzMVVCdTNXYVhfNU80ZAXRhMk55eTR2eC11WGdRaHVmeDJ3aHRQUFVHSXo0RmtxZAkRXX3Fid1VwQjNhbG9fc093"}}}
 CONTEXT: {"_legacy":true}
2024-10-25T22:20:17+00:00 NOTICE Request
method: GET
uri: https://graph.facebook.com/v20.0/980052693510616/?fields=created_time,latest_upload,product_count,schedule,update_schedule
user-agent: Facebook-for-WooCommerce/3.2.10 (WooCommerce/9.3.3; WordPress/6.6.2)
body:
duration: 0.34448s
 CONTEXT: {"_legacy":true}
2024-10-25T22:20:17+00:00 NOTICE Response
code: 200
message: OK
body: {"created_time":"2024-06-05T19:21:45+0000","product_count":0,"id":"980052693510616"}
 CONTEXT: {"_legacy":true}
2024-10-25T22:20:18+00:00 NOTICE Request
method: GET
uri: https://graph.facebook.com/v20.0/fbe_business/fbe_installs?fbe_external_business_id=sicnehenceecomemrce-665f929422055
user-agent: Facebook-for-WooCommerce/3.2.10 (WooCommerce/9.3.3; WordPress/6.6.2)
body:
duration: 0.60713s
 CONTEXT: {"_legacy":true}
2024-10-25T22:20:18+00:00 NOTICE Response
code: 200
message: OK
body: {"data":[{"business_manager_id":"280213847030763","onsite_eligible":false,"pixel_id":"820729112865218","profiles":["100481805425565","17841445880604158"],"ad_account_id":"307726204234823","catalog_id":"987788172779218","pages":["100481805425565"],"instagram_profiles":["17841445880604158"],"ig_shop":{"status":"NOT_SUBMITTED"},"token_type":"User","installed_features":[{"feature_instance_id":"813554103728373","feature_type":"ads","connected_assets":{"ad_account_id":"307726204234823","business_manager_id":"280213847030763","catalog_id":"987788172779218","ig_profile_id":"17841445880604158","page_id":"100481805425565","pixel_id":"820729112865218"},"additional_info":{"onsite_eligible":false,"pixel_is_consolidated_container":false}},{"feature_instance_id":"798387502384774","feature_type":"pixel","connected_assets":{"ad_account_id":"307726204234823","business_manager_id":"280213847030763","ig_profile_id":"17841445880604158","page_id":"100481805425565","pixel_id":"820729112865218"},"additional_info":{"onsite_eligible":false,"pixel_is_consolidated_container":false}},{"feature_instance_id":"777710937847014","feature_type":"catalog","connected_assets":{"ad_account_id":"307726204234823","business_manager_id":"280213847030763","catalog_id":"987788172779218","ig_profile_id":"17841445880604158","page_id":"100481805425565","pixel_id":"820729112865218"},"additional_info":{"onsite_eligible":false,"pixel_is_consolidated_container":false}}]}]}
 CONTEXT: {"_legacy":true}
2024-10-25T22:20:18+00:00 NOTICE Retrieving page access token CONTEXT: {"_legacy":true}
2024-10-25T23:22:31+00:00 NOTICE Request
method: GET
uri: https://graph.facebook.com/v20.0/fbe_business?fbe_external_business_id=sicnehenceecomemrce-665f929422055
user-agent: Facebook-for-WooCommerce/3.2.10 (WooCommerce/9.3.3; WordPress/6.6.2)
body:
duration: 0.3224s
 CONTEXT: {"_legacy":true}
2024-10-25T23:22:31+00:00 NOTICE Response
code: 200
message: OK
body: {"business":{"name":"SicneHence eComemrce"},"ads":[{"feature_instance_id":"813554103728373","enabled":true}],"catalogs":[{"feature_instance_id":"777710937847014","enabled":true}],"catalog_feed_scheduled":{"enabled":false},"ig_cta":{"enabled":false},"ig_shopping":{"enabled":false},"messenger_chat":{"enabled":false},"messenger_menu":{"enabled":false},"page_card":{"enabled":false},"page_cta":{"enabled":false},"page_post":{"enabled":false},"page_shop":{"enabled":false},"pixels":[{"feature_instance_id":"798387502384774","enabled":true}],"thread_intent":{"enabled":false}}
 CONTEXT: {"_legacy":true}
