2024-10-20T00:22:24+00:00 NOTICE Request
method: GET
uri: https://graph.facebook.com/v20.0/fbe_business?fbe_external_business_id=sicnehenceecomemrce-665f929422055
user-agent: Facebook-for-WooCommerce/3.2.10 (WooCommerce/9.3.3; WordPress/6.6.2)
body:
duration: 0.52612s
 CONTEXT: {"_legacy":true}
2024-10-20T00:22:24+00:00 NOTICE Response
code: 200
message: OK
body: {"business":{"name":"SicneHence eComemrce"},"ads":[{"feature_instance_id":"813554103728373","enabled":true}],"catalogs":[{"feature_instance_id":"777710937847014","enabled":true}],"catalog_feed_scheduled":{"enabled":false},"ig_cta":{"enabled":false},"ig_shopping":{"enabled":false},"messenger_chat":{"enabled":false},"messenger_menu":{"enabled":false},"page_card":{"enabled":false},"page_cta":{"enabled":false},"page_post":{"enabled":false},"page_shop":{"enabled":false},"pixels":[{"feature_instance_id":"798387502384774","enabled":true}],"thread_intent":{"enabled":false}}
 CONTEXT: {"_legacy":true}
2024-10-20T00:30:58+00:00 NOTICE Request
method: POST
uri: https://graph.facebook.com/v20.0/820729112865218/events
user-agent: Facebook-for-WooCommerce/3.2.10 (WooCommerce/9.3.3; WordPress/6.6.2)
body: {"data":[{"action_source":"website","event_time":1729384225,"event_id":"e389decf-0a3d-4c04-b8a3-d51f9a51df4b","event_source_url":"https:\/\/sincehence.store\/product-category\/blood-sugar\/?v=0b3b97fa6688","custom_data":{"content_name":"BLOOD SUGAR","content_category":"BLOOD SUGAR","content_ids":"[\"SHSUP-TB00014_151\",\"SHSUP-TB00013_153\"]","content_type":"product","contents":[{"id":"SHSUP-TB00014_151","quantity":1},{"id":"SHSUP-TB00013_153","quantity":1}]},"user_data":{"client_ip_address":"43.135.142.7","client_user_agent":"Mozilla\/5.0 (iPhone; CPU iPhone OS 13_2_3 like Mac OS X) AppleWebKit\/605.1.15 (KHTML, like Gecko) Version\/13.0.3 Mobile\/15E148 Safari\/604.1","fbc":"","fbp":""},"event_name":"ViewCategory"}],"partner_agent":"woocommerce-9.3.3-3.2.10"}
duration: 0.45575s
 CONTEXT: {"_legacy":true}
2024-10-20T00:30:58+00:00 NOTICE Response
code: 200
message: OK
body: {"events_received":1,"messages":[],"fbtrace_id":"AA9RUT9SIPDWedOAAJLOeEW"}
 CONTEXT: {"_legacy":true}
2024-10-20T00:30:58+00:00 NOTICE Request
method: POST
uri: https://graph.facebook.com/v20.0/820729112865218/events
user-agent: Facebook-for-WooCommerce/3.2.10 (WooCommerce/9.3.3; WordPress/6.6.2)
body: {"data":[{"action_source":"website","event_time":1729384225,"event_id":"47a909da-a275-4b2f-b0f5-538a74a1cfd4","event_source_url":"https:\/\/sincehence.store\/product-category\/hangover\/?v=0b3b97fa6688","custom_data":{"content_name":"HANGOVER","content_category":"HANGOVER","content_ids":"[\"SHSUP-TB00034_111\",\"SHSUP-TB00036_107\",\"SHSUP-TB00033_113\",\"SHSUP-TB00035_109\",\"SHSUP-TB00032_115\",\"SHSUP-TB00020_139\"]","content_type":"product","contents":[{"id":"SHSUP-TB00034_111","quantity":1},{"id":"SHSUP-TB00036_107","quantity":1},{"id":"SHSUP-TB00033_113","quantity":1},{"id":"SHSUP-TB00035_109","quantity":1},{"id":"SHSUP-TB00032_115","quantity":1},{"id":"SHSUP-TB00020_139","quantity":1}]},"user_data":{"client_ip_address":"43.135.142.7","client_user_agent":"Mozilla\/5.0 (iPhone; CPU iPhone OS 13_2_3 like Mac OS X) AppleWebKit\/605.1.15 (KHTML, like Gecko) Version\/13.0.3 Mobile\/15E148 Safari\/604.1","fbc":"","fbp":""},"event_name":"ViewCategory"}],"partner_agent":"woocommerce-9.3.3-3.2.10"}
duration: 0.41694s
 CONTEXT: {"_legacy":true}
2024-10-20T00:30:58+00:00 NOTICE Response
code: 200
message: OK
body: {"events_received":1,"messages":[],"fbtrace_id":"Ab0Hdr3nJGn-XKvTJJmbA7E"}
 CONTEXT: {"_legacy":true}
2024-10-20T01:18:08+00:00 NOTICE Request
method: GET
uri: https://graph.facebook.com/v20.0/fbe_business?fbe_external_business_id=sicnehenceecomemrce-665f929422055
user-agent: Facebook-for-WooCommerce/3.2.10 (WooCommerce/9.3.3; WordPress/6.6.2)
body:
duration: 0.603s
 CONTEXT: {"_legacy":true}
2024-10-20T01:18:08+00:00 NOTICE Response
code: 200
message: OK
body: {"business":{"name":"SicneHence eComemrce"},"ads":[{"feature_instance_id":"813554103728373","enabled":true}],"catalogs":[{"feature_instance_id":"777710937847014","enabled":true}],"catalog_feed_scheduled":{"enabled":false},"ig_cta":{"enabled":false},"ig_shopping":{"enabled":false},"messenger_chat":{"enabled":false},"messenger_menu":{"enabled":false},"page_card":{"enabled":false},"page_cta":{"enabled":false},"page_post":{"enabled":false},"page_shop":{"enabled":false},"pixels":[{"feature_instance_id":"798387502384774","enabled":true}],"thread_intent":{"enabled":false}}
 CONTEXT: {"_legacy":true}
2024-10-20T02:18:38+00:00 NOTICE Request
method: GET
uri: https://graph.facebook.com/v20.0/fbe_business?fbe_external_business_id=sicnehenceecomemrce-665f929422055
user-agent: Facebook-for-WooCommerce/3.2.10 (WooCommerce/9.3.3; WordPress/6.6.2)
body:
duration: 1.61225s
 CONTEXT: {"_legacy":true}
2024-10-20T02:18:38+00:00 NOTICE Response
code: 200
message: OK
body: {"business":{"name":"SicneHence eComemrce"},"ads":[{"feature_instance_id":"813554103728373","enabled":true}],"catalogs":[{"feature_instance_id":"777710937847014","enabled":true}],"catalog_feed_scheduled":{"enabled":false},"ig_cta":{"enabled":false},"ig_shopping":{"enabled":false},"messenger_chat":{"enabled":false},"messenger_menu":{"enabled":false},"page_card":{"enabled":false},"page_cta":{"enabled":false},"page_post":{"enabled":false},"page_shop":{"enabled":false},"pixels":[{"feature_instance_id":"798387502384774","enabled":true}],"thread_intent":{"enabled":false}}
 CONTEXT: {"_legacy":true}
2024-10-20T03:19:52+00:00 NOTICE Request
method: GET
uri: https://graph.facebook.com/v20.0/fbe_business?fbe_external_business_id=sicnehenceecomemrce-665f929422055
user-agent: Facebook-for-WooCommerce/3.2.10 (WooCommerce/9.3.3; WordPress/6.6.2)
body:
duration: 0.53708s
 CONTEXT: {"_legacy":true}
2024-10-20T03:19:52+00:00 NOTICE Response
code: 200
message: OK
body: {"business":{"name":"SicneHence eComemrce"},"ads":[{"feature_instance_id":"813554103728373","enabled":true}],"catalogs":[{"feature_instance_id":"777710937847014","enabled":true}],"catalog_feed_scheduled":{"enabled":false},"ig_cta":{"enabled":false},"ig_shopping":{"enabled":false},"messenger_chat":{"enabled":false},"messenger_menu":{"enabled":false},"page_card":{"enabled":false},"page_cta":{"enabled":false},"page_post":{"enabled":false},"page_shop":{"enabled":false},"pixels":[{"feature_instance_id":"798387502384774","enabled":true}],"thread_intent":{"enabled":false}}
 CONTEXT: {"_legacy":true}
2024-10-20T03:27:22+00:00 NOTICE Generating a fresh product feed file CONTEXT: {"_legacy":true}
2024-10-20T03:27:23+00:00 NOTICE Product feed file generated CONTEXT: {"_legacy":true}
2024-10-20T03:28:08+00:00 NOTICE Request
method: POST
uri: https://graph.facebook.com/v20.0/820729112865218/events
user-agent: Facebook-for-WooCommerce/3.2.10 (WooCommerce/9.3.3; WordPress/6.6.2)
body: {"data":[{"action_source":"website","event_time":1729394886,"event_id":"63532fd5-c12d-41aa-b331-b52fb125e633","event_source_url":"https:\/\/sincehence.store\/product-category\/blood-sugar\/?v=0b3b97fa6688","custom_data":{"content_name":"BLOOD SUGAR","content_category":"BLOOD SUGAR","content_ids":"[\"SHSUP-TB00014_151\",\"SHSUP-TB00013_153\"]","content_type":"product","contents":[{"id":"SHSUP-TB00014_151","quantity":1},{"id":"SHSUP-TB00013_153","quantity":1}]},"user_data":{"client_ip_address":"43.135.138.128","client_user_agent":"Mozilla\/5.0 (iPhone; CPU iPhone OS 13_2_3 like Mac OS X) AppleWebKit\/605.1.15 (KHTML, like Gecko) Version\/13.0.3 Mobile\/15E148 Safari\/604.1","fbc":"","fbp":""},"event_name":"ViewCategory"}],"partner_agent":"woocommerce-9.3.3-3.2.10"}
duration: 0.44392s
 CONTEXT: {"_legacy":true}
2024-10-20T03:28:08+00:00 NOTICE Response
code: 200
message: OK
body: {"events_received":1,"messages":[],"fbtrace_id":"AQjasbQE5F5Wjn4IBi-LuA7"}
 CONTEXT: {"_legacy":true}
2024-10-20T04:18:09+00:00 NOTICE Request
method: GET
uri: https://graph.facebook.com/v20.0/fbe_business?fbe_external_business_id=sicnehenceecomemrce-665f929422055
user-agent: Facebook-for-WooCommerce/3.2.10 (WooCommerce/9.3.3; WordPress/6.6.2)
body:
duration: 0.48453s
 CONTEXT: {"_legacy":true}
2024-10-20T04:18:09+00:00 NOTICE Response
code: 200
message: OK
body: {"business":{"name":"SicneHence eComemrce"},"ads":[{"feature_instance_id":"813554103728373","enabled":true}],"catalogs":[{"feature_instance_id":"777710937847014","enabled":true}],"catalog_feed_scheduled":{"enabled":false},"ig_cta":{"enabled":false},"ig_shopping":{"enabled":false},"messenger_chat":{"enabled":false},"messenger_menu":{"enabled":false},"page_card":{"enabled":false},"page_cta":{"enabled":false},"page_post":{"enabled":false},"page_shop":{"enabled":false},"pixels":[{"feature_instance_id":"798387502384774","enabled":true}],"thread_intent":{"enabled":false}}
 CONTEXT: {"_legacy":true}
2024-10-20T05:17:53+00:00 NOTICE Request
method: GET
uri: https://graph.facebook.com/v20.0/fbe_business?fbe_external_business_id=sicnehenceecomemrce-665f929422055
user-agent: Facebook-for-WooCommerce/3.2.10 (WooCommerce/9.3.3; WordPress/6.6.2)
body:
duration: 0.53843s
 CONTEXT: {"_legacy":true}
2024-10-20T05:17:54+00:00 NOTICE Response
code: 200
message: OK
body: {"business":{"name":"SicneHence eComemrce"},"ads":[{"feature_instance_id":"813554103728373","enabled":true}],"catalogs":[{"feature_instance_id":"777710937847014","enabled":true}],"catalog_feed_scheduled":{"enabled":false},"ig_cta":{"enabled":false},"ig_shopping":{"enabled":false},"messenger_chat":{"enabled":false},"messenger_menu":{"enabled":false},"page_card":{"enabled":false},"page_cta":{"enabled":false},"page_post":{"enabled":false},"page_shop":{"enabled":false},"pixels":[{"feature_instance_id":"798387502384774","enabled":true}],"thread_intent":{"enabled":false}}
 CONTEXT: {"_legacy":true}
2024-10-20T06:22:23+00:00 NOTICE Request
method: GET
uri: https://graph.facebook.com/v20.0/fbe_business?fbe_external_business_id=sicnehenceecomemrce-665f929422055
user-agent: Facebook-for-WooCommerce/3.2.10 (WooCommerce/9.3.3; WordPress/6.6.2)
body:
duration: 0.46826s
 CONTEXT: {"_legacy":true}
2024-10-20T06:22:23+00:00 NOTICE Response
code: 200
message: OK
body: {"business":{"name":"SicneHence eComemrce"},"ads":[{"feature_instance_id":"813554103728373","enabled":true}],"catalogs":[{"feature_instance_id":"777710937847014","enabled":true}],"catalog_feed_scheduled":{"enabled":false},"ig_cta":{"enabled":false},"ig_shopping":{"enabled":false},"messenger_chat":{"enabled":false},"messenger_menu":{"enabled":false},"page_card":{"enabled":false},"page_cta":{"enabled":false},"page_post":{"enabled":false},"page_shop":{"enabled":false},"pixels":[{"feature_instance_id":"798387502384774","enabled":true}],"thread_intent":{"enabled":false}}
 CONTEXT: {"_legacy":true}
2024-10-20T07:18:26+00:00 NOTICE Request
method: GET
uri: https://graph.facebook.com/v20.0/fbe_business?fbe_external_business_id=sicnehenceecomemrce-665f929422055
user-agent: Facebook-for-WooCommerce/3.2.10 (WooCommerce/9.3.3; WordPress/6.6.2)
body:
duration: 0.51871s
 CONTEXT: {"_legacy":true}
2024-10-20T07:18:26+00:00 NOTICE Response
code: 200
message: OK
body: {"business":{"name":"SicneHence eComemrce"},"ads":[{"feature_instance_id":"813554103728373","enabled":true}],"catalogs":[{"feature_instance_id":"777710937847014","enabled":true}],"catalog_feed_scheduled":{"enabled":false},"ig_cta":{"enabled":false},"ig_shopping":{"enabled":false},"messenger_chat":{"enabled":false},"messenger_menu":{"enabled":false},"page_card":{"enabled":false},"page_cta":{"enabled":false},"page_post":{"enabled":false},"page_shop":{"enabled":false},"pixels":[{"feature_instance_id":"798387502384774","enabled":true}],"thread_intent":{"enabled":false}}
 CONTEXT: {"_legacy":true}
2024-10-20T07:29:13+00:00 NOTICE Request
method: POST
uri: https://graph.facebook.com/v20.0/820729112865218/events
user-agent: Facebook-for-WooCommerce/3.2.10 (WooCommerce/9.3.3; WordPress/6.6.2)
body: {"data":[{"action_source":"website","event_time":1729409353,"event_id":"7e9d0686-2ebc-4fa5-b170-033cc4bee7fe","event_source_url":"https:\/\/sincehence.store\/product\/blood-sugar-capsules\/?add-to-cart=93&v=6cc98ba2045f","custom_data":{"content_ids":"[\"SHSUP-TB00043_93\"]","content_name":"Anti-Wrinkle Face Cream | Natural Ingredients | Cream Jar | Paraben-free","content_type":"product","contents":"[{\"id\":\"SHSUP-TB00043_93\",\"quantity\":1}]","value":30.95,"currency":"USD"},"user_data":{"client_ip_address":"94.74.87.74","client_user_agent":"Mozilla\/5.0 (Windows NT 10.0; Win64; x64) AppleWebKit\/537.36 (KHTML, like Gecko) Chrome\/110.0.0.0 Safari\/537.36","fbc":"","fbp":""},"event_name":"AddToCart"}],"partner_agent":"woocommerce-9.3.3-3.2.10"}
duration: 0.45408s
 CONTEXT: {"_legacy":true}
2024-10-20T07:29:13+00:00 NOTICE Response
code: 200
message: OK
body: {"events_received":1,"messages":[],"fbtrace_id":"ASexW5nTEXgE6cXyvqT4zbZ"}
 CONTEXT: {"_legacy":true}
2024-10-20T07:29:24+00:00 NOTICE Request
method: POST
uri: https://graph.facebook.com/v20.0/820729112865218/events
user-agent: Facebook-for-WooCommerce/3.2.10 (WooCommerce/9.3.3; WordPress/6.6.2)
body: {"data":[{"action_source":"website","event_time":1729409357,"event_id":"88eba354-04d2-4ed3-9aee-cf3afb81f1f3","event_source_url":"https:\/\/sincehence.store\/product\/blood-sugar-capsules\/?v=8bcc25c96aa5","custom_data":{"content_name":"Blood Sugar Suppliments | Natural Suppliments |  Blood Sugar Support | 60 Capsules","content_ids":"[\"SHSUP-TB00013_153\"]","content_type":"product","contents":"[{\"id\":\"SHSUP-TB00013_153\",\"quantity\":1}]","content_category":"BLOOD SUGAR","value":"24.95","currency":"USD"},"user_data":{"client_ip_address":"94.74.87.74","client_user_agent":"Mozilla\/5.0 (Windows NT 10.0; Win64; x64) AppleWebKit\/537.36 (KHTML, like Gecko) Chrome\/110.0.0.0 Safari\/537.36","fbc":"","fbp":""},"event_name":"ViewContent"}],"partner_agent":"woocommerce-9.3.3-3.2.10"}
duration: 0.41383s
 CONTEXT: {"_legacy":true}
2024-10-20T07:29:24+00:00 NOTICE Response
code: 200
message: OK
body: {"events_received":1,"messages":[],"fbtrace_id":"A3m0QhjzVWbhlnSrRKVryf8"}
 CONTEXT: {"_legacy":true}
2024-10-20T08:18:04+00:00 NOTICE Request
method: GET
uri: https://graph.facebook.com/v20.0/fbe_business?fbe_external_business_id=sicnehenceecomemrce-665f929422055
user-agent: Facebook-for-WooCommerce/3.2.10 (WooCommerce/9.3.3; WordPress/6.6.2)
body:
duration: 0.5229s
 CONTEXT: {"_legacy":true}
2024-10-20T08:18:04+00:00 NOTICE Response
code: 200
message: OK
body: {"business":{"name":"SicneHence eComemrce"},"ads":[{"feature_instance_id":"813554103728373","enabled":true}],"catalogs":[{"feature_instance_id":"777710937847014","enabled":true}],"catalog_feed_scheduled":{"enabled":false},"ig_cta":{"enabled":false},"ig_shopping":{"enabled":false},"messenger_chat":{"enabled":false},"messenger_menu":{"enabled":false},"page_card":{"enabled":false},"page_cta":{"enabled":false},"page_post":{"enabled":false},"page_shop":{"enabled":false},"pixels":[{"feature_instance_id":"798387502384774","enabled":true}],"thread_intent":{"enabled":false}}
 CONTEXT: {"_legacy":true}
2024-10-20T09:22:21+00:00 NOTICE Request
method: GET
uri: https://graph.facebook.com/v20.0/fbe_business?fbe_external_business_id=sicnehenceecomemrce-665f929422055
user-agent: Facebook-for-WooCommerce/3.2.10 (WooCommerce/9.3.3; WordPress/6.6.2)
body:
duration: 0.69021s
 CONTEXT: {"_legacy":true}
2024-10-20T09:22:21+00:00 NOTICE Response
code: 200
message: OK
body: {"business":{"name":"SicneHence eComemrce"},"ads":[{"feature_instance_id":"813554103728373","enabled":true}],"catalogs":[{"feature_instance_id":"777710937847014","enabled":true}],"catalog_feed_scheduled":{"enabled":false},"ig_cta":{"enabled":false},"ig_shopping":{"enabled":false},"messenger_chat":{"enabled":false},"messenger_menu":{"enabled":false},"page_card":{"enabled":false},"page_cta":{"enabled":false},"page_post":{"enabled":false},"page_shop":{"enabled":false},"pixels":[{"feature_instance_id":"798387502384774","enabled":true}],"thread_intent":{"enabled":false}}
 CONTEXT: {"_legacy":true}
2024-10-20T09:38:25+00:00 NOTICE Request
method: POST
uri: https://graph.facebook.com/v20.0/820729112865218/events
user-agent: Facebook-for-WooCommerce/3.2.10 (WooCommerce/9.3.3; WordPress/6.6.2)
body: {"data":[{"action_source":"website","event_time":1729417103,"event_id":"1f0ea897-1483-4050-ac11-5f30bb47b789","event_source_url":"https:\/\/sincehence.store\/product\/hair-restoration-ultimate-combo\/?v=7885444af42e","custom_data":{"content_name":"Hair Growth Serum | Hair-Skin-Nails Supplement Combo | Ultimate Health","content_ids":"[\"SHSUP-TB00026_127\"]","content_type":"product","contents":"[{\"id\":\"SHSUP-TB00026_127\",\"quantity\":1}]","content_category":"HAIR GROWTH","value":"49.95","currency":"USD"},"user_data":{"client_ip_address":"57.141.5.6","client_user_agent":"meta-externalagent\/1.1 (+https:\/\/developers.facebook.com\/docs\/sharing\/webmasters\/crawler)","fbc":"","fbp":""},"event_name":"ViewContent"}],"partner_agent":"woocommerce-9.3.3-3.2.10"}
duration: 0.46362s
 CONTEXT: {"_legacy":true}
2024-10-20T09:38:25+00:00 NOTICE Response
code: 200
message: OK
body: {"events_received":1,"messages":[],"fbtrace_id":"AqvtcyCqK_teAORZR4miDJD"}
 CONTEXT: {"_legacy":true}
2024-10-20T09:43:52+00:00 NOTICE Request
method: POST
uri: https://graph.facebook.com/v20.0/820729112865218/events
user-agent: Facebook-for-WooCommerce/3.2.10 (WooCommerce/9.3.3; WordPress/6.6.2)
body: {"data":[{"action_source":"website","event_time":1729417431,"event_id":"e73b7c2f-7440-4b5c-80f8-2953a31b3e7d","event_source_url":"https:\/\/sincehence.store\/product\/hair-serum-60ml\/?v=0b3b97fa6688","custom_data":{"content_name":"Hair Growth Serum | 60ml | Revitalize and Strengthen Hair | Natural Ingredients | Fuller - Healthier Hair","content_ids":"[\"SHSUP-TB00028_123\"]","content_type":"product","contents":"[{\"id\":\"SHSUP-TB00028_123\",\"quantity\":1}]","content_category":"HAIR GROWTH","value":"30.95","currency":"USD"},"user_data":{"client_ip_address":"66.220.149.7","client_user_agent":"facebookexternalhit\/1.1 (+http:\/\/www.facebook.com\/externalhit_uatext.php)","fbc":"","fbp":""},"event_name":"ViewContent"}],"partner_agent":"woocommerce-9.3.3-3.2.10"}
duration: 0.43089s
 CONTEXT: {"_legacy":true}
2024-10-20T09:43:53+00:00 NOTICE Response
code: 200
message: OK
body: {"events_received":1,"messages":[],"fbtrace_id":"AxOxH1b76f3gHIVWOzu3Iiw"}
 CONTEXT: {"_legacy":true}
2024-10-20T09:48:33+00:00 NOTICE Request
method: POST
uri: https://graph.facebook.com/v20.0/820729112865218/events
user-agent: Facebook-for-WooCommerce/3.2.10 (WooCommerce/9.3.3; WordPress/6.6.2)
body: {"data":[{"action_source":"website","event_time":1729417711,"event_id":"99c7a61a-93a1-40ed-9b62-303cc20af48c","event_source_url":"https:\/\/sincehence.store\/product\/focus-patches-3-day\/?v=0b3b97fa6688","custom_data":{"content_name":"Focus Patches | 3 Days Topical Skin Patches | Enhance Focus and Mental Clarity | Natural Ingredients","content_ids":"[\"SHSUP-TB00011_157\"]","content_type":"product","contents":"[{\"id\":\"SHSUP-TB00011_157\",\"quantity\":1}]","content_category":"BRAIN HEALTH","value":"7.95","currency":"USD"},"user_data":{"client_ip_address":"173.252.83.9","client_user_agent":"facebookexternalhit\/1.1 (+http:\/\/www.facebook.com\/externalhit_uatext.php)","fbc":"","fbp":""},"event_name":"ViewContent"}],"partner_agent":"woocommerce-9.3.3-3.2.10"}
duration: 0.42175s
 CONTEXT: {"_legacy":true}
2024-10-20T09:48:33+00:00 NOTICE Response
code: 200
message: OK
body: {"events_received":1,"messages":[],"fbtrace_id":"AyPjvul8WIaJFy-uNiMfodS"}
 CONTEXT: {"_legacy":true}
2024-10-20T09:53:38+00:00 NOTICE Request
method: POST
uri: https://graph.facebook.com/v20.0/820729112865218/events
user-agent: Facebook-for-WooCommerce/3.2.10 (WooCommerce/9.3.3; WordPress/6.6.2)
body: {"data":[{"action_source":"website","event_time":1729418015,"event_id":"45f19113-37bf-4305-8c99-06528ec2e560","event_source_url":"https:\/\/sincehence.store\/product-category\/skin\/?v=7885444af42e","custom_data":{"content_name":"SKIN CARE AND BEAUTY","content_category":"SKIN CARE AND BEAUTY","content_ids":"[\"SHSUP-TB00041_97\",\"SHSUP-TB00043_93\",\"SHSUP-TB00042_95\"]","content_type":"product","contents":[{"id":"SHSUP-TB00041_97","quantity":1},{"id":"SHSUP-TB00043_93","quantity":1},{"id":"SHSUP-TB00042_95","quantity":1}]},"user_data":{"client_ip_address":"57.141.5.19","client_user_agent":"meta-externalagent\/1.1 (+https:\/\/developers.facebook.com\/docs\/sharing\/webmasters\/crawler)","fbc":"","fbp":""},"event_name":"ViewCategory"}],"partner_agent":"woocommerce-9.3.3-3.2.10"}
duration: 0.47923s
 CONTEXT: {"_legacy":true}
2024-10-20T09:53:38+00:00 NOTICE Response
code: 200
message: OK
body: {"events_received":1,"messages":[],"fbtrace_id":"AL5btw2wcaxZjvgN5J37JZV"}
 CONTEXT: {"_legacy":true}
2024-10-20T09:57:28+00:00 NOTICE Request
method: POST
uri: https://graph.facebook.com/v20.0/820729112865218/events
user-agent: Facebook-for-WooCommerce/3.2.10 (WooCommerce/9.3.3; WordPress/6.6.2)
body: {"data":[{"action_source":"website","event_time":1729418246,"event_id":"930ddbaa-09f6-4dfb-904a-744a3dc52a92","event_source_url":"https:\/\/sincehence.store\/product\/keto-capsule-single-bottle\/?v=0b3b97fa6688","custom_data":{"content_name":"Keto BHB Advanced Weight Loss Formula Capsules - Faster Ketosis, Enhanced Fat Burning, Increased Energy - 60 Capsules","content_ids":"[\"SHSUP-TB00050_79\"]","content_type":"product","contents":"[{\"id\":\"SHSUP-TB00050_79\",\"quantity\":1}]","content_category":"KETO","value":"25.95","currency":"USD"},"user_data":{"client_ip_address":"57.141.5.25","client_user_agent":"facebookexternalhit\/1.1 (+http:\/\/www.facebook.com\/externalhit_uatext.php)","fbc":"","fbp":""},"event_name":"ViewContent"}],"partner_agent":"woocommerce-9.3.3-3.2.10"}
duration: 0.437s
 CONTEXT: {"_legacy":true}
2024-10-20T09:57:28+00:00 NOTICE Response
code: 200
message: OK
body: {"events_received":1,"messages":[],"fbtrace_id":"AZ2yo3V0spAzk68tPEXme8M"}
 CONTEXT: {"_legacy":true}
2024-10-20T10:01:38+00:00 NOTICE Request
method: POST
uri: https://graph.facebook.com/v20.0/820729112865218/events
user-agent: Facebook-for-WooCommerce/3.2.10 (WooCommerce/9.3.3; WordPress/6.6.2)
body: {"data":[{"action_source":"website","event_time":1729418496,"event_id":"fbe99a81-b033-4c01-a787-b05d79c5b879","event_source_url":"https:\/\/sincehence.store\/product\/liver-plast-capsules\/?v=7885444af42e","custom_data":{"content_name":"Liver-Plast Detox Support Suppliments | Natural Liver Health Formula | 60 Vegan Capsules","content_ids":"[\"SHSUP-TB00020_139\"]","content_type":"product","contents":"[{\"id\":\"SHSUP-TB00020_139\",\"quantity\":1}]","content_category":"HANGOVER","value":"29.95","currency":"USD"},"user_data":{"client_ip_address":"69.171.249.12","client_user_agent":"meta-externalagent\/1.1 (+https:\/\/developers.facebook.com\/docs\/sharing\/webmasters\/crawler)","fbc":"","fbp":""},"event_name":"ViewContent"}],"partner_agent":"woocommerce-9.3.3-3.2.10"}
duration: 0.40213s
 CONTEXT: {"_legacy":true}
2024-10-20T10:01:38+00:00 NOTICE Response
code: 200
message: OK
body: {"events_received":1,"messages":[],"fbtrace_id":"ACxY1Fhi-mDMa_jk8eUEd0S"}
 CONTEXT: {"_legacy":true}
2024-10-20T10:01:59+00:00 NOTICE Request
method: POST
uri: https://graph.facebook.com/v20.0/820729112865218/events
user-agent: Facebook-for-WooCommerce/3.2.10 (WooCommerce/9.3.3; WordPress/6.6.2)
body: {"data":[{"action_source":"website","event_time":1729418517,"event_id":"14660bd0-b540-43b2-8105-8f566a84471e","event_source_url":"https:\/\/sincehence.store\/product\/sleep-pillow-spray\/?v=0b3b97fa6688","custom_data":{"content_name":"Sleep Time Pillow Spray | Lavender Scent | Relaxation and Enhanced Sleep Quality","content_ids":"[\"SHSUP-TB00022_135\"]","content_type":"product","contents":"[{\"id\":\"SHSUP-TB00022_135\",\"quantity\":1}]","content_category":"SLEEP REMEDIES","value":"15.95","currency":"USD"},"user_data":{"client_ip_address":"57.141.5.22","client_user_agent":"facebookexternalhit\/1.1 (+http:\/\/www.facebook.com\/externalhit_uatext.php)","fbc":"","fbp":""},"event_name":"ViewContent"}],"partner_agent":"woocommerce-9.3.3-3.2.10"}
duration: 0.41876s
 CONTEXT: {"_legacy":true}
2024-10-20T10:01:59+00:00 NOTICE Response
code: 200
message: OK
body: {"events_received":1,"messages":[],"fbtrace_id":"A3OR3G6Ma9KJ_6Pxz50rFAg"}
 CONTEXT: {"_legacy":true}
2024-10-20T10:02:09+00:00 NOTICE Request
method: POST
uri: https://graph.facebook.com/v20.0/820729112865218/events
user-agent: Facebook-for-WooCommerce/3.2.10 (WooCommerce/9.3.3; WordPress/6.6.2)
body: {"data":[{"action_source":"website","event_time":1729418527,"event_id":"5677485e-bbd7-4ba7-86f9-ba9e0d5d69de","event_source_url":"https:\/\/sincehence.store\/product\/hangover-patches-15-pack\/?v=7885444af42e","custom_data":{"content_name":"Hangover Patches | 15 Patches | Ultimate Hangover Relief","content_ids":"[\"SHSUP-TB00034_111\"]","content_type":"product","contents":"[{\"id\":\"SHSUP-TB00034_111\",\"quantity\":1}]","content_category":"HANGOVER","value":"15.95","currency":"USD"},"user_data":{"client_ip_address":"57.141.5.29","client_user_agent":"meta-externalagent\/1.1 (+https:\/\/developers.facebook.com\/docs\/sharing\/webmasters\/crawler)","fbc":"","fbp":""},"event_name":"ViewContent"}],"partner_agent":"woocommerce-9.3.3-3.2.10"}
duration: 0.43004s
 CONTEXT: {"_legacy":true}
2024-10-20T10:02:09+00:00 NOTICE Response
code: 200
message: OK
body: {"events_received":1,"messages":[],"fbtrace_id":"Ag5Mr4fZt2EkhuIrF3EBUUZ"}
 CONTEXT: {"_legacy":true}
2024-10-20T10:04:39+00:00 NOTICE Request
method: POST
uri: https://graph.facebook.com/v20.0/820729112865218/events
user-agent: Facebook-for-WooCommerce/3.2.10 (WooCommerce/9.3.3; WordPress/6.6.2)
body: {"data":[{"action_source":"website","event_time":1729418677,"event_id":"8fda00c3-3b92-4024-8676-7f5d02009758","event_source_url":"https:\/\/sincehence.store\/product\/hangover-patches-party-pack-60\/?v=0b3b97fa6688","custom_data":{"content_name":"Hangover Patches | 60 Patches | Party Pack  | Ultimate Hangover Relief","content_ids":"[\"SHSUP-TB00032_115\"]","content_type":"product","contents":"[{\"id\":\"SHSUP-TB00032_115\",\"quantity\":1}]","content_category":"HANGOVER","value":"49.95","currency":"USD"},"user_data":{"client_ip_address":"173.252.83.11","client_user_agent":"facebookexternalhit\/1.1 (+http:\/\/www.facebook.com\/externalhit_uatext.php)","fbc":"","fbp":""},"event_name":"ViewContent"}],"partner_agent":"woocommerce-9.3.3-3.2.10"}
duration: 0.44494s
 CONTEXT: {"_legacy":true}
2024-10-20T10:04:39+00:00 NOTICE Response
code: 200
message: OK
body: {"events_received":1,"messages":[],"fbtrace_id":"AC6dkFCrO99BUq_mpVQ8Ntf"}
 CONTEXT: {"_legacy":true}
2024-10-20T10:05:01+00:00 NOTICE Request
method: POST
uri: https://graph.facebook.com/v20.0/820729112865218/events
user-agent: Facebook-for-WooCommerce/3.2.10 (WooCommerce/9.3.3; WordPress/6.6.2)
body: {"data":[{"action_source":"website","event_time":1729418699,"event_id":"810edfe0-573e-4adc-8b6d-6e5005760757","event_source_url":"https:\/\/sincehence.store\/product-category\/pain-relief\/?v=0b3b97fa6688","custom_data":{"content_name":"PAIN RELIEF","content_category":"PAIN RELIEF","content_ids":"[\"SHSUP-TB00004_171\",\"SHSUP-TB00002_175\",\"SHSUP-TB00001_177\",\"SHSUP-TB00003_173\",\"SHSUP-TB00007_165\",\"SHSUP-TB00005_169\",\"SHSUP-TB00006_167\",\"SHSUP-TB00008_163\"]","content_type":"product","contents":[{"id":"SHSUP-TB00004_171","quantity":1},{"id":"SHSUP-TB00002_175","quantity":1},{"id":"SHSUP-TB00001_177","quantity":1},{"id":"SHSUP-TB00003_173","quantity":1},{"id":"SHSUP-TB00007_165","quantity":1},{"id":"SHSUP-TB00005_169","quantity":1},{"id":"SHSUP-TB00006_167","quantity":1},{"id":"SHSUP-TB00008_163","quantity":1}]},"user_data":{"client_ip_address":"57.141.5.1","client_user_agent":"facebookexternalhit\/1.1 (+http:\/\/www.facebook.com\/externalhit_uatext.php)","fbc":"","fbp":""},"event_name":"ViewCategory"}],"partner_agent":"woocommerce-9.3.3-3.2.10"}
duration: 0.41988s
 CONTEXT: {"_legacy":true}
2024-10-20T10:05:01+00:00 NOTICE Response
code: 200
message: OK
body: {"events_received":1,"messages":[],"fbtrace_id":"AbJNcPuwncl6mjupVNgU8OU"}
 CONTEXT: {"_legacy":true}
2024-10-20T10:05:35+00:00 NOTICE Request
method: POST
uri: https://graph.facebook.com/v20.0/820729112865218/events
user-agent: Facebook-for-WooCommerce/3.2.10 (WooCommerce/9.3.3; WordPress/6.6.2)
body: {"data":[{"action_source":"website","event_time":1729418734,"event_id":"b3c5097c-8a59-4bb4-851d-752404bde05d","event_source_url":"https:\/\/sincehence.store\/product\/vitamin-c-skin-toning-serum\/?v=0b3b97fa6688","custom_data":{"content_name":"Advanced Skin Toning Serum | Brighten Skin | Antioxidant","content_ids":"[\"SHSUP-TB00041_97\"]","content_type":"product","contents":"[{\"id\":\"SHSUP-TB00041_97\",\"quantity\":1}]","content_category":"SKIN CARE AND BEAUTY","value":"22.95","currency":"USD"},"user_data":{"client_ip_address":"57.141.5.25","client_user_agent":"facebookexternalhit\/1.1 (+http:\/\/www.facebook.com\/externalhit_uatext.php)","fbc":"","fbp":""},"event_name":"ViewContent"}],"partner_agent":"woocommerce-9.3.3-3.2.10"}
duration: 0.42056s
 CONTEXT: {"_legacy":true}
2024-10-20T10:05:35+00:00 NOTICE Response
code: 200
message: OK
body: {"events_received":1,"messages":[],"fbtrace_id":"ABKkuOhe_Vqc4t_6w38Proa"}
 CONTEXT: {"_legacy":true}
2024-10-20T10:11:15+00:00 NOTICE Request
method: POST
uri: https://graph.facebook.com/v20.0/820729112865218/events
user-agent: Facebook-for-WooCommerce/3.2.10 (WooCommerce/9.3.3; WordPress/6.6.2)
body: {"data":[{"action_source":"website","event_time":1729419073,"event_id":"42be12f7-daa0-4386-9d81-cd17e1da14be","event_source_url":"https:\/\/sincehence.store\/product-category\/hangover\/?v=8bcc25c96aa5","custom_data":{"content_name":"HANGOVER","content_category":"HANGOVER","content_ids":"[\"SHSUP-TB00034_111\",\"SHSUP-TB00036_107\",\"SHSUP-TB00033_113\",\"SHSUP-TB00035_109\",\"SHSUP-TB00032_115\",\"SHSUP-TB00020_139\"]","content_type":"product","contents":[{"id":"SHSUP-TB00034_111","quantity":1},{"id":"SHSUP-TB00036_107","quantity":1},{"id":"SHSUP-TB00033_113","quantity":1},{"id":"SHSUP-TB00035_109","quantity":1},{"id":"SHSUP-TB00032_115","quantity":1},{"id":"SHSUP-TB00020_139","quantity":1}]},"user_data":{"client_ip_address":"49.0.203.135","client_user_agent":"Mozilla\/5.0 (Windows NT 10.0; Win64; x64) AppleWebKit\/537.36 (KHTML, like Gecko) Chrome\/101.0.4951.67 Safari\/537.36","fbc":"","fbp":""},"event_name":"ViewCategory"}],"partner_agent":"woocommerce-9.3.3-3.2.10"}
duration: 0.43881s
 CONTEXT: {"_legacy":true}
2024-10-20T10:11:15+00:00 NOTICE Response
code: 200
message: OK
body: {"events_received":1,"messages":[],"fbtrace_id":"An0Qg0AbFK5KtIvhJxLfibH"}
 CONTEXT: {"_legacy":true}
2024-10-20T10:16:40+00:00 NOTICE Request
method: POST
uri: https://graph.facebook.com/v20.0/820729112865218/events
user-agent: Facebook-for-WooCommerce/3.2.10 (WooCommerce/9.3.3; WordPress/6.6.2)
body: {"data":[{"action_source":"website","event_time":1729419398,"event_id":"5421a00e-d4f9-4e2c-8898-312b63827ada","event_source_url":"https:\/\/sincehence.store\/product\/cbd-24mg-extra-strength-patches-6-pack\/?v=0b3b97fa6688","custom_data":{"content_name":"CBD Patches | 6 Pack | 24mg Extra Strength | Long-Lasting Relief | Convenient | Discreet","content_ids":"[\"SHSUP-TB00031_117\"]","content_type":"product","contents":"[{\"id\":\"SHSUP-TB00031_117\",\"quantity\":1}]","content_category":"CBD REMEDIES","value":"14.95","currency":"USD"},"user_data":{"client_ip_address":"57.141.5.4","client_user_agent":"facebookexternalhit\/1.1 (+http:\/\/www.facebook.com\/externalhit_uatext.php)","fbc":"","fbp":""},"event_name":"ViewContent"}],"partner_agent":"woocommerce-9.3.3-3.2.10"}
duration: 0.42236s
 CONTEXT: {"_legacy":true}
2024-10-20T10:16:40+00:00 NOTICE Response
code: 200
message: OK
body: {"events_received":1,"messages":[],"fbtrace_id":"AWLZxpxIuqVjOWGf5H-TYhp"}
 CONTEXT: {"_legacy":true}
2024-10-20T10:18:08+00:00 NOTICE Request
method: GET
uri: https://graph.facebook.com/v20.0/fbe_business?fbe_external_business_id=sicnehenceecomemrce-665f929422055
user-agent: Facebook-for-WooCommerce/3.2.10 (WooCommerce/9.3.3; WordPress/6.6.2)
body:
duration: 0.5332s
 CONTEXT: {"_legacy":true}
2024-10-20T10:18:08+00:00 NOTICE Response
code: 200
message: OK
body: {"business":{"name":"SicneHence eComemrce"},"ads":[{"feature_instance_id":"813554103728373","enabled":true}],"catalogs":[{"feature_instance_id":"777710937847014","enabled":true}],"catalog_feed_scheduled":{"enabled":false},"ig_cta":{"enabled":false},"ig_shopping":{"enabled":false},"messenger_chat":{"enabled":false},"messenger_menu":{"enabled":false},"page_card":{"enabled":false},"page_cta":{"enabled":false},"page_post":{"enabled":false},"page_shop":{"enabled":false},"pixels":[{"feature_instance_id":"798387502384774","enabled":true}],"thread_intent":{"enabled":false}}
 CONTEXT: {"_legacy":true}
2024-10-20T10:18:54+00:00 NOTICE Request
method: POST
uri: https://graph.facebook.com/v20.0/820729112865218/events
user-agent: Facebook-for-WooCommerce/3.2.10 (WooCommerce/9.3.3; WordPress/6.6.2)
body: {"data":[{"action_source":"website","event_time":1729419533,"event_id":"fc3beb9e-798f-49ef-bcf3-4c7fd9037951","event_source_url":"https:\/\/sincehence.store\/product\/instant-eye-lift-serum-single-bottle\/?v=0b3b97fa6688","custom_data":{"content_name":"Instant Eye Lift Serum for Fine Lines and Puffiness  | Potent Blend of Ingredients","content_ids":"[\"SHSUP-TB00042_95\"]","content_type":"product","contents":"[{\"id\":\"SHSUP-TB00042_95\",\"quantity\":1}]","content_category":"SKIN CARE AND BEAUTY","value":"25.95","currency":"USD"},"user_data":{"client_ip_address":"57.141.5.16","client_user_agent":"facebookexternalhit\/1.1 (+http:\/\/www.facebook.com\/externalhit_uatext.php)","fbc":"","fbp":""},"event_name":"ViewContent"}],"partner_agent":"woocommerce-9.3.3-3.2.10"}
duration: 0.42826s
 CONTEXT: {"_legacy":true}
2024-10-20T10:18:54+00:00 NOTICE Response
code: 200
message: OK
body: {"events_received":1,"messages":[],"fbtrace_id":"AuJTxhh5unQ1E7ObJO0sneK"}
 CONTEXT: {"_legacy":true}
2024-10-20T10:19:16+00:00 NOTICE Request
method: POST
uri: https://graph.facebook.com/v20.0/820729112865218/events
user-agent: Facebook-for-WooCommerce/3.2.10 (WooCommerce/9.3.3; WordPress/6.6.2)
body: {"data":[{"action_source":"website","event_time":1729419555,"event_id":"ff9f4715-3ec5-44a5-a572-8262d89f823b","event_source_url":"https:\/\/sincehence.store\/product\/beauty-face-cream-single-jar\/?v=7885444af42e","custom_data":{"content_name":"Anti-Wrinkle Face Cream | Natural Ingredients | Cream Jar | Paraben-free","content_ids":"[\"SHSUP-TB00043_93\"]","content_type":"product","contents":"[{\"id\":\"SHSUP-TB00043_93\",\"quantity\":1}]","content_category":"SKIN CARE AND BEAUTY","value":"30.95","currency":"USD"},"user_data":{"client_ip_address":"66.249.79.236","client_user_agent":"Mozilla\/5.0 (Linux; Android 6.0.1; Nexus 5X Build\/MMB29P) AppleWebKit\/537.36 (KHTML, like Gecko) Chrome\/129.0.6668.89 Mobile Safari\/537.36 (compatible; Googlebot\/2.1; +http:\/\/www.google.com\/bot.html)","fbc":"","fbp":""},"event_name":"ViewContent"}],"partner_agent":"woocommerce-9.3.3-3.2.10"}
duration: 0.41476s
 CONTEXT: {"_legacy":true}
2024-10-20T10:19:16+00:00 NOTICE Response
code: 200
message: OK
body: {"events_received":1,"messages":[],"fbtrace_id":"ASA5Tki4kPI30AfkVnDvnoZ"}
 CONTEXT: {"_legacy":true}
2024-10-20T10:22:08+00:00 NOTICE Request
method: POST
uri: https://graph.facebook.com/v20.0/820729112865218/events
user-agent: Facebook-for-WooCommerce/3.2.10 (WooCommerce/9.3.3; WordPress/6.6.2)
body: {"data":[{"action_source":"website","event_time":1729419726,"event_id":"93d2a224-0c22-4e88-a8a3-54e279415c36","event_source_url":"https:\/\/sincehence.store\/product\/hangover-patches-30-pack\/?v=0b3b97fa6688","custom_data":{"content_name":"Hangover Patches | 30 Patches | Ultimate Hangover Relief","content_ids":"[\"SHSUP-TB00033_113\"]","content_type":"product","contents":"[{\"id\":\"SHSUP-TB00033_113\",\"quantity\":1}]","content_category":"HANGOVER","value":"29.95","currency":"USD"},"user_data":{"client_ip_address":"57.141.5.16","client_user_agent":"facebookexternalhit\/1.1 (+http:\/\/www.facebook.com\/externalhit_uatext.php)","fbc":"","fbp":""},"event_name":"ViewContent"}],"partner_agent":"woocommerce-9.3.3-3.2.10"}
duration: 0.40749s
 CONTEXT: {"_legacy":true}
2024-10-20T10:22:08+00:00 NOTICE Response
code: 200
message: OK
body: {"events_received":1,"messages":[],"fbtrace_id":"AXFfGBQcGqL-_82ZhxFolr9"}
 CONTEXT: {"_legacy":true}
2024-10-20T10:23:55+00:00 NOTICE Request
method: POST
uri: https://graph.facebook.com/v20.0/820729112865218/events
user-agent: Facebook-for-WooCommerce/3.2.10 (WooCommerce/9.3.3; WordPress/6.6.2)
body: {"data":[{"action_source":"website","event_time":1729419834,"event_id":"8ed30a05-d827-48b9-a171-5f469748b94d","event_source_url":"https:\/\/sincehence.store\/product-category\/keto\/?v=7885444af42e","custom_data":{"content_name":"KETO","content_category":"KETO","content_ids":"[\"SHSUP-TB00049_81\",\"SHSUP-TB00019_141\",\"SHSUP-TB00017_145\",\"SHSUP-TB00016_147\",\"SHSUP-TB00050_79\",\"SHSUP-TB00048_83\",\"SHSUP-TB00018_143\"]","content_type":"product","contents":[{"id":"SHSUP-TB00049_81","quantity":1},{"id":"SHSUP-TB00019_141","quantity":1},{"id":"SHSUP-TB00017_145","quantity":1},{"id":"SHSUP-TB00016_147","quantity":1},{"id":"SHSUP-TB00050_79","quantity":1},{"id":"SHSUP-TB00048_83","quantity":1},{"id":"SHSUP-TB00018_143","quantity":1}]},"user_data":{"client_ip_address":"66.249.79.238","client_user_agent":"Mozilla\/5.0 (Linux; Android 6.0.1; Nexus 5X Build\/MMB29P) AppleWebKit\/537.36 (KHTML, like Gecko) Chrome\/129.0.6668.89 Mobile Safari\/537.36 (compatible; Googlebot\/2.1; +http:\/\/www.google.com\/bot.html)","fbc":"","fbp":""},"event_name":"ViewCategory"}],"partner_agent":"woocommerce-9.3.3-3.2.10"}
duration: 0.41748s
 CONTEXT: {"_legacy":true}
2024-10-20T10:23:55+00:00 NOTICE Response
code: 200
message: OK
body: {"events_received":1,"messages":[],"fbtrace_id":"A54jWjUOrIlNtnNxBvZ6Ydh"}
 CONTEXT: {"_legacy":true}
2024-10-20T10:34:27+00:00 NOTICE Request
method: POST
uri: https://graph.facebook.com/v20.0/820729112865218/events
user-agent: Facebook-for-WooCommerce/3.2.10 (WooCommerce/9.3.3; WordPress/6.6.2)
body: {"data":[{"action_source":"website","event_time":1729420465,"event_id":"c844e831-ed9c-4aff-bdd2-8fe921ef1587","event_source_url":"https:\/\/sincehence.store\/product\/sleep-patch-30-days-pack\/?v=7885444af42e","custom_data":{"content_name":"Sleep Patches | 30 Days Pack | Achieve a Restful Night Sleep | Natural Ingredients","content_ids":"[\"SHSUP-TB00023_133\"]","content_type":"product","contents":"[{\"id\":\"SHSUP-TB00023_133\",\"quantity\":1}]","content_category":"SLEEP REMEDIES","value":"27.95","currency":"USD"},"user_data":{"client_ip_address":"57.141.5.22","client_user_agent":"meta-externalagent\/1.1 (+https:\/\/developers.facebook.com\/docs\/sharing\/webmasters\/crawler)","fbc":"","fbp":""},"event_name":"ViewContent"}],"partner_agent":"woocommerce-9.3.3-3.2.10"}
duration: 0.50757s
 CONTEXT: {"_legacy":true}
2024-10-20T10:34:27+00:00 NOTICE Response
code: 200
message: OK
body: {"events_received":1,"messages":[],"fbtrace_id":"AimPdczIDOhfPV5ZxqIxnae"}
 CONTEXT: {"_legacy":true}
2024-10-20T10:37:39+00:00 NOTICE Request
method: POST
uri: https://graph.facebook.com/v20.0/820729112865218/events
user-agent: Facebook-for-WooCommerce/3.2.10 (WooCommerce/9.3.3; WordPress/6.6.2)
body: {"data":[{"action_source":"website","event_time":1729420657,"event_id":"a23c1e5d-cd2a-4e0b-85af-5c8e1e720a76","event_source_url":"https:\/\/sincehence.store\/product\/cbd-cream-jar\/?v=7885444af42e","custom_data":{"content_name":"CBD Relief Cream | 250MG | Fast-Acting | Soothing Muscle & Joint Discomfort Relief |  Cruelty-Free with Peppermint Oil & Menthol","content_ids":"[\"SHSUP-TB00044_91\"]","content_type":"product","contents":"[{\"id\":\"SHSUP-TB00044_91\",\"quantity\":1}]","content_category":"CBD REMEDIES","value":"27.95","currency":"USD"},"user_data":{"client_ip_address":"173.252.83.7","client_user_agent":"meta-externalagent\/1.1 (+https:\/\/developers.facebook.com\/docs\/sharing\/webmasters\/crawler)","fbc":"","fbp":""},"event_name":"ViewContent"}],"partner_agent":"woocommerce-9.3.3-3.2.10"}
duration: 0.43265s
 CONTEXT: {"_legacy":true}
2024-10-20T10:37:39+00:00 NOTICE Response
code: 200
message: OK
body: {"events_received":1,"messages":[],"fbtrace_id":"AyPy6FCY33IBq0lCXCpUj2I"}
 CONTEXT: {"_legacy":true}
2024-10-20T10:49:25+00:00 NOTICE Request
method: POST
uri: https://graph.facebook.com/v20.0/820729112865218/events
user-agent: Facebook-for-WooCommerce/3.2.10 (WooCommerce/9.3.3; WordPress/6.6.2)
body: {"data":[{"action_source":"website","event_time":1729421363,"event_id":"93be5677-6349-4cc8-84f5-5f42ccbb4e7c","event_source_url":"https:\/\/sincehence.store\/product-category\/sleep\/?v=0b3b97fa6688","custom_data":{"content_name":"SLEEP REMEDIES","content_category":"SLEEP REMEDIES","content_ids":"[\"SHSUP-TB00021_137\",\"SHSUP-TB00024_131\",\"SHSUP-TB00025_129\",\"SHSUP-TB00023_133\",\"SHSUP-TB00022_135\"]","content_type":"product","contents":[{"id":"SHSUP-TB00021_137","quantity":1},{"id":"SHSUP-TB00024_131","quantity":1},{"id":"SHSUP-TB00025_129","quantity":1},{"id":"SHSUP-TB00023_133","quantity":1},{"id":"SHSUP-TB00022_135","quantity":1}]},"user_data":{"client_ip_address":"57.141.5.5","client_user_agent":"facebookexternalhit\/1.1 (+http:\/\/www.facebook.com\/externalhit_uatext.php)","fbc":"","fbp":""},"event_name":"ViewCategory"}],"partner_agent":"woocommerce-9.3.3-3.2.10"}
duration: 0.44609s
 CONTEXT: {"_legacy":true}
2024-10-20T10:49:25+00:00 NOTICE Response
code: 200
message: OK
body: {"events_received":1,"messages":[],"fbtrace_id":"ACBIFj79P6PgJBmLfmKzNeW"}
 CONTEXT: {"_legacy":true}
2024-10-20T11:22:21+00:00 NOTICE Request
method: GET
uri: https://graph.facebook.com/v20.0/fbe_business?fbe_external_business_id=sicnehenceecomemrce-665f929422055
user-agent: Facebook-for-WooCommerce/3.2.10 (WooCommerce/9.3.3; WordPress/6.6.2)
body:
duration: 1.00864s
 CONTEXT: {"_legacy":true}
2024-10-20T11:22:21+00:00 NOTICE Response
code: 200
message: OK
body: {"business":{"name":"SicneHence eComemrce"},"ads":[{"feature_instance_id":"813554103728373","enabled":true}],"catalogs":[{"feature_instance_id":"777710937847014","enabled":true}],"catalog_feed_scheduled":{"enabled":false},"ig_cta":{"enabled":false},"ig_shopping":{"enabled":false},"messenger_chat":{"enabled":false},"messenger_menu":{"enabled":false},"page_card":{"enabled":false},"page_cta":{"enabled":false},"page_post":{"enabled":false},"page_shop":{"enabled":false},"pixels":[{"feature_instance_id":"798387502384774","enabled":true}],"thread_intent":{"enabled":false}}
 CONTEXT: {"_legacy":true}
2024-10-20T11:49:24+00:00 NOTICE Request
method: POST
uri: https://graph.facebook.com/v20.0/820729112865218/events
user-agent: Facebook-for-WooCommerce/3.2.10 (WooCommerce/9.3.3; WordPress/6.6.2)
body: {"data":[{"action_source":"website","event_time":1729424961,"event_id":"ca9222e5-f4a9-416a-acf1-6dcc4e446da3","event_source_url":"https:\/\/sincehence.store\/product\/digestive-enzyme-capsules\/?v=0b3b97fa6688","custom_data":{"content_name":"Digestive Enzyme Formula | 20 Potent Enzymes | Optimal Digestion | 60 Capsules | Supports Gluten Digestion | Plant-Based | Vegan","content_ids":"[\"SHSUP-TB00017_145\"]","content_type":"product","contents":"[{\"id\":\"SHSUP-TB00017_145\",\"quantity\":1}]","content_category":"KETO","value":"24.95","currency":"USD"},"user_data":{"client_ip_address":"57.141.5.19","client_user_agent":"facebookexternalhit\/1.1 (+http:\/\/www.facebook.com\/externalhit_uatext.php)","fbc":"","fbp":""},"event_name":"ViewContent"}],"partner_agent":"woocommerce-9.3.3-3.2.10"}
duration: 1.27136s
 CONTEXT: {"_legacy":true}
2024-10-20T11:49:24+00:00 NOTICE Response
code: 200
message: OK
body: {"events_received":1,"messages":[],"fbtrace_id":"A45s8ROpQEi1hVJ6hcvGAEX"}
 CONTEXT: {"_legacy":true}
2024-10-20T11:50:46+00:00 NOTICE Request
method: POST
uri: https://graph.facebook.com/v20.0/820729112865218/events
user-agent: Facebook-for-WooCommerce/3.2.10 (WooCommerce/9.3.3; WordPress/6.6.2)
body: {"data":[{"action_source":"website","event_time":1729425044,"event_id":"127da340-5c8c-4fde-b03a-f6f330174bc7","event_source_url":"https:\/\/sincehence.store\/product\/choless-capsules\/?v=7885444af42e","custom_data":{"content_name":"Choless Suppliment |  Cholesterol Control Formula | 60 Vegan Capsules | Natural Ingredients","content_ids":"[\"SHSUP-TB00019_141\"]","content_type":"product","contents":"[{\"id\":\"SHSUP-TB00019_141\",\"quantity\":1}]","content_category":"KETO","value":"24.95","currency":"USD"},"user_data":{"client_ip_address":"66.249.79.238","client_user_agent":"Mozilla\/5.0 (compatible; Googlebot\/2.1; +http:\/\/www.google.com\/bot.html)","fbc":"","fbp":""},"event_name":"ViewContent"}],"partner_agent":"woocommerce-9.3.3-3.2.10"}
duration: 0.43397s
 CONTEXT: {"_legacy":true}
2024-10-20T11:50:46+00:00 NOTICE Response
code: 200
message: OK
body: {"events_received":1,"messages":[],"fbtrace_id":"AxaN6oWkZd_1ZTTjl0uZqu3"}
 CONTEXT: {"_legacy":true}
2024-10-20T12:22:20+00:00 NOTICE Request
method: GET
uri: https://graph.facebook.com/v20.0/fbe_business?fbe_external_business_id=sicnehenceecomemrce-665f929422055
user-agent: Facebook-for-WooCommerce/3.2.10 (WooCommerce/9.3.3; WordPress/6.6.2)
body:
duration: 0.50234s
 CONTEXT: {"_legacy":true}
2024-10-20T12:22:20+00:00 NOTICE Response
code: 200
message: OK
body: {"business":{"name":"SicneHence eComemrce"},"ads":[{"feature_instance_id":"813554103728373","enabled":true}],"catalogs":[{"feature_instance_id":"777710937847014","enabled":true}],"catalog_feed_scheduled":{"enabled":false},"ig_cta":{"enabled":false},"ig_shopping":{"enabled":false},"messenger_chat":{"enabled":false},"messenger_menu":{"enabled":false},"page_card":{"enabled":false},"page_cta":{"enabled":false},"page_post":{"enabled":false},"page_shop":{"enabled":false},"pixels":[{"feature_instance_id":"798387502384774","enabled":true}],"thread_intent":{"enabled":false}}
 CONTEXT: {"_legacy":true}
2024-10-20T12:41:53+00:00 NOTICE Request
method: POST
uri: https://graph.facebook.com/v20.0/820729112865218/events
user-agent: Facebook-for-WooCommerce/3.2.10 (WooCommerce/9.3.3; WordPress/6.6.2)
body: {"data":[{"action_source":"website","event_time":1729428112,"event_id":"aa909959-b069-4d7d-bb6f-6b0fd0f7fce4","event_source_url":"https:\/\/sincehence.store\/product\/testosterone-boost-capsules-single-bottle?add-to-cart=91","custom_data":{"content_ids":"[\"SHSUP-TB00044_91\"]","content_name":"CBD Relief Cream | 250MG | Fast-Acting | Soothing Muscle & Joint Discomfort Relief |  Cruelty-Free with Peppermint Oil & Menthol","content_type":"product","contents":"[{\"id\":\"SHSUP-TB00044_91\",\"quantity\":1}]","value":27.95,"currency":"USD"},"user_data":{"client_ip_address":"111.119.193.61","client_user_agent":"Mozilla\/5.0 (Windows NT 10.0; Win64; x64) AppleWebKit\/537.36 (KHTML, like Gecko) Chrome\/101.0.4951.67 Safari\/537.36","fbc":"","fbp":""},"event_name":"AddToCart"}],"partner_agent":"woocommerce-9.3.3-3.2.10"}
duration: 0.41159s
 CONTEXT: {"_legacy":true}
2024-10-20T12:41:53+00:00 NOTICE Response
code: 200
message: OK
body: {"events_received":1,"messages":[],"fbtrace_id":"AbZXCtxCGHtZAMgquJJCtTm"}
 CONTEXT: {"_legacy":true}
2024-10-20T12:41:54+00:00 NOTICE Request
method: POST
uri: https://graph.facebook.com/v20.0/820729112865218/events
user-agent: Facebook-for-WooCommerce/3.2.10 (WooCommerce/9.3.3; WordPress/6.6.2)
body: {"data":[{"action_source":"website","event_time":1729428114,"event_id":"0d421a3d-f7e3-4131-bb19-c809fa691b21","event_source_url":"https:\/\/sincehence.store\/product\/testosterone-boost-capsules-single-bottle\/?add-to-cart=91","custom_data":{"content_ids":"[\"SHSUP-TB00044_91\"]","content_name":"CBD Relief Cream | 250MG | Fast-Acting | Soothing Muscle & Joint Discomfort Relief |  Cruelty-Free with Peppermint Oil & Menthol","content_type":"product","contents":"[{\"id\":\"SHSUP-TB00044_91\",\"quantity\":1}]","value":27.95,"currency":"USD"},"user_data":{"client_ip_address":"111.119.193.61","client_user_agent":"Mozilla\/5.0 (Windows NT 10.0; Win64; x64) AppleWebKit\/537.36 (KHTML, like Gecko) Chrome\/101.0.4951.67 Safari\/537.36","fbc":"","fbp":""},"event_name":"AddToCart"}],"partner_agent":"woocommerce-9.3.3-3.2.10"}
duration: 0.40522s
 CONTEXT: {"_legacy":true}
2024-10-20T12:41:55+00:00 NOTICE Response
code: 200
message: OK
body: {"events_received":1,"messages":[],"fbtrace_id":"AHkwvKTE3hmQNuzbRova-ui"}
 CONTEXT: {"_legacy":true}
2024-10-20T12:42:00+00:00 NOTICE Request
method: POST
uri: https://graph.facebook.com/v20.0/820729112865218/events
user-agent: Facebook-for-WooCommerce/3.2.10 (WooCommerce/9.3.3; WordPress/6.6.2)
body: {"data":[{"action_source":"website","event_time":1729428118,"event_id":"d6ddc668-36bd-437f-97d0-3192ad00fc91","event_source_url":"https:\/\/sincehence.store\/product\/testosterone-boost-capsules-single-bottle\/?v=8bcc25c96aa5","custom_data":{"content_name":"Testosterone Advanced Formula | Increase Testosterone Levels | 60 Capsules","content_ids":"[\"SHSUP-TB00040_99\"]","content_type":"product","contents":"[{\"id\":\"SHSUP-TB00040_99\",\"quantity\":1}]","content_category":"MENS HEALTH","value":"30.95","currency":"USD"},"user_data":{"client_ip_address":"111.119.193.61","client_user_agent":"Mozilla\/5.0 (Windows NT 10.0; Win64; x64) AppleWebKit\/537.36 (KHTML, like Gecko) Chrome\/101.0.4951.67 Safari\/537.36","fbc":"","fbp":""},"event_name":"ViewContent"}],"partner_agent":"woocommerce-9.3.3-3.2.10"}
duration: 0.41157s
 CONTEXT: {"_legacy":true}
2024-10-20T12:42:00+00:00 NOTICE Response
code: 200
message: OK
body: {"events_received":1,"messages":[],"fbtrace_id":"Aa5ePGQs-hN9MPIDRNhXtSK"}
 CONTEXT: {"_legacy":true}
2024-10-20T13:18:02+00:00 NOTICE Request
method: GET
uri: https://graph.facebook.com/v20.0/fbe_business?fbe_external_business_id=sicnehenceecomemrce-665f929422055
user-agent: Facebook-for-WooCommerce/3.2.10 (WooCommerce/9.3.3; WordPress/6.6.2)
body:
duration: 0.46706s
 CONTEXT: {"_legacy":true}
2024-10-20T13:18:02+00:00 NOTICE Response
code: 200
message: OK
body: {"business":{"name":"SicneHence eComemrce"},"ads":[{"feature_instance_id":"813554103728373","enabled":true}],"catalogs":[{"feature_instance_id":"777710937847014","enabled":true}],"catalog_feed_scheduled":{"enabled":false},"ig_cta":{"enabled":false},"ig_shopping":{"enabled":false},"messenger_chat":{"enabled":false},"messenger_menu":{"enabled":false},"page_card":{"enabled":false},"page_cta":{"enabled":false},"page_post":{"enabled":false},"page_shop":{"enabled":false},"pixels":[{"feature_instance_id":"798387502384774","enabled":true}],"thread_intent":{"enabled":false}}
 CONTEXT: {"_legacy":true}
2024-10-20T14:22:34+00:00 NOTICE Request
method: GET
uri: https://graph.facebook.com/v20.0/fbe_business?fbe_external_business_id=sicnehenceecomemrce-665f929422055
user-agent: Facebook-for-WooCommerce/3.2.10 (WooCommerce/9.3.3; WordPress/6.6.2)
body:
duration: 0.83887s
 CONTEXT: {"_legacy":true}
2024-10-20T14:22:35+00:00 NOTICE Response
code: 200
message: OK
body: {"business":{"name":"SicneHence eComemrce"},"ads":[{"feature_instance_id":"813554103728373","enabled":true}],"catalogs":[{"feature_instance_id":"777710937847014","enabled":true}],"catalog_feed_scheduled":{"enabled":false},"ig_cta":{"enabled":false},"ig_shopping":{"enabled":false},"messenger_chat":{"enabled":false},"messenger_menu":{"enabled":false},"page_card":{"enabled":false},"page_cta":{"enabled":false},"page_post":{"enabled":false},"page_shop":{"enabled":false},"pixels":[{"feature_instance_id":"798387502384774","enabled":true}],"thread_intent":{"enabled":false}}
 CONTEXT: {"_legacy":true}
2024-10-20T15:03:00+00:00 NOTICE Request
method: POST
uri: https://graph.facebook.com/v20.0/820729112865218/events
user-agent: Facebook-for-WooCommerce/3.2.10 (WooCommerce/9.3.3; WordPress/6.6.2)
body: {"data":[{"action_source":"website","event_time":1729436578,"event_id":"8c51937a-7c02-4b55-9d45-048674bea8dd","event_source_url":"https:\/\/sincehence.store\/product\/beauty-face-cream-single-jar\/?v=8bcc25c96aa5","custom_data":{"content_name":"Anti-Wrinkle Face Cream | Natural Ingredients | Cream Jar | Paraben-free","content_ids":"[\"SHSUP-TB00043_93\"]","content_type":"product","contents":"[{\"id\":\"SHSUP-TB00043_93\",\"quantity\":1}]","content_category":"SKIN CARE AND BEAUTY","value":"30.95","currency":"USD"},"user_data":{"client_ip_address":"166.108.229.68","client_user_agent":"Mozilla\/5.0 (Windows NT 10.0; Win64; x64) AppleWebKit\/537.36 (KHTML, like Gecko) Chrome\/107.0.0.0 Safari\/537.36","fbc":"","fbp":""},"event_name":"ViewContent"}],"partner_agent":"woocommerce-9.3.3-3.2.10"}
duration: 0.45432s
 CONTEXT: {"_legacy":true}
2024-10-20T15:03:00+00:00 NOTICE Response
code: 200
message: OK
body: {"events_received":1,"messages":[],"fbtrace_id":"AJ-QXG5KncPfOL17B1oi9sG"}
 CONTEXT: {"_legacy":true}
2024-10-20T15:17:32+00:00 NOTICE Request
method: GET
uri: https://graph.facebook.com/v20.0/fbe_business?fbe_external_business_id=sicnehenceecomemrce-665f929422055
user-agent: Facebook-for-WooCommerce/3.2.10 (WooCommerce/9.3.3; WordPress/6.6.2)
body:
duration: 0.48827s
 CONTEXT: {"_legacy":true}
2024-10-20T15:17:32+00:00 NOTICE Response
code: 200
message: OK
body: {"business":{"name":"SicneHence eComemrce"},"ads":[{"feature_instance_id":"813554103728373","enabled":true}],"catalogs":[{"feature_instance_id":"777710937847014","enabled":true}],"catalog_feed_scheduled":{"enabled":false},"ig_cta":{"enabled":false},"ig_shopping":{"enabled":false},"messenger_chat":{"enabled":false},"messenger_menu":{"enabled":false},"page_card":{"enabled":false},"page_cta":{"enabled":false},"page_post":{"enabled":false},"page_shop":{"enabled":false},"pixels":[{"feature_instance_id":"798387502384774","enabled":true}],"thread_intent":{"enabled":false}}
 CONTEXT: {"_legacy":true}
2024-10-20T15:27:57+00:00 NOTICE Request
method: POST
uri: https://graph.facebook.com/v20.0/820729112865218/events
user-agent: Facebook-for-WooCommerce/3.2.10 (WooCommerce/9.3.3; WordPress/6.6.2)
body: {"data":[{"action_source":"website","event_time":1729438075,"event_id":"d7d49e8f-070d-49a6-bf89-56b396e704be","event_source_url":"https:\/\/sincehence.store\/product-category\/cbd\/?v=0b3b97fa6688","custom_data":{"content_name":"CBD REMEDIES","content_category":"CBD REMEDIES","content_ids":"[\"SHSUP-TB00037_105\",\"SHSUP-TB00045_89\",\"SHSUP-TB00030_119\",\"SHSUP-TB00029_121\",\"SHSUP-TB00031_117\",\"SHSUP-TB00044_91\",\"SHSUP-TB00046_87\",\"SHSUP-TB00047_85\"]","content_type":"product","contents":[{"id":"SHSUP-TB00037_105","quantity":1},{"id":"SHSUP-TB00045_89","quantity":1},{"id":"SHSUP-TB00030_119","quantity":1},{"id":"SHSUP-TB00029_121","quantity":1},{"id":"SHSUP-TB00031_117","quantity":1},{"id":"SHSUP-TB00044_91","quantity":1},{"id":"SHSUP-TB00046_87","quantity":1},{"id":"SHSUP-TB00047_85","quantity":1}]},"user_data":{"client_ip_address":"43.130.34.74","client_user_agent":"Mozilla\/5.0 (iPhone; CPU iPhone OS 13_2_3 like Mac OS X) AppleWebKit\/605.1.15 (KHTML, like Gecko) Version\/13.0.3 Mobile\/15E148 Safari\/604.1","fbc":"","fbp":""},"event_name":"ViewCategory"}],"partner_agent":"woocommerce-9.3.3-3.2.10"}
duration: 0.53248s
 CONTEXT: {"_legacy":true}
2024-10-20T15:27:57+00:00 NOTICE Response
code: 200
message: OK
body: {"events_received":1,"messages":[],"fbtrace_id":"A5qCvTvHK_tkRhTAfQf-Z3H"}
 CONTEXT: {"_legacy":true}
2024-10-20T16:18:31+00:00 NOTICE Request
method: GET
uri: https://graph.facebook.com/v20.0/fbe_business?fbe_external_business_id=sicnehenceecomemrce-665f929422055
user-agent: Facebook-for-WooCommerce/3.2.10 (WooCommerce/9.3.3; WordPress/6.6.2)
body:
duration: 0.63695s
 CONTEXT: {"_legacy":true}
2024-10-20T16:18:31+00:00 NOTICE Response
code: 200
message: OK
body: {"business":{"name":"SicneHence eComemrce"},"ads":[{"feature_instance_id":"813554103728373","enabled":true}],"catalogs":[{"feature_instance_id":"777710937847014","enabled":true}],"catalog_feed_scheduled":{"enabled":false},"ig_cta":{"enabled":false},"ig_shopping":{"enabled":false},"messenger_chat":{"enabled":false},"messenger_menu":{"enabled":false},"page_card":{"enabled":false},"page_cta":{"enabled":false},"page_post":{"enabled":false},"page_shop":{"enabled":false},"pixels":[{"feature_instance_id":"798387502384774","enabled":true}],"thread_intent":{"enabled":false}}
 CONTEXT: {"_legacy":true}
2024-10-20T16:24:22+00:00 NOTICE Request
method: POST
uri: https://graph.facebook.com/v20.0/820729112865218/events
user-agent: Facebook-for-WooCommerce/3.2.10 (WooCommerce/9.3.3; WordPress/6.6.2)
body: {"data":[{"action_source":"website","event_time":1729441459,"event_id":"079efb45-fa0a-4fc4-901e-7464c374f08a","event_source_url":"https:\/\/sincehence.store\/product\/pain-relief-patches\/?v=7885444af42e","custom_data":{"content_name":"Pain Relief Patches | 8mg Topical CBD Patches | Pain Relief | Reduced Inflammation | Improved Sleep","content_ids":"[\"SHSUP-TB00006_167\"]","content_type":"product","contents":"[{\"id\":\"SHSUP-TB00006_167\",\"quantity\":1}]","content_category":"PAIN RELIEF","value":"24.95","currency":"USD"},"user_data":{"client_ip_address":"47.128.45.58","client_user_agent":"Mozilla\/5.0 (Linux; Android 5.0) AppleWebKit\/537.36 (KHTML, like Gecko) Mobile Safari\/537.36 (compatible; Bytespider; spider-feedback@bytedance.com)","fbc":"","fbp":""},"event_name":"ViewContent"}],"partner_agent":"woocommerce-9.3.3-3.2.10"}
duration: 0.49114s
 CONTEXT: {"_legacy":true}
2024-10-20T16:24:22+00:00 NOTICE Response
code: 200
message: OK
body: {"events_received":1,"messages":[],"fbtrace_id":"AAKsHnAk6jYLYH3_JOPd2b4"}
 CONTEXT: {"_legacy":true}
2024-10-20T17:19:37+00:00 NOTICE Request
method: GET
uri: https://graph.facebook.com/v20.0/fbe_business?fbe_external_business_id=sicnehenceecomemrce-665f929422055
user-agent: Facebook-for-WooCommerce/3.2.10 (WooCommerce/9.3.3; WordPress/6.6.2)
body:
duration: 0.53114s
 CONTEXT: {"_legacy":true}
2024-10-20T17:19:37+00:00 NOTICE Response
code: 200
message: OK
body: {"business":{"name":"SicneHence eComemrce"},"ads":[{"feature_instance_id":"813554103728373","enabled":true}],"catalogs":[{"feature_instance_id":"777710937847014","enabled":true}],"catalog_feed_scheduled":{"enabled":false},"ig_cta":{"enabled":false},"ig_shopping":{"enabled":false},"messenger_chat":{"enabled":false},"messenger_menu":{"enabled":false},"page_card":{"enabled":false},"page_cta":{"enabled":false},"page_post":{"enabled":false},"page_shop":{"enabled":false},"pixels":[{"feature_instance_id":"798387502384774","enabled":true}],"thread_intent":{"enabled":false}}
 CONTEXT: {"_legacy":true}
2024-10-20T18:01:01+00:00 NOTICE Request
method: POST
uri: https://graph.facebook.com/v20.0/820729112865218/events
user-agent: Facebook-for-WooCommerce/3.2.10 (WooCommerce/9.3.3; WordPress/6.6.2)
body: {"data":[{"action_source":"website","event_time":1729447259,"event_id":"c4804bef-e284-429e-a5d5-62d15bbf77c0","event_source_url":"https:\/\/sincehence.store\/product\/hair-serum-60ml\/?v=7885444af42e","custom_data":{"content_name":"Hair Growth Serum | 60ml | Revitalize and Strengthen Hair | Natural Ingredients | Fuller - Healthier Hair","content_ids":"[\"SHSUP-TB00028_123\"]","content_type":"product","contents":"[{\"id\":\"SHSUP-TB00028_123\",\"quantity\":1}]","content_category":"HAIR GROWTH","value":"30.95","currency":"USD"},"user_data":{"client_ip_address":"66.249.79.238","client_user_agent":"Mozilla\/5.0 (compatible; Googlebot\/2.1; +http:\/\/www.google.com\/bot.html)","fbc":"","fbp":""},"event_name":"ViewContent"}],"partner_agent":"woocommerce-9.3.3-3.2.10"}
duration: 0.79988s
 CONTEXT: {"_legacy":true}
2024-10-20T18:01:01+00:00 NOTICE Response
code: 200
message: OK
body: {"events_received":1,"messages":[],"fbtrace_id":"Ag4209h7SAt0BAuVtEjPsg1"}
 CONTEXT: {"_legacy":true}
2024-10-20T18:23:03+00:00 NOTICE Request
method: GET
uri: https://graph.facebook.com/v20.0/fbe_business?fbe_external_business_id=sicnehenceecomemrce-665f929422055
user-agent: Facebook-for-WooCommerce/3.2.10 (WooCommerce/9.3.3; WordPress/6.6.2)
body:
duration: 0.4515s
 CONTEXT: {"_legacy":true}
2024-10-20T18:23:03+00:00 NOTICE Response
code: 200
message: OK
body: {"business":{"name":"SicneHence eComemrce"},"ads":[{"feature_instance_id":"813554103728373","enabled":true}],"catalogs":[{"feature_instance_id":"777710937847014","enabled":true}],"catalog_feed_scheduled":{"enabled":false},"ig_cta":{"enabled":false},"ig_shopping":{"enabled":false},"messenger_chat":{"enabled":false},"messenger_menu":{"enabled":false},"page_card":{"enabled":false},"page_cta":{"enabled":false},"page_post":{"enabled":false},"page_shop":{"enabled":false},"pixels":[{"feature_instance_id":"798387502384774","enabled":true}],"thread_intent":{"enabled":false}}
 CONTEXT: {"_legacy":true}
2024-10-20T18:36:57+00:00 NOTICE Request
method: POST
uri: https://graph.facebook.com/v20.0/820729112865218/events
user-agent: Facebook-for-WooCommerce/3.2.10 (WooCommerce/9.3.3; WordPress/6.6.2)
body: {"data":[{"action_source":"website","event_time":1729449415,"event_id":"d1861f91-9b70-4bee-98bc-58d79b66bcae","event_source_url":"https:\/\/sincehence.store\/product-category\/hangover\/?v=0b3b97fa6688","custom_data":{"content_name":"HANGOVER","content_category":"HANGOVER","content_ids":"[\"SHSUP-TB00034_111\",\"SHSUP-TB00036_107\",\"SHSUP-TB00033_113\",\"SHSUP-TB00035_109\",\"SHSUP-TB00032_115\",\"SHSUP-TB00020_139\"]","content_type":"product","contents":[{"id":"SHSUP-TB00034_111","quantity":1},{"id":"SHSUP-TB00036_107","quantity":1},{"id":"SHSUP-TB00033_113","quantity":1},{"id":"SHSUP-TB00035_109","quantity":1},{"id":"SHSUP-TB00032_115","quantity":1},{"id":"SHSUP-TB00020_139","quantity":1}]},"user_data":{"client_ip_address":"43.130.62.164","client_user_agent":"Mozilla\/5.0 (iPhone; CPU iPhone OS 13_2_3 like Mac OS X) AppleWebKit\/605.1.15 (KHTML, like Gecko) Version\/13.0.3 Mobile\/15E148 Safari\/604.1","fbc":"","fbp":""},"event_name":"ViewCategory"}],"partner_agent":"woocommerce-9.3.3-3.2.10"}
duration: 0.37606s
 CONTEXT: {"_legacy":true}
2024-10-20T18:36:57+00:00 NOTICE Response
code: 200
message: OK
body: {"events_received":1,"messages":[],"fbtrace_id":"AeGmgcC1-_Uirk0OH8O5QmT"}
 CONTEXT: {"_legacy":true}
2024-10-20T18:36:57+00:00 NOTICE Request
method: POST
uri: https://graph.facebook.com/v20.0/820729112865218/events
user-agent: Facebook-for-WooCommerce/3.2.10 (WooCommerce/9.3.3; WordPress/6.6.2)
body: {"data":[{"action_source":"website","event_time":1729449415,"event_id":"09209b11-1794-4fb8-8d5c-0db83eba3e4b","event_source_url":"https:\/\/sincehence.store\/product\/pain-relief-24mg-extra-strength-patches-30-pack\/?v=0b3b97fa6688","custom_data":{"content_name":"CBD Patches | Pack of 30 | 24-Hour Relief | 24mg CBD Isolate | Convenient - Discreet - Targeted Application","content_ids":"[\"SHSUP-TB00001_177\"]","content_type":"product","contents":"[{\"id\":\"SHSUP-TB00001_177\",\"quantity\":1}]","content_category":"PAIN RELIEF","value":"64.95","currency":"USD"},"user_data":{"client_ip_address":"43.130.62.164","client_user_agent":"Mozilla\/5.0 (iPhone; CPU iPhone OS 13_2_3 like Mac OS X) AppleWebKit\/605.1.15 (KHTML, like Gecko) Version\/13.0.3 Mobile\/15E148 Safari\/604.1","fbc":"","fbp":""},"event_name":"ViewContent"}],"partner_agent":"woocommerce-9.3.3-3.2.10"}
duration: 0.37614s
 CONTEXT: {"_legacy":true}
2024-10-20T18:36:57+00:00 NOTICE Response
code: 200
message: OK
body: {"events_received":1,"messages":[],"fbtrace_id":"ApiH8t607Z03FWB8pjNkggH"}
 CONTEXT: {"_legacy":true}
2024-10-20T18:36:58+00:00 NOTICE Request
method: POST
uri: https://graph.facebook.com/v20.0/820729112865218/events
user-agent: Facebook-for-WooCommerce/3.2.10 (WooCommerce/9.3.3; WordPress/6.6.2)
body: {"data":[{"action_source":"website","event_time":1729449417,"event_id":"7451c51e-42e3-476f-8f71-70b8286c3f64","event_source_url":"https:\/\/sincehence.store\/product\/instant-eye-lift-serum-single-bottle\/?v=0b3b97fa6688","custom_data":{"content_name":"Instant Eye Lift Serum for Fine Lines and Puffiness  | Potent Blend of Ingredients","content_ids":"[\"SHSUP-TB00042_95\"]","content_type":"product","contents":"[{\"id\":\"SHSUP-TB00042_95\",\"quantity\":1}]","content_category":"SKIN CARE AND BEAUTY","value":"25.95","currency":"USD"},"user_data":{"client_ip_address":"43.130.62.164","client_user_agent":"Mozilla\/5.0 (iPhone; CPU iPhone OS 13_2_3 like Mac OS X) AppleWebKit\/605.1.15 (KHTML, like Gecko) Version\/13.0.3 Mobile\/15E148 Safari\/604.1","fbc":"","fbp":""},"event_name":"ViewContent"}],"partner_agent":"woocommerce-9.3.3-3.2.10"}
duration: 0.36512s
 CONTEXT: {"_legacy":true}
2024-10-20T18:36:58+00:00 NOTICE Response
code: 200
message: OK
body: {"events_received":1,"messages":[],"fbtrace_id":"AXGgAoQqL4WoYb2jWGJpuj5"}
 CONTEXT: {"_legacy":true}
2024-10-20T19:17:59+00:00 NOTICE Request
method: GET
uri: https://graph.facebook.com/v20.0/fbe_business?fbe_external_business_id=sicnehenceecomemrce-665f929422055
user-agent: Facebook-for-WooCommerce/3.2.10 (WooCommerce/9.3.3; WordPress/6.6.2)
body:
duration: 0.45239s
 CONTEXT: {"_legacy":true}
2024-10-20T19:17:59+00:00 NOTICE Response
code: 200
message: OK
body: {"business":{"name":"SicneHence eComemrce"},"ads":[{"feature_instance_id":"813554103728373","enabled":true}],"catalogs":[{"feature_instance_id":"777710937847014","enabled":true}],"catalog_feed_scheduled":{"enabled":false},"ig_cta":{"enabled":false},"ig_shopping":{"enabled":false},"messenger_chat":{"enabled":false},"messenger_menu":{"enabled":false},"page_card":{"enabled":false},"page_cta":{"enabled":false},"page_post":{"enabled":false},"page_shop":{"enabled":false},"pixels":[{"feature_instance_id":"798387502384774","enabled":true}],"thread_intent":{"enabled":false}}
 CONTEXT: {"_legacy":true}
2024-10-20T20:18:50+00:00 NOTICE Request
method: GET
uri: https://graph.facebook.com/v20.0/fbe_business?fbe_external_business_id=sicnehenceecomemrce-665f929422055
user-agent: Facebook-for-WooCommerce/3.2.10 (WooCommerce/9.3.3; WordPress/6.6.2)
body:
duration: 0.43883s
 CONTEXT: {"_legacy":true}
2024-10-20T20:18:50+00:00 NOTICE Response
code: 200
message: OK
body: {"business":{"name":"SicneHence eComemrce"},"ads":[{"feature_instance_id":"813554103728373","enabled":true}],"catalogs":[{"feature_instance_id":"777710937847014","enabled":true}],"catalog_feed_scheduled":{"enabled":false},"ig_cta":{"enabled":false},"ig_shopping":{"enabled":false},"messenger_chat":{"enabled":false},"messenger_menu":{"enabled":false},"page_card":{"enabled":false},"page_cta":{"enabled":false},"page_post":{"enabled":false},"page_shop":{"enabled":false},"pixels":[{"feature_instance_id":"798387502384774","enabled":true}],"thread_intent":{"enabled":false}}
 CONTEXT: {"_legacy":true}
2024-10-20T20:46:25+00:00 NOTICE Request
method: POST
uri: https://graph.facebook.com/v20.0/820729112865218/events
user-agent: Facebook-for-WooCommerce/3.2.10 (WooCommerce/9.3.3; WordPress/6.6.2)
body: {"data":[{"action_source":"website","event_time":1729457184,"event_id":"e9585cd3-db23-45f0-abfa-635a439ed7be","event_source_url":"https:\/\/sincehence.store\/product\/berberine-capsules\/?v=7885444af42e","custom_data":{"content_name":"Berberine Complex | Natural Dietary Supplement | 60 Capsules | Overall Wellness | Healthy Blood Sugar | Metabolic Health","content_ids":"[\"SHSUP-TB00014_151\"]","content_type":"product","contents":"[{\"id\":\"SHSUP-TB00014_151\",\"quantity\":1}]","content_category":"BLOOD SUGAR","value":"39.95","currency":"USD"},"user_data":{"client_ip_address":"47.128.43.92","client_user_agent":"Mozilla\/5.0 (compatible; Bytespider; spider-feedback@bytedance.com) AppleWebKit\/537.36 (KHTML, like Gecko) Chrome\/70.0.0.0 Safari\/537.36","fbc":"","fbp":""},"event_name":"ViewContent"}],"partner_agent":"woocommerce-9.3.3-3.2.10"}
duration: 0.37227s
 CONTEXT: {"_legacy":true}
2024-10-20T20:46:25+00:00 NOTICE Response
code: 200
message: OK
body: {"events_received":1,"messages":[],"fbtrace_id":"A1OurgbAZ1pQ9WzRHiI5Rbr"}
 CONTEXT: {"_legacy":true}
2024-10-20T21:22:24+00:00 NOTICE Request
method: GET
uri: https://graph.facebook.com/v20.0/fbe_business?fbe_external_business_id=sicnehenceecomemrce-665f929422055
user-agent: Facebook-for-WooCommerce/3.2.10 (WooCommerce/9.3.3; WordPress/6.6.2)
body:
duration: 0.47133s
 CONTEXT: {"_legacy":true}
2024-10-20T21:22:24+00:00 NOTICE Response
code: 200
message: OK
body: {"business":{"name":"SicneHence eComemrce"},"ads":[{"feature_instance_id":"813554103728373","enabled":true}],"catalogs":[{"feature_instance_id":"777710937847014","enabled":true}],"catalog_feed_scheduled":{"enabled":false},"ig_cta":{"enabled":false},"ig_shopping":{"enabled":false},"messenger_chat":{"enabled":false},"messenger_menu":{"enabled":false},"page_card":{"enabled":false},"page_cta":{"enabled":false},"page_post":{"enabled":false},"page_shop":{"enabled":false},"pixels":[{"feature_instance_id":"798387502384774","enabled":true}],"thread_intent":{"enabled":false}}
 CONTEXT: {"_legacy":true}
2024-10-20T22:12:46+00:00 NOTICE Request
method: POST
uri: https://graph.facebook.com/v20.0/820729112865218/events
user-agent: Facebook-for-WooCommerce/3.2.10 (WooCommerce/9.3.3; WordPress/6.6.2)
body: {"data":[{"action_source":"website","event_time":1729462364,"event_id":"df5b4550-0b2e-4bc7-a0fd-a842688a2a47","event_source_url":"https:\/\/sincehence.store\/product\/pain-relief-oil-single-bottle\/?v=7885444af42e","custom_data":{"content_name":"Peppermint CBD Oil | Pain Relief  | 500MG | Refreshing Peppermint Flavor | GMO-Free | Made in USA","content_ids":"[\"SHSUP-TB00008_163\"]","content_type":"product","contents":"[{\"id\":\"SHSUP-TB00008_163\",\"quantity\":1}]","content_category":"PAIN RELIEF","value":"29.95","currency":"USD"},"user_data":{"client_ip_address":"47.128.120.202","client_user_agent":"Mozilla\/5.0 (compatible; Bytespider; spider-feedback@bytedance.com) AppleWebKit\/537.36 (KHTML, like Gecko) Chrome\/70.0.0.0 Safari\/537.36","fbc":"","fbp":""},"event_name":"ViewContent"}],"partner_agent":"woocommerce-9.3.3-3.2.10"}
duration: 0.38528s
 CONTEXT: {"_legacy":true}
2024-10-20T22:12:46+00:00 NOTICE Response
code: 200
message: OK
body: {"events_received":1,"messages":[],"fbtrace_id":"AC2_cag_E7Bf12MiOHQRu5J"}
 CONTEXT: {"_legacy":true}
2024-10-20T22:18:18+00:00 NOTICE Request
method: GET
uri: https://graph.facebook.com/v20.0/fbe_business?fbe_external_business_id=sicnehenceecomemrce-665f929422055
user-agent: Facebook-for-WooCommerce/3.2.10 (WooCommerce/9.3.3; WordPress/6.6.2)
body:
duration: 0.47253s
 CONTEXT: {"_legacy":true}
2024-10-20T22:18:18+00:00 NOTICE Response
code: 200
message: OK
body: {"business":{"name":"SicneHence eComemrce"},"ads":[{"feature_instance_id":"813554103728373","enabled":true}],"catalogs":[{"feature_instance_id":"777710937847014","enabled":true}],"catalog_feed_scheduled":{"enabled":false},"ig_cta":{"enabled":false},"ig_shopping":{"enabled":false},"messenger_chat":{"enabled":false},"messenger_menu":{"enabled":false},"page_card":{"enabled":false},"page_cta":{"enabled":false},"page_post":{"enabled":false},"page_shop":{"enabled":false},"pixels":[{"feature_instance_id":"798387502384774","enabled":true}],"thread_intent":{"enabled":false}}
 CONTEXT: {"_legacy":true}
2024-10-20T22:19:49+00:00 NOTICE Request
method: GET
uri: https://graph.facebook.com/v20.0/987788172779218/product_feeds
user-agent: Facebook-for-WooCommerce/3.2.10 (WooCommerce/9.3.3; WordPress/6.6.2)
body:
duration: 0.42738s
 CONTEXT: {"_legacy":true}
2024-10-20T22:19:49+00:00 NOTICE Response
code: 200
message: OK
body: {"data":[{"id":"980052693510616","file_name":"SicneHence eComemrce Supplimet - Catalog - Feed","name":"SicneHence eComemrce Supplimet - Catalog - Feed"}],"paging":{"cursors":{"before":"QVFIUlpFTE9uUTRPVi0zSlAxcGNuMGlVNDEzMVVCdTNXYVhfNU80ZAXRhMk55eTR2eC11WGdRaHVmeDJ3aHRQUFVHSXo0RmtxZAkRXX3Fid1VwQjNhbG9fc093","after":"QVFIUlpFTE9uUTRPVi0zSlAxcGNuMGlVNDEzMVVCdTNXYVhfNU80ZAXRhMk55eTR2eC11WGdRaHVmeDJ3aHRQUFVHSXo0RmtxZAkRXX3Fid1VwQjNhbG9fc093"}}}
 CONTEXT: {"_legacy":true}
2024-10-20T22:19:49+00:00 NOTICE Request
method: GET
uri: https://graph.facebook.com/v20.0/980052693510616/?fields=created_time,latest_upload,product_count,schedule,update_schedule
user-agent: Facebook-for-WooCommerce/3.2.10 (WooCommerce/9.3.3; WordPress/6.6.2)
body:
duration: 0.41067s
 CONTEXT: {"_legacy":true}
2024-10-20T22:19:49+00:00 NOTICE Response
code: 200
message: OK
body: {"created_time":"2024-06-05T19:21:45+0000","product_count":0,"id":"980052693510616"}
 CONTEXT: {"_legacy":true}
2024-10-20T22:19:50+00:00 NOTICE Request
method: GET
uri: https://graph.facebook.com/v20.0/fbe_business/fbe_installs?fbe_external_business_id=sicnehenceecomemrce-665f929422055
user-agent: Facebook-for-WooCommerce/3.2.10 (WooCommerce/9.3.3; WordPress/6.6.2)
body:
duration: 0.64008s
 CONTEXT: {"_legacy":true}
2024-10-20T22:19:50+00:00 NOTICE Response
code: 200
message: OK
body: {"data":[{"business_manager_id":"280213847030763","onsite_eligible":false,"pixel_id":"820729112865218","profiles":["100481805425565","17841445880604158"],"ad_account_id":"307726204234823","catalog_id":"987788172779218","pages":["100481805425565"],"instagram_profiles":["17841445880604158"],"ig_shop":{"status":"NOT_SUBMITTED"},"token_type":"User","installed_features":[{"feature_instance_id":"813554103728373","feature_type":"ads","connected_assets":{"ad_account_id":"307726204234823","business_manager_id":"280213847030763","catalog_id":"987788172779218","ig_profile_id":"17841445880604158","page_id":"100481805425565","pixel_id":"820729112865218"},"additional_info":{"onsite_eligible":false,"pixel_is_consolidated_container":false}},{"feature_instance_id":"798387502384774","feature_type":"pixel","connected_assets":{"ad_account_id":"307726204234823","business_manager_id":"280213847030763","ig_profile_id":"17841445880604158","page_id":"100481805425565","pixel_id":"820729112865218"},"additional_info":{"onsite_eligible":false,"pixel_is_consolidated_container":false}},{"feature_instance_id":"777710937847014","feature_type":"catalog","connected_assets":{"ad_account_id":"307726204234823","business_manager_id":"280213847030763","catalog_id":"987788172779218","ig_profile_id":"17841445880604158","page_id":"100481805425565","pixel_id":"820729112865218"},"additional_info":{"onsite_eligible":false,"pixel_is_consolidated_container":false}}]}]}
 CONTEXT: {"_legacy":true}
2024-10-20T22:19:50+00:00 NOTICE Retrieving page access token CONTEXT: {"_legacy":true}
2024-10-20T22:38:37+00:00 NOTICE Request
method: POST
uri: https://graph.facebook.com/v20.0/820729112865218/events
user-agent: Facebook-for-WooCommerce/3.2.10 (WooCommerce/9.3.3; WordPress/6.6.2)
body: {"data":[{"action_source":"website","event_time":1729463916,"event_id":"eee43a30-654b-4ea6-807a-becc9d131aaa","event_source_url":"https:\/\/sincehence.store\/product\/vitamin-c-skin-toning-serum\/?v=7885444af42e","custom_data":{"content_name":"Advanced Skin Toning Serum | Brighten Skin | Antioxidant","content_ids":"[\"SHSUP-TB00041_97\"]","content_type":"product","contents":"[{\"id\":\"SHSUP-TB00041_97\",\"quantity\":1}]","content_category":"SKIN CARE AND BEAUTY","value":"22.95","currency":"USD"},"user_data":{"client_ip_address":"66.249.79.238","client_user_agent":"Mozilla\/5.0 (Linux; Android 6.0.1; Nexus 5X Build\/MMB29P) AppleWebKit\/537.36 (KHTML, like Gecko) Chrome\/129.0.6668.89 Mobile Safari\/537.36 (compatible; Googlebot\/2.1; +http:\/\/www.google.com\/bot.html)","fbc":"","fbp":""},"event_name":"ViewContent"}],"partner_agent":"woocommerce-9.3.3-3.2.10"}
duration: 0.3571s
 CONTEXT: {"_legacy":true}
2024-10-20T22:38:37+00:00 NOTICE Response
code: 200
message: OK
body: {"events_received":1,"messages":[],"fbtrace_id":"AoeeWrZTok6aKtHzuq7Mc-C"}
 CONTEXT: {"_legacy":true}
2024-10-20T23:16:55+00:00 NOTICE Request
method: POST
uri: https://graph.facebook.com/v20.0/820729112865218/events
user-agent: Facebook-for-WooCommerce/3.2.10 (WooCommerce/9.3.3; WordPress/6.6.2)
body: {"data":[{"action_source":"website","event_time":1729466214,"event_id":"2643ce31-2939-4616-82de-e6743961f886","event_source_url":"https:\/\/sincehence.store\/product\/beauty-face-cream-single-jar\/?add-to-cart=97","custom_data":{"content_ids":"[\"SHSUP-TB00041_97\"]","content_name":"Advanced Skin Toning Serum | Brighten Skin | Antioxidant","content_type":"product","contents":"[{\"id\":\"SHSUP-TB00041_97\",\"quantity\":1}]","value":22.95,"currency":"USD"},"user_data":{"client_ip_address":"66.249.79.236","client_user_agent":"Mozilla\/5.0 (Linux; Android 6.0.1; Nexus 5X Build\/MMB29P) AppleWebKit\/537.36 (KHTML, like Gecko) Chrome\/129.0.6668.89 Mobile Safari\/537.36 (compatible; Googlebot\/2.1; +http:\/\/www.google.com\/bot.html)","fbc":"","fbp":""},"event_name":"AddToCart"}],"partner_agent":"woocommerce-9.3.3-3.2.10"}
duration: 0.3952s
 CONTEXT: {"_legacy":true}
2024-10-20T23:16:55+00:00 NOTICE Response
code: 200
message: OK
body: {"events_received":1,"messages":[],"fbtrace_id":"AjexSGz6xLGvn2A1I8BbTWC"}
 CONTEXT: {"_legacy":true}
2024-10-20T23:22:26+00:00 NOTICE Request
method: GET
uri: https://graph.facebook.com/v20.0/fbe_business?fbe_external_business_id=sicnehenceecomemrce-665f929422055
user-agent: Facebook-for-WooCommerce/3.2.10 (WooCommerce/9.3.3; WordPress/6.6.2)
body:
duration: 0.53656s
 CONTEXT: {"_legacy":true}
2024-10-20T23:22:26+00:00 NOTICE Response
code: 200
message: OK
body: {"business":{"name":"SicneHence eComemrce"},"ads":[{"feature_instance_id":"813554103728373","enabled":true}],"catalogs":[{"feature_instance_id":"777710937847014","enabled":true}],"catalog_feed_scheduled":{"enabled":false},"ig_cta":{"enabled":false},"ig_shopping":{"enabled":false},"messenger_chat":{"enabled":false},"messenger_menu":{"enabled":false},"page_card":{"enabled":false},"page_cta":{"enabled":false},"page_post":{"enabled":false},"page_shop":{"enabled":false},"pixels":[{"feature_instance_id":"798387502384774","enabled":true}],"thread_intent":{"enabled":false}}
 CONTEXT: {"_legacy":true}
