2024-10-30T00:22:34+00:00 NOTICE Request
method: GET
uri: https://graph.facebook.com/v20.0/fbe_business?fbe_external_business_id=sicnehenceecomemrce-665f929422055
user-agent: Facebook-for-WooCommerce/3.2.10 (WooCommerce/9.3.3; WordPress/6.6.2)
body:
duration: 0.28212s
 CONTEXT: {"_legacy":true}
2024-10-30T00:22:34+00:00 NOTICE Response
code: 200
message: OK
body: {"business":{"name":"SicneHence eComemrce"},"ads":[{"feature_instance_id":"813554103728373","enabled":true}],"catalogs":[{"feature_instance_id":"777710937847014","enabled":true}],"catalog_feed_scheduled":{"enabled":false},"ig_cta":{"enabled":false},"ig_shopping":{"enabled":false},"messenger_chat":{"enabled":false},"messenger_menu":{"enabled":false},"page_card":{"enabled":false},"page_cta":{"enabled":false},"page_post":{"enabled":false},"page_shop":{"enabled":false},"pixels":[{"feature_instance_id":"798387502384774","enabled":true}],"thread_intent":{"enabled":false}}
 CONTEXT: {"_legacy":true}
2024-10-30T01:19:46+00:00 NOTICE Request
method: GET
uri: https://graph.facebook.com/v20.0/fbe_business?fbe_external_business_id=sicnehenceecomemrce-665f929422055
user-agent: Facebook-for-WooCommerce/3.2.10 (WooCommerce/9.3.3; WordPress/6.6.2)
body:
duration: 0.30088s
 CONTEXT: {"_legacy":true}
2024-10-30T01:19:46+00:00 NOTICE Response
code: 200
message: OK
body: {"business":{"name":"SicneHence eComemrce"},"ads":[{"feature_instance_id":"813554103728373","enabled":true}],"catalogs":[{"feature_instance_id":"777710937847014","enabled":true}],"catalog_feed_scheduled":{"enabled":false},"ig_cta":{"enabled":false},"ig_shopping":{"enabled":false},"messenger_chat":{"enabled":false},"messenger_menu":{"enabled":false},"page_card":{"enabled":false},"page_cta":{"enabled":false},"page_post":{"enabled":false},"page_shop":{"enabled":false},"pixels":[{"feature_instance_id":"798387502384774","enabled":true}],"thread_intent":{"enabled":false}}
 CONTEXT: {"_legacy":true}
2024-10-30T01:22:39+00:00 NOTICE Request
method: POST
uri: https://graph.facebook.com/v20.0/820729112865218/events
user-agent: Facebook-for-WooCommerce/3.2.10 (WooCommerce/9.3.3; WordPress/6.6.2)
body: {"data":[{"action_source":"website","event_time":1730251354,"event_id":"c9c9629c-2b4e-4490-b610-afbf4f46b387","event_source_url":"https:\/\/sincehence.store\/product-category\/hair\/?v=7885444af42e","custom_data":{"content_name":"HAIR GROWTH","content_category":"HAIR GROWTH","content_ids":"[\"SHSUP-TB00027_125\",\"SHSUP-TB00028_123\",\"SHSUP-TB00026_127\"]","content_type":"product","contents":[{"id":"SHSUP-TB00027_125","quantity":1},{"id":"SHSUP-TB00028_123","quantity":1},{"id":"SHSUP-TB00026_127","quantity":1}]},"user_data":{"client_ip_address":"66.249.79.238","client_user_agent":"Mozilla\/5.0 (Linux; Android 6.0.1; Nexus 5X Build\/MMB29P) AppleWebKit\/537.36 (KHTML, like Gecko) Chrome\/130.0.6723.69 Mobile Safari\/537.36 (compatible; Googlebot\/2.1; +http:\/\/www.google.com\/bot.html)","fbc":"","fbp":""},"event_name":"ViewCategory"}],"partner_agent":"woocommerce-9.3.3-3.2.10"}
duration: 0.21195s
 CONTEXT: {"_legacy":true}
2024-10-30T01:22:39+00:00 NOTICE Response
code: 200
message: OK
body: {"events_received":1,"messages":[],"fbtrace_id":"AZmCnHWtdevsWDK6uo345K8"}
 CONTEXT: {"_legacy":true}
2024-10-30T02:17:35+00:00 NOTICE Request
method: GET
uri: https://graph.facebook.com/v20.0/fbe_business?fbe_external_business_id=sicnehenceecomemrce-665f929422055
user-agent: Facebook-for-WooCommerce/3.2.10 (WooCommerce/9.3.3; WordPress/6.6.2)
body:
duration: 0.30198s
 CONTEXT: {"_legacy":true}
2024-10-30T02:17:35+00:00 NOTICE Response
code: 200
message: OK
body: {"business":{"name":"SicneHence eComemrce"},"ads":[{"feature_instance_id":"813554103728373","enabled":true}],"catalogs":[{"feature_instance_id":"777710937847014","enabled":true}],"catalog_feed_scheduled":{"enabled":false},"ig_cta":{"enabled":false},"ig_shopping":{"enabled":false},"messenger_chat":{"enabled":false},"messenger_menu":{"enabled":false},"page_card":{"enabled":false},"page_cta":{"enabled":false},"page_post":{"enabled":false},"page_shop":{"enabled":false},"pixels":[{"feature_instance_id":"798387502384774","enabled":true}],"thread_intent":{"enabled":false}}
 CONTEXT: {"_legacy":true}
2024-10-30T02:38:29+00:00 NOTICE Request
method: POST
uri: https://graph.facebook.com/v20.0/820729112865218/events
user-agent: Facebook-for-WooCommerce/3.2.10 (WooCommerce/9.3.3; WordPress/6.6.2)
body: {"data":[{"action_source":"website","event_time":1730255906,"event_id":"7f6d79fe-0602-4f53-8694-dec7e681db45","event_source_url":"https:\/\/sincehence.store\/product-category\/mens-health\/?v=7885444af42e","custom_data":{"content_name":"MENS HEALTH","content_category":"MENS HEALTH","content_ids":"[\"SHSUP-TB00039_101\",\"SHSUP-TB00038_103\",\"SHSUP-TB00040_99\",\"SHSUP-TB00015_149\"]","content_type":"product","contents":[{"id":"SHSUP-TB00039_101","quantity":1},{"id":"SHSUP-TB00038_103","quantity":1},{"id":"SHSUP-TB00040_99","quantity":1},{"id":"SHSUP-TB00015_149","quantity":1}]},"user_data":{"client_ip_address":"66.249.79.236","client_user_agent":"Mozilla\/5.0 (Linux; Android 6.0.1; Nexus 5X Build\/MMB29P) AppleWebKit\/537.36 (KHTML, like Gecko) Chrome\/130.0.6723.58 Mobile Safari\/537.36 (compatible; Googlebot\/2.1; +http:\/\/www.google.com\/bot.html)","fbc":"","fbp":"fb.1.1730255878071.919341929740069622"},"event_name":"ViewCategory"}],"partner_agent":"woocommerce-9.3.3-3.2.10"}
duration: 0.22672s
 CONTEXT: {"_legacy":true}
2024-10-30T02:38:29+00:00 NOTICE Response
code: 200
message: OK
body: {"events_received":1,"messages":[],"fbtrace_id":"AoGC2vDHZNklzaPZzTVHr_P"}
 CONTEXT: {"_legacy":true}
2024-10-30T03:22:32+00:00 NOTICE Request
method: GET
uri: https://graph.facebook.com/v20.0/fbe_business?fbe_external_business_id=sicnehenceecomemrce-665f929422055
user-agent: Facebook-for-WooCommerce/3.2.10 (WooCommerce/9.3.3; WordPress/6.6.2)
body:
duration: 0.34409s
 CONTEXT: {"_legacy":true}
2024-10-30T03:22:32+00:00 NOTICE Response
code: 200
message: OK
body: {"business":{"name":"SicneHence eComemrce"},"ads":[{"feature_instance_id":"813554103728373","enabled":true}],"catalogs":[{"feature_instance_id":"777710937847014","enabled":true}],"catalog_feed_scheduled":{"enabled":false},"ig_cta":{"enabled":false},"ig_shopping":{"enabled":false},"messenger_chat":{"enabled":false},"messenger_menu":{"enabled":false},"page_card":{"enabled":false},"page_cta":{"enabled":false},"page_post":{"enabled":false},"page_shop":{"enabled":false},"pixels":[{"feature_instance_id":"798387502384774","enabled":true}],"thread_intent":{"enabled":false}}
 CONTEXT: {"_legacy":true}
2024-10-30T03:37:34+00:00 NOTICE Generating a fresh product feed file CONTEXT: {"_legacy":true}
2024-10-30T03:37:35+00:00 NOTICE Product feed file generated CONTEXT: {"_legacy":true}
2024-10-30T04:18:25+00:00 NOTICE Request
method: GET
uri: https://graph.facebook.com/v20.0/fbe_business?fbe_external_business_id=sicnehenceecomemrce-665f929422055
user-agent: Facebook-for-WooCommerce/3.2.10 (WooCommerce/9.3.3; WordPress/6.6.2)
body:
duration: 0.27659s
 CONTEXT: {"_legacy":true}
2024-10-30T04:18:25+00:00 NOTICE Response
code: 200
message: OK
body: {"business":{"name":"SicneHence eComemrce"},"ads":[{"feature_instance_id":"813554103728373","enabled":true}],"catalogs":[{"feature_instance_id":"777710937847014","enabled":true}],"catalog_feed_scheduled":{"enabled":false},"ig_cta":{"enabled":false},"ig_shopping":{"enabled":false},"messenger_chat":{"enabled":false},"messenger_menu":{"enabled":false},"page_card":{"enabled":false},"page_cta":{"enabled":false},"page_post":{"enabled":false},"page_shop":{"enabled":false},"pixels":[{"feature_instance_id":"798387502384774","enabled":true}],"thread_intent":{"enabled":false}}
 CONTEXT: {"_legacy":true}
2024-10-30T05:22:31+00:00 NOTICE Request
method: GET
uri: https://graph.facebook.com/v20.0/fbe_business?fbe_external_business_id=sicnehenceecomemrce-665f929422055
user-agent: Facebook-for-WooCommerce/3.2.10 (WooCommerce/9.3.3; WordPress/6.6.2)
body:
duration: 0.29818s
 CONTEXT: {"_legacy":true}
2024-10-30T05:22:31+00:00 NOTICE Response
code: 200
message: OK
body: {"business":{"name":"SicneHence eComemrce"},"ads":[{"feature_instance_id":"813554103728373","enabled":true}],"catalogs":[{"feature_instance_id":"777710937847014","enabled":true}],"catalog_feed_scheduled":{"enabled":false},"ig_cta":{"enabled":false},"ig_shopping":{"enabled":false},"messenger_chat":{"enabled":false},"messenger_menu":{"enabled":false},"page_card":{"enabled":false},"page_cta":{"enabled":false},"page_post":{"enabled":false},"page_shop":{"enabled":false},"pixels":[{"feature_instance_id":"798387502384774","enabled":true}],"thread_intent":{"enabled":false}}
 CONTEXT: {"_legacy":true}
2024-10-30T05:30:15+00:00 NOTICE Request
method: POST
uri: https://graph.facebook.com/v20.0/820729112865218/events
user-agent: Facebook-for-WooCommerce/3.2.10 (WooCommerce/9.3.3; WordPress/6.6.2)
body: {"data":[{"action_source":"website","event_time":1730266213,"event_id":"0eb33faa-ddb4-4895-885e-ac53e064612b","event_source_url":"https:\/\/sincehence.store\/product\/liver-plast-capsules\/?v=7885444af42e","custom_data":{"content_name":"Liver-Plast Detox Support Suppliments | Natural Liver Health Formula | 60 Vegan Capsules","content_ids":"[\"SHSUP-TB00020_139\"]","content_type":"product","contents":"[{\"id\":\"SHSUP-TB00020_139\",\"quantity\":1}]","content_category":"HANGOVER","value":"29.95","currency":"USD"},"user_data":{"client_ip_address":"47.128.32.68","client_user_agent":"Mozilla\/5.0 (compatible; Bytespider; spider-feedback@bytedance.com) AppleWebKit\/537.36 (KHTML, like Gecko) Chrome\/70.0.0.0 Safari\/537.36","fbc":"","fbp":""},"event_name":"ViewContent"}],"partner_agent":"woocommerce-9.3.3-3.2.10"}
duration: 0.29358s
 CONTEXT: {"_legacy":true}
2024-10-30T05:30:15+00:00 NOTICE Response
code: 200
message: OK
body: {"events_received":1,"messages":[],"fbtrace_id":"AiJ3pB9-Vslfk8Br0-wb5b3"}
 CONTEXT: {"_legacy":true}
2024-10-30T06:22:37+00:00 NOTICE Request
method: GET
uri: https://graph.facebook.com/v20.0/fbe_business?fbe_external_business_id=sicnehenceecomemrce-665f929422055
user-agent: Facebook-for-WooCommerce/3.2.10 (WooCommerce/9.3.3; WordPress/6.6.2)
body:
duration: 0.30607s
 CONTEXT: {"_legacy":true}
2024-10-30T06:22:37+00:00 NOTICE Response
code: 200
message: OK
body: {"business":{"name":"SicneHence eComemrce"},"ads":[{"feature_instance_id":"813554103728373","enabled":true}],"catalogs":[{"feature_instance_id":"777710937847014","enabled":true}],"catalog_feed_scheduled":{"enabled":false},"ig_cta":{"enabled":false},"ig_shopping":{"enabled":false},"messenger_chat":{"enabled":false},"messenger_menu":{"enabled":false},"page_card":{"enabled":false},"page_cta":{"enabled":false},"page_post":{"enabled":false},"page_shop":{"enabled":false},"pixels":[{"feature_instance_id":"798387502384774","enabled":true}],"thread_intent":{"enabled":false}}
 CONTEXT: {"_legacy":true}
2024-10-30T07:18:39+00:00 NOTICE Request
method: GET
uri: https://graph.facebook.com/v20.0/fbe_business?fbe_external_business_id=sicnehenceecomemrce-665f929422055
user-agent: Facebook-for-WooCommerce/3.2.10 (WooCommerce/9.3.3; WordPress/6.6.2)
body:
duration: 0.2989s
 CONTEXT: {"_legacy":true}
2024-10-30T07:18:39+00:00 NOTICE Response
code: 200
message: OK
body: {"business":{"name":"SicneHence eComemrce"},"ads":[{"feature_instance_id":"813554103728373","enabled":true}],"catalogs":[{"feature_instance_id":"777710937847014","enabled":true}],"catalog_feed_scheduled":{"enabled":false},"ig_cta":{"enabled":false},"ig_shopping":{"enabled":false},"messenger_chat":{"enabled":false},"messenger_menu":{"enabled":false},"page_card":{"enabled":false},"page_cta":{"enabled":false},"page_post":{"enabled":false},"page_shop":{"enabled":false},"pixels":[{"feature_instance_id":"798387502384774","enabled":true}],"thread_intent":{"enabled":false}}
 CONTEXT: {"_legacy":true}
2024-10-30T08:22:40+00:00 NOTICE Request
method: GET
uri: https://graph.facebook.com/v20.0/fbe_business?fbe_external_business_id=sicnehenceecomemrce-665f929422055
user-agent: Facebook-for-WooCommerce/3.2.10 (WooCommerce/9.3.3; WordPress/6.6.2)
body:
duration: 0.6128s
 CONTEXT: {"_legacy":true}
2024-10-30T08:22:40+00:00 NOTICE Response
code: 200
message: OK
body: {"business":{"name":"SicneHence eComemrce"},"ads":[{"feature_instance_id":"813554103728373","enabled":true}],"catalogs":[{"feature_instance_id":"777710937847014","enabled":true}],"catalog_feed_scheduled":{"enabled":false},"ig_cta":{"enabled":false},"ig_shopping":{"enabled":false},"messenger_chat":{"enabled":false},"messenger_menu":{"enabled":false},"page_card":{"enabled":false},"page_cta":{"enabled":false},"page_post":{"enabled":false},"page_shop":{"enabled":false},"pixels":[{"feature_instance_id":"798387502384774","enabled":true}],"thread_intent":{"enabled":false}}
 CONTEXT: {"_legacy":true}
2024-10-30T09:27:34+00:00 NOTICE Request
method: GET
uri: https://graph.facebook.com/v20.0/fbe_business?fbe_external_business_id=sicnehenceecomemrce-665f929422055
user-agent: Facebook-for-WooCommerce/3.2.10 (WooCommerce/9.3.3; WordPress/6.6.2)
body:
duration: 0.30939s
 CONTEXT: {"_legacy":true}
2024-10-30T09:27:34+00:00 NOTICE Response
code: 200
message: OK
body: {"business":{"name":"SicneHence eComemrce"},"ads":[{"feature_instance_id":"813554103728373","enabled":true}],"catalogs":[{"feature_instance_id":"777710937847014","enabled":true}],"catalog_feed_scheduled":{"enabled":false},"ig_cta":{"enabled":false},"ig_shopping":{"enabled":false},"messenger_chat":{"enabled":false},"messenger_menu":{"enabled":false},"page_card":{"enabled":false},"page_cta":{"enabled":false},"page_post":{"enabled":false},"page_shop":{"enabled":false},"pixels":[{"feature_instance_id":"798387502384774","enabled":true}],"thread_intent":{"enabled":false}}
 CONTEXT: {"_legacy":true}
2024-10-30T10:05:29+00:00 NOTICE Request
method: POST
uri: https://graph.facebook.com/v20.0/820729112865218/events
user-agent: Facebook-for-WooCommerce/3.2.10 (WooCommerce/9.3.3; WordPress/6.6.2)
body: {"data":[{"action_source":"website","event_time":1730282725,"event_id":"1b081f06-02f7-4679-9e18-b1b7332236ca","event_source_url":"https:\/\/sincehence.store\/product\/nitric-oxide-boost-single-bottle\/?v=7885444af42e","custom_data":{"content_name":"N02 Nitric Oxide | Natural Vasodilator | For Energy and Performance | 60 Capsules","content_ids":"[\"SHSUP-TB00039_101\"]","content_type":"product","contents":"[{\"id\":\"SHSUP-TB00039_101\",\"quantity\":1}]","content_category":"MENS HEALTH","value":"28.95","currency":"USD"},"user_data":{"client_ip_address":"66.249.79.237","client_user_agent":"Mozilla\/5.0 (compatible; Googlebot\/2.1; +http:\/\/www.google.com\/bot.html)","fbc":"","fbp":""},"event_name":"ViewContent"}],"partner_agent":"woocommerce-9.3.3-3.2.10"}
duration: 0.30572s
 CONTEXT: {"_legacy":true}
2024-10-30T10:05:29+00:00 NOTICE Response
code: 200
message: OK
body: {"events_received":1,"messages":[],"fbtrace_id":"AywZYftmAScTaneqZxJPizM"}
 CONTEXT: {"_legacy":true}
2024-10-30T10:17:34+00:00 NOTICE Request
method: GET
uri: https://graph.facebook.com/v20.0/fbe_business?fbe_external_business_id=sicnehenceecomemrce-665f929422055
user-agent: Facebook-for-WooCommerce/3.2.10 (WooCommerce/9.3.3; WordPress/6.6.2)
body:
duration: 1.67013s
 CONTEXT: {"_legacy":true}
2024-10-30T10:17:34+00:00 NOTICE Response
code: 200
message: OK
body: {"business":{"name":"SicneHence eComemrce"},"ads":[{"feature_instance_id":"813554103728373","enabled":true}],"catalogs":[{"feature_instance_id":"777710937847014","enabled":true}],"catalog_feed_scheduled":{"enabled":false},"ig_cta":{"enabled":false},"ig_shopping":{"enabled":false},"messenger_chat":{"enabled":false},"messenger_menu":{"enabled":false},"page_card":{"enabled":false},"page_cta":{"enabled":false},"page_post":{"enabled":false},"page_shop":{"enabled":false},"pixels":[{"feature_instance_id":"798387502384774","enabled":true}],"thread_intent":{"enabled":false}}
 CONTEXT: {"_legacy":true}
2024-10-30T11:17:38+00:00 NOTICE Request
method: GET
uri: https://graph.facebook.com/v20.0/fbe_business?fbe_external_business_id=sicnehenceecomemrce-665f929422055
user-agent: Facebook-for-WooCommerce/3.2.10 (WooCommerce/9.3.3; WordPress/6.6.2)
body:
duration: 0.26122s
 CONTEXT: {"_legacy":true}
2024-10-30T11:17:38+00:00 NOTICE Response
code: 200
message: OK
body: {"business":{"name":"SicneHence eComemrce"},"ads":[{"feature_instance_id":"813554103728373","enabled":true}],"catalogs":[{"feature_instance_id":"777710937847014","enabled":true}],"catalog_feed_scheduled":{"enabled":false},"ig_cta":{"enabled":false},"ig_shopping":{"enabled":false},"messenger_chat":{"enabled":false},"messenger_menu":{"enabled":false},"page_card":{"enabled":false},"page_cta":{"enabled":false},"page_post":{"enabled":false},"page_shop":{"enabled":false},"pixels":[{"feature_instance_id":"798387502384774","enabled":true}],"thread_intent":{"enabled":false}}
 CONTEXT: {"_legacy":true}
2024-10-30T11:33:03+00:00 NOTICE Request
method: POST
uri: https://graph.facebook.com/v20.0/820729112865218/events
user-agent: Facebook-for-WooCommerce/3.2.10 (WooCommerce/9.3.3; WordPress/6.6.2)
body: {"data":[{"action_source":"website","event_time":1730287980,"event_id":"3fa662bb-4c06-44e7-acd4-9c946ccc1986","event_source_url":"https:\/\/sincehence.store\/product\/cbd-oil-single-bottlecats-dogs\/?v=7885444af42e","custom_data":{"content_name":"CBD Oil | Dog and Cat | 500MG | Calming Support for Pets | GMO-free formula","content_ids":"[\"SHSUP-TB00037_105\"]","content_type":"product","contents":"[{\"id\":\"SHSUP-TB00037_105\",\"quantity\":1}]","content_category":"CBD REMEDIES","value":"30.95","currency":"USD"},"user_data":{"client_ip_address":"66.249.79.237","client_user_agent":"Mozilla\/5.0 (Linux; Android 6.0.1; Nexus 5X Build\/MMB29P) AppleWebKit\/537.36 (KHTML, like Gecko) Chrome\/130.0.6723.69 Mobile Safari\/537.36 (compatible; Googlebot\/2.1; +http:\/\/www.google.com\/bot.html)","fbc":"","fbp":""},"event_name":"ViewContent"}],"partner_agent":"woocommerce-9.3.3-3.2.10"}
duration: 0.24929s
 CONTEXT: {"_legacy":true}
2024-10-30T11:33:03+00:00 NOTICE Response
code: 200
message: OK
body: {"events_received":1,"messages":[],"fbtrace_id":"AxPufjkPJv_1tJ6z7G7swPR"}
 CONTEXT: {"_legacy":true}
2024-10-30T12:21:14+00:00 NOTICE Request
method: GET
uri: https://graph.facebook.com/v20.0/fbe_business?fbe_external_business_id=sicnehenceecomemrce-665f929422055
user-agent: Facebook-for-WooCommerce/3.2.10 (WooCommerce/9.3.3; WordPress/6.6.2)
body:
duration: 0.32733s
 CONTEXT: {"_legacy":true}
2024-10-30T12:21:14+00:00 NOTICE Response
code: 200
message: OK
body: {"business":{"name":"SicneHence eComemrce"},"ads":[{"feature_instance_id":"813554103728373","enabled":true}],"catalogs":[{"feature_instance_id":"777710937847014","enabled":true}],"catalog_feed_scheduled":{"enabled":false},"ig_cta":{"enabled":false},"ig_shopping":{"enabled":false},"messenger_chat":{"enabled":false},"messenger_menu":{"enabled":false},"page_card":{"enabled":false},"page_cta":{"enabled":false},"page_post":{"enabled":false},"page_shop":{"enabled":false},"pixels":[{"feature_instance_id":"798387502384774","enabled":true}],"thread_intent":{"enabled":false}}
 CONTEXT: {"_legacy":true}
2024-10-30T12:34:52+00:00 NOTICE Request
method: POST
uri: https://graph.facebook.com/v20.0/820729112865218/events
user-agent: Facebook-for-WooCommerce/3.2.10 (WooCommerce/9.3.3; WordPress/6.6.2)
body: {"data":[{"action_source":"website","event_time":1730291690,"event_id":"838d7977-8e91-4d5f-a868-951257f1f8e2","event_source_url":"https:\/\/sincehence.store\/product\/liver-plast-capsules\/?v=8bcc25c96aa5","custom_data":{"content_name":"Liver-Plast Detox Support Suppliments | Natural Liver Health Formula | 60 Vegan Capsules","content_ids":"[\"SHSUP-TB00020_139\"]","content_type":"product","contents":"[{\"id\":\"SHSUP-TB00020_139\",\"quantity\":1}]","content_category":"HANGOVER","value":"29.95","currency":"USD"},"user_data":{"client_ip_address":"95.91.111.191","client_user_agent":"Mozilla\/5.0 (iPhone; CPU iPhone OS 17_5_1 like Mac OS X) AppleWebKit\/605.1.15 (KHTML, like Gecko) Version\/17.5 Mobile\/15E148 Safari\/604.1","fbc":"","fbp":""},"event_name":"ViewContent"}],"partner_agent":"woocommerce-9.3.3-3.2.10"}
duration: 0.26203s
 CONTEXT: {"_legacy":true}
2024-10-30T12:34:52+00:00 NOTICE Response
code: 200
message: OK
body: {"events_received":1,"messages":[],"fbtrace_id":"A93u32D7c_PbGIfrEulz6GO"}
 CONTEXT: {"_legacy":true}
2024-10-30T12:34:57+00:00 NOTICE Request
method: POST
uri: https://graph.facebook.com/v20.0/820729112865218/events
user-agent: Facebook-for-WooCommerce/3.2.10 (WooCommerce/9.3.3; WordPress/6.6.2)
body: {"data":[{"action_source":"website","event_time":1730291695,"event_id":"850cd9de-4257-49c8-a796-6bfa39992553","event_source_url":"https:\/\/sincehence.store\/product\/liver-plast-capsules\/?v=8bcc25c96aa5","custom_data":{"content_name":"Liver-Plast Detox Support Suppliments | Natural Liver Health Formula | 60 Vegan Capsules","content_ids":"[\"SHSUP-TB00020_139\"]","content_type":"product","contents":"[{\"id\":\"SHSUP-TB00020_139\",\"quantity\":1}]","content_category":"HANGOVER","value":"29.95","currency":"USD"},"user_data":{"client_ip_address":"95.91.111.191","client_user_agent":"Mozilla\/5.0 (iPhone; CPU iPhone OS 17_5_1 like Mac OS X) AppleWebKit\/605.1.15 (KHTML, like Gecko) Version\/17.5 Mobile\/15E148 Safari\/604.1","fbc":"","fbp":""},"event_name":"ViewContent"}],"partner_agent":"woocommerce-9.3.3-3.2.10"}
duration: 0.24653s
 CONTEXT: {"_legacy":true}
2024-10-30T12:34:57+00:00 NOTICE Response
code: 200
message: OK
body: {"events_received":1,"messages":[],"fbtrace_id":"AA1mVxb74gyXHaYqtfJfrqK"}
 CONTEXT: {"_legacy":true}
2024-10-30T12:35:15+00:00 NOTICE Request
method: POST
uri: https://graph.facebook.com/v20.0/820729112865218/events
user-agent: Facebook-for-WooCommerce/3.2.10 (WooCommerce/9.3.3; WordPress/6.6.2)
body: {"data":[{"action_source":"website","event_time":1730291713,"event_id":"057bfa87-e0ed-4a79-910f-b0dcee695c9e","event_source_url":"https:\/\/sincehence.store\/product-category\/hangover\/?v=8bcc25c96aa5","custom_data":{"content_name":"HANGOVER","content_category":"HANGOVER","content_ids":"[\"SHSUP-TB00034_111\",\"SHSUP-TB00036_107\",\"SHSUP-TB00033_113\",\"SHSUP-TB00035_109\",\"SHSUP-TB00032_115\",\"SHSUP-TB00020_139\"]","content_type":"product","contents":[{"id":"SHSUP-TB00034_111","quantity":1},{"id":"SHSUP-TB00036_107","quantity":1},{"id":"SHSUP-TB00033_113","quantity":1},{"id":"SHSUP-TB00035_109","quantity":1},{"id":"SHSUP-TB00032_115","quantity":1},{"id":"SHSUP-TB00020_139","quantity":1}]},"user_data":{"client_ip_address":"95.91.111.191","client_user_agent":"Mozilla\/5.0 (iPhone; CPU iPhone OS 17_5_1 like Mac OS X) AppleWebKit\/605.1.15 (KHTML, like Gecko) Version\/17.5 Mobile\/15E148 Safari\/604.1","fbc":"","fbp":""},"event_name":"ViewCategory"}],"partner_agent":"woocommerce-9.3.3-3.2.10"}
duration: 0.23945s
 CONTEXT: {"_legacy":true}
2024-10-30T12:35:15+00:00 NOTICE Response
code: 200
message: OK
body: {"events_received":1,"messages":[],"fbtrace_id":"AYV1_YwWzs8e02YmmdFJnez"}
 CONTEXT: {"_legacy":true}
2024-10-30T13:19:21+00:00 NOTICE Request
method: GET
uri: https://graph.facebook.com/v20.0/fbe_business?fbe_external_business_id=sicnehenceecomemrce-665f929422055
user-agent: Facebook-for-WooCommerce/3.2.10 (WooCommerce/9.3.3; WordPress/6.6.2)
body:
duration: 0.33776s
 CONTEXT: {"_legacy":true}
2024-10-30T13:19:21+00:00 NOTICE Response
code: 200
message: OK
body: {"business":{"name":"SicneHence eComemrce"},"ads":[{"feature_instance_id":"813554103728373","enabled":true}],"catalogs":[{"feature_instance_id":"777710937847014","enabled":true}],"catalog_feed_scheduled":{"enabled":false},"ig_cta":{"enabled":false},"ig_shopping":{"enabled":false},"messenger_chat":{"enabled":false},"messenger_menu":{"enabled":false},"page_card":{"enabled":false},"page_cta":{"enabled":false},"page_post":{"enabled":false},"page_shop":{"enabled":false},"pixels":[{"feature_instance_id":"798387502384774","enabled":true}],"thread_intent":{"enabled":false}}
 CONTEXT: {"_legacy":true}
2024-10-30T13:47:16+00:00 NOTICE Request
method: POST
uri: https://graph.facebook.com/v20.0/820729112865218/events
user-agent: Facebook-for-WooCommerce/3.2.10 (WooCommerce/9.3.3; WordPress/6.6.2)
body: {"data":[{"action_source":"website","event_time":1730296035,"event_id":"3232f8ee-147b-471f-9fee-650030602ef8","event_source_url":"https:\/\/sincehence.store\/product-category\/mens-health\/?v=7885444af42e","custom_data":{"content_name":"MENS HEALTH","content_category":"MENS HEALTH","content_ids":"[\"SHSUP-TB00039_101\",\"SHSUP-TB00038_103\",\"SHSUP-TB00040_99\",\"SHSUP-TB00015_149\"]","content_type":"product","contents":[{"id":"SHSUP-TB00039_101","quantity":1},{"id":"SHSUP-TB00038_103","quantity":1},{"id":"SHSUP-TB00040_99","quantity":1},{"id":"SHSUP-TB00015_149","quantity":1}]},"user_data":{"client_ip_address":"66.249.79.236","client_user_agent":"Mozilla\/5.0 (Linux; Android 6.0.1; Nexus 5X Build\/MMB29P) AppleWebKit\/537.36 (KHTML, like Gecko) Chrome\/130.0.6723.69 Mobile Safari\/537.36 (compatible; Googlebot\/2.1; +http:\/\/www.google.com\/bot.html)","fbc":"","fbp":""},"event_name":"ViewCategory"}],"partner_agent":"woocommerce-9.3.3-3.2.10"}
duration: 0.25673s
 CONTEXT: {"_legacy":true}
2024-10-30T13:47:16+00:00 NOTICE Response
code: 200
message: OK
body: {"events_received":1,"messages":[],"fbtrace_id":"AgIoHQJ3qa0K0aBwzC2iCve"}
 CONTEXT: {"_legacy":true}
2024-10-30T14:15:58+00:00 NOTICE Request
method: POST
uri: https://graph.facebook.com/v20.0/820729112865218/events
user-agent: Facebook-for-WooCommerce/3.2.10 (WooCommerce/9.3.3; WordPress/6.6.2)
body: {"data":[{"action_source":"website","event_time":1730297756,"event_id":"9a3ca425-d3dc-4bd1-b9d4-dd7d4709dd12","event_source_url":"https:\/\/sincehence.store\/product\/metabolism-boost-patches\/?v=7885444af42e","custom_data":{"content_name":"Metabolism Boost Patches - 30 Patches for Weight Management Support - Fucus Vesiculosus, 5-HTP, Guarana Extract - Vegan, Made in the USA","content_ids":"[\"SHSUP-TB00048_83\"]","content_type":"product","contents":"[{\"id\":\"SHSUP-TB00048_83\",\"quantity\":1}]","content_category":"KETO","value":"22.95","currency":"USD"},"user_data":{"client_ip_address":"47.128.125.74","client_user_agent":"Mozilla\/5.0 (compatible; Bytespider; spider-feedback@bytedance.com) AppleWebKit\/537.36 (KHTML, like Gecko) Chrome\/70.0.0.0 Safari\/537.36","fbc":"","fbp":""},"event_name":"ViewContent"}],"partner_agent":"woocommerce-9.3.3-3.2.10"}
duration: 0.2304s
 CONTEXT: {"_legacy":true}
2024-10-30T14:15:58+00:00 NOTICE Response
code: 200
message: OK
body: {"events_received":1,"messages":[],"fbtrace_id":"A-YWmRO7J0O_a-SoYTaU9Ss"}
 CONTEXT: {"_legacy":true}
2024-10-30T14:22:46+00:00 NOTICE Request
method: GET
uri: https://graph.facebook.com/v20.0/fbe_business?fbe_external_business_id=sicnehenceecomemrce-665f929422055
user-agent: Facebook-for-WooCommerce/3.2.10 (WooCommerce/9.3.3; WordPress/6.6.2)
body:
duration: 0.24966s
 CONTEXT: {"_legacy":true}
2024-10-30T14:22:46+00:00 NOTICE Response
code: 200
message: OK
body: {"business":{"name":"SicneHence eComemrce"},"ads":[{"feature_instance_id":"813554103728373","enabled":true}],"catalogs":[{"feature_instance_id":"777710937847014","enabled":true}],"catalog_feed_scheduled":{"enabled":false},"ig_cta":{"enabled":false},"ig_shopping":{"enabled":false},"messenger_chat":{"enabled":false},"messenger_menu":{"enabled":false},"page_card":{"enabled":false},"page_cta":{"enabled":false},"page_post":{"enabled":false},"page_shop":{"enabled":false},"pixels":[{"feature_instance_id":"798387502384774","enabled":true}],"thread_intent":{"enabled":false}}
 CONTEXT: {"_legacy":true}
2024-10-30T14:50:34+00:00 NOTICE Request
method: POST
uri: https://graph.facebook.com/v20.0/820729112865218/events
user-agent: Facebook-for-WooCommerce/3.2.10 (WooCommerce/9.3.3; WordPress/6.6.2)
body: {"data":[{"action_source":"website","event_time":1730299832,"event_id":"8cdac2e9-da06-4ee0-8121-c538e884f233","event_source_url":"https:\/\/sincehence.store\/product\/hair-growth-caps-30-count\/?v=7885444af42e","custom_data":{"content_name":"Hair Growth Caps | 30 Count | Hair - Skin - Nails Advanced Formula","content_ids":"[\"SHSUP-TB00027_125\"]","content_type":"product","contents":"[{\"id\":\"SHSUP-TB00027_125\",\"quantity\":1}]","content_category":"HAIR GROWTH","value":"24.95","currency":"USD"},"user_data":{"client_ip_address":"66.249.79.236","client_user_agent":"Mozilla\/5.0 (Linux; Android 6.0.1; Nexus 5X Build\/MMB29P) AppleWebKit\/537.36 (KHTML, like Gecko) Chrome\/130.0.6723.69 Mobile Safari\/537.36 (compatible; Googlebot\/2.1; +http:\/\/www.google.com\/bot.html)","fbc":"","fbp":""},"event_name":"ViewContent"}],"partner_agent":"woocommerce-9.3.3-3.2.10"}
duration: 0.21833s
 CONTEXT: {"_legacy":true}
2024-10-30T14:50:34+00:00 NOTICE Response
code: 200
message: OK
body: {"events_received":1,"messages":[],"fbtrace_id":"AFpXKUuFNQo5FaRB60AOYVb"}
 CONTEXT: {"_legacy":true}
2024-10-30T14:55:18+00:00 NOTICE Request
method: POST
uri: https://graph.facebook.com/v20.0/820729112865218/events
user-agent: Facebook-for-WooCommerce/3.2.10 (WooCommerce/9.3.3; WordPress/6.6.2)
body: {"data":[{"action_source":"website","event_time":1730300116,"event_id":"e37b6039-4c84-4372-8b63-039962867748","event_source_url":"https:\/\/sincehence.store\/product\/pain-relief-oil-single-bottle\/?v=7885444af42e","custom_data":{"content_name":"Peppermint CBD Oil | Pain Relief  | 500MG | Refreshing Peppermint Flavor | GMO-Free | Made in USA","content_ids":"[\"SHSUP-TB00008_163\"]","content_type":"product","contents":"[{\"id\":\"SHSUP-TB00008_163\",\"quantity\":1}]","content_category":"PAIN RELIEF","value":"29.95","currency":"USD"},"user_data":{"client_ip_address":"47.128.44.59","client_user_agent":"Mozilla\/5.0 (compatible; Bytespider; spider-feedback@bytedance.com) AppleWebKit\/537.36 (KHTML, like Gecko) Chrome\/70.0.0.0 Safari\/537.36","fbc":"","fbp":""},"event_name":"ViewContent"}],"partner_agent":"woocommerce-9.3.3-3.2.10"}
duration: 0.23049s
 CONTEXT: {"_legacy":true}
2024-10-30T14:55:18+00:00 NOTICE Response
code: 200
message: OK
body: {"events_received":1,"messages":[],"fbtrace_id":"ADvERHNSdJbxQZGx22AKDZ9"}
 CONTEXT: {"_legacy":true}
2024-10-30T15:15:52+00:00 NOTICE Request
method: POST
uri: https://graph.facebook.com/v20.0/820729112865218/events
user-agent: Facebook-for-WooCommerce/3.2.10 (WooCommerce/9.3.3; WordPress/6.6.2)
body: {"data":[{"action_source":"website","event_time":1730301350,"event_id":"d306f11b-1e74-4efc-818f-feb6ea6b24a9","event_source_url":"https:\/\/sincehence.store\/product-category\/brain-health\/?v=7885444af42e","custom_data":{"content_name":"BRAIN HEALTH","content_category":"BRAIN HEALTH","content_ids":"[\"SHSUP-TB00012_155\",\"SHSUP-TB00010_159\",\"SHSUP-TB00011_157\",\"SHSUP-TB00009_161\"]","content_type":"product","contents":[{"id":"SHSUP-TB00012_155","quantity":1},{"id":"SHSUP-TB00010_159","quantity":1},{"id":"SHSUP-TB00011_157","quantity":1},{"id":"SHSUP-TB00009_161","quantity":1}]},"user_data":{"client_ip_address":"66.249.79.236","client_user_agent":"Mozilla\/5.0 (Linux; Android 6.0.1; Nexus 5X Build\/MMB29P) AppleWebKit\/537.36 (KHTML, like Gecko) Chrome\/130.0.6723.69 Mobile Safari\/537.36 (compatible; Googlebot\/2.1; +http:\/\/www.google.com\/bot.html)","fbc":"","fbp":""},"event_name":"ViewCategory"}],"partner_agent":"woocommerce-9.3.3-3.2.10"}
duration: 0.31783s
 CONTEXT: {"_legacy":true}
2024-10-30T15:15:52+00:00 NOTICE Response
code: 200
message: OK
body: {"events_received":1,"messages":[],"fbtrace_id":"AKshHOC4d6qUXzMGvE5aKHR"}
 CONTEXT: {"_legacy":true}
2024-10-30T15:21:17+00:00 NOTICE Request
method: GET
uri: https://graph.facebook.com/v20.0/fbe_business?fbe_external_business_id=sicnehenceecomemrce-665f929422055
user-agent: Facebook-for-WooCommerce/3.2.10 (WooCommerce/9.3.3; WordPress/6.6.2)
body:
duration: 0.37967s
 CONTEXT: {"_legacy":true}
2024-10-30T15:21:17+00:00 NOTICE Response
code: 200
message: OK
body: {"business":{"name":"SicneHence eComemrce"},"ads":[{"feature_instance_id":"813554103728373","enabled":true}],"catalogs":[{"feature_instance_id":"777710937847014","enabled":true}],"catalog_feed_scheduled":{"enabled":false},"ig_cta":{"enabled":false},"ig_shopping":{"enabled":false},"messenger_chat":{"enabled":false},"messenger_menu":{"enabled":false},"page_card":{"enabled":false},"page_cta":{"enabled":false},"page_post":{"enabled":false},"page_shop":{"enabled":false},"pixels":[{"feature_instance_id":"798387502384774","enabled":true}],"thread_intent":{"enabled":false}}
 CONTEXT: {"_legacy":true}
2024-10-30T16:03:08+00:00 NOTICE Request
method: POST
uri: https://graph.facebook.com/v20.0/820729112865218/events
user-agent: Facebook-for-WooCommerce/3.2.10 (WooCommerce/9.3.3; WordPress/6.6.2)
body: {"data":[{"action_source":"website","event_time":1730304186,"event_id":"40d8d73e-f164-4e63-8478-2c11e7a75d74","event_source_url":"https:\/\/sincehence.store\/product\/the-pain-patch\/?v=7885444af42e","custom_data":{"content_name":"Bio Frequency Pain Relief Patches | Drug-Free Pain Relief for Back - Neck - Knee Pain | Non-Invasive Pain Management","content_ids":"[\"SHSUP-TB00004_171\"]","content_type":"product","contents":"[{\"id\":\"SHSUP-TB00004_171\",\"quantity\":1}]","content_category":"PAIN RELIEF","value":"25.95","currency":"USD"},"user_data":{"client_ip_address":"66.249.79.238","client_user_agent":"Mozilla\/5.0 (Linux; Android 6.0.1; Nexus 5X Build\/MMB29P) AppleWebKit\/537.36 (KHTML, like Gecko) Chrome\/130.0.6723.69 Mobile Safari\/537.36 (compatible; Googlebot\/2.1; +http:\/\/www.google.com\/bot.html)","fbc":"","fbp":""},"event_name":"ViewContent"}],"partner_agent":"woocommerce-9.3.3-3.2.10"}
duration: 0.22687s
 CONTEXT: {"_legacy":true}
2024-10-30T16:03:08+00:00 NOTICE Response
code: 200
message: OK
body: {"events_received":1,"messages":[],"fbtrace_id":"ACWY_eY-qe9KoA7lrALLJZD"}
 CONTEXT: {"_legacy":true}
2024-10-30T16:06:41+00:00 NOTICE Request
method: POST
uri: https://graph.facebook.com/v20.0/820729112865218/events
user-agent: Facebook-for-WooCommerce/3.2.10 (WooCommerce/9.3.3; WordPress/6.6.2)
body: {"data":[{"action_source":"website","event_time":1730304400,"event_id":"34473c14-60a9-4510-98d7-22fc70f60eaa","event_source_url":"https:\/\/sincehence.store\/product\/instant-eye-lift-serum-single-bottle\/?v=7885444af42e","custom_data":{"content_name":"Instant Eye Lift Serum for Fine Lines and Puffiness  | Potent Blend of Ingredients","content_ids":"[\"SHSUP-TB00042_95\"]","content_type":"product","contents":"[{\"id\":\"SHSUP-TB00042_95\",\"quantity\":1}]","content_category":"SKIN CARE AND BEAUTY","value":"25.95","currency":"USD"},"user_data":{"client_ip_address":"47.128.122.218","client_user_agent":"Mozilla\/5.0 (compatible; Bytespider; spider-feedback@bytedance.com) AppleWebKit\/537.36 (KHTML, like Gecko) Chrome\/70.0.0.0 Safari\/537.36","fbc":"","fbp":""},"event_name":"ViewContent"}],"partner_agent":"woocommerce-9.3.3-3.2.10"}
duration: 0.22061s
 CONTEXT: {"_legacy":true}
2024-10-30T16:06:41+00:00 NOTICE Response
code: 200
message: OK
body: {"events_received":1,"messages":[],"fbtrace_id":"Acl9Dk0oIz8rQRIu74d26qx"}
 CONTEXT: {"_legacy":true}
2024-10-30T16:17:53+00:00 NOTICE Request
method: GET
uri: https://graph.facebook.com/v20.0/fbe_business?fbe_external_business_id=sicnehenceecomemrce-665f929422055
user-agent: Facebook-for-WooCommerce/3.2.10 (WooCommerce/9.3.3; WordPress/6.6.2)
body:
duration: 0.35493s
 CONTEXT: {"_legacy":true}
2024-10-30T16:17:53+00:00 NOTICE Response
code: 200
message: OK
body: {"business":{"name":"SicneHence eComemrce"},"ads":[{"feature_instance_id":"813554103728373","enabled":true}],"catalogs":[{"feature_instance_id":"777710937847014","enabled":true}],"catalog_feed_scheduled":{"enabled":false},"ig_cta":{"enabled":false},"ig_shopping":{"enabled":false},"messenger_chat":{"enabled":false},"messenger_menu":{"enabled":false},"page_card":{"enabled":false},"page_cta":{"enabled":false},"page_post":{"enabled":false},"page_shop":{"enabled":false},"pixels":[{"feature_instance_id":"798387502384774","enabled":true}],"thread_intent":{"enabled":false}}
 CONTEXT: {"_legacy":true}
2024-10-30T17:07:10+00:00 NOTICE Request
method: POST
uri: https://graph.facebook.com/v20.0/820729112865218/events
user-agent: Facebook-for-WooCommerce/3.2.10 (WooCommerce/9.3.3; WordPress/6.6.2)
body: {"data":[{"action_source":"website","event_time":1730308028,"event_id":"8c9f66c3-770b-427d-b017-1ddf0515ad1c","event_source_url":"https:\/\/sincehence.store\/product\/pain-relief-24mg-extra-strength-patches-6-pack\/?v=7885444af42e","custom_data":{"content_name":"CBD Patches | Pack of 6 | 24-Hour Relief | 24mg CBD Isolate | Convenient - Discreet - Targeted Application","content_ids":"[\"SHSUP-TB00003_173\"]","content_type":"product","contents":"[{\"id\":\"SHSUP-TB00003_173\",\"quantity\":1}]","content_category":"PAIN RELIEF","value":"14.95","currency":"USD"},"user_data":{"client_ip_address":"17.241.219.64","client_user_agent":"Mozilla\/5.0 (Macintosh; Intel Mac OS X 10_15_7) AppleWebKit\/605.1.15 (KHTML, like Gecko) Version\/17.4 Safari\/605.1.15 (Applebot\/0.1; +http:\/\/www.apple.com\/go\/applebot)","fbc":"","fbp":""},"event_name":"ViewContent"}],"partner_agent":"woocommerce-9.3.3-3.2.10"}
duration: 0.22811s
 CONTEXT: {"_legacy":true}
2024-10-30T17:07:10+00:00 NOTICE Response
code: 200
message: OK
body: {"events_received":1,"messages":[],"fbtrace_id":"A8tUo38N0S56_l1FDsI1tZq"}
 CONTEXT: {"_legacy":true}
2024-10-30T17:22:44+00:00 NOTICE Request
method: GET
uri: https://graph.facebook.com/v20.0/fbe_business?fbe_external_business_id=sicnehenceecomemrce-665f929422055
user-agent: Facebook-for-WooCommerce/3.2.10 (WooCommerce/9.3.3; WordPress/6.6.2)
body:
duration: 0.26101s
 CONTEXT: {"_legacy":true}
2024-10-30T17:22:44+00:00 NOTICE Response
code: 200
message: OK
body: {"business":{"name":"SicneHence eComemrce"},"ads":[{"feature_instance_id":"813554103728373","enabled":true}],"catalogs":[{"feature_instance_id":"777710937847014","enabled":true}],"catalog_feed_scheduled":{"enabled":false},"ig_cta":{"enabled":false},"ig_shopping":{"enabled":false},"messenger_chat":{"enabled":false},"messenger_menu":{"enabled":false},"page_card":{"enabled":false},"page_cta":{"enabled":false},"page_post":{"enabled":false},"page_shop":{"enabled":false},"pixels":[{"feature_instance_id":"798387502384774","enabled":true}],"thread_intent":{"enabled":false}}
 CONTEXT: {"_legacy":true}
2024-10-30T17:40:04+00:00 NOTICE Request
method: POST
uri: https://graph.facebook.com/v20.0/820729112865218/events
user-agent: Facebook-for-WooCommerce/3.2.10 (WooCommerce/9.3.3; WordPress/6.6.2)
body: {"data":[{"action_source":"website","event_time":1730310001,"event_id":"b9bd6eff-5e7c-45d6-bf46-c7c58422ab78","event_source_url":"https:\/\/sincehence.store\/product\/cleanse-capsule-single-bottle\/?v=7885444af42e","custom_data":{"content_name":"Advanced Formula for Digestive Aid Cleanse Capsules - Natural Dietary Supplement for Gut Health - Promotes Healthy Digestion and Eases Bloating","content_ids":"[\"SHSUP-TB00049_81\"]","content_type":"product","contents":"[{\"id\":\"SHSUP-TB00049_81\",\"quantity\":1}]","content_category":"KETO","value":"20.95","currency":"USD"},"user_data":{"client_ip_address":"47.128.111.209","client_user_agent":"Mozilla\/5.0 (compatible; Bytespider; spider-feedback@bytedance.com) AppleWebKit\/537.36 (KHTML, like Gecko) Chrome\/70.0.0.0 Safari\/537.36","fbc":"","fbp":""},"event_name":"ViewContent"}],"partner_agent":"woocommerce-9.3.3-3.2.10"}
duration: 0.24683s
 CONTEXT: {"_legacy":true}
2024-10-30T17:40:04+00:00 NOTICE Response
code: 200
message: OK
body: {"events_received":1,"messages":[],"fbtrace_id":"Al-WEkdhhuyUl3F-z4LyToR"}
 CONTEXT: {"_legacy":true}
2024-10-30T17:40:28+00:00 NOTICE Request
method: POST
uri: https://graph.facebook.com/v20.0/820729112865218/events
user-agent: Facebook-for-WooCommerce/3.2.10 (WooCommerce/9.3.3; WordPress/6.6.2)
body: {"data":[{"action_source":"website","event_time":1730310026,"event_id":"d4363230-5f9b-4890-9158-2e39a2cb96fa","event_source_url":"https:\/\/sincehence.store\/product\/hair-restoration-ultimate-combo\/?v=7885444af42e","custom_data":{"content_name":"Hair Growth Serum | Hair-Skin-Nails Supplement Combo | Ultimate Health","content_ids":"[\"SHSUP-TB00026_127\"]","content_type":"product","contents":"[{\"id\":\"SHSUP-TB00026_127\",\"quantity\":1}]","content_category":"HAIR GROWTH","value":"49.95","currency":"USD"},"user_data":{"client_ip_address":"47.128.22.37","client_user_agent":"Mozilla\/5.0 (compatible; Bytespider; spider-feedback@bytedance.com) AppleWebKit\/537.36 (KHTML, like Gecko) Chrome\/70.0.0.0 Safari\/537.36","fbc":"","fbp":""},"event_name":"ViewContent"}],"partner_agent":"woocommerce-9.3.3-3.2.10"}
duration: 0.21438s
 CONTEXT: {"_legacy":true}
2024-10-30T17:40:28+00:00 NOTICE Response
code: 200
message: OK
body: {"events_received":1,"messages":[],"fbtrace_id":"A_QPRElguT0QtzLnbpBm9Vt"}
 CONTEXT: {"_legacy":true}
2024-10-30T18:00:20+00:00 NOTICE Request
method: POST
uri: https://graph.facebook.com/v20.0/820729112865218/events
user-agent: Facebook-for-WooCommerce/3.2.10 (WooCommerce/9.3.3; WordPress/6.6.2)
body: {"data":[{"action_source":"website","event_time":1730311218,"event_id":"64a5133c-c5fa-4ba9-9132-139e55314670","event_source_url":"https:\/\/sincehence.store\/product\/hangover-patches-30-pack\/?v=7885444af42e","custom_data":{"content_name":"Hangover Patches | 30 Patches | Ultimate Hangover Relief","content_ids":"[\"SHSUP-TB00033_113\"]","content_type":"product","contents":"[{\"id\":\"SHSUP-TB00033_113\",\"quantity\":1}]","content_category":"HANGOVER","value":"29.95","currency":"USD"},"user_data":{"client_ip_address":"47.128.120.48","client_user_agent":"Mozilla\/5.0 (compatible; Bytespider; spider-feedback@bytedance.com) AppleWebKit\/537.36 (KHTML, like Gecko) Chrome\/70.0.0.0 Safari\/537.36","fbc":"","fbp":""},"event_name":"ViewContent"}],"partner_agent":"woocommerce-9.3.3-3.2.10"}
duration: 0.22111s
 CONTEXT: {"_legacy":true}
2024-10-30T18:00:20+00:00 NOTICE Response
code: 200
message: OK
body: {"events_received":1,"messages":[],"fbtrace_id":"AQKM44wwDGSaH8XFjqn_gRZ"}
 CONTEXT: {"_legacy":true}
2024-10-30T18:19:11+00:00 NOTICE Request
method: GET
uri: https://graph.facebook.com/v20.0/fbe_business?fbe_external_business_id=sicnehenceecomemrce-665f929422055
user-agent: Facebook-for-WooCommerce/3.2.10 (WooCommerce/9.3.3; WordPress/6.6.2)
body:
duration: 0.3332s
 CONTEXT: {"_legacy":true}
2024-10-30T18:19:11+00:00 NOTICE Response
code: 200
message: OK
body: {"business":{"name":"SicneHence eComemrce"},"ads":[{"feature_instance_id":"813554103728373","enabled":true}],"catalogs":[{"feature_instance_id":"777710937847014","enabled":true}],"catalog_feed_scheduled":{"enabled":false},"ig_cta":{"enabled":false},"ig_shopping":{"enabled":false},"messenger_chat":{"enabled":false},"messenger_menu":{"enabled":false},"page_card":{"enabled":false},"page_cta":{"enabled":false},"page_post":{"enabled":false},"page_shop":{"enabled":false},"pixels":[{"feature_instance_id":"798387502384774","enabled":true}],"thread_intent":{"enabled":false}}
 CONTEXT: {"_legacy":true}
2024-10-30T18:19:31+00:00 NOTICE Request
method: POST
uri: https://graph.facebook.com/v20.0/820729112865218/events
user-agent: Facebook-for-WooCommerce/3.2.10 (WooCommerce/9.3.3; WordPress/6.6.2)
body: {"data":[{"action_source":"website","event_time":1730312370,"event_id":"05cbdd4b-6228-4fc1-b84f-82701de91e9c","event_source_url":"https:\/\/sincehence.store\/product\/instant-eye-lift-serum-single-bottle\/?v=13b5bfe96f3e","custom_data":{"content_name":"Instant Eye Lift Serum for Fine Lines and Puffiness  | Potent Blend of Ingredients","content_ids":"[\"SHSUP-TB00042_95\"]","content_type":"product","contents":"[{\"id\":\"SHSUP-TB00042_95\",\"quantity\":1}]","content_category":"SKIN CARE AND BEAUTY","value":"25.95","currency":"USD"},"user_data":{"client_ip_address":"103.48.197.119","client_user_agent":"Mozilla\/5.0 (Windows NT 10.0; WOW64) AppleWebKit\/537.36 (KHTML, like Gecko) Chrome\/114.0.0.0 Safari\/537.36 Vivaldi\/5.3.2679.68","fbc":"","fbp":""},"event_name":"ViewContent"}],"partner_agent":"woocommerce-9.3.3-3.2.10"}
duration: 0.22634s
 CONTEXT: {"_legacy":true}
2024-10-30T18:19:31+00:00 NOTICE Response
code: 200
message: OK
body: {"events_received":1,"messages":[],"fbtrace_id":"AwS73l_85Pwvy5-K-Rtwhuz"}
 CONTEXT: {"_legacy":true}
2024-10-30T18:19:39+00:00 NOTICE Request
method: POST
uri: https://graph.facebook.com/v20.0/820729112865218/events
user-agent: Facebook-for-WooCommerce/3.2.10 (WooCommerce/9.3.3; WordPress/6.6.2)
body: {"data":[{"action_source":"website","event_time":1730312378,"event_id":"68ee9e3f-2d83-4908-bd17-1c1f7b64be96","event_source_url":"https:\/\/sincehence.store\/product\/hair-restoration-ultimate-combo\/?v=13b5bfe96f3e","custom_data":{"content_name":"Hair Growth Serum | Hair-Skin-Nails Supplement Combo | Ultimate Health","content_ids":"[\"SHSUP-TB00026_127\"]","content_type":"product","contents":"[{\"id\":\"SHSUP-TB00026_127\",\"quantity\":1}]","content_category":"HAIR GROWTH","value":"49.95","currency":"USD"},"user_data":{"client_ip_address":"103.48.197.119","client_user_agent":"Mozilla\/5.0 (Windows NT 10.0; WOW64) AppleWebKit\/537.36 (KHTML, like Gecko) Chrome\/114.0.0.0 Safari\/537.36 Vivaldi\/5.3.2679.68","fbc":"","fbp":""},"event_name":"ViewContent"}],"partner_agent":"woocommerce-9.3.3-3.2.10"}
duration: 0.22187s
 CONTEXT: {"_legacy":true}
2024-10-30T18:19:39+00:00 NOTICE Response
code: 200
message: OK
body: {"events_received":1,"messages":[],"fbtrace_id":"AZgpSBTe2MA4wcW1SS89g8Q"}
 CONTEXT: {"_legacy":true}
2024-10-30T18:19:46+00:00 NOTICE Request
method: POST
uri: https://graph.facebook.com/v20.0/820729112865218/events
user-agent: Facebook-for-WooCommerce/3.2.10 (WooCommerce/9.3.3; WordPress/6.6.2)
body: {"data":[{"action_source":"website","event_time":1730312384,"event_id":"2faf94c4-67fc-4c6a-9e1f-902eefd1b863","event_source_url":"https:\/\/sincehence.store\/product\/testosterone-boost-capsules-single-bottle\/?v=13b5bfe96f3e","custom_data":{"content_name":"Testosterone Advanced Formula | Increase Testosterone Levels | 60 Capsules","content_ids":"[\"SHSUP-TB00040_99\"]","content_type":"product","contents":"[{\"id\":\"SHSUP-TB00040_99\",\"quantity\":1}]","content_category":"MENS HEALTH","value":"30.95","currency":"USD"},"user_data":{"client_ip_address":"103.48.197.119","client_user_agent":"Mozilla\/5.0 (Windows NT 10.0; WOW64) AppleWebKit\/537.36 (KHTML, like Gecko) Chrome\/114.0.0.0 Safari\/537.36 Vivaldi\/5.3.2679.68","fbc":"","fbp":""},"event_name":"ViewContent"}],"partner_agent":"woocommerce-9.3.3-3.2.10"}
duration: 0.2224s
 CONTEXT: {"_legacy":true}
2024-10-30T18:19:46+00:00 NOTICE Response
code: 200
message: OK
body: {"events_received":1,"messages":[],"fbtrace_id":"AUhkw9M73quRFPRihcuCZ3V"}
 CONTEXT: {"_legacy":true}
2024-10-30T18:19:53+00:00 NOTICE Request
method: POST
uri: https://graph.facebook.com/v20.0/820729112865218/events
user-agent: Facebook-for-WooCommerce/3.2.10 (WooCommerce/9.3.3; WordPress/6.6.2)
body: {"data":[{"action_source":"website","event_time":1730312392,"event_id":"6a580f5e-6fd4-45d8-afc6-14e245b0e039","event_source_url":"https:\/\/sincehence.store\/product\/cbd-capsule-single-bottle\/?v=13b5bfe96f3e","custom_data":{"content_name":"CBD Veggie Caps - 10MG CBD Isolate Per Capsule - 300MG Total - Vegan, GMO-Free, Made in the USA","content_ids":"[\"SHSUP-TB00046_87\"]","content_type":"product","contents":"[{\"id\":\"SHSUP-TB00046_87\",\"quantity\":1}]","content_category":"CBD REMEDIES","value":"25.95","currency":"USD"},"user_data":{"client_ip_address":"103.48.197.119","client_user_agent":"Mozilla\/5.0 (Windows NT 10.0; WOW64) AppleWebKit\/537.36 (KHTML, like Gecko) Chrome\/114.0.0.0 Safari\/537.36 Vivaldi\/5.3.2679.68","fbc":"","fbp":""},"event_name":"ViewContent"}],"partner_agent":"woocommerce-9.3.3-3.2.10"}
duration: 0.20695s
 CONTEXT: {"_legacy":true}
2024-10-30T18:19:53+00:00 NOTICE Response
code: 200
message: OK
body: {"events_received":1,"messages":[],"fbtrace_id":"A5Q9bS603B0yYUzYXNl1L2P"}
 CONTEXT: {"_legacy":true}
2024-10-30T18:20:22+00:00 NOTICE Request
method: POST
uri: https://graph.facebook.com/v20.0/820729112865218/events
user-agent: Facebook-for-WooCommerce/3.2.10 (WooCommerce/9.3.3; WordPress/6.6.2)
body: {"data":[{"action_source":"website","event_time":1730312420,"event_id":"70b82e88-4e11-446b-9c5b-a50b924716bd","event_source_url":"https:\/\/sincehence.store\/product\/cbd-patches\/?v=13b5bfe96f3e","custom_data":{"content_name":"CBD Patches - 8MG CBD Isolate Per Patch - 30 Patches - Long-Lasting 24-Hour Relief - Easy Application, Minimal Skin Irritation","content_ids":"[\"SHSUP-TB00045_89\"]","content_type":"product","contents":"[{\"id\":\"SHSUP-TB00045_89\",\"quantity\":1}]","content_category":"CBD REMEDIES","value":"25.95","currency":"USD"},"user_data":{"client_ip_address":"103.48.197.119","client_user_agent":"Mozilla\/5.0 (Windows NT 10.0; WOW64) AppleWebKit\/537.36 (KHTML, like Gecko) Chrome\/114.0.0.0 Safari\/537.36 Vivaldi\/5.3.2679.68","fbc":"","fbp":""},"event_name":"ViewContent"}],"partner_agent":"woocommerce-9.3.3-3.2.10"}
duration: 0.20845s
 CONTEXT: {"_legacy":true}
2024-10-30T18:20:22+00:00 NOTICE Response
code: 200
message: OK
body: {"events_received":1,"messages":[],"fbtrace_id":"AVtiwv5ojUMY9BjB5-0QF9s"}
 CONTEXT: {"_legacy":true}
2024-10-30T18:20:28+00:00 NOTICE Request
method: POST
uri: https://graph.facebook.com/v20.0/820729112865218/events
user-agent: Facebook-for-WooCommerce/3.2.10 (WooCommerce/9.3.3; WordPress/6.6.2)
body: {"data":[{"action_source":"website","event_time":1730312427,"event_id":"e895a3e9-1af1-4874-aad3-e9bcb08fe4bc","event_source_url":"https:\/\/sincehence.store\/product\/liver-plast-capsules\/?v=13b5bfe96f3e","custom_data":{"content_name":"Liver-Plast Detox Support Suppliments | Natural Liver Health Formula | 60 Vegan Capsules","content_ids":"[\"SHSUP-TB00020_139\"]","content_type":"product","contents":"[{\"id\":\"SHSUP-TB00020_139\",\"quantity\":1}]","content_category":"HANGOVER","value":"29.95","currency":"USD"},"user_data":{"client_ip_address":"103.48.197.119","client_user_agent":"Mozilla\/5.0 (Windows NT 10.0; WOW64) AppleWebKit\/537.36 (KHTML, like Gecko) Chrome\/114.0.0.0 Safari\/537.36 Vivaldi\/5.3.2679.68","fbc":"","fbp":""},"event_name":"ViewContent"}],"partner_agent":"woocommerce-9.3.3-3.2.10"}
duration: 0.20641s
 CONTEXT: {"_legacy":true}
2024-10-30T18:20:28+00:00 NOTICE Response
code: 200
message: OK
body: {"events_received":1,"messages":[],"fbtrace_id":"AjaUPzNbNcaKKolS1wCKWKS"}
 CONTEXT: {"_legacy":true}
2024-10-30T18:20:46+00:00 NOTICE Request
method: POST
uri: https://graph.facebook.com/v20.0/820729112865218/events
user-agent: Facebook-for-WooCommerce/3.2.10 (WooCommerce/9.3.3; WordPress/6.6.2)
body: {"data":[{"action_source":"website","event_time":1730312444,"event_id":"11e22eab-c837-4677-82a4-b5059f8f78af","event_source_url":"https:\/\/sincehence.store\/product\/pain-relief-24mg-extra-strength-patches-30-pack\/?v=13b5bfe96f3e","custom_data":{"content_name":"CBD Patches | Pack of 30 | 24-Hour Relief | 24mg CBD Isolate | Convenient - Discreet - Targeted Application","content_ids":"[\"SHSUP-TB00001_177\"]","content_type":"product","contents":"[{\"id\":\"SHSUP-TB00001_177\",\"quantity\":1}]","content_category":"PAIN RELIEF","value":"64.95","currency":"USD"},"user_data":{"client_ip_address":"103.48.197.119","client_user_agent":"Mozilla\/5.0 (Windows NT 10.0; WOW64) AppleWebKit\/537.36 (KHTML, like Gecko) Chrome\/114.0.0.0 Safari\/537.36 Vivaldi\/5.3.2679.68","fbc":"","fbp":""},"event_name":"ViewContent"}],"partner_agent":"woocommerce-9.3.3-3.2.10"}
duration: 0.21763s
 CONTEXT: {"_legacy":true}
2024-10-30T18:20:46+00:00 NOTICE Response
code: 200
message: OK
body: {"events_received":1,"messages":[],"fbtrace_id":"A6_YYZ_NgAz_DnwKM71Vzin"}
 CONTEXT: {"_legacy":true}
2024-10-30T18:20:54+00:00 NOTICE Request
method: POST
uri: https://graph.facebook.com/v20.0/820729112865218/events
user-agent: Facebook-for-WooCommerce/3.2.10 (WooCommerce/9.3.3; WordPress/6.6.2)
body: {"data":[{"action_source":"website","event_time":1730312453,"event_id":"74e87a16-7a83-46f5-9313-96ca580bf10d","event_source_url":"https:\/\/sincehence.store\/product\/pain-relief-24mg-extra-strength-patches-12-pack\/?v=13b5bfe96f3e","custom_data":{"content_name":"CBD Patches | Pack of 12 | 24-Hour Relief | 24mg CBD Isolate | Convenient - Discreet - Targeted Application","content_ids":"[\"SHSUP-TB00002_175\"]","content_type":"product","contents":"[{\"id\":\"SHSUP-TB00002_175\",\"quantity\":1}]","content_category":"PAIN RELIEF","value":"29.95","currency":"USD"},"user_data":{"client_ip_address":"103.48.197.119","client_user_agent":"Mozilla\/5.0 (Windows NT 10.0; WOW64) AppleWebKit\/537.36 (KHTML, like Gecko) Chrome\/114.0.0.0 Safari\/537.36 Vivaldi\/5.3.2679.68","fbc":"","fbp":""},"event_name":"ViewContent"}],"partner_agent":"woocommerce-9.3.3-3.2.10"}
duration: 0.20794s
 CONTEXT: {"_legacy":true}
2024-10-30T18:20:54+00:00 NOTICE Response
code: 200
message: OK
body: {"events_received":1,"messages":[],"fbtrace_id":"Aq0_wi8PHi9VHDU-IerzTC1"}
 CONTEXT: {"_legacy":true}
2024-10-30T18:21:03+00:00 NOTICE Request
method: POST
uri: https://graph.facebook.com/v20.0/820729112865218/events
user-agent: Facebook-for-WooCommerce/3.2.10 (WooCommerce/9.3.3; WordPress/6.6.2)
body: {"data":[{"action_source":"website","event_time":1730312462,"event_id":"eb9a0a05-7498-4c75-a767-82189ff10c73","event_source_url":"https:\/\/sincehence.store\/product\/pain-relief-24mg-extra-strength-patches-6-pack\/?v=13b5bfe96f3e","custom_data":{"content_name":"CBD Patches | Pack of 6 | 24-Hour Relief | 24mg CBD Isolate | Convenient - Discreet - Targeted Application","content_ids":"[\"SHSUP-TB00003_173\"]","content_type":"product","contents":"[{\"id\":\"SHSUP-TB00003_173\",\"quantity\":1}]","content_category":"PAIN RELIEF","value":"14.95","currency":"USD"},"user_data":{"client_ip_address":"103.48.197.119","client_user_agent":"Mozilla\/5.0 (Windows NT 10.0; WOW64) AppleWebKit\/537.36 (KHTML, like Gecko) Chrome\/114.0.0.0 Safari\/537.36 Vivaldi\/5.3.2679.68","fbc":"","fbp":""},"event_name":"ViewContent"}],"partner_agent":"woocommerce-9.3.3-3.2.10"}
duration: 0.20535s
 CONTEXT: {"_legacy":true}
2024-10-30T18:21:03+00:00 NOTICE Response
code: 200
message: OK
body: {"events_received":1,"messages":[],"fbtrace_id":"ApnOk_5H0bz6sSfhQSrNQkJ"}
 CONTEXT: {"_legacy":true}
2024-10-30T18:21:14+00:00 NOTICE Request
method: POST
uri: https://graph.facebook.com/v20.0/820729112865218/events
user-agent: Facebook-for-WooCommerce/3.2.10 (WooCommerce/9.3.3; WordPress/6.6.2)
body: {"data":[{"action_source":"website","event_time":1730312472,"event_id":"62cd1fbe-4fb9-4123-b866-923e863e2728","event_source_url":"https:\/\/sincehence.store\/product\/sleep-pillow-spray\/?v=13b5bfe96f3e","custom_data":{"content_name":"Sleep Time Pillow Spray | Lavender Scent | Relaxation and Enhanced Sleep Quality","content_ids":"[\"SHSUP-TB00022_135\"]","content_type":"product","contents":"[{\"id\":\"SHSUP-TB00022_135\",\"quantity\":1}]","content_category":"SLEEP REMEDIES","value":"15.95","currency":"USD"},"user_data":{"client_ip_address":"103.48.197.119","client_user_agent":"Mozilla\/5.0 (Windows NT 10.0; WOW64) AppleWebKit\/537.36 (KHTML, like Gecko) Chrome\/114.0.0.0 Safari\/537.36 Vivaldi\/5.3.2679.68","fbc":"","fbp":""},"event_name":"ViewContent"}],"partner_agent":"woocommerce-9.3.3-3.2.10"}
duration: 0.20923s
 CONTEXT: {"_legacy":true}
2024-10-30T18:21:14+00:00 NOTICE Response
code: 200
message: OK
body: {"events_received":1,"messages":[],"fbtrace_id":"ABVCYAhpHuRvh1DcoScd4dX"}
 CONTEXT: {"_legacy":true}
2024-10-30T18:25:52+00:00 NOTICE Request
method: POST
uri: https://graph.facebook.com/v20.0/820729112865218/events
user-agent: Facebook-for-WooCommerce/3.2.10 (WooCommerce/9.3.3; WordPress/6.6.2)
body: {"data":[{"action_source":"website","event_time":1730312750,"event_id":"adc1ca24-922a-4551-a4df-0489f02cc4cf","event_source_url":"https:\/\/sincehence.store\/product-category\/cbd\/?v=0b3b97fa6688","custom_data":{"content_name":"CBD REMEDIES","content_category":"CBD REMEDIES","content_ids":"[\"SHSUP-TB00037_105\",\"SHSUP-TB00045_89\",\"SHSUP-TB00030_119\",\"SHSUP-TB00029_121\",\"SHSUP-TB00031_117\",\"SHSUP-TB00044_91\",\"SHSUP-TB00046_87\",\"SHSUP-TB00047_85\"]","content_type":"product","contents":[{"id":"SHSUP-TB00037_105","quantity":1},{"id":"SHSUP-TB00045_89","quantity":1},{"id":"SHSUP-TB00030_119","quantity":1},{"id":"SHSUP-TB00029_121","quantity":1},{"id":"SHSUP-TB00031_117","quantity":1},{"id":"SHSUP-TB00044_91","quantity":1},{"id":"SHSUP-TB00046_87","quantity":1},{"id":"SHSUP-TB00047_85","quantity":1}]},"user_data":{"client_ip_address":"43.153.110.177","client_user_agent":"Mozilla\/5.0 (iPhone; CPU iPhone OS 13_2_3 like Mac OS X) AppleWebKit\/605.1.15 (KHTML, like Gecko) Version\/13.0.3 Mobile\/15E148 Safari\/604.1","fbc":"","fbp":""},"event_name":"ViewCategory"}],"partner_agent":"woocommerce-9.3.3-3.2.10"}
duration: 0.20715s
 CONTEXT: {"_legacy":true}
2024-10-30T18:25:52+00:00 NOTICE Response
code: 200
message: OK
body: {"events_received":1,"messages":[],"fbtrace_id":"AK4QezdwjU8BoAWISSwatqm"}
 CONTEXT: {"_legacy":true}
2024-10-30T18:25:58+00:00 NOTICE Request
method: POST
uri: https://graph.facebook.com/v20.0/820729112865218/events
user-agent: Facebook-for-WooCommerce/3.2.10 (WooCommerce/9.3.3; WordPress/6.6.2)
body: {"data":[{"action_source":"website","event_time":1730312757,"event_id":"b788f1bb-6b32-4659-a397-8c5fd5444d1f","event_source_url":"https:\/\/sincehence.store\/product-category\/skin\/?v=0b3b97fa6688","custom_data":{"content_name":"SKIN CARE AND BEAUTY","content_category":"SKIN CARE AND BEAUTY","content_ids":"[\"SHSUP-TB00041_97\",\"SHSUP-TB00043_93\",\"SHSUP-TB00042_95\"]","content_type":"product","contents":[{"id":"SHSUP-TB00041_97","quantity":1},{"id":"SHSUP-TB00043_93","quantity":1},{"id":"SHSUP-TB00042_95","quantity":1}]},"user_data":{"client_ip_address":"43.153.110.177","client_user_agent":"Mozilla\/5.0 (iPhone; CPU iPhone OS 13_2_3 like Mac OS X) AppleWebKit\/605.1.15 (KHTML, like Gecko) Version\/13.0.3 Mobile\/15E148 Safari\/604.1","fbc":"","fbp":""},"event_name":"ViewCategory"}],"partner_agent":"woocommerce-9.3.3-3.2.10"}
duration: 0.21248s
 CONTEXT: {"_legacy":true}
2024-10-30T18:25:58+00:00 NOTICE Response
code: 200
message: OK
body: {"events_received":1,"messages":[],"fbtrace_id":"AQIEvmaP7lUqR6dB8U1q2jY"}
 CONTEXT: {"_legacy":true}
2024-10-30T19:15:29+00:00 NOTICE Request
method: POST
uri: https://graph.facebook.com/v20.0/820729112865218/events
user-agent: Facebook-for-WooCommerce/3.2.10 (WooCommerce/9.3.3; WordPress/6.6.2)
body: {"data":[{"action_source":"website","event_time":1730315727,"event_id":"7233308a-ea2e-45ca-81aa-d2a664f87636","event_source_url":"https:\/\/sincehence.store\/product\/sleep-pillow-spray\/?v=7885444af42e","custom_data":{"content_name":"Sleep Time Pillow Spray | Lavender Scent | Relaxation and Enhanced Sleep Quality","content_ids":"[\"SHSUP-TB00022_135\"]","content_type":"product","contents":"[{\"id\":\"SHSUP-TB00022_135\",\"quantity\":1}]","content_category":"SLEEP REMEDIES","value":"15.95","currency":"USD"},"user_data":{"client_ip_address":"47.128.121.29","client_user_agent":"Mozilla\/5.0 (compatible; Bytespider; spider-feedback@bytedance.com) AppleWebKit\/537.36 (KHTML, like Gecko) Chrome\/70.0.0.0 Safari\/537.36","fbc":"","fbp":""},"event_name":"ViewContent"}],"partner_agent":"woocommerce-9.3.3-3.2.10"}
duration: 0.2227s
 CONTEXT: {"_legacy":true}
2024-10-30T19:15:29+00:00 NOTICE Response
code: 200
message: OK
body: {"events_received":1,"messages":[],"fbtrace_id":"AdJgIU2s3OVBMKpweeFHEVM"}
 CONTEXT: {"_legacy":true}
2024-10-30T19:18:45+00:00 NOTICE Request
method: GET
uri: https://graph.facebook.com/v20.0/fbe_business?fbe_external_business_id=sicnehenceecomemrce-665f929422055
user-agent: Facebook-for-WooCommerce/3.2.10 (WooCommerce/9.3.3; WordPress/6.6.2)
body:
duration: 0.29887s
 CONTEXT: {"_legacy":true}
2024-10-30T19:18:45+00:00 NOTICE Response
code: 200
message: OK
body: {"business":{"name":"SicneHence eComemrce"},"ads":[{"feature_instance_id":"813554103728373","enabled":true}],"catalogs":[{"feature_instance_id":"777710937847014","enabled":true}],"catalog_feed_scheduled":{"enabled":false},"ig_cta":{"enabled":false},"ig_shopping":{"enabled":false},"messenger_chat":{"enabled":false},"messenger_menu":{"enabled":false},"page_card":{"enabled":false},"page_cta":{"enabled":false},"page_post":{"enabled":false},"page_shop":{"enabled":false},"pixels":[{"feature_instance_id":"798387502384774","enabled":true}],"thread_intent":{"enabled":false}}
 CONTEXT: {"_legacy":true}
2024-10-30T19:36:07+00:00 NOTICE Request
method: POST
uri: https://graph.facebook.com/v20.0/820729112865218/events
user-agent: Facebook-for-WooCommerce/3.2.10 (WooCommerce/9.3.3; WordPress/6.6.2)
body: {"data":[{"action_source":"website","event_time":1730316965,"event_id":"ab35bc5c-3a31-4f05-9991-9123a4ac3387","event_source_url":"https:\/\/sincehence.store\/product\/hair-restoration-ultimate-combo\/?v=7885444af42e","custom_data":{"content_name":"Hair Growth Serum | Hair-Skin-Nails Supplement Combo | Ultimate Health","content_ids":"[\"SHSUP-TB00026_127\"]","content_type":"product","contents":"[{\"id\":\"SHSUP-TB00026_127\",\"quantity\":1}]","content_category":"HAIR GROWTH","value":"49.95","currency":"USD"},"user_data":{"client_ip_address":"66.249.79.238","client_user_agent":"Mozilla\/5.0 (Linux; Android 6.0.1; Nexus 5X Build\/MMB29P) AppleWebKit\/537.36 (KHTML, like Gecko) Chrome\/130.0.6723.69 Mobile Safari\/537.36 (compatible; Googlebot\/2.1; +http:\/\/www.google.com\/bot.html)","fbc":"","fbp":""},"event_name":"ViewContent"}],"partner_agent":"woocommerce-9.3.3-3.2.10"}
duration: 0.22475s
 CONTEXT: {"_legacy":true}
2024-10-30T19:36:07+00:00 NOTICE Response
code: 200
message: OK
body: {"events_received":1,"messages":[],"fbtrace_id":"A4BbtbRNRyCTlZUrFucaHB9"}
 CONTEXT: {"_legacy":true}
2024-10-30T20:21:39+00:00 NOTICE Request
method: GET
uri: https://graph.facebook.com/v20.0/fbe_business?fbe_external_business_id=sicnehenceecomemrce-665f929422055
user-agent: Facebook-for-WooCommerce/3.2.10 (WooCommerce/9.3.3; WordPress/6.6.2)
body:
duration: 0.3032s
 CONTEXT: {"_legacy":true}
2024-10-30T20:21:40+00:00 NOTICE Response
code: 200
message: OK
body: {"business":{"name":"SicneHence eComemrce"},"ads":[{"feature_instance_id":"813554103728373","enabled":true}],"catalogs":[{"feature_instance_id":"777710937847014","enabled":true}],"catalog_feed_scheduled":{"enabled":false},"ig_cta":{"enabled":false},"ig_shopping":{"enabled":false},"messenger_chat":{"enabled":false},"messenger_menu":{"enabled":false},"page_card":{"enabled":false},"page_cta":{"enabled":false},"page_post":{"enabled":false},"page_shop":{"enabled":false},"pixels":[{"feature_instance_id":"798387502384774","enabled":true}],"thread_intent":{"enabled":false}}
 CONTEXT: {"_legacy":true}
2024-10-30T20:36:33+00:00 NOTICE Request
method: POST
uri: https://graph.facebook.com/v20.0/820729112865218/events
user-agent: Facebook-for-WooCommerce/3.2.10 (WooCommerce/9.3.3; WordPress/6.6.2)
body: {"data":[{"action_source":"website","event_time":1730320591,"event_id":"03d210c0-d530-4c85-af9c-e37ca393c0c7","event_source_url":"https:\/\/sincehence.store\/product\/cbd-oil-single-bottlecats-dogs\/?v=7885444af42e","custom_data":{"content_name":"CBD Oil | Dog and Cat | 500MG | Calming Support for Pets | GMO-free formula","content_ids":"[\"SHSUP-TB00037_105\"]","content_type":"product","contents":"[{\"id\":\"SHSUP-TB00037_105\",\"quantity\":1}]","content_category":"CBD REMEDIES","value":"30.95","currency":"USD"},"user_data":{"client_ip_address":"47.128.46.238","client_user_agent":"Mozilla\/5.0 (compatible; Bytespider; spider-feedback@bytedance.com) AppleWebKit\/537.36 (KHTML, like Gecko) Chrome\/70.0.0.0 Safari\/537.36","fbc":"","fbp":""},"event_name":"ViewContent"}],"partner_agent":"woocommerce-9.3.3-3.2.10"}
duration: 0.25559s
 CONTEXT: {"_legacy":true}
2024-10-30T20:36:33+00:00 NOTICE Response
code: 200
message: OK
body: {"events_received":1,"messages":[],"fbtrace_id":"AdjKKGCIES1VBCvh-lCTyjm"}
 CONTEXT: {"_legacy":true}
2024-10-30T21:17:40+00:00 NOTICE Request
method: GET
uri: https://graph.facebook.com/v20.0/fbe_business?fbe_external_business_id=sicnehenceecomemrce-665f929422055
user-agent: Facebook-for-WooCommerce/3.2.10 (WooCommerce/9.3.3; WordPress/6.6.2)
body:
duration: 0.27856s
 CONTEXT: {"_legacy":true}
2024-10-30T21:17:40+00:00 NOTICE Response
code: 200
message: OK
body: {"business":{"name":"SicneHence eComemrce"},"ads":[{"feature_instance_id":"813554103728373","enabled":true}],"catalogs":[{"feature_instance_id":"777710937847014","enabled":true}],"catalog_feed_scheduled":{"enabled":false},"ig_cta":{"enabled":false},"ig_shopping":{"enabled":false},"messenger_chat":{"enabled":false},"messenger_menu":{"enabled":false},"page_card":{"enabled":false},"page_cta":{"enabled":false},"page_post":{"enabled":false},"page_shop":{"enabled":false},"pixels":[{"feature_instance_id":"798387502384774","enabled":true}],"thread_intent":{"enabled":false}}
 CONTEXT: {"_legacy":true}
2024-10-30T21:19:54+00:00 NOTICE Request
method: POST
uri: https://graph.facebook.com/v20.0/820729112865218/events
user-agent: Facebook-for-WooCommerce/3.2.10 (WooCommerce/9.3.3; WordPress/6.6.2)
body: {"data":[{"action_source":"website","event_time":1730323192,"event_id":"9cba0f0a-cf78-4823-add3-b68e51c303c3","event_source_url":"https:\/\/sincehence.store\/product\/focus-patches-3-day\/?v=7885444af42e","custom_data":{"content_name":"Focus Patches | 3 Days Topical Skin Patches | Enhance Focus and Mental Clarity | Natural Ingredients","content_ids":"[\"SHSUP-TB00011_157\"]","content_type":"product","contents":"[{\"id\":\"SHSUP-TB00011_157\",\"quantity\":1}]","content_category":"BRAIN HEALTH","value":"7.95","currency":"USD"},"user_data":{"client_ip_address":"47.128.55.172","client_user_agent":"Mozilla\/5.0 (compatible; Bytespider; spider-feedback@bytedance.com) AppleWebKit\/537.36 (KHTML, like Gecko) Chrome\/70.0.0.0 Safari\/537.36","fbc":"","fbp":""},"event_name":"ViewContent"}],"partner_agent":"woocommerce-9.3.3-3.2.10"}
duration: 0.20873s
 CONTEXT: {"_legacy":true}
2024-10-30T21:19:54+00:00 NOTICE Response
code: 200
message: OK
body: {"events_received":1,"messages":[],"fbtrace_id":"Aww2lx0VwS11Dy2biz68n9r"}
 CONTEXT: {"_legacy":true}
2024-10-30T22:17:40+00:00 NOTICE Request
method: GET
uri: https://graph.facebook.com/v20.0/fbe_business?fbe_external_business_id=sicnehenceecomemrce-665f929422055
user-agent: Facebook-for-WooCommerce/3.2.10 (WooCommerce/9.3.3; WordPress/6.6.2)
body:
duration: 0.31683s
 CONTEXT: {"_legacy":true}
2024-10-30T22:17:40+00:00 NOTICE Response
code: 200
message: OK
body: {"business":{"name":"SicneHence eComemrce"},"ads":[{"feature_instance_id":"813554103728373","enabled":true}],"catalogs":[{"feature_instance_id":"777710937847014","enabled":true}],"catalog_feed_scheduled":{"enabled":false},"ig_cta":{"enabled":false},"ig_shopping":{"enabled":false},"messenger_chat":{"enabled":false},"messenger_menu":{"enabled":false},"page_card":{"enabled":false},"page_cta":{"enabled":false},"page_post":{"enabled":false},"page_shop":{"enabled":false},"pixels":[{"feature_instance_id":"798387502384774","enabled":true}],"thread_intent":{"enabled":false}}
 CONTEXT: {"_legacy":true}
2024-10-30T22:19:50+00:00 NOTICE Request
method: GET
uri: https://graph.facebook.com/v20.0/987788172779218/product_feeds
user-agent: Facebook-for-WooCommerce/3.2.10 (WooCommerce/9.3.3; WordPress/6.6.2)
body:
duration: 0.2504s
 CONTEXT: {"_legacy":true}
2024-10-30T22:19:50+00:00 NOTICE Response
code: 200
message: OK
body: {"data":[{"id":"980052693510616","file_name":"SicneHence eComemrce Supplimet - Catalog - Feed","name":"SicneHence eComemrce Supplimet - Catalog - Feed"}],"paging":{"cursors":{"before":"QVFIUlpFTE9uUTRPVi0zSlAxcGNuMGlVNDEzMVVCdTNXYVhfNU80ZAXRhMk55eTR2eC11WGdRaHVmeDJ3aHRQUFVHSXo0RmtxZAkRXX3Fid1VwQjNhbG9fc093","after":"QVFIUlpFTE9uUTRPVi0zSlAxcGNuMGlVNDEzMVVCdTNXYVhfNU80ZAXRhMk55eTR2eC11WGdRaHVmeDJ3aHRQUFVHSXo0RmtxZAkRXX3Fid1VwQjNhbG9fc093"}}}
 CONTEXT: {"_legacy":true}
2024-10-30T22:19:51+00:00 NOTICE Request
method: GET
uri: https://graph.facebook.com/v20.0/980052693510616/?fields=created_time,latest_upload,product_count,schedule,update_schedule
user-agent: Facebook-for-WooCommerce/3.2.10 (WooCommerce/9.3.3; WordPress/6.6.2)
body:
duration: 0.37731s
 CONTEXT: {"_legacy":true}
2024-10-30T22:19:51+00:00 NOTICE Response
code: 200
message: OK
body: {"created_time":"2024-06-05T19:21:45+0000","product_count":0,"id":"980052693510616"}
 CONTEXT: {"_legacy":true}
2024-10-30T22:19:51+00:00 NOTICE Request
method: GET
uri: https://graph.facebook.com/v20.0/fbe_business/fbe_installs?fbe_external_business_id=sicnehenceecomemrce-665f929422055
user-agent: Facebook-for-WooCommerce/3.2.10 (WooCommerce/9.3.3; WordPress/6.6.2)
body:
duration: 0.54656s
 CONTEXT: {"_legacy":true}
2024-10-30T22:19:51+00:00 NOTICE Response
code: 200
message: OK
body: {"data":[{"business_manager_id":"280213847030763","onsite_eligible":false,"pixel_id":"820729112865218","profiles":["100481805425565","17841445880604158"],"ad_account_id":"307726204234823","catalog_id":"987788172779218","pages":["100481805425565"],"instagram_profiles":["17841445880604158"],"ig_shop":{"status":"NOT_SUBMITTED"},"token_type":"User","installed_features":[{"feature_instance_id":"813554103728373","feature_type":"ads","connected_assets":{"ad_account_id":"307726204234823","business_manager_id":"280213847030763","catalog_id":"987788172779218","ig_profile_id":"17841445880604158","page_id":"100481805425565","pixel_id":"820729112865218"},"additional_info":{"onsite_eligible":false,"pixel_is_consolidated_container":false}},{"feature_instance_id":"798387502384774","feature_type":"pixel","connected_assets":{"ad_account_id":"307726204234823","business_manager_id":"280213847030763","ig_profile_id":"17841445880604158","page_id":"100481805425565","pixel_id":"820729112865218"},"additional_info":{"onsite_eligible":false,"pixel_is_consolidated_container":false}},{"feature_instance_id":"777710937847014","feature_type":"catalog","connected_assets":{"ad_account_id":"307726204234823","business_manager_id":"280213847030763","catalog_id":"987788172779218","ig_profile_id":"17841445880604158","page_id":"100481805425565","pixel_id":"820729112865218"},"additional_info":{"onsite_eligible":false,"pixel_is_consolidated_container":false}}]}]}
 CONTEXT: {"_legacy":true}
2024-10-30T22:19:51+00:00 NOTICE Retrieving page access token CONTEXT: {"_legacy":true}
2024-10-30T22:34:32+00:00 NOTICE Request
method: POST
uri: https://graph.facebook.com/v20.0/820729112865218/events
user-agent: Facebook-for-WooCommerce/3.2.10 (WooCommerce/9.3.3; WordPress/6.6.2)
body: {"data":[{"action_source":"website","event_time":1730327669,"event_id":"bd0b17ef-3c31-405d-8cbc-c5553ac7536d","event_source_url":"https:\/\/sincehence.store\/product\/cbd-cream-jar\/?v=7885444af42e","custom_data":{"content_name":"CBD Relief Cream | 250MG | Fast-Acting | Soothing Muscle & Joint Discomfort Relief |  Cruelty-Free with Peppermint Oil & Menthol","content_ids":"[\"SHSUP-TB00044_91\"]","content_type":"product","contents":"[{\"id\":\"SHSUP-TB00044_91\",\"quantity\":1}]","content_category":"CBD REMEDIES","value":"27.95","currency":"USD"},"user_data":{"client_ip_address":"66.249.79.164","client_user_agent":"Mozilla\/5.0 (Linux; Android 6.0.1; Nexus 5X Build\/MMB29P) AppleWebKit\/537.36 (KHTML, like Gecko) Chrome\/130.0.6723.69 Mobile Safari\/537.36 (compatible; Googlebot\/2.1; +http:\/\/www.google.com\/bot.html)","fbc":"","fbp":""},"event_name":"ViewContent"}],"partner_agent":"woocommerce-9.3.3-3.2.10"}
duration: 0.23116s
 CONTEXT: {"_legacy":true}
2024-10-30T22:34:32+00:00 NOTICE Response
code: 200
message: OK
body: {"events_received":1,"messages":[],"fbtrace_id":"AhhcgZtI8cTvrZVJGziTe46"}
 CONTEXT: {"_legacy":true}
2024-10-30T23:06:51+00:00 NOTICE Request
method: POST
uri: https://graph.facebook.com/v20.0/820729112865218/events
user-agent: Facebook-for-WooCommerce/3.2.10 (WooCommerce/9.3.3; WordPress/6.6.2)
body: {"data":[{"action_source":"website","event_time":1730329609,"event_id":"b08fc0b5-7a07-4eb1-9b66-3404eb0037c2","event_source_url":"https:\/\/sincehence.store\/product\/sleep-patch-15-days-pack\/?v=7885444af42e","custom_data":{"content_name":"Sleep Patches | 15 Day Pack | Achieve a Restful Night Sleep | Natural Ingredients","content_ids":"[\"SHSUP-TB00024_131\"]","content_type":"product","contents":"[{\"id\":\"SHSUP-TB00024_131\",\"quantity\":1}]","content_category":"SLEEP REMEDIES","value":"14.95","currency":"USD"},"user_data":{"client_ip_address":"185.191.171.17","client_user_agent":"Mozilla\/5.0 (compatible; SemrushBot\/7~bl; +http:\/\/www.semrush.com\/bot.html)","fbc":"","fbp":""},"event_name":"ViewContent"}],"partner_agent":"woocommerce-9.3.3-3.2.10"}
duration: 0.25347s
 CONTEXT: {"_legacy":true}
2024-10-30T23:06:51+00:00 NOTICE Response
code: 200
message: OK
body: {"events_received":1,"messages":[],"fbtrace_id":"A3qgTaPwRfvqC1pThqzZwmM"}
 CONTEXT: {"_legacy":true}
2024-10-30T23:17:50+00:00 NOTICE Request
method: GET
uri: https://graph.facebook.com/v20.0/fbe_business?fbe_external_business_id=sicnehenceecomemrce-665f929422055
user-agent: Facebook-for-WooCommerce/3.2.10 (WooCommerce/9.3.3; WordPress/6.6.2)
body:
duration: 0.23883s
 CONTEXT: {"_legacy":true}
2024-10-30T23:17:50+00:00 NOTICE Response
code: 200
message: OK
body: {"business":{"name":"SicneHence eComemrce"},"ads":[{"feature_instance_id":"813554103728373","enabled":true}],"catalogs":[{"feature_instance_id":"777710937847014","enabled":true}],"catalog_feed_scheduled":{"enabled":false},"ig_cta":{"enabled":false},"ig_shopping":{"enabled":false},"messenger_chat":{"enabled":false},"messenger_menu":{"enabled":false},"page_card":{"enabled":false},"page_cta":{"enabled":false},"page_post":{"enabled":false},"page_shop":{"enabled":false},"pixels":[{"feature_instance_id":"798387502384774","enabled":true}],"thread_intent":{"enabled":false}}
 CONTEXT: {"_legacy":true}
2024-10-30T23:27:58+00:00 NOTICE Request
method: POST
uri: https://graph.facebook.com/v20.0/820729112865218/events
user-agent: Facebook-for-WooCommerce/3.2.10 (WooCommerce/9.3.3; WordPress/6.6.2)
body: {"data":[{"action_source":"website","event_time":1730330876,"event_id":"871ffd5e-e95d-48e6-933b-1167e8c58ae2","event_source_url":"https:\/\/sincehence.store\/product-category\/hangover\/?v=7885444af42e","custom_data":{"content_name":"HANGOVER","content_category":"HANGOVER","content_ids":"[\"SHSUP-TB00034_111\",\"SHSUP-TB00036_107\",\"SHSUP-TB00033_113\",\"SHSUP-TB00035_109\",\"SHSUP-TB00032_115\",\"SHSUP-TB00020_139\"]","content_type":"product","contents":[{"id":"SHSUP-TB00034_111","quantity":1},{"id":"SHSUP-TB00036_107","quantity":1},{"id":"SHSUP-TB00033_113","quantity":1},{"id":"SHSUP-TB00035_109","quantity":1},{"id":"SHSUP-TB00032_115","quantity":1},{"id":"SHSUP-TB00020_139","quantity":1}]},"user_data":{"client_ip_address":"66.249.79.165","client_user_agent":"Mozilla\/5.0 (Linux; Android 6.0.1; Nexus 5X Build\/MMB29P) AppleWebKit\/537.36 (KHTML, like Gecko) Chrome\/130.0.6723.69 Mobile Safari\/537.36 (compatible; Googlebot\/2.1; +http:\/\/www.google.com\/bot.html)","fbc":"","fbp":""},"event_name":"ViewCategory"}],"partner_agent":"woocommerce-9.3.3-3.2.10"}
duration: 0.14975s
 CONTEXT: {"_legacy":true}
2024-10-30T23:27:58+00:00 NOTICE Response
code: 200
message: OK
body: {"events_received":1,"messages":[],"fbtrace_id":"AOu9VnLCCW53iqTfA_9x_p3"}
 CONTEXT: {"_legacy":true}
