2024-10-26T00:22:33+00:00 NOTICE Request
method: GET
uri: https://graph.facebook.com/v20.0/fbe_business?fbe_external_business_id=sicnehenceecomemrce-665f929422055
user-agent: Facebook-for-WooCommerce/3.2.10 (WooCommerce/9.3.3; WordPress/6.6.2)
body:
duration: 0.34458s
 CONTEXT: {"_legacy":true}
2024-10-26T00:22:33+00:00 NOTICE Response
code: 200
message: OK
body: {"business":{"name":"SicneHence eComemrce"},"ads":[{"feature_instance_id":"813554103728373","enabled":true}],"catalogs":[{"feature_instance_id":"777710937847014","enabled":true}],"catalog_feed_scheduled":{"enabled":false},"ig_cta":{"enabled":false},"ig_shopping":{"enabled":false},"messenger_chat":{"enabled":false},"messenger_menu":{"enabled":false},"page_card":{"enabled":false},"page_cta":{"enabled":false},"page_post":{"enabled":false},"page_shop":{"enabled":false},"pixels":[{"feature_instance_id":"798387502384774","enabled":true}],"thread_intent":{"enabled":false}}
 CONTEXT: {"_legacy":true}
2024-10-26T00:35:43+00:00 NOTICE Request
method: POST
uri: https://graph.facebook.com/v20.0/820729112865218/events
user-agent: Facebook-for-WooCommerce/3.2.10 (WooCommerce/9.3.3; WordPress/6.6.2)
body: {"data":[{"action_source":"website","event_time":1729902937,"event_id":"8aa16938-266d-4648-90d5-da4dca6cea98","event_source_url":"https:\/\/sincehence.store\/product\/cbd-capsule-single-bottle\/?v=0b3b97fa6688","custom_data":{"content_name":"CBD Veggie Caps - 10MG CBD Isolate Per Capsule - 300MG Total - Vegan, GMO-Free, Made in the USA","content_ids":"[\"SHSUP-TB00046_87\"]","content_type":"product","contents":"[{\"id\":\"SHSUP-TB00046_87\",\"quantity\":1}]","content_category":"CBD REMEDIES","value":"25.95","currency":"USD"},"user_data":{"client_ip_address":"43.135.140.225","client_user_agent":"Mozilla\/5.0 (iPhone; CPU iPhone OS 13_2_3 like Mac OS X) AppleWebKit\/605.1.15 (KHTML, like Gecko) Version\/13.0.3 Mobile\/15E148 Safari\/604.1","fbc":"","fbp":""},"event_name":"ViewContent"}],"partner_agent":"woocommerce-9.3.3-3.2.10"}
duration: 0.24182s
 CONTEXT: {"_legacy":true}
2024-10-26T00:35:43+00:00 NOTICE Response
code: 200
message: OK
body: {"events_received":1,"messages":[],"fbtrace_id":"AXoYgn42BvyiPrtT0auUa8E"}
 CONTEXT: {"_legacy":true}
2024-10-26T00:36:32+00:00 NOTICE Request
method: POST
uri: https://graph.facebook.com/v20.0/820729112865218/events
user-agent: Facebook-for-WooCommerce/3.2.10 (WooCommerce/9.3.3; WordPress/6.6.2)
body: {"data":[{"action_source":"website","event_time":1729902990,"event_id":"c830beaf-124b-44b8-ad84-6636a9463ccf","event_source_url":"https:\/\/sincehence.store\/product-category\/hangover\/?v=0b3b97fa6688","custom_data":{"content_name":"HANGOVER","content_category":"HANGOVER","content_ids":"[\"SHSUP-TB00034_111\",\"SHSUP-TB00036_107\",\"SHSUP-TB00033_113\",\"SHSUP-TB00035_109\",\"SHSUP-TB00032_115\",\"SHSUP-TB00020_139\"]","content_type":"product","contents":[{"id":"SHSUP-TB00034_111","quantity":1},{"id":"SHSUP-TB00036_107","quantity":1},{"id":"SHSUP-TB00033_113","quantity":1},{"id":"SHSUP-TB00035_109","quantity":1},{"id":"SHSUP-TB00032_115","quantity":1},{"id":"SHSUP-TB00020_139","quantity":1}]},"user_data":{"client_ip_address":"43.153.122.30","client_user_agent":"Mozilla\/5.0 (iPhone; CPU iPhone OS 13_2_3 like Mac OS X) AppleWebKit\/605.1.15 (KHTML, like Gecko) Version\/13.0.3 Mobile\/15E148 Safari\/604.1","fbc":"","fbp":""},"event_name":"ViewCategory"}],"partner_agent":"woocommerce-9.3.3-3.2.10"}
duration: 0.23174s
 CONTEXT: {"_legacy":true}
2024-10-26T00:36:32+00:00 NOTICE Response
code: 200
message: OK
body: {"events_received":1,"messages":[],"fbtrace_id":"ARs2aG2b9Hl26bTiibzo9hA"}
 CONTEXT: {"_legacy":true}
2024-10-26T00:37:34+00:00 NOTICE Request
method: POST
uri: https://graph.facebook.com/v20.0/820729112865218/events
user-agent: Facebook-for-WooCommerce/3.2.10 (WooCommerce/9.3.3; WordPress/6.6.2)
body: {"data":[{"action_source":"website","event_time":1729903053,"event_id":"ce6c6a93-43f8-408b-be58-8b986d3a9aa0","event_source_url":"https:\/\/sincehence.store\/product-category\/pain-relief\/?v=8bcc25c96aa5","custom_data":{"content_name":"PAIN RELIEF","content_category":"PAIN RELIEF","content_ids":"[\"SHSUP-TB00004_171\",\"SHSUP-TB00002_175\",\"SHSUP-TB00001_177\",\"SHSUP-TB00003_173\",\"SHSUP-TB00007_165\",\"SHSUP-TB00005_169\",\"SHSUP-TB00006_167\",\"SHSUP-TB00008_163\"]","content_type":"product","contents":[{"id":"SHSUP-TB00004_171","quantity":1},{"id":"SHSUP-TB00002_175","quantity":1},{"id":"SHSUP-TB00001_177","quantity":1},{"id":"SHSUP-TB00003_173","quantity":1},{"id":"SHSUP-TB00007_165","quantity":1},{"id":"SHSUP-TB00005_169","quantity":1},{"id":"SHSUP-TB00006_167","quantity":1},{"id":"SHSUP-TB00008_163","quantity":1}]},"user_data":{"client_ip_address":"43.128.100.206","client_user_agent":"Mozilla\/5.0 (iPhone; CPU iPhone OS 13_2_3 like Mac OS X) AppleWebKit\/605.1.15 (KHTML, like Gecko) Version\/13.0.3 Mobile\/15E148 Safari\/604.1","fbc":"","fbp":""},"event_name":"ViewCategory"}],"partner_agent":"woocommerce-9.3.3-3.2.10"}
duration: 0.21865s
 CONTEXT: {"_legacy":true}
2024-10-26T00:37:34+00:00 NOTICE Response
code: 200
message: OK
body: {"events_received":1,"messages":[],"fbtrace_id":"AnhvdYUE6g1b2hm1Emui1-a"}
 CONTEXT: {"_legacy":true}
2024-10-26T01:20:38+00:00 NOTICE Request
method: GET
uri: https://graph.facebook.com/v20.0/fbe_business?fbe_external_business_id=sicnehenceecomemrce-665f929422055
user-agent: Facebook-for-WooCommerce/3.2.10 (WooCommerce/9.3.3; WordPress/6.6.2)
body:
duration: 0.34374s
 CONTEXT: {"_legacy":true}
2024-10-26T01:20:38+00:00 NOTICE Response
code: 200
message: OK
body: {"business":{"name":"SicneHence eComemrce"},"ads":[{"feature_instance_id":"813554103728373","enabled":true}],"catalogs":[{"feature_instance_id":"777710937847014","enabled":true}],"catalog_feed_scheduled":{"enabled":false},"ig_cta":{"enabled":false},"ig_shopping":{"enabled":false},"messenger_chat":{"enabled":false},"messenger_menu":{"enabled":false},"page_card":{"enabled":false},"page_cta":{"enabled":false},"page_post":{"enabled":false},"page_shop":{"enabled":false},"pixels":[{"feature_instance_id":"798387502384774","enabled":true}],"thread_intent":{"enabled":false}}
 CONTEXT: {"_legacy":true}
2024-10-26T02:17:35+00:00 NOTICE Request
method: GET
uri: https://graph.facebook.com/v20.0/fbe_business?fbe_external_business_id=sicnehenceecomemrce-665f929422055
user-agent: Facebook-for-WooCommerce/3.2.10 (WooCommerce/9.3.3; WordPress/6.6.2)
body:
duration: 0.32498s
 CONTEXT: {"_legacy":true}
2024-10-26T02:17:35+00:00 NOTICE Response
code: 200
message: OK
body: {"business":{"name":"SicneHence eComemrce"},"ads":[{"feature_instance_id":"813554103728373","enabled":true}],"catalogs":[{"feature_instance_id":"777710937847014","enabled":true}],"catalog_feed_scheduled":{"enabled":false},"ig_cta":{"enabled":false},"ig_shopping":{"enabled":false},"messenger_chat":{"enabled":false},"messenger_menu":{"enabled":false},"page_card":{"enabled":false},"page_cta":{"enabled":false},"page_post":{"enabled":false},"page_shop":{"enabled":false},"pixels":[{"feature_instance_id":"798387502384774","enabled":true}],"thread_intent":{"enabled":false}}
 CONTEXT: {"_legacy":true}
2024-10-26T03:17:42+00:00 NOTICE Request
method: GET
uri: https://graph.facebook.com/v20.0/fbe_business?fbe_external_business_id=sicnehenceecomemrce-665f929422055
user-agent: Facebook-for-WooCommerce/3.2.10 (WooCommerce/9.3.3; WordPress/6.6.2)
body:
duration: 0.30054s
 CONTEXT: {"_legacy":true}
2024-10-26T03:17:42+00:00 NOTICE Response
code: 200
message: OK
body: {"business":{"name":"SicneHence eComemrce"},"ads":[{"feature_instance_id":"813554103728373","enabled":true}],"catalogs":[{"feature_instance_id":"777710937847014","enabled":true}],"catalog_feed_scheduled":{"enabled":false},"ig_cta":{"enabled":false},"ig_shopping":{"enabled":false},"messenger_chat":{"enabled":false},"messenger_menu":{"enabled":false},"page_card":{"enabled":false},"page_cta":{"enabled":false},"page_post":{"enabled":false},"page_shop":{"enabled":false},"pixels":[{"feature_instance_id":"798387502384774","enabled":true}],"thread_intent":{"enabled":false}}
 CONTEXT: {"_legacy":true}
2024-10-26T03:24:54+00:00 NOTICE Request
method: POST
uri: https://graph.facebook.com/v20.0/820729112865218/events
user-agent: Facebook-for-WooCommerce/3.2.10 (WooCommerce/9.3.3; WordPress/6.6.2)
body: {"data":[{"action_source":"website","event_time":1729913092,"event_id":"57a375b7-4ce4-48a7-b935-0031e9194afe","event_source_url":"https:\/\/sincehence.store\/product\/hair-restoration-ultimate-combo\/?v=8bcc25c96aa5","custom_data":{"content_name":"Hair Growth Serum | Hair-Skin-Nails Supplement Combo | Ultimate Health","content_ids":"[\"SHSUP-TB00026_127\"]","content_type":"product","contents":"[{\"id\":\"SHSUP-TB00026_127\",\"quantity\":1}]","content_category":"HAIR GROWTH","value":"49.95","currency":"USD"},"user_data":{"client_ip_address":"162.62.213.187","client_user_agent":"Mozilla\/5.0 (iPhone; CPU iPhone OS 13_2_3 like Mac OS X) AppleWebKit\/605.1.15 (KHTML, like Gecko) Version\/13.0.3 Mobile\/15E148 Safari\/604.1","fbc":"","fbp":""},"event_name":"ViewContent"}],"partner_agent":"woocommerce-9.3.3-3.2.10"}
duration: 0.20186s
 CONTEXT: {"_legacy":true}
2024-10-26T03:24:54+00:00 NOTICE Response
code: 200
message: OK
body: {"events_received":1,"messages":[],"fbtrace_id":"A9qI1ru6QFFekNbvqDzwAmV"}
 CONTEXT: {"_legacy":true}
2024-10-26T03:32:39+00:00 NOTICE Generating a fresh product feed file CONTEXT: {"_legacy":true}
2024-10-26T03:32:40+00:00 NOTICE Product feed file generated CONTEXT: {"_legacy":true}
2024-10-26T04:09:33+00:00 NOTICE Request
method: POST
uri: https://graph.facebook.com/v20.0/820729112865218/events
user-agent: Facebook-for-WooCommerce/3.2.10 (WooCommerce/9.3.3; WordPress/6.6.2)
body: {"data":[{"action_source":"website","event_time":1729915771,"event_id":"53ca1342-6a0e-4b34-9bd8-2f037c702545","event_source_url":"https:\/\/sincehence.store\/product\/cbd-patches\/?v=7885444af42e","custom_data":{"content_name":"CBD Patches - 8MG CBD Isolate Per Patch - 30 Patches - Long-Lasting 24-Hour Relief - Easy Application, Minimal Skin Irritation","content_ids":"[\"SHSUP-TB00045_89\"]","content_type":"product","contents":"[{\"id\":\"SHSUP-TB00045_89\",\"quantity\":1}]","content_category":"CBD REMEDIES","value":"25.95","currency":"USD"},"user_data":{"client_ip_address":"47.128.34.27","client_user_agent":"Mozilla\/5.0 (compatible; Bytespider; spider-feedback@bytedance.com) AppleWebKit\/537.36 (KHTML, like Gecko) Chrome\/70.0.0.0 Safari\/537.36","fbc":"","fbp":""},"event_name":"ViewContent"}],"partner_agent":"woocommerce-9.3.3-3.2.10"}
duration: 0.22303s
 CONTEXT: {"_legacy":true}
2024-10-26T04:09:33+00:00 NOTICE Response
code: 200
message: OK
body: {"events_received":1,"messages":[],"fbtrace_id":"ARoCUumfGIaILi7_V33Zlfg"}
 CONTEXT: {"_legacy":true}
2024-10-26T04:12:51+00:00 NOTICE Request
method: POST
uri: https://graph.facebook.com/v20.0/820729112865218/events
user-agent: Facebook-for-WooCommerce/3.2.10 (WooCommerce/9.3.3; WordPress/6.6.2)
body: {"data":[{"action_source":"website","event_time":1729915969,"event_id":"32f3ea61-9052-419f-85e4-df5287194f91","event_source_url":"https:\/\/sincehence.store\/product\/hair-serum-60ml\/?v=7885444af42e","custom_data":{"content_name":"Hair Growth Serum | 60ml | Revitalize and Strengthen Hair | Natural Ingredients | Fuller - Healthier Hair","content_ids":"[\"SHSUP-TB00028_123\"]","content_type":"product","contents":"[{\"id\":\"SHSUP-TB00028_123\",\"quantity\":1}]","content_category":"HAIR GROWTH","value":"30.95","currency":"USD"},"user_data":{"client_ip_address":"66.249.79.236","client_user_agent":"Mozilla\/5.0 (Linux; Android 6.0.1; Nexus 5X Build\/MMB29P) AppleWebKit\/537.36 (KHTML, like Gecko) Chrome\/130.0.6723.69 Mobile Safari\/537.36 (compatible; Googlebot\/2.1; +http:\/\/www.google.com\/bot.html)","fbc":"","fbp":""},"event_name":"ViewContent"}],"partner_agent":"woocommerce-9.3.3-3.2.10"}
duration: 0.26403s
 CONTEXT: {"_legacy":true}
2024-10-26T04:12:51+00:00 NOTICE Response
code: 200
message: OK
body: {"events_received":1,"messages":[],"fbtrace_id":"A43yNX0-9cuPkvyLIy5tSQI"}
 CONTEXT: {"_legacy":true}
2024-10-26T04:17:39+00:00 NOTICE Request
method: GET
uri: https://graph.facebook.com/v20.0/fbe_business?fbe_external_business_id=sicnehenceecomemrce-665f929422055
user-agent: Facebook-for-WooCommerce/3.2.10 (WooCommerce/9.3.3; WordPress/6.6.2)
body:
duration: 0.31s
 CONTEXT: {"_legacy":true}
2024-10-26T04:17:39+00:00 NOTICE Response
code: 200
message: OK
body: {"business":{"name":"SicneHence eComemrce"},"ads":[{"feature_instance_id":"813554103728373","enabled":true}],"catalogs":[{"feature_instance_id":"777710937847014","enabled":true}],"catalog_feed_scheduled":{"enabled":false},"ig_cta":{"enabled":false},"ig_shopping":{"enabled":false},"messenger_chat":{"enabled":false},"messenger_menu":{"enabled":false},"page_card":{"enabled":false},"page_cta":{"enabled":false},"page_post":{"enabled":false},"page_shop":{"enabled":false},"pixels":[{"feature_instance_id":"798387502384774","enabled":true}],"thread_intent":{"enabled":false}}
 CONTEXT: {"_legacy":true}
2024-10-26T05:22:32+00:00 NOTICE Request
method: GET
uri: https://graph.facebook.com/v20.0/fbe_business?fbe_external_business_id=sicnehenceecomemrce-665f929422055
user-agent: Facebook-for-WooCommerce/3.2.10 (WooCommerce/9.3.3; WordPress/6.6.2)
body:
duration: 0.34486s
 CONTEXT: {"_legacy":true}
2024-10-26T05:22:32+00:00 NOTICE Response
code: 200
message: OK
body: {"business":{"name":"SicneHence eComemrce"},"ads":[{"feature_instance_id":"813554103728373","enabled":true}],"catalogs":[{"feature_instance_id":"777710937847014","enabled":true}],"catalog_feed_scheduled":{"enabled":false},"ig_cta":{"enabled":false},"ig_shopping":{"enabled":false},"messenger_chat":{"enabled":false},"messenger_menu":{"enabled":false},"page_card":{"enabled":false},"page_cta":{"enabled":false},"page_post":{"enabled":false},"page_shop":{"enabled":false},"pixels":[{"feature_instance_id":"798387502384774","enabled":true}],"thread_intent":{"enabled":false}}
 CONTEXT: {"_legacy":true}
2024-10-26T06:04:20+00:00 NOTICE Request
method: POST
uri: https://graph.facebook.com/v20.0/820729112865218/events
user-agent: Facebook-for-WooCommerce/3.2.10 (WooCommerce/9.3.3; WordPress/6.6.2)
body: {"data":[{"action_source":"website","event_time":1729922659,"event_id":"394e527e-5916-4a7c-9b51-5130c0ab248a","event_source_url":"https:\/\/sincehence.store\/product\/pain-relief-cream-jar\/?v=7885444af42e","custom_data":{"content_name":"Pain Relief Cream | 250MG CBD Isolate | Fast-Acting | Soothing | Cruelty-Free | Made in USA","content_ids":"[\"SHSUP-TB00005_169\"]","content_type":"product","contents":"[{\"id\":\"SHSUP-TB00005_169\",\"quantity\":1}]","content_category":"PAIN RELIEF","value":"27.95","currency":"USD"},"user_data":{"client_ip_address":"66.249.79.238","client_user_agent":"Mozilla\/5.0 (Linux; Android 6.0.1; Nexus 5X Build\/MMB29P) AppleWebKit\/537.36 (KHTML, like Gecko) Chrome\/130.0.6723.69 Mobile Safari\/537.36 (compatible; Googlebot\/2.1; +http:\/\/www.google.com\/bot.html)","fbc":"","fbp":""},"event_name":"ViewContent"}],"partner_agent":"woocommerce-9.3.3-3.2.10"}
duration: 0.21911s
 CONTEXT: {"_legacy":true}
2024-10-26T06:04:20+00:00 NOTICE Response
code: 200
message: OK
body: {"events_received":1,"messages":[],"fbtrace_id":"AgfRhwZjkjBRq6Koqo3JX3x"}
 CONTEXT: {"_legacy":true}
2024-10-26T06:17:58+00:00 NOTICE Request
method: GET
uri: https://graph.facebook.com/v20.0/fbe_business?fbe_external_business_id=sicnehenceecomemrce-665f929422055
user-agent: Facebook-for-WooCommerce/3.2.10 (WooCommerce/9.3.3; WordPress/6.6.2)
body:
duration: 0.29822s
 CONTEXT: {"_legacy":true}
2024-10-26T06:17:58+00:00 NOTICE Response
code: 200
message: OK
body: {"business":{"name":"SicneHence eComemrce"},"ads":[{"feature_instance_id":"813554103728373","enabled":true}],"catalogs":[{"feature_instance_id":"777710937847014","enabled":true}],"catalog_feed_scheduled":{"enabled":false},"ig_cta":{"enabled":false},"ig_shopping":{"enabled":false},"messenger_chat":{"enabled":false},"messenger_menu":{"enabled":false},"page_card":{"enabled":false},"page_cta":{"enabled":false},"page_post":{"enabled":false},"page_shop":{"enabled":false},"pixels":[{"feature_instance_id":"798387502384774","enabled":true}],"thread_intent":{"enabled":false}}
 CONTEXT: {"_legacy":true}
2024-10-26T06:32:34+00:00 NOTICE Request
method: POST
uri: https://graph.facebook.com/v20.0/820729112865218/events
user-agent: Facebook-for-WooCommerce/3.2.10 (WooCommerce/9.3.3; WordPress/6.6.2)
body: {"data":[{"action_source":"website","event_time":1729924352,"event_id":"c30c7743-073f-411f-8f82-45bc7f3fb40c","event_source_url":"https:\/\/sincehence.store\/product\/pain-relief-oil-single-bottle\/?v=7885444af42e","custom_data":{"content_name":"Peppermint CBD Oil | Pain Relief  | 500MG | Refreshing Peppermint Flavor | GMO-Free | Made in USA","content_ids":"[\"SHSUP-TB00008_163\"]","content_type":"product","contents":"[{\"id\":\"SHSUP-TB00008_163\",\"quantity\":1}]","content_category":"PAIN RELIEF","value":"29.95","currency":"USD"},"user_data":{"client_ip_address":"66.249.79.237","client_user_agent":"Mozilla\/5.0 (Linux; Android 6.0.1; Nexus 5X Build\/MMB29P) AppleWebKit\/537.36 (KHTML, like Gecko) Chrome\/130.0.6723.69 Mobile Safari\/537.36 (compatible; Googlebot\/2.1; +http:\/\/www.google.com\/bot.html)","fbc":"","fbp":""},"event_name":"ViewContent"}],"partner_agent":"woocommerce-9.3.3-3.2.10"}
duration: 0.20471s
 CONTEXT: {"_legacy":true}
2024-10-26T06:32:34+00:00 NOTICE Response
code: 200
message: OK
body: {"events_received":1,"messages":[],"fbtrace_id":"Atkiifc_cwyQNcuFumV14jp"}
 CONTEXT: {"_legacy":true}
2024-10-26T07:21:15+00:00 NOTICE Request
method: GET
uri: https://graph.facebook.com/v20.0/fbe_business?fbe_external_business_id=sicnehenceecomemrce-665f929422055
user-agent: Facebook-for-WooCommerce/3.2.10 (WooCommerce/9.3.3; WordPress/6.6.2)
body:
duration: 0.36015s
 CONTEXT: {"_legacy":true}
2024-10-26T07:21:15+00:00 NOTICE Response
code: 200
message: OK
body: {"business":{"name":"SicneHence eComemrce"},"ads":[{"feature_instance_id":"813554103728373","enabled":true}],"catalogs":[{"feature_instance_id":"777710937847014","enabled":true}],"catalog_feed_scheduled":{"enabled":false},"ig_cta":{"enabled":false},"ig_shopping":{"enabled":false},"messenger_chat":{"enabled":false},"messenger_menu":{"enabled":false},"page_card":{"enabled":false},"page_cta":{"enabled":false},"page_post":{"enabled":false},"page_shop":{"enabled":false},"pixels":[{"feature_instance_id":"798387502384774","enabled":true}],"thread_intent":{"enabled":false}}
 CONTEXT: {"_legacy":true}
2024-10-26T07:23:57+00:00 NOTICE Request
method: POST
uri: https://graph.facebook.com/v20.0/820729112865218/events
user-agent: Facebook-for-WooCommerce/3.2.10 (WooCommerce/9.3.3; WordPress/6.6.2)
body: {"data":[{"action_source":"website","event_time":1729927435,"event_id":"094a9991-f14f-4cb1-a372-8d7fbd68fca0","event_source_url":"https:\/\/sincehence.store\/product\/liver-plast-capsules\/?v=7885444af42e","custom_data":{"content_name":"Liver-Plast Detox Support Suppliments | Natural Liver Health Formula | 60 Vegan Capsules","content_ids":"[\"SHSUP-TB00020_139\"]","content_type":"product","contents":"[{\"id\":\"SHSUP-TB00020_139\",\"quantity\":1}]","content_category":"HANGOVER","value":"29.95","currency":"USD"},"user_data":{"client_ip_address":"47.128.127.95","client_user_agent":"Mozilla\/5.0 (compatible; Bytespider; spider-feedback@bytedance.com) AppleWebKit\/537.36 (KHTML, like Gecko) Chrome\/70.0.0.0 Safari\/537.36","fbc":"","fbp":""},"event_name":"ViewContent"}],"partner_agent":"woocommerce-9.3.3-3.2.10"}
duration: 0.23119s
 CONTEXT: {"_legacy":true}
2024-10-26T07:23:57+00:00 NOTICE Response
code: 200
message: OK
body: {"events_received":1,"messages":[],"fbtrace_id":"AR-ZH-OeNIM9miDozHThSX6"}
 CONTEXT: {"_legacy":true}
2024-10-26T08:07:19+00:00 NOTICE Request
method: POST
uri: https://graph.facebook.com/v20.0/820729112865218/events
user-agent: Facebook-for-WooCommerce/3.2.10 (WooCommerce/9.3.3; WordPress/6.6.2)
body: {"data":[{"action_source":"website","event_time":1729930037,"event_id":"47aad6e7-4b77-45f6-8034-11238f9c2185","event_source_url":"https:\/\/sincehence.store\/product\/cbd-oil-single-bottlecats-dogs\/?v=7885444af42e","custom_data":{"content_name":"CBD Oil | Dog and Cat | 500MG | Calming Support for Pets | GMO-free formula","content_ids":"[\"SHSUP-TB00037_105\"]","content_type":"product","contents":"[{\"id\":\"SHSUP-TB00037_105\",\"quantity\":1}]","content_category":"CBD REMEDIES","value":"30.95","currency":"USD"},"user_data":{"client_ip_address":"66.249.79.238","client_user_agent":"Mozilla\/5.0 (Linux; Android 6.0.1; Nexus 5X Build\/MMB29P) AppleWebKit\/537.36 (KHTML, like Gecko) Chrome\/130.0.6723.69 Mobile Safari\/537.36 (compatible; Googlebot\/2.1; +http:\/\/www.google.com\/bot.html)","fbc":"","fbp":""},"event_name":"ViewContent"}],"partner_agent":"woocommerce-9.3.3-3.2.10"}
duration: 0.24185s
 CONTEXT: {"_legacy":true}
2024-10-26T08:07:19+00:00 NOTICE Response
code: 200
message: OK
body: {"events_received":1,"messages":[],"fbtrace_id":"A5I7gf-TTzFBZ_rYJFWMaW7"}
 CONTEXT: {"_legacy":true}
2024-10-26T08:22:30+00:00 NOTICE Request
method: GET
uri: https://graph.facebook.com/v20.0/fbe_business?fbe_external_business_id=sicnehenceecomemrce-665f929422055
user-agent: Facebook-for-WooCommerce/3.2.10 (WooCommerce/9.3.3; WordPress/6.6.2)
body:
duration: 0.27845s
 CONTEXT: {"_legacy":true}
2024-10-26T08:22:30+00:00 NOTICE Response
code: 200
message: OK
body: {"business":{"name":"SicneHence eComemrce"},"ads":[{"feature_instance_id":"813554103728373","enabled":true}],"catalogs":[{"feature_instance_id":"777710937847014","enabled":true}],"catalog_feed_scheduled":{"enabled":false},"ig_cta":{"enabled":false},"ig_shopping":{"enabled":false},"messenger_chat":{"enabled":false},"messenger_menu":{"enabled":false},"page_card":{"enabled":false},"page_cta":{"enabled":false},"page_post":{"enabled":false},"page_shop":{"enabled":false},"pixels":[{"feature_instance_id":"798387502384774","enabled":true}],"thread_intent":{"enabled":false}}
 CONTEXT: {"_legacy":true}
2024-10-26T08:36:53+00:00 NOTICE Request
method: POST
uri: https://graph.facebook.com/v20.0/820729112865218/events
user-agent: Facebook-for-WooCommerce/3.2.10 (WooCommerce/9.3.3; WordPress/6.6.2)
body: {"data":[{"action_source":"website","event_time":1729931810,"event_id":"c3d2d652-e18b-4a1e-a58e-36fd0313d2c8","event_source_url":"https:\/\/sincehence.store\/product-category\/hangover\/?v=7885444af42e","custom_data":{"content_name":"HANGOVER","content_category":"HANGOVER","content_ids":"[\"SHSUP-TB00034_111\",\"SHSUP-TB00036_107\",\"SHSUP-TB00033_113\",\"SHSUP-TB00035_109\",\"SHSUP-TB00032_115\",\"SHSUP-TB00020_139\"]","content_type":"product","contents":[{"id":"SHSUP-TB00034_111","quantity":1},{"id":"SHSUP-TB00036_107","quantity":1},{"id":"SHSUP-TB00033_113","quantity":1},{"id":"SHSUP-TB00035_109","quantity":1},{"id":"SHSUP-TB00032_115","quantity":1},{"id":"SHSUP-TB00020_139","quantity":1}]},"user_data":{"client_ip_address":"66.249.79.236","client_user_agent":"Mozilla\/5.0 (Linux; Android 6.0.1; Nexus 5X Build\/MMB29P) AppleWebKit\/537.36 (KHTML, like Gecko) Chrome\/130.0.6723.58 Mobile Safari\/537.36 (compatible; Googlebot\/2.1; +http:\/\/www.google.com\/bot.html)","fbc":"","fbp":"fb.1.1729900800082.919341929740069622"},"event_name":"ViewCategory"}],"partner_agent":"woocommerce-9.3.3-3.2.10"}
duration: 0.29307s
 CONTEXT: {"_legacy":true}
2024-10-26T08:36:53+00:00 NOTICE Response
code: 200
message: OK
body: {"events_received":1,"messages":[],"fbtrace_id":"AdfvG4QPHKzrf5MwBn03otp"}
 CONTEXT: {"_legacy":true}
2024-10-26T09:17:34+00:00 NOTICE Request
method: GET
uri: https://graph.facebook.com/v20.0/fbe_business?fbe_external_business_id=sicnehenceecomemrce-665f929422055
user-agent: Facebook-for-WooCommerce/3.2.10 (WooCommerce/9.3.3; WordPress/6.6.2)
body:
duration: 0.33238s
 CONTEXT: {"_legacy":true}
2024-10-26T09:17:34+00:00 NOTICE Response
code: 200
message: OK
body: {"business":{"name":"SicneHence eComemrce"},"ads":[{"feature_instance_id":"813554103728373","enabled":true}],"catalogs":[{"feature_instance_id":"777710937847014","enabled":true}],"catalog_feed_scheduled":{"enabled":false},"ig_cta":{"enabled":false},"ig_shopping":{"enabled":false},"messenger_chat":{"enabled":false},"messenger_menu":{"enabled":false},"page_card":{"enabled":false},"page_cta":{"enabled":false},"page_post":{"enabled":false},"page_shop":{"enabled":false},"pixels":[{"feature_instance_id":"798387502384774","enabled":true}],"thread_intent":{"enabled":false}}
 CONTEXT: {"_legacy":true}
2024-10-26T09:31:17+00:00 NOTICE Request
method: POST
uri: https://graph.facebook.com/v20.0/820729112865218/events
user-agent: Facebook-for-WooCommerce/3.2.10 (WooCommerce/9.3.3; WordPress/6.6.2)
body: {"data":[{"action_source":"website","event_time":1729935075,"event_id":"dd99d3b4-4dcd-4f8f-a8fc-4e4ebe4b5642","event_source_url":"https:\/\/sincehence.store\/product\/hair-serum-60ml\/?v=0b3b97fa6688","custom_data":{"content_name":"Hair Growth Serum | 60ml | Revitalize and Strengthen Hair | Natural Ingredients | Fuller - Healthier Hair","content_ids":"[\"SHSUP-TB00028_123\"]","content_type":"product","contents":"[{\"id\":\"SHSUP-TB00028_123\",\"quantity\":1}]","content_category":"HAIR GROWTH","value":"30.95","currency":"USD"},"user_data":{"client_ip_address":"69.171.249.113","client_user_agent":"facebookexternalhit\/1.1 (+http:\/\/www.facebook.com\/externalhit_uatext.php)","fbc":"","fbp":""},"event_name":"ViewContent"}],"partner_agent":"woocommerce-9.3.3-3.2.10"}
duration: 0.23359s
 CONTEXT: {"_legacy":true}
2024-10-26T09:31:17+00:00 NOTICE Response
code: 200
message: OK
body: {"events_received":1,"messages":[],"fbtrace_id":"ANkVK6HH5gXbb-nB4z4kdI0"}
 CONTEXT: {"_legacy":true}
2024-10-26T09:54:24+00:00 NOTICE Request
method: POST
uri: https://graph.facebook.com/v20.0/820729112865218/events
user-agent: Facebook-for-WooCommerce/3.2.10 (WooCommerce/9.3.3; WordPress/6.6.2)
body: {"data":[{"action_source":"website","event_time":1729936462,"event_id":"0d41a5e3-b20b-4331-838e-f6bcd2a87b94","event_source_url":"https:\/\/sincehence.store\/product\/choless-capsules\/?v=7885444af42e","custom_data":{"content_name":"Choless Suppliment |  Cholesterol Control Formula | 60 Vegan Capsules | Natural Ingredients","content_ids":"[\"SHSUP-TB00019_141\"]","content_type":"product","contents":"[{\"id\":\"SHSUP-TB00019_141\",\"quantity\":1}]","content_category":"KETO","value":"24.95","currency":"USD"},"user_data":{"client_ip_address":"173.252.107.115","client_user_agent":"meta-externalagent\/1.1 (+https:\/\/developers.facebook.com\/docs\/sharing\/webmasters\/crawler)","fbc":"","fbp":""},"event_name":"ViewContent"}],"partner_agent":"woocommerce-9.3.3-3.2.10"}
duration: 0.29982s
 CONTEXT: {"_legacy":true}
2024-10-26T09:54:24+00:00 NOTICE Response
code: 200
message: OK
body: {"events_received":1,"messages":[],"fbtrace_id":"AExI8EqShU2UnOoV5hWwYKB"}
 CONTEXT: {"_legacy":true}
2024-10-26T10:09:00+00:00 NOTICE Request
method: POST
uri: https://graph.facebook.com/v20.0/820729112865218/events
user-agent: Facebook-for-WooCommerce/3.2.10 (WooCommerce/9.3.3; WordPress/6.6.2)
body: {"data":[{"action_source":"website","event_time":1729937338,"event_id":"cd64fe30-8d5c-461a-8083-3926cb09f1fe","event_source_url":"https:\/\/sincehence.store\/product\/digestive-enzyme-capsules\/?v=7885444af42e","custom_data":{"content_name":"Digestive Enzyme Formula | 20 Potent Enzymes | Optimal Digestion | 60 Capsules | Supports Gluten Digestion | Plant-Based | Vegan","content_ids":"[\"SHSUP-TB00017_145\"]","content_type":"product","contents":"[{\"id\":\"SHSUP-TB00017_145\",\"quantity\":1}]","content_category":"KETO","value":"24.95","currency":"USD"},"user_data":{"client_ip_address":"47.128.98.250","client_user_agent":"Mozilla\/5.0 (compatible; Bytespider; spider-feedback@bytedance.com) AppleWebKit\/537.36 (KHTML, like Gecko) Chrome\/70.0.0.0 Safari\/537.36","fbc":"","fbp":""},"event_name":"ViewContent"}],"partner_agent":"woocommerce-9.3.3-3.2.10"}
duration: 0.24948s
 CONTEXT: {"_legacy":true}
2024-10-26T10:09:00+00:00 NOTICE Response
code: 200
message: OK
body: {"events_received":1,"messages":[],"fbtrace_id":"A3cOX0Cc8YuIiyeclL7l8dO"}
 CONTEXT: {"_legacy":true}
2024-10-26T10:19:17+00:00 NOTICE Request
method: GET
uri: https://graph.facebook.com/v20.0/fbe_business?fbe_external_business_id=sicnehenceecomemrce-665f929422055
user-agent: Facebook-for-WooCommerce/3.2.10 (WooCommerce/9.3.3; WordPress/6.6.2)
body:
duration: 0.30403s
 CONTEXT: {"_legacy":true}
2024-10-26T10:19:17+00:00 NOTICE Response
code: 200
message: OK
body: {"business":{"name":"SicneHence eComemrce"},"ads":[{"feature_instance_id":"813554103728373","enabled":true}],"catalogs":[{"feature_instance_id":"777710937847014","enabled":true}],"catalog_feed_scheduled":{"enabled":false},"ig_cta":{"enabled":false},"ig_shopping":{"enabled":false},"messenger_chat":{"enabled":false},"messenger_menu":{"enabled":false},"page_card":{"enabled":false},"page_cta":{"enabled":false},"page_post":{"enabled":false},"page_shop":{"enabled":false},"pixels":[{"feature_instance_id":"798387502384774","enabled":true}],"thread_intent":{"enabled":false}}
 CONTEXT: {"_legacy":true}
2024-10-26T11:11:32+00:00 NOTICE Request
method: POST
uri: https://graph.facebook.com/v20.0/820729112865218/events
user-agent: Facebook-for-WooCommerce/3.2.10 (WooCommerce/9.3.3; WordPress/6.6.2)
body: {"data":[{"action_source":"website","event_time":1729941091,"event_id":"7b44ea7a-6bd1-4abe-ac7f-71ed12e50b83","event_source_url":"https:\/\/sincehence.store\/product-category\/mens-health\/?v=7885444af42e","custom_data":{"content_name":"MENS HEALTH","content_category":"MENS HEALTH","content_ids":"[\"SHSUP-TB00039_101\",\"SHSUP-TB00038_103\",\"SHSUP-TB00040_99\",\"SHSUP-TB00015_149\"]","content_type":"product","contents":[{"id":"SHSUP-TB00039_101","quantity":1},{"id":"SHSUP-TB00038_103","quantity":1},{"id":"SHSUP-TB00040_99","quantity":1},{"id":"SHSUP-TB00015_149","quantity":1}]},"user_data":{"client_ip_address":"66.249.79.236","client_user_agent":"Mozilla\/5.0 (Linux; Android 6.0.1; Nexus 5X Build\/MMB29P) AppleWebKit\/537.36 (KHTML, like Gecko) Chrome\/130.0.6723.58 Mobile Safari\/537.36 (compatible; Googlebot\/2.1; +http:\/\/www.google.com\/bot.html)","fbc":"","fbp":"fb.1.1729941078059.919341929740069622"},"event_name":"ViewCategory"}],"partner_agent":"woocommerce-9.3.3-3.2.10"}
duration: 0.26115s
 CONTEXT: {"_legacy":true}
2024-10-26T11:11:32+00:00 NOTICE Response
code: 200
message: OK
body: {"events_received":1,"messages":[],"fbtrace_id":"AdNxzFVgiJSm3IKELufIx2e"}
 CONTEXT: {"_legacy":true}
2024-10-26T11:17:38+00:00 NOTICE Request
method: GET
uri: https://graph.facebook.com/v20.0/fbe_business?fbe_external_business_id=sicnehenceecomemrce-665f929422055
user-agent: Facebook-for-WooCommerce/3.2.10 (WooCommerce/9.3.3; WordPress/6.6.2)
body:
duration: 0.30035s
 CONTEXT: {"_legacy":true}
2024-10-26T11:17:38+00:00 NOTICE Response
code: 200
message: OK
body: {"business":{"name":"SicneHence eComemrce"},"ads":[{"feature_instance_id":"813554103728373","enabled":true}],"catalogs":[{"feature_instance_id":"777710937847014","enabled":true}],"catalog_feed_scheduled":{"enabled":false},"ig_cta":{"enabled":false},"ig_shopping":{"enabled":false},"messenger_chat":{"enabled":false},"messenger_menu":{"enabled":false},"page_card":{"enabled":false},"page_cta":{"enabled":false},"page_post":{"enabled":false},"page_shop":{"enabled":false},"pixels":[{"feature_instance_id":"798387502384774","enabled":true}],"thread_intent":{"enabled":false}}
 CONTEXT: {"_legacy":true}
2024-10-26T11:24:52+00:00 NOTICE Request
method: POST
uri: https://graph.facebook.com/v20.0/820729112865218/events
user-agent: Facebook-for-WooCommerce/3.2.10 (WooCommerce/9.3.3; WordPress/6.6.2)
body: {"data":[{"action_source":"website","event_time":1729941889,"event_id":"97b1c895-3a42-4762-863e-35b5645eaf8d","event_source_url":"https:\/\/sincehence.store\/product\/sleep-patch-30-days-pack\/?v=7885444af42e","custom_data":{"content_name":"Sleep Patches | 30 Days Pack | Achieve a Restful Night Sleep | Natural Ingredients","content_ids":"[\"SHSUP-TB00023_133\"]","content_type":"product","contents":"[{\"id\":\"SHSUP-TB00023_133\",\"quantity\":1}]","content_category":"SLEEP REMEDIES","value":"27.95","currency":"USD"},"user_data":{"client_ip_address":"173.252.107.112","client_user_agent":"meta-externalagent\/1.1 (+https:\/\/developers.facebook.com\/docs\/sharing\/webmasters\/crawler)","fbc":"","fbp":""},"event_name":"ViewContent"}],"partner_agent":"woocommerce-9.3.3-3.2.10"}
duration: 0.21189s
 CONTEXT: {"_legacy":true}
2024-10-26T11:24:52+00:00 NOTICE Response
code: 200
message: OK
body: {"events_received":1,"messages":[],"fbtrace_id":"AVH5fAVoN-YtzOhGL8BmiLZ"}
 CONTEXT: {"_legacy":true}
2024-10-26T12:22:27+00:00 NOTICE Request
method: GET
uri: https://graph.facebook.com/v20.0/fbe_business?fbe_external_business_id=sicnehenceecomemrce-665f929422055
user-agent: Facebook-for-WooCommerce/3.2.10 (WooCommerce/9.3.3; WordPress/6.6.2)
body:
duration: 0.30697s
 CONTEXT: {"_legacy":true}
2024-10-26T12:22:27+00:00 NOTICE Response
code: 200
message: OK
body: {"business":{"name":"SicneHence eComemrce"},"ads":[{"feature_instance_id":"813554103728373","enabled":true}],"catalogs":[{"feature_instance_id":"777710937847014","enabled":true}],"catalog_feed_scheduled":{"enabled":false},"ig_cta":{"enabled":false},"ig_shopping":{"enabled":false},"messenger_chat":{"enabled":false},"messenger_menu":{"enabled":false},"page_card":{"enabled":false},"page_cta":{"enabled":false},"page_post":{"enabled":false},"page_shop":{"enabled":false},"pixels":[{"feature_instance_id":"798387502384774","enabled":true}],"thread_intent":{"enabled":false}}
 CONTEXT: {"_legacy":true}
2024-10-26T13:04:08+00:00 NOTICE Request
method: POST
uri: https://graph.facebook.com/v20.0/820729112865218/events
user-agent: Facebook-for-WooCommerce/3.2.10 (WooCommerce/9.3.3; WordPress/6.6.2)
body: {"data":[{"action_source":"website","event_time":1729947846,"event_id":"17e9a43f-aff3-4085-a9cd-2fe5126a0d71","event_source_url":"https:\/\/sincehence.store\/product\/cbd-oil-single-bottlecats-dogs\/?v=7885444af42e","custom_data":{"content_name":"CBD Oil | Dog and Cat | 500MG | Calming Support for Pets | GMO-free formula","content_ids":"[\"SHSUP-TB00037_105\"]","content_type":"product","contents":"[{\"id\":\"SHSUP-TB00037_105\",\"quantity\":1}]","content_category":"CBD REMEDIES","value":"30.95","currency":"USD"},"user_data":{"client_ip_address":"47.128.47.203","client_user_agent":"Mozilla\/5.0 (compatible; Bytespider; spider-feedback@bytedance.com) AppleWebKit\/537.36 (KHTML, like Gecko) Chrome\/70.0.0.0 Safari\/537.36","fbc":"","fbp":""},"event_name":"ViewContent"}],"partner_agent":"woocommerce-9.3.3-3.2.10"}
duration: 0.22857s
 CONTEXT: {"_legacy":true}
2024-10-26T13:04:08+00:00 NOTICE Response
code: 200
message: OK
body: {"events_received":1,"messages":[],"fbtrace_id":"AAzkQwuiDg3M8l8MVhP0vAV"}
 CONTEXT: {"_legacy":true}
2024-10-26T13:18:29+00:00 NOTICE Request
method: GET
uri: https://graph.facebook.com/v20.0/fbe_business?fbe_external_business_id=sicnehenceecomemrce-665f929422055
user-agent: Facebook-for-WooCommerce/3.2.10 (WooCommerce/9.3.3; WordPress/6.6.2)
body:
duration: 0.28204s
 CONTEXT: {"_legacy":true}
2024-10-26T13:18:29+00:00 NOTICE Response
code: 200
message: OK
body: {"business":{"name":"SicneHence eComemrce"},"ads":[{"feature_instance_id":"813554103728373","enabled":true}],"catalogs":[{"feature_instance_id":"777710937847014","enabled":true}],"catalog_feed_scheduled":{"enabled":false},"ig_cta":{"enabled":false},"ig_shopping":{"enabled":false},"messenger_chat":{"enabled":false},"messenger_menu":{"enabled":false},"page_card":{"enabled":false},"page_cta":{"enabled":false},"page_post":{"enabled":false},"page_shop":{"enabled":false},"pixels":[{"feature_instance_id":"798387502384774","enabled":true}],"thread_intent":{"enabled":false}}
 CONTEXT: {"_legacy":true}
2024-10-26T14:18:22+00:00 NOTICE Request
method: GET
uri: https://graph.facebook.com/v20.0/fbe_business?fbe_external_business_id=sicnehenceecomemrce-665f929422055
user-agent: Facebook-for-WooCommerce/3.2.10 (WooCommerce/9.3.3; WordPress/6.6.2)
body:
duration: 0.29047s
 CONTEXT: {"_legacy":true}
2024-10-26T14:18:22+00:00 NOTICE Response
code: 200
message: OK
body: {"business":{"name":"SicneHence eComemrce"},"ads":[{"feature_instance_id":"813554103728373","enabled":true}],"catalogs":[{"feature_instance_id":"777710937847014","enabled":true}],"catalog_feed_scheduled":{"enabled":false},"ig_cta":{"enabled":false},"ig_shopping":{"enabled":false},"messenger_chat":{"enabled":false},"messenger_menu":{"enabled":false},"page_card":{"enabled":false},"page_cta":{"enabled":false},"page_post":{"enabled":false},"page_shop":{"enabled":false},"pixels":[{"feature_instance_id":"798387502384774","enabled":true}],"thread_intent":{"enabled":false}}
 CONTEXT: {"_legacy":true}
2024-10-26T14:44:45+00:00 NOTICE Request
method: POST
uri: https://graph.facebook.com/v20.0/820729112865218/events
user-agent: Facebook-for-WooCommerce/3.2.10 (WooCommerce/9.3.3; WordPress/6.6.2)
body: {"data":[{"action_source":"website","event_time":1729953883,"event_id":"9538b2d8-f65a-49d2-b18d-63586a67f0d0","event_source_url":"https:\/\/sincehence.store\/product\/thyroid-support-capsules\/?v=7885444af42e","custom_data":{"content_name":"Thyroid Support Suppliments | Simply Nature Supplements | 60 Capsules | Natural Ingredients","content_ids":"[\"SHSUP-TB00018_143\"]","content_type":"product","contents":"[{\"id\":\"SHSUP-TB00018_143\",\"quantity\":1}]","content_category":"KETO","value":"22.95","currency":"USD"},"user_data":{"client_ip_address":"47.128.117.172","client_user_agent":"Mozilla\/5.0 (compatible; Bytespider; spider-feedback@bytedance.com) AppleWebKit\/537.36 (KHTML, like Gecko) Chrome\/70.0.0.0 Safari\/537.36","fbc":"","fbp":""},"event_name":"ViewContent"}],"partner_agent":"woocommerce-9.3.3-3.2.10"}
duration: 0.23266s
 CONTEXT: {"_legacy":true}
2024-10-26T14:44:45+00:00 NOTICE Response
code: 200
message: OK
body: {"events_received":1,"messages":[],"fbtrace_id":"AHcQ2mhiwTrvFTqaY9NceG_"}
 CONTEXT: {"_legacy":true}
2024-10-26T15:18:27+00:00 NOTICE Request
method: GET
uri: https://graph.facebook.com/v20.0/fbe_business?fbe_external_business_id=sicnehenceecomemrce-665f929422055
user-agent: Facebook-for-WooCommerce/3.2.10 (WooCommerce/9.3.3; WordPress/6.6.2)
body:
duration: 0.32281s
 CONTEXT: {"_legacy":true}
2024-10-26T15:18:27+00:00 NOTICE Response
code: 200
message: OK
body: {"business":{"name":"SicneHence eComemrce"},"ads":[{"feature_instance_id":"813554103728373","enabled":true}],"catalogs":[{"feature_instance_id":"777710937847014","enabled":true}],"catalog_feed_scheduled":{"enabled":false},"ig_cta":{"enabled":false},"ig_shopping":{"enabled":false},"messenger_chat":{"enabled":false},"messenger_menu":{"enabled":false},"page_card":{"enabled":false},"page_cta":{"enabled":false},"page_post":{"enabled":false},"page_shop":{"enabled":false},"pixels":[{"feature_instance_id":"798387502384774","enabled":true}],"thread_intent":{"enabled":false}}
 CONTEXT: {"_legacy":true}
2024-10-26T15:23:31+00:00 NOTICE Request
method: POST
uri: https://graph.facebook.com/v20.0/820729112865218/events
user-agent: Facebook-for-WooCommerce/3.2.10 (WooCommerce/9.3.3; WordPress/6.6.2)
body: {"data":[{"action_source":"website","event_time":1729956209,"event_id":"bf5316aa-c7ec-4e4a-9c6a-13bbcd846e5b","event_source_url":"https:\/\/sincehence.store\/product-category\/cbd\/?v=8bcc25c96aa5","custom_data":{"content_name":"CBD REMEDIES","content_category":"CBD REMEDIES","content_ids":"[\"SHSUP-TB00037_105\",\"SHSUP-TB00045_89\",\"SHSUP-TB00030_119\",\"SHSUP-TB00029_121\",\"SHSUP-TB00031_117\",\"SHSUP-TB00044_91\",\"SHSUP-TB00046_87\",\"SHSUP-TB00047_85\"]","content_type":"product","contents":[{"id":"SHSUP-TB00037_105","quantity":1},{"id":"SHSUP-TB00045_89","quantity":1},{"id":"SHSUP-TB00030_119","quantity":1},{"id":"SHSUP-TB00029_121","quantity":1},{"id":"SHSUP-TB00031_117","quantity":1},{"id":"SHSUP-TB00044_91","quantity":1},{"id":"SHSUP-TB00046_87","quantity":1},{"id":"SHSUP-TB00047_85","quantity":1}]},"user_data":{"client_ip_address":"43.131.48.214","client_user_agent":"Mozilla\/5.0 (iPhone; CPU iPhone OS 13_2_3 like Mac OS X) AppleWebKit\/605.1.15 (KHTML, like Gecko) Version\/13.0.3 Mobile\/15E148 Safari\/604.1","fbc":"","fbp":""},"event_name":"ViewCategory"}],"partner_agent":"woocommerce-9.3.3-3.2.10"}
duration: 0.21796s
 CONTEXT: {"_legacy":true}
2024-10-26T15:23:31+00:00 NOTICE Response
code: 200
message: OK
body: {"events_received":1,"messages":[],"fbtrace_id":"AINF6gTHfcbgsSYYMOIdT63"}
 CONTEXT: {"_legacy":true}
2024-10-26T16:18:31+00:00 NOTICE Request
method: GET
uri: https://graph.facebook.com/v20.0/fbe_business?fbe_external_business_id=sicnehenceecomemrce-665f929422055
user-agent: Facebook-for-WooCommerce/3.2.10 (WooCommerce/9.3.3; WordPress/6.6.2)
body:
duration: 0.31878s
 CONTEXT: {"_legacy":true}
2024-10-26T16:18:31+00:00 NOTICE Response
code: 200
message: OK
body: {"business":{"name":"SicneHence eComemrce"},"ads":[{"feature_instance_id":"813554103728373","enabled":true}],"catalogs":[{"feature_instance_id":"777710937847014","enabled":true}],"catalog_feed_scheduled":{"enabled":false},"ig_cta":{"enabled":false},"ig_shopping":{"enabled":false},"messenger_chat":{"enabled":false},"messenger_menu":{"enabled":false},"page_card":{"enabled":false},"page_cta":{"enabled":false},"page_post":{"enabled":false},"page_shop":{"enabled":false},"pixels":[{"feature_instance_id":"798387502384774","enabled":true}],"thread_intent":{"enabled":false}}
 CONTEXT: {"_legacy":true}
2024-10-26T17:21:35+00:00 NOTICE Request
method: GET
uri: https://graph.facebook.com/v20.0/fbe_business?fbe_external_business_id=sicnehenceecomemrce-665f929422055
user-agent: Facebook-for-WooCommerce/3.2.10 (WooCommerce/9.3.3; WordPress/6.6.2)
body:
duration: 0.4218s
 CONTEXT: {"_legacy":true}
2024-10-26T17:21:35+00:00 NOTICE Response
code: 200
message: OK
body: {"business":{"name":"SicneHence eComemrce"},"ads":[{"feature_instance_id":"813554103728373","enabled":true}],"catalogs":[{"feature_instance_id":"777710937847014","enabled":true}],"catalog_feed_scheduled":{"enabled":false},"ig_cta":{"enabled":false},"ig_shopping":{"enabled":false},"messenger_chat":{"enabled":false},"messenger_menu":{"enabled":false},"page_card":{"enabled":false},"page_cta":{"enabled":false},"page_post":{"enabled":false},"page_shop":{"enabled":false},"pixels":[{"feature_instance_id":"798387502384774","enabled":true}],"thread_intent":{"enabled":false}}
 CONTEXT: {"_legacy":true}
2024-10-26T17:29:06+00:00 NOTICE Request
method: POST
uri: https://graph.facebook.com/v20.0/820729112865218/events
user-agent: Facebook-for-WooCommerce/3.2.10 (WooCommerce/9.3.3; WordPress/6.6.2)
body: {"data":[{"action_source":"website","event_time":1729963744,"event_id":"902a8aa2-bf53-4375-b5ca-e2758bc008bb","event_source_url":"https:\/\/sincehence.store\/product\/cbd-24mg-extra-strength-patches-6-pack\/?v=7885444af42e","custom_data":{"content_name":"CBD Patches | 6 Pack | 24mg Extra Strength | Long-Lasting Relief | Convenient | Discreet","content_ids":"[\"SHSUP-TB00031_117\"]","content_type":"product","contents":"[{\"id\":\"SHSUP-TB00031_117\",\"quantity\":1}]","content_category":"CBD REMEDIES","value":"14.95","currency":"USD"},"user_data":{"client_ip_address":"47.128.126.136","client_user_agent":"Mozilla\/5.0 (compatible; Bytespider; spider-feedback@bytedance.com) AppleWebKit\/537.36 (KHTML, like Gecko) Chrome\/70.0.0.0 Safari\/537.36","fbc":"","fbp":""},"event_name":"ViewContent"}],"partner_agent":"woocommerce-9.3.3-3.2.10"}
duration: 0.23199s
 CONTEXT: {"_legacy":true}
2024-10-26T17:29:06+00:00 NOTICE Response
code: 200
message: OK
body: {"events_received":1,"messages":[],"fbtrace_id":"Az-x7OvRzxpOdc33ar-yiHW"}
 CONTEXT: {"_legacy":true}
2024-10-26T18:19:21+00:00 NOTICE Request
method: GET
uri: https://graph.facebook.com/v20.0/fbe_business?fbe_external_business_id=sicnehenceecomemrce-665f929422055
user-agent: Facebook-for-WooCommerce/3.2.10 (WooCommerce/9.3.3; WordPress/6.6.2)
body:
duration: 0.33384s
 CONTEXT: {"_legacy":true}
2024-10-26T18:19:21+00:00 NOTICE Response
code: 200
message: OK
body: {"business":{"name":"SicneHence eComemrce"},"ads":[{"feature_instance_id":"813554103728373","enabled":true}],"catalogs":[{"feature_instance_id":"777710937847014","enabled":true}],"catalog_feed_scheduled":{"enabled":false},"ig_cta":{"enabled":false},"ig_shopping":{"enabled":false},"messenger_chat":{"enabled":false},"messenger_menu":{"enabled":false},"page_card":{"enabled":false},"page_cta":{"enabled":false},"page_post":{"enabled":false},"page_shop":{"enabled":false},"pixels":[{"feature_instance_id":"798387502384774","enabled":true}],"thread_intent":{"enabled":false}}
 CONTEXT: {"_legacy":true}
2024-10-26T19:19:20+00:00 NOTICE Request
method: GET
uri: https://graph.facebook.com/v20.0/fbe_business?fbe_external_business_id=sicnehenceecomemrce-665f929422055
user-agent: Facebook-for-WooCommerce/3.2.10 (WooCommerce/9.3.3; WordPress/6.6.2)
body:
duration: 0.2736s
 CONTEXT: {"_legacy":true}
2024-10-26T19:19:20+00:00 NOTICE Response
code: 200
message: OK
body: {"business":{"name":"SicneHence eComemrce"},"ads":[{"feature_instance_id":"813554103728373","enabled":true}],"catalogs":[{"feature_instance_id":"777710937847014","enabled":true}],"catalog_feed_scheduled":{"enabled":false},"ig_cta":{"enabled":false},"ig_shopping":{"enabled":false},"messenger_chat":{"enabled":false},"messenger_menu":{"enabled":false},"page_card":{"enabled":false},"page_cta":{"enabled":false},"page_post":{"enabled":false},"page_shop":{"enabled":false},"pixels":[{"feature_instance_id":"798387502384774","enabled":true}],"thread_intent":{"enabled":false}}
 CONTEXT: {"_legacy":true}
2024-10-26T20:22:27+00:00 NOTICE Request
method: GET
uri: https://graph.facebook.com/v20.0/fbe_business?fbe_external_business_id=sicnehenceecomemrce-665f929422055
user-agent: Facebook-for-WooCommerce/3.2.10 (WooCommerce/9.3.3; WordPress/6.6.2)
body:
duration: 0.29727s
 CONTEXT: {"_legacy":true}
2024-10-26T20:22:27+00:00 NOTICE Response
code: 200
message: OK
body: {"business":{"name":"SicneHence eComemrce"},"ads":[{"feature_instance_id":"813554103728373","enabled":true}],"catalogs":[{"feature_instance_id":"777710937847014","enabled":true}],"catalog_feed_scheduled":{"enabled":false},"ig_cta":{"enabled":false},"ig_shopping":{"enabled":false},"messenger_chat":{"enabled":false},"messenger_menu":{"enabled":false},"page_card":{"enabled":false},"page_cta":{"enabled":false},"page_post":{"enabled":false},"page_shop":{"enabled":false},"pixels":[{"feature_instance_id":"798387502384774","enabled":true}],"thread_intent":{"enabled":false}}
 CONTEXT: {"_legacy":true}
2024-10-26T21:21:33+00:00 NOTICE Request
method: GET
uri: https://graph.facebook.com/v20.0/fbe_business?fbe_external_business_id=sicnehenceecomemrce-665f929422055
user-agent: Facebook-for-WooCommerce/3.2.10 (WooCommerce/9.3.3; WordPress/6.6.2)
body:
duration: 0.30594s
 CONTEXT: {"_legacy":true}
2024-10-26T21:21:33+00:00 NOTICE Response
code: 200
message: OK
body: {"business":{"name":"SicneHence eComemrce"},"ads":[{"feature_instance_id":"813554103728373","enabled":true}],"catalogs":[{"feature_instance_id":"777710937847014","enabled":true}],"catalog_feed_scheduled":{"enabled":false},"ig_cta":{"enabled":false},"ig_shopping":{"enabled":false},"messenger_chat":{"enabled":false},"messenger_menu":{"enabled":false},"page_card":{"enabled":false},"page_cta":{"enabled":false},"page_post":{"enabled":false},"page_shop":{"enabled":false},"pixels":[{"feature_instance_id":"798387502384774","enabled":true}],"thread_intent":{"enabled":false}}
 CONTEXT: {"_legacy":true}
2024-10-26T21:31:16+00:00 NOTICE Request
method: POST
uri: https://graph.facebook.com/v20.0/820729112865218/events
user-agent: Facebook-for-WooCommerce/3.2.10 (WooCommerce/9.3.3; WordPress/6.6.2)
body: {"data":[{"action_source":"website","event_time":1729978274,"event_id":"6e7853a0-afa9-4b7e-ae18-9138cf38041a","event_source_url":"https:\/\/sincehence.store\/product\/potency-boosting-patches\/?v=7885444af42e","custom_data":{"content_name":"Potency Patches | Natural Pain Relief | Immune System Support | 30 Day Supply | Men Health","content_ids":"[\"SHSUP-TB00038_103\"]","content_type":"product","contents":"[{\"id\":\"SHSUP-TB00038_103\",\"quantity\":1}]","content_category":"MENS HEALTH","value":"25.95","currency":"USD"},"user_data":{"client_ip_address":"47.128.43.129","client_user_agent":"Mozilla\/5.0 (compatible; Bytespider; spider-feedback@bytedance.com) AppleWebKit\/537.36 (KHTML, like Gecko) Chrome\/70.0.0.0 Safari\/537.36","fbc":"","fbp":""},"event_name":"ViewContent"}],"partner_agent":"woocommerce-9.3.3-3.2.10"}
duration: 0.21679s
 CONTEXT: {"_legacy":true}
2024-10-26T21:31:16+00:00 NOTICE Response
code: 200
message: OK
body: {"events_received":1,"messages":[],"fbtrace_id":"A1brsFt5WfSDkCVzTwu2z7e"}
 CONTEXT: {"_legacy":true}
2024-10-26T21:56:00+00:00 NOTICE Request
method: POST
uri: https://graph.facebook.com/v20.0/820729112865218/events
user-agent: Facebook-for-WooCommerce/3.2.10 (WooCommerce/9.3.3; WordPress/6.6.2)
body: {"data":[{"action_source":"website","event_time":1729979758,"event_id":"86252040-766c-46e3-9a0d-11a4de3065b8","event_source_url":"https:\/\/sincehence.store\/product\/brain-support-capsules\/?v=7885444af42e","custom_data":{"content_name":"Brain Support Capsules | Blood Sugar Support | Natural Dietary Supplement","content_ids":"[\"SHSUP-TB00012_155\"]","content_type":"product","contents":"[{\"id\":\"SHSUP-TB00012_155\",\"quantity\":1}]","content_category":"BRAIN HEALTH","value":"24.95","currency":"USD"},"user_data":{"client_ip_address":"66.249.79.236","client_user_agent":"Mozilla\/5.0 (Linux; Android 6.0.1; Nexus 5X Build\/MMB29P) AppleWebKit\/537.36 (KHTML, like Gecko) Chrome\/130.0.6723.69 Mobile Safari\/537.36 (compatible; Googlebot\/2.1; +http:\/\/www.google.com\/bot.html)","fbc":"","fbp":""},"event_name":"ViewContent"}],"partner_agent":"woocommerce-9.3.3-3.2.10"}
duration: 0.26031s
 CONTEXT: {"_legacy":true}
2024-10-26T21:56:00+00:00 NOTICE Response
code: 200
message: OK
body: {"events_received":1,"messages":[],"fbtrace_id":"APodDMr08fQPyCq7edHtkLU"}
 CONTEXT: {"_legacy":true}
2024-10-26T22:19:24+00:00 NOTICE Request
method: GET
uri: https://graph.facebook.com/v20.0/fbe_business?fbe_external_business_id=sicnehenceecomemrce-665f929422055
user-agent: Facebook-for-WooCommerce/3.2.10 (WooCommerce/9.3.3; WordPress/6.6.2)
body:
duration: 0.39485s
 CONTEXT: {"_legacy":true}
2024-10-26T22:19:24+00:00 NOTICE Response
code: 200
message: OK
body: {"business":{"name":"SicneHence eComemrce"},"ads":[{"feature_instance_id":"813554103728373","enabled":true}],"catalogs":[{"feature_instance_id":"777710937847014","enabled":true}],"catalog_feed_scheduled":{"enabled":false},"ig_cta":{"enabled":false},"ig_shopping":{"enabled":false},"messenger_chat":{"enabled":false},"messenger_menu":{"enabled":false},"page_card":{"enabled":false},"page_cta":{"enabled":false},"page_post":{"enabled":false},"page_shop":{"enabled":false},"pixels":[{"feature_instance_id":"798387502384774","enabled":true}],"thread_intent":{"enabled":false}}
 CONTEXT: {"_legacy":true}
2024-10-26T22:20:46+00:00 NOTICE Request
method: GET
uri: https://graph.facebook.com/v20.0/987788172779218/product_feeds
user-agent: Facebook-for-WooCommerce/3.2.10 (WooCommerce/9.3.3; WordPress/6.6.2)
body:
duration: 0.36462s
 CONTEXT: {"_legacy":true}
2024-10-26T22:20:46+00:00 NOTICE Response
code: 200
message: OK
body: {"data":[{"id":"980052693510616","file_name":"SicneHence eComemrce Supplimet - Catalog - Feed","name":"SicneHence eComemrce Supplimet - Catalog - Feed"}],"paging":{"cursors":{"before":"QVFIUlpFTE9uUTRPVi0zSlAxcGNuMGlVNDEzMVVCdTNXYVhfNU80ZAXRhMk55eTR2eC11WGdRaHVmeDJ3aHRQUFVHSXo0RmtxZAkRXX3Fid1VwQjNhbG9fc093","after":"QVFIUlpFTE9uUTRPVi0zSlAxcGNuMGlVNDEzMVVCdTNXYVhfNU80ZAXRhMk55eTR2eC11WGdRaHVmeDJ3aHRQUFVHSXo0RmtxZAkRXX3Fid1VwQjNhbG9fc093"}}}
 CONTEXT: {"_legacy":true}
2024-10-26T22:20:46+00:00 NOTICE Request
method: GET
uri: https://graph.facebook.com/v20.0/980052693510616/?fields=created_time,latest_upload,product_count,schedule,update_schedule
user-agent: Facebook-for-WooCommerce/3.2.10 (WooCommerce/9.3.3; WordPress/6.6.2)
body:
duration: 0.29832s
 CONTEXT: {"_legacy":true}
2024-10-26T22:20:46+00:00 NOTICE Response
code: 200
message: OK
body: {"created_time":"2024-06-05T19:21:45+0000","product_count":0,"id":"980052693510616"}
 CONTEXT: {"_legacy":true}
2024-10-26T22:20:46+00:00 NOTICE Request
method: GET
uri: https://graph.facebook.com/v20.0/fbe_business/fbe_installs?fbe_external_business_id=sicnehenceecomemrce-665f929422055
user-agent: Facebook-for-WooCommerce/3.2.10 (WooCommerce/9.3.3; WordPress/6.6.2)
body:
duration: 0.4831s
 CONTEXT: {"_legacy":true}
2024-10-26T22:20:46+00:00 NOTICE Response
code: 200
message: OK
body: {"data":[{"business_manager_id":"280213847030763","onsite_eligible":false,"pixel_id":"820729112865218","profiles":["100481805425565","17841445880604158"],"ad_account_id":"307726204234823","catalog_id":"987788172779218","pages":["100481805425565"],"instagram_profiles":["17841445880604158"],"ig_shop":{"status":"NOT_SUBMITTED"},"token_type":"User","installed_features":[{"feature_instance_id":"813554103728373","feature_type":"ads","connected_assets":{"ad_account_id":"307726204234823","business_manager_id":"280213847030763","catalog_id":"987788172779218","ig_profile_id":"17841445880604158","page_id":"100481805425565","pixel_id":"820729112865218"},"additional_info":{"onsite_eligible":false,"pixel_is_consolidated_container":false}},{"feature_instance_id":"798387502384774","feature_type":"pixel","connected_assets":{"ad_account_id":"307726204234823","business_manager_id":"280213847030763","ig_profile_id":"17841445880604158","page_id":"100481805425565","pixel_id":"820729112865218"},"additional_info":{"onsite_eligible":false,"pixel_is_consolidated_container":false}},{"feature_instance_id":"777710937847014","feature_type":"catalog","connected_assets":{"ad_account_id":"307726204234823","business_manager_id":"280213847030763","catalog_id":"987788172779218","ig_profile_id":"17841445880604158","page_id":"100481805425565","pixel_id":"820729112865218"},"additional_info":{"onsite_eligible":false,"pixel_is_consolidated_container":false}}]}]}
 CONTEXT: {"_legacy":true}
2024-10-26T22:20:46+00:00 NOTICE Retrieving page access token CONTEXT: {"_legacy":true}
2024-10-26T22:28:44+00:00 NOTICE Request
method: POST
uri: https://graph.facebook.com/v20.0/820729112865218/events
user-agent: Facebook-for-WooCommerce/3.2.10 (WooCommerce/9.3.3; WordPress/6.6.2)
body: {"data":[{"action_source":"website","event_time":1729981722,"event_id":"936b69aa-0db0-4d71-9093-47e7bd9b6a97","event_source_url":"https:\/\/sincehence.store\/product\/focus-patches-3-day\/?v=7885444af42e","custom_data":{"content_name":"Focus Patches | 3 Days Topical Skin Patches | Enhance Focus and Mental Clarity | Natural Ingredients","content_ids":"[\"SHSUP-TB00011_157\"]","content_type":"product","contents":"[{\"id\":\"SHSUP-TB00011_157\",\"quantity\":1}]","content_category":"BRAIN HEALTH","value":"7.95","currency":"USD"},"user_data":{"client_ip_address":"47.128.27.0","client_user_agent":"Mozilla\/5.0 (compatible; Bytespider; spider-feedback@bytedance.com) AppleWebKit\/537.36 (KHTML, like Gecko) Chrome\/70.0.0.0 Safari\/537.36","fbc":"","fbp":""},"event_name":"ViewContent"}],"partner_agent":"woocommerce-9.3.3-3.2.10"}
duration: 0.22175s
 CONTEXT: {"_legacy":true}
2024-10-26T22:28:44+00:00 NOTICE Response
code: 200
message: OK
body: {"events_received":1,"messages":[],"fbtrace_id":"A7H8BVsIPwnW4qLkL2NnYmP"}
 CONTEXT: {"_legacy":true}
2024-10-26T22:50:16+00:00 NOTICE Request
method: POST
uri: https://graph.facebook.com/v20.0/820729112865218/events
user-agent: Facebook-for-WooCommerce/3.2.10 (WooCommerce/9.3.3; WordPress/6.6.2)
body: {"data":[{"action_source":"website","event_time":1729983014,"event_id":"da6dd16f-844a-4735-a7b9-2859d7c1c738","event_source_url":"https:\/\/sincehence.store\/product-category\/pain-relief\/?v=7885444af42e","custom_data":{"content_name":"PAIN RELIEF","content_category":"PAIN RELIEF","content_ids":"[\"SHSUP-TB00004_171\",\"SHSUP-TB00002_175\",\"SHSUP-TB00001_177\",\"SHSUP-TB00003_173\",\"SHSUP-TB00007_165\",\"SHSUP-TB00005_169\",\"SHSUP-TB00006_167\",\"SHSUP-TB00008_163\"]","content_type":"product","contents":[{"id":"SHSUP-TB00004_171","quantity":1},{"id":"SHSUP-TB00002_175","quantity":1},{"id":"SHSUP-TB00001_177","quantity":1},{"id":"SHSUP-TB00003_173","quantity":1},{"id":"SHSUP-TB00007_165","quantity":1},{"id":"SHSUP-TB00005_169","quantity":1},{"id":"SHSUP-TB00006_167","quantity":1},{"id":"SHSUP-TB00008_163","quantity":1}]},"user_data":{"client_ip_address":"66.249.79.237","client_user_agent":"Mozilla\/5.0 (Linux; Android 6.0.1; Nexus 5X Build\/MMB29P) AppleWebKit\/537.36 (KHTML, like Gecko) Chrome\/130.0.6723.58 Mobile Safari\/537.36 (compatible; Googlebot\/2.1; +http:\/\/www.google.com\/bot.html)","fbc":"","fbp":""},"event_name":"ViewCategory"}],"partner_agent":"woocommerce-9.3.3-3.2.10"}
duration: 0.23045s
 CONTEXT: {"_legacy":true}
2024-10-26T22:50:16+00:00 NOTICE Response
code: 200
message: OK
body: {"events_received":1,"messages":[],"fbtrace_id":"A7ZxZmLyNfwfBIZJIOZdHvL"}
 CONTEXT: {"_legacy":true}
2024-10-26T23:17:52+00:00 NOTICE Request
method: GET
uri: https://graph.facebook.com/v20.0/fbe_business?fbe_external_business_id=sicnehenceecomemrce-665f929422055
user-agent: Facebook-for-WooCommerce/3.2.10 (WooCommerce/9.3.3; WordPress/6.6.2)
body:
duration: 0.2522s
 CONTEXT: {"_legacy":true}
2024-10-26T23:17:52+00:00 NOTICE Response
code: 200
message: OK
body: {"business":{"name":"SicneHence eComemrce"},"ads":[{"feature_instance_id":"813554103728373","enabled":true}],"catalogs":[{"feature_instance_id":"777710937847014","enabled":true}],"catalog_feed_scheduled":{"enabled":false},"ig_cta":{"enabled":false},"ig_shopping":{"enabled":false},"messenger_chat":{"enabled":false},"messenger_menu":{"enabled":false},"page_card":{"enabled":false},"page_cta":{"enabled":false},"page_post":{"enabled":false},"page_shop":{"enabled":false},"pixels":[{"feature_instance_id":"798387502384774","enabled":true}],"thread_intent":{"enabled":false}}
 CONTEXT: {"_legacy":true}
2024-10-26T23:28:02+00:00 NOTICE Request
method: POST
uri: https://graph.facebook.com/v20.0/820729112865218/events
user-agent: Facebook-for-WooCommerce/3.2.10 (WooCommerce/9.3.3; WordPress/6.6.2)
body: {"data":[{"action_source":"website","event_time":1729985280,"event_id":"feeb9ff6-f085-4ac6-a860-564b2d0925c6","event_source_url":"https:\/\/sincehence.store\/product\/pain-relief-24mg-extra-strength-patches-12-pack\/?v=7885444af42e","custom_data":{"content_name":"CBD Patches | Pack of 12 | 24-Hour Relief | 24mg CBD Isolate | Convenient - Discreet - Targeted Application","content_ids":"[\"SHSUP-TB00002_175\"]","content_type":"product","contents":"[{\"id\":\"SHSUP-TB00002_175\",\"quantity\":1}]","content_category":"PAIN RELIEF","value":"29.95","currency":"USD"},"user_data":{"client_ip_address":"66.249.79.237","client_user_agent":"Mozilla\/5.0 (Linux; Android 6.0.1; Nexus 5X Build\/MMB29P) AppleWebKit\/537.36 (KHTML, like Gecko) Chrome\/130.0.6723.69 Mobile Safari\/537.36 (compatible; Googlebot\/2.1; +http:\/\/www.google.com\/bot.html)","fbc":"","fbp":""},"event_name":"ViewContent"}],"partner_agent":"woocommerce-9.3.3-3.2.10"}
duration: 0.20483s
 CONTEXT: {"_legacy":true}
2024-10-26T23:28:02+00:00 NOTICE Response
code: 200
message: OK
body: {"events_received":1,"messages":[],"fbtrace_id":"AbBd4ZRbpY3YYBGhj_fP_9M"}
 CONTEXT: {"_legacy":true}
