2024-10-19T00:21:24+00:00 NOTICE Request
method: GET
uri: https://graph.facebook.com/v20.0/fbe_business?fbe_external_business_id=sicnehenceecomemrce-665f929422055
user-agent: Facebook-for-WooCommerce/3.2.10 (WooCommerce/9.3.3; WordPress/6.6.2)
body:
duration: 0.47239s
 CONTEXT: {"_legacy":true}
2024-10-19T00:21:24+00:00 NOTICE Response
code: 200
message: OK
body: {"business":{"name":"SicneHence eComemrce"},"ads":[{"feature_instance_id":"813554103728373","enabled":true}],"catalogs":[{"feature_instance_id":"777710937847014","enabled":true}],"catalog_feed_scheduled":{"enabled":false},"ig_cta":{"enabled":false},"ig_shopping":{"enabled":false},"messenger_chat":{"enabled":false},"messenger_menu":{"enabled":false},"page_card":{"enabled":false},"page_cta":{"enabled":false},"page_post":{"enabled":false},"page_shop":{"enabled":false},"pixels":[{"feature_instance_id":"798387502384774","enabled":true}],"thread_intent":{"enabled":false}}
 CONTEXT: {"_legacy":true}
2024-10-19T00:33:43+00:00 NOTICE Request
method: POST
uri: https://graph.facebook.com/v20.0/820729112865218/events
user-agent: Facebook-for-WooCommerce/3.2.10 (WooCommerce/9.3.3; WordPress/6.6.2)
body: {"data":[{"action_source":"website","event_time":1729298006,"event_id":"0844b320-3b9a-42c6-a303-56fb1f99ba8b","event_source_url":"https:\/\/sincehence.store\/product-category\/keto\/?v=8bcc25c96aa5","custom_data":{"content_name":"KETO","content_category":"KETO","content_ids":"[\"SHSUP-TB00049_81\",\"SHSUP-TB00019_141\",\"SHSUP-TB00017_145\",\"SHSUP-TB00016_147\",\"SHSUP-TB00050_79\",\"SHSUP-TB00048_83\",\"SHSUP-TB00018_143\"]","content_type":"product","contents":[{"id":"SHSUP-TB00049_81","quantity":1},{"id":"SHSUP-TB00019_141","quantity":1},{"id":"SHSUP-TB00017_145","quantity":1},{"id":"SHSUP-TB00016_147","quantity":1},{"id":"SHSUP-TB00050_79","quantity":1},{"id":"SHSUP-TB00048_83","quantity":1},{"id":"SHSUP-TB00018_143","quantity":1}]},"user_data":{"client_ip_address":"43.163.3.58","client_user_agent":"Mozilla\/5.0 (iPhone; CPU iPhone OS 13_2_3 like Mac OS X) AppleWebKit\/605.1.15 (KHTML, like Gecko) Version\/13.0.3 Mobile\/15E148 Safari\/604.1","fbc":"","fbp":""},"event_name":"ViewCategory"}],"partner_agent":"woocommerce-9.3.3-3.2.10"}
duration: 0.37353s
 CONTEXT: {"_legacy":true}
2024-10-19T00:33:43+00:00 NOTICE Response
code: 200
message: OK
body: {"events_received":1,"messages":[],"fbtrace_id":"AcI8olMmeIHcR8VagyeFU7j"}
 CONTEXT: {"_legacy":true}
2024-10-19T01:18:25+00:00 NOTICE Request
method: GET
uri: https://graph.facebook.com/v20.0/fbe_business?fbe_external_business_id=sicnehenceecomemrce-665f929422055
user-agent: Facebook-for-WooCommerce/3.2.10 (WooCommerce/9.3.3; WordPress/6.6.2)
body:
duration: 0.42703s
 CONTEXT: {"_legacy":true}
2024-10-19T01:18:25+00:00 NOTICE Response
code: 200
message: OK
body: {"business":{"name":"SicneHence eComemrce"},"ads":[{"feature_instance_id":"813554103728373","enabled":true}],"catalogs":[{"feature_instance_id":"777710937847014","enabled":true}],"catalog_feed_scheduled":{"enabled":false},"ig_cta":{"enabled":false},"ig_shopping":{"enabled":false},"messenger_chat":{"enabled":false},"messenger_menu":{"enabled":false},"page_card":{"enabled":false},"page_cta":{"enabled":false},"page_post":{"enabled":false},"page_shop":{"enabled":false},"pixels":[{"feature_instance_id":"798387502384774","enabled":true}],"thread_intent":{"enabled":false}}
 CONTEXT: {"_legacy":true}
2024-10-19T01:48:58+00:00 NOTICE Request
method: POST
uri: https://graph.facebook.com/v20.0/820729112865218/events
user-agent: Facebook-for-WooCommerce/3.2.10 (WooCommerce/9.3.3; WordPress/6.6.2)
body: {"data":[{"action_source":"website","event_time":1729302537,"event_id":"650563b3-83b8-4c3b-9ab3-a37a2d8886f5","event_source_url":"https:\/\/sincehence.store\/product\/pain-relief-24mg-extra-strength-patches-6-pack\/?add-to-cart=151","custom_data":{"content_ids":"[\"SHSUP-TB00014_151\"]","content_name":"Berberine Complex | Natural Dietary Supplement | 60 Capsules | Overall Wellness | Healthy Blood Sugar | Metabolic Health","content_type":"product","contents":"[{\"id\":\"SHSUP-TB00014_151\",\"quantity\":1}]","value":39.95,"currency":"USD"},"user_data":{"client_ip_address":"159.138.111.239","client_user_agent":"Mozilla\/5.0 (Windows NT 10.0; Win64; x64) AppleWebKit\/537.36 (KHTML, like Gecko) Chrome\/101.0.4951.67 Safari\/537.36","fbc":"","fbp":""},"event_name":"AddToCart"}],"partner_agent":"woocommerce-9.3.3-3.2.10"}
duration: 0.43818s
 CONTEXT: {"_legacy":true}
2024-10-19T01:48:58+00:00 NOTICE Response
code: 200
message: OK
body: {"events_received":1,"messages":[],"fbtrace_id":"AWp6zshFlNR6vMTo0qJMrpb"}
 CONTEXT: {"_legacy":true}
2024-10-19T02:18:05+00:00 NOTICE Request
method: GET
uri: https://graph.facebook.com/v20.0/fbe_business?fbe_external_business_id=sicnehenceecomemrce-665f929422055
user-agent: Facebook-for-WooCommerce/3.2.10 (WooCommerce/9.3.3; WordPress/6.6.2)
body:
duration: 0.46234s
 CONTEXT: {"_legacy":true}
2024-10-19T02:18:05+00:00 NOTICE Response
code: 200
message: OK
body: {"business":{"name":"SicneHence eComemrce"},"ads":[{"feature_instance_id":"813554103728373","enabled":true}],"catalogs":[{"feature_instance_id":"777710937847014","enabled":true}],"catalog_feed_scheduled":{"enabled":false},"ig_cta":{"enabled":false},"ig_shopping":{"enabled":false},"messenger_chat":{"enabled":false},"messenger_menu":{"enabled":false},"page_card":{"enabled":false},"page_cta":{"enabled":false},"page_post":{"enabled":false},"page_shop":{"enabled":false},"pixels":[{"feature_instance_id":"798387502384774","enabled":true}],"thread_intent":{"enabled":false}}
 CONTEXT: {"_legacy":true}
2024-10-19T03:23:16+00:00 NOTICE Request
method: GET
uri: https://graph.facebook.com/v20.0/fbe_business?fbe_external_business_id=sicnehenceecomemrce-665f929422055
user-agent: Facebook-for-WooCommerce/3.2.10 (WooCommerce/9.3.3; WordPress/6.6.2)
body:
duration: 0.46788s
 CONTEXT: {"_legacy":true}
2024-10-19T03:23:16+00:00 NOTICE Response
code: 200
message: OK
body: {"business":{"name":"SicneHence eComemrce"},"ads":[{"feature_instance_id":"813554103728373","enabled":true}],"catalogs":[{"feature_instance_id":"777710937847014","enabled":true}],"catalog_feed_scheduled":{"enabled":false},"ig_cta":{"enabled":false},"ig_shopping":{"enabled":false},"messenger_chat":{"enabled":false},"messenger_menu":{"enabled":false},"page_card":{"enabled":false},"page_cta":{"enabled":false},"page_post":{"enabled":false},"page_shop":{"enabled":false},"pixels":[{"feature_instance_id":"798387502384774","enabled":true}],"thread_intent":{"enabled":false}}
 CONTEXT: {"_legacy":true}
2024-10-19T03:23:19+00:00 NOTICE Generating a fresh product feed file CONTEXT: {"_legacy":true}
2024-10-19T03:23:19+00:00 NOTICE Product feed file generated CONTEXT: {"_legacy":true}
2024-10-19T04:18:04+00:00 NOTICE Request
method: GET
uri: https://graph.facebook.com/v20.0/fbe_business?fbe_external_business_id=sicnehenceecomemrce-665f929422055
user-agent: Facebook-for-WooCommerce/3.2.10 (WooCommerce/9.3.3; WordPress/6.6.2)
body:
duration: 0.53322s
 CONTEXT: {"_legacy":true}
2024-10-19T04:18:04+00:00 NOTICE Response
code: 200
message: OK
body: {"business":{"name":"SicneHence eComemrce"},"ads":[{"feature_instance_id":"813554103728373","enabled":true}],"catalogs":[{"feature_instance_id":"777710937847014","enabled":true}],"catalog_feed_scheduled":{"enabled":false},"ig_cta":{"enabled":false},"ig_shopping":{"enabled":false},"messenger_chat":{"enabled":false},"messenger_menu":{"enabled":false},"page_card":{"enabled":false},"page_cta":{"enabled":false},"page_post":{"enabled":false},"page_shop":{"enabled":false},"pixels":[{"feature_instance_id":"798387502384774","enabled":true}],"thread_intent":{"enabled":false}}
 CONTEXT: {"_legacy":true}
2024-10-19T05:19:33+00:00 NOTICE Request
method: GET
uri: https://graph.facebook.com/v20.0/fbe_business?fbe_external_business_id=sicnehenceecomemrce-665f929422055
user-agent: Facebook-for-WooCommerce/3.2.10 (WooCommerce/9.3.3; WordPress/6.6.2)
body:
duration: 0.45573s
 CONTEXT: {"_legacy":true}
2024-10-19T05:19:33+00:00 NOTICE Response
code: 200
message: OK
body: {"business":{"name":"SicneHence eComemrce"},"ads":[{"feature_instance_id":"813554103728373","enabled":true}],"catalogs":[{"feature_instance_id":"777710937847014","enabled":true}],"catalog_feed_scheduled":{"enabled":false},"ig_cta":{"enabled":false},"ig_shopping":{"enabled":false},"messenger_chat":{"enabled":false},"messenger_menu":{"enabled":false},"page_card":{"enabled":false},"page_cta":{"enabled":false},"page_post":{"enabled":false},"page_shop":{"enabled":false},"pixels":[{"feature_instance_id":"798387502384774","enabled":true}],"thread_intent":{"enabled":false}}
 CONTEXT: {"_legacy":true}
2024-10-19T06:07:15+00:00 NOTICE Request
method: POST
uri: https://graph.facebook.com/v20.0/820729112865218/events
user-agent: Facebook-for-WooCommerce/3.2.10 (WooCommerce/9.3.3; WordPress/6.6.2)
body: {"data":[{"action_source":"website","event_time":1729318029,"event_id":"7c6b6b23-e900-4a8b-9ac8-b2f6a6ec8696","event_source_url":"https:\/\/sincehence.store\/product\/cleanse-capsule-single-bottle\/?v=7885444af42e","custom_data":{"content_name":"Advanced Formula for Digestive Aid Cleanse Capsules - Natural Dietary Supplement for Gut Health - Promotes Healthy Digestion and Eases Bloating","content_ids":"[\"SHSUP-TB00049_81\"]","content_type":"product","contents":"[{\"id\":\"SHSUP-TB00049_81\",\"quantity\":1}]","content_category":"KETO","value":"20.95","currency":"USD"},"user_data":{"client_ip_address":"66.249.79.237","client_user_agent":"Mozilla\/5.0 (Linux; Android 6.0.1; Nexus 5X Build\/MMB29P) AppleWebKit\/537.36 (KHTML, like Gecko) Chrome\/129.0.6668.89 Mobile Safari\/537.36 (compatible; Googlebot\/2.1; +http:\/\/www.google.com\/bot.html)","fbc":"","fbp":""},"event_name":"ViewContent"}],"partner_agent":"woocommerce-9.3.3-3.2.10"}
duration: 0.37329s
 CONTEXT: {"_legacy":true}
2024-10-19T06:07:15+00:00 NOTICE Response
code: 200
message: OK
body: {"events_received":1,"messages":[],"fbtrace_id":"ADSAVva5fSZiw51UR74mgLl"}
 CONTEXT: {"_legacy":true}
2024-10-19T06:18:48+00:00 NOTICE Request
method: GET
uri: https://graph.facebook.com/v20.0/fbe_business?fbe_external_business_id=sicnehenceecomemrce-665f929422055
user-agent: Facebook-for-WooCommerce/3.2.10 (WooCommerce/9.3.3; WordPress/6.6.2)
body:
duration: 0.43996s
 CONTEXT: {"_legacy":true}
2024-10-19T06:18:48+00:00 NOTICE Response
code: 200
message: OK
body: {"business":{"name":"SicneHence eComemrce"},"ads":[{"feature_instance_id":"813554103728373","enabled":true}],"catalogs":[{"feature_instance_id":"777710937847014","enabled":true}],"catalog_feed_scheduled":{"enabled":false},"ig_cta":{"enabled":false},"ig_shopping":{"enabled":false},"messenger_chat":{"enabled":false},"messenger_menu":{"enabled":false},"page_card":{"enabled":false},"page_cta":{"enabled":false},"page_post":{"enabled":false},"page_shop":{"enabled":false},"pixels":[{"feature_instance_id":"798387502384774","enabled":true}],"thread_intent":{"enabled":false}}
 CONTEXT: {"_legacy":true}
2024-10-19T06:21:11+00:00 NOTICE Request
method: POST
uri: https://graph.facebook.com/v20.0/820729112865218/events
user-agent: Facebook-for-WooCommerce/3.2.10 (WooCommerce/9.3.3; WordPress/6.6.2)
body: {"data":[{"action_source":"website","event_time":1729318869,"event_id":"fccb71bf-86d7-4004-8bb6-55be501375fb","event_source_url":"https:\/\/sincehence.store\/product-category\/mens-health\/?v=7885444af42e","custom_data":{"content_name":"MENS HEALTH","content_category":"MENS HEALTH","content_ids":"[\"SHSUP-TB00039_101\",\"SHSUP-TB00038_103\",\"SHSUP-TB00040_99\",\"SHSUP-TB00015_149\"]","content_type":"product","contents":[{"id":"SHSUP-TB00039_101","quantity":1},{"id":"SHSUP-TB00038_103","quantity":1},{"id":"SHSUP-TB00040_99","quantity":1},{"id":"SHSUP-TB00015_149","quantity":1}]},"user_data":{"client_ip_address":"47.128.98.41","client_user_agent":"Mozilla\/5.0 (compatible; Bytespider; spider-feedback@bytedance.com) AppleWebKit\/537.36 (KHTML, like Gecko) Chrome\/70.0.0.0 Safari\/537.36","fbc":"","fbp":""},"event_name":"ViewCategory"}],"partner_agent":"woocommerce-9.3.3-3.2.10"}
duration: 0.38675s
 CONTEXT: {"_legacy":true}
2024-10-19T06:21:11+00:00 NOTICE Response
code: 200
message: OK
body: {"events_received":1,"messages":[],"fbtrace_id":"ApPiEBN_cjatPsao-h1zPW7"}
 CONTEXT: {"_legacy":true}
2024-10-19T06:56:25+00:00 NOTICE Request
method: POST
uri: https://graph.facebook.com/v20.0/820729112865218/events
user-agent: Facebook-for-WooCommerce/3.2.10 (WooCommerce/9.3.3; WordPress/6.6.2)
body: {"data":[{"action_source":"website","event_time":1729320983,"event_id":"9e25c525-d599-4b98-951b-3e16b00eac7a","event_source_url":"https:\/\/sincehence.store\/product-category\/brain-health\/?v=7885444af42e","custom_data":{"content_name":"BRAIN HEALTH","content_category":"BRAIN HEALTH","content_ids":"[\"SHSUP-TB00012_155\",\"SHSUP-TB00010_159\",\"SHSUP-TB00011_157\",\"SHSUP-TB00009_161\"]","content_type":"product","contents":[{"id":"SHSUP-TB00012_155","quantity":1},{"id":"SHSUP-TB00010_159","quantity":1},{"id":"SHSUP-TB00011_157","quantity":1},{"id":"SHSUP-TB00009_161","quantity":1}]},"user_data":{"client_ip_address":"47.128.96.101","client_user_agent":"Mozilla\/5.0 (compatible; Bytespider; spider-feedback@bytedance.com) AppleWebKit\/537.36 (KHTML, like Gecko) Chrome\/70.0.0.0 Safari\/537.36","fbc":"","fbp":""},"event_name":"ViewCategory"}],"partner_agent":"woocommerce-9.3.3-3.2.10"}
duration: 0.38994s
 CONTEXT: {"_legacy":true}
2024-10-19T06:56:25+00:00 NOTICE Response
code: 200
message: OK
body: {"events_received":1,"messages":[],"fbtrace_id":"AUWeJ_zVH8wC_nvwR0vzUiE"}
 CONTEXT: {"_legacy":true}
2024-10-19T07:18:42+00:00 NOTICE Request
method: GET
uri: https://graph.facebook.com/v20.0/fbe_business?fbe_external_business_id=sicnehenceecomemrce-665f929422055
user-agent: Facebook-for-WooCommerce/3.2.10 (WooCommerce/9.3.3; WordPress/6.6.2)
body:
duration: 0.44269s
 CONTEXT: {"_legacy":true}
2024-10-19T07:18:42+00:00 NOTICE Response
code: 200
message: OK
body: {"business":{"name":"SicneHence eComemrce"},"ads":[{"feature_instance_id":"813554103728373","enabled":true}],"catalogs":[{"feature_instance_id":"777710937847014","enabled":true}],"catalog_feed_scheduled":{"enabled":false},"ig_cta":{"enabled":false},"ig_shopping":{"enabled":false},"messenger_chat":{"enabled":false},"messenger_menu":{"enabled":false},"page_card":{"enabled":false},"page_cta":{"enabled":false},"page_post":{"enabled":false},"page_shop":{"enabled":false},"pixels":[{"feature_instance_id":"798387502384774","enabled":true}],"thread_intent":{"enabled":false}}
 CONTEXT: {"_legacy":true}
2024-10-19T08:22:22+00:00 NOTICE Request
method: GET
uri: https://graph.facebook.com/v20.0/fbe_business?fbe_external_business_id=sicnehenceecomemrce-665f929422055
user-agent: Facebook-for-WooCommerce/3.2.10 (WooCommerce/9.3.3; WordPress/6.6.2)
body:
duration: 0.49611s
 CONTEXT: {"_legacy":true}
2024-10-19T08:22:22+00:00 NOTICE Response
code: 200
message: OK
body: {"business":{"name":"SicneHence eComemrce"},"ads":[{"feature_instance_id":"813554103728373","enabled":true}],"catalogs":[{"feature_instance_id":"777710937847014","enabled":true}],"catalog_feed_scheduled":{"enabled":false},"ig_cta":{"enabled":false},"ig_shopping":{"enabled":false},"messenger_chat":{"enabled":false},"messenger_menu":{"enabled":false},"page_card":{"enabled":false},"page_cta":{"enabled":false},"page_post":{"enabled":false},"page_shop":{"enabled":false},"pixels":[{"feature_instance_id":"798387502384774","enabled":true}],"thread_intent":{"enabled":false}}
 CONTEXT: {"_legacy":true}
2024-10-19T09:22:22+00:00 NOTICE Request
method: GET
uri: https://graph.facebook.com/v20.0/fbe_business?fbe_external_business_id=sicnehenceecomemrce-665f929422055
user-agent: Facebook-for-WooCommerce/3.2.10 (WooCommerce/9.3.3; WordPress/6.6.2)
body:
duration: 0.51234s
 CONTEXT: {"_legacy":true}
2024-10-19T09:22:22+00:00 NOTICE Response
code: 200
message: OK
body: {"business":{"name":"SicneHence eComemrce"},"ads":[{"feature_instance_id":"813554103728373","enabled":true}],"catalogs":[{"feature_instance_id":"777710937847014","enabled":true}],"catalog_feed_scheduled":{"enabled":false},"ig_cta":{"enabled":false},"ig_shopping":{"enabled":false},"messenger_chat":{"enabled":false},"messenger_menu":{"enabled":false},"page_card":{"enabled":false},"page_cta":{"enabled":false},"page_post":{"enabled":false},"page_shop":{"enabled":false},"pixels":[{"feature_instance_id":"798387502384774","enabled":true}],"thread_intent":{"enabled":false}}
 CONTEXT: {"_legacy":true}
2024-10-19T10:18:35+00:00 NOTICE Request
method: GET
uri: https://graph.facebook.com/v20.0/fbe_business?fbe_external_business_id=sicnehenceecomemrce-665f929422055
user-agent: Facebook-for-WooCommerce/3.2.10 (WooCommerce/9.3.3; WordPress/6.6.2)
body:
duration: 0.46515s
 CONTEXT: {"_legacy":true}
2024-10-19T10:18:35+00:00 NOTICE Response
code: 200
message: OK
body: {"business":{"name":"SicneHence eComemrce"},"ads":[{"feature_instance_id":"813554103728373","enabled":true}],"catalogs":[{"feature_instance_id":"777710937847014","enabled":true}],"catalog_feed_scheduled":{"enabled":false},"ig_cta":{"enabled":false},"ig_shopping":{"enabled":false},"messenger_chat":{"enabled":false},"messenger_menu":{"enabled":false},"page_card":{"enabled":false},"page_cta":{"enabled":false},"page_post":{"enabled":false},"page_shop":{"enabled":false},"pixels":[{"feature_instance_id":"798387502384774","enabled":true}],"thread_intent":{"enabled":false}}
 CONTEXT: {"_legacy":true}
2024-10-19T10:46:27+00:00 NOTICE Request
method: POST
uri: https://graph.facebook.com/v20.0/820729112865218/events
user-agent: Facebook-for-WooCommerce/3.2.10 (WooCommerce/9.3.3; WordPress/6.6.2)
body: {"data":[{"action_source":"website","event_time":1729334785,"event_id":"511e02a9-0efb-4565-a0c4-ab8c1c19d73d","event_source_url":"https:\/\/sincehence.store\/product\/cbd-24mg-extra-strength-patches-6-pack\/?v=7885444af42e","custom_data":{"content_name":"CBD Patches | 6 Pack | 24mg Extra Strength | Long-Lasting Relief | Convenient | Discreet","content_ids":"[\"SHSUP-TB00031_117\"]","content_type":"product","contents":"[{\"id\":\"SHSUP-TB00031_117\",\"quantity\":1}]","content_category":"CBD REMEDIES","value":"14.95","currency":"USD"},"user_data":{"client_ip_address":"47.128.49.118","client_user_agent":"Mozilla\/5.0 (compatible; Bytespider; spider-feedback@bytedance.com) AppleWebKit\/537.36 (KHTML, like Gecko) Chrome\/70.0.0.0 Safari\/537.36","fbc":"","fbp":""},"event_name":"ViewContent"}],"partner_agent":"woocommerce-9.3.3-3.2.10"}
duration: 0.3787s
 CONTEXT: {"_legacy":true}
2024-10-19T10:46:27+00:00 NOTICE Response
code: 200
message: OK
body: {"events_received":1,"messages":[],"fbtrace_id":"A0uLH8-0Q8vHb0BpH4-XdxA"}
 CONTEXT: {"_legacy":true}
2024-10-19T11:16:17+00:00 NOTICE Request
method: POST
uri: https://graph.facebook.com/v20.0/820729112865218/events
user-agent: Facebook-for-WooCommerce/3.2.10 (WooCommerce/9.3.3; WordPress/6.6.2)
body: {"data":[{"action_source":"website","event_time":1729336574,"event_id":"b3521b34-c4a2-4c6f-9e5d-7bbe605ba34d","event_source_url":"https:\/\/sincehence.store\/product\/hair-serum-60ml\/?v=7885444af42e","custom_data":{"content_name":"Hair Growth Serum | 60ml | Revitalize and Strengthen Hair | Natural Ingredients | Fuller - Healthier Hair","content_ids":"[\"SHSUP-TB00028_123\"]","content_type":"product","contents":"[{\"id\":\"SHSUP-TB00028_123\",\"quantity\":1}]","content_category":"HAIR GROWTH","value":"30.95","currency":"USD"},"user_data":{"client_ip_address":"57.141.5.8","client_user_agent":"meta-externalagent\/1.1 (+https:\/\/developers.facebook.com\/docs\/sharing\/webmasters\/crawler)","fbc":"","fbp":""},"event_name":"ViewContent"}],"partner_agent":"woocommerce-9.3.3-3.2.10"}
duration: 0.47161s
 CONTEXT: {"_legacy":true}
2024-10-19T11:16:17+00:00 NOTICE Response
code: 200
message: OK
body: {"events_received":1,"messages":[],"fbtrace_id":"AdWQP1QxJ4bDoRpXPNsZcCS"}
 CONTEXT: {"_legacy":true}
2024-10-19T11:18:51+00:00 NOTICE Request
method: GET
uri: https://graph.facebook.com/v20.0/fbe_business?fbe_external_business_id=sicnehenceecomemrce-665f929422055
user-agent: Facebook-for-WooCommerce/3.2.10 (WooCommerce/9.3.3; WordPress/6.6.2)
body:
duration: 0.42911s
 CONTEXT: {"_legacy":true}
2024-10-19T11:18:51+00:00 NOTICE Response
code: 200
message: OK
body: {"business":{"name":"SicneHence eComemrce"},"ads":[{"feature_instance_id":"813554103728373","enabled":true}],"catalogs":[{"feature_instance_id":"777710937847014","enabled":true}],"catalog_feed_scheduled":{"enabled":false},"ig_cta":{"enabled":false},"ig_shopping":{"enabled":false},"messenger_chat":{"enabled":false},"messenger_menu":{"enabled":false},"page_card":{"enabled":false},"page_cta":{"enabled":false},"page_post":{"enabled":false},"page_shop":{"enabled":false},"pixels":[{"feature_instance_id":"798387502384774","enabled":true}],"thread_intent":{"enabled":false}}
 CONTEXT: {"_legacy":true}
2024-10-19T11:36:10+00:00 NOTICE Request
method: POST
uri: https://graph.facebook.com/v20.0/820729112865218/events
user-agent: Facebook-for-WooCommerce/3.2.10 (WooCommerce/9.3.3; WordPress/6.6.2)
body: {"data":[{"action_source":"website","event_time":1729337768,"event_id":"25381d15-c610-4824-88af-9476278ae341","event_source_url":"https:\/\/sincehence.store\/product\/focus-patches-30-day\/?v=0b3b97fa6688","custom_data":{"content_name":"Focus Patches | 30 Days Topical Skin Patches | Enhance Focus and Mental Clarity | Natural Ingredients","content_ids":"[\"SHSUP-TB00009_161\"]","content_type":"product","contents":"[{\"id\":\"SHSUP-TB00009_161\",\"quantity\":1}]","content_category":"BRAIN HEALTH","value":"29.95","currency":"USD"},"user_data":{"client_ip_address":"57.141.5.23","client_user_agent":"facebookexternalhit\/1.1 (+http:\/\/www.facebook.com\/externalhit_uatext.php)","fbc":"","fbp":""},"event_name":"ViewContent"}],"partner_agent":"woocommerce-9.3.3-3.2.10"}
duration: 0.3826s
 CONTEXT: {"_legacy":true}
2024-10-19T11:36:10+00:00 NOTICE Response
code: 200
message: OK
body: {"events_received":1,"messages":[],"fbtrace_id":"AgO7xLGMcVnhVK023wQPjjE"}
 CONTEXT: {"_legacy":true}
2024-10-19T12:03:38+00:00 NOTICE Request
method: POST
uri: https://graph.facebook.com/v20.0/820729112865218/events
user-agent: Facebook-for-WooCommerce/3.2.10 (WooCommerce/9.3.3; WordPress/6.6.2)
body: {"data":[{"action_source":"website","event_time":1729339416,"event_id":"03383c15-d2db-48fa-b5d0-2467cd5dc180","event_source_url":"https:\/\/sincehence.store\/product\/cbd-oil-single-bottle\/?v=0b3b97fa6688","custom_data":{"content_name":"Peppermint CBD Oil - 500MG CBD Isolate - 16.66MG Per ml - Refreshing Flavor, Natural Dietary Supplement - Made in the USA, GMO-Free","content_ids":"[\"SHSUP-TB00047_85\"]","content_type":"product","contents":"[{\"id\":\"SHSUP-TB00047_85\",\"quantity\":1}]","content_category":"CBD REMEDIES","value":"30.95","currency":"USD"},"user_data":{"client_ip_address":"57.141.5.19","client_user_agent":"facebookexternalhit\/1.1 (+http:\/\/www.facebook.com\/externalhit_uatext.php)","fbc":"","fbp":""},"event_name":"ViewContent"}],"partner_agent":"woocommerce-9.3.3-3.2.10"}
duration: 0.37296s
 CONTEXT: {"_legacy":true}
2024-10-19T12:03:38+00:00 NOTICE Response
code: 200
message: OK
body: {"events_received":1,"messages":[],"fbtrace_id":"AbOV7ONlBfEsS5YgZ6emI9O"}
 CONTEXT: {"_legacy":true}
2024-10-19T12:19:29+00:00 NOTICE Request
method: GET
uri: https://graph.facebook.com/v20.0/fbe_business?fbe_external_business_id=sicnehenceecomemrce-665f929422055
user-agent: Facebook-for-WooCommerce/3.2.10 (WooCommerce/9.3.3; WordPress/6.6.2)
body:
duration: 0.47019s
 CONTEXT: {"_legacy":true}
2024-10-19T12:19:29+00:00 NOTICE Response
code: 200
message: OK
body: {"business":{"name":"SicneHence eComemrce"},"ads":[{"feature_instance_id":"813554103728373","enabled":true}],"catalogs":[{"feature_instance_id":"777710937847014","enabled":true}],"catalog_feed_scheduled":{"enabled":false},"ig_cta":{"enabled":false},"ig_shopping":{"enabled":false},"messenger_chat":{"enabled":false},"messenger_menu":{"enabled":false},"page_card":{"enabled":false},"page_cta":{"enabled":false},"page_post":{"enabled":false},"page_shop":{"enabled":false},"pixels":[{"feature_instance_id":"798387502384774","enabled":true}],"thread_intent":{"enabled":false}}
 CONTEXT: {"_legacy":true}
2024-10-19T12:26:49+00:00 NOTICE Request
method: POST
uri: https://graph.facebook.com/v20.0/820729112865218/events
user-agent: Facebook-for-WooCommerce/3.2.10 (WooCommerce/9.3.3; WordPress/6.6.2)
body: {"data":[{"action_source":"website","event_time":1729340808,"event_id":"d336e74b-370c-4b17-96ec-c7b27b2565e6","event_source_url":"https:\/\/sincehence.store\/product\/focus-patches-15-day\/?add-to-cart=153","custom_data":{"content_ids":"[\"SHSUP-TB00013_153\"]","content_name":"Blood Sugar Suppliments | Natural Suppliments |  Blood Sugar Support | 60 Capsules","content_type":"product","contents":"[{\"id\":\"SHSUP-TB00013_153\",\"quantity\":1}]","value":24.95,"currency":"USD"},"user_data":{"client_ip_address":"190.92.209.127","client_user_agent":"Mozilla\/5.0 (Windows NT 10.0; Win64; x64) AppleWebKit\/537.36 (KHTML, like Gecko) Chrome\/104.0.0.0 Safari\/537.36","fbc":"","fbp":""},"event_name":"AddToCart"}],"partner_agent":"woocommerce-9.3.3-3.2.10"}
duration: 0.37783s
 CONTEXT: {"_legacy":true}
2024-10-19T12:26:49+00:00 NOTICE Response
code: 200
message: OK
body: {"events_received":1,"messages":[],"fbtrace_id":"APPXe21v7egUfv-nHpHlCH4"}
 CONTEXT: {"_legacy":true}
2024-10-19T12:26:55+00:00 NOTICE Request
method: POST
uri: https://graph.facebook.com/v20.0/820729112865218/events
user-agent: Facebook-for-WooCommerce/3.2.10 (WooCommerce/9.3.3; WordPress/6.6.2)
body: {"data":[{"action_source":"website","event_time":1729340813,"event_id":"f3bcb86f-ddb8-4168-b401-219f1c683c73","event_source_url":"https:\/\/sincehence.store\/product\/focus-patches-15-day\/?v=8bcc25c96aa5","custom_data":{"content_name":"Focus Patches | 15 Days Topical Skin Patches | Enhance Focus and Mental Clarity | Natural Ingredients","content_ids":"[\"SHSUP-TB00010_159\"]","content_type":"product","contents":"[{\"id\":\"SHSUP-TB00010_159\",\"quantity\":1}]","content_category":"BRAIN HEALTH","value":"14.95","currency":"USD"},"user_data":{"client_ip_address":"190.92.209.127","client_user_agent":"Mozilla\/5.0 (Windows NT 10.0; Win64; x64) AppleWebKit\/537.36 (KHTML, like Gecko) Chrome\/104.0.0.0 Safari\/537.36","fbc":"","fbp":""},"event_name":"ViewContent"}],"partner_agent":"woocommerce-9.3.3-3.2.10"}
duration: 0.38204s
 CONTEXT: {"_legacy":true}
2024-10-19T12:26:55+00:00 NOTICE Response
code: 200
message: OK
body: {"events_received":1,"messages":[],"fbtrace_id":"An7mQDn9KV3Yq1ofJM5hZ6B"}
 CONTEXT: {"_legacy":true}
2024-10-19T12:29:16+00:00 NOTICE Request
method: POST
uri: https://graph.facebook.com/v20.0/820729112865218/events
user-agent: Facebook-for-WooCommerce/3.2.10 (WooCommerce/9.3.3; WordPress/6.6.2)
body: {"data":[{"action_source":"website","event_time":1729340954,"event_id":"f091bdeb-c2fb-4081-a1dc-ec557f888f08","event_source_url":"https:\/\/sincehence.store\/product\/digestive-enzyme-capsules\/?v=7885444af42e","custom_data":{"content_name":"Digestive Enzyme Formula | 20 Potent Enzymes | Optimal Digestion | 60 Capsules | Supports Gluten Digestion | Plant-Based | Vegan","content_ids":"[\"SHSUP-TB00017_145\"]","content_type":"product","contents":"[{\"id\":\"SHSUP-TB00017_145\",\"quantity\":1}]","content_category":"KETO","value":"24.95","currency":"USD"},"user_data":{"client_ip_address":"66.249.79.236","client_user_agent":"Mozilla\/5.0 (Linux; Android 6.0.1; Nexus 5X Build\/MMB29P) AppleWebKit\/537.36 (KHTML, like Gecko) Chrome\/129.0.6668.89 Mobile Safari\/537.36 (compatible; Googlebot\/2.1; +http:\/\/www.google.com\/bot.html)","fbc":"","fbp":""},"event_name":"ViewContent"}],"partner_agent":"woocommerce-9.3.3-3.2.10"}
duration: 0.62069s
 CONTEXT: {"_legacy":true}
2024-10-19T12:29:16+00:00 NOTICE Response
code: 200
message: OK
body: {"events_received":1,"messages":[],"fbtrace_id":"AH8Px4UZMZcClPny6vvKUUF"}
 CONTEXT: {"_legacy":true}
2024-10-19T13:19:30+00:00 NOTICE Request
method: GET
uri: https://graph.facebook.com/v20.0/fbe_business?fbe_external_business_id=sicnehenceecomemrce-665f929422055
user-agent: Facebook-for-WooCommerce/3.2.10 (WooCommerce/9.3.3; WordPress/6.6.2)
body:
duration: 0.47166s
 CONTEXT: {"_legacy":true}
2024-10-19T13:19:30+00:00 NOTICE Response
code: 200
message: OK
body: {"business":{"name":"SicneHence eComemrce"},"ads":[{"feature_instance_id":"813554103728373","enabled":true}],"catalogs":[{"feature_instance_id":"777710937847014","enabled":true}],"catalog_feed_scheduled":{"enabled":false},"ig_cta":{"enabled":false},"ig_shopping":{"enabled":false},"messenger_chat":{"enabled":false},"messenger_menu":{"enabled":false},"page_card":{"enabled":false},"page_cta":{"enabled":false},"page_post":{"enabled":false},"page_shop":{"enabled":false},"pixels":[{"feature_instance_id":"798387502384774","enabled":true}],"thread_intent":{"enabled":false}}
 CONTEXT: {"_legacy":true}
2024-10-19T14:22:22+00:00 NOTICE Request
method: GET
uri: https://graph.facebook.com/v20.0/fbe_business?fbe_external_business_id=sicnehenceecomemrce-665f929422055
user-agent: Facebook-for-WooCommerce/3.2.10 (WooCommerce/9.3.3; WordPress/6.6.2)
body:
duration: 0.5683s
 CONTEXT: {"_legacy":true}
2024-10-19T14:22:22+00:00 NOTICE Response
code: 200
message: OK
body: {"business":{"name":"SicneHence eComemrce"},"ads":[{"feature_instance_id":"813554103728373","enabled":true}],"catalogs":[{"feature_instance_id":"777710937847014","enabled":true}],"catalog_feed_scheduled":{"enabled":false},"ig_cta":{"enabled":false},"ig_shopping":{"enabled":false},"messenger_chat":{"enabled":false},"messenger_menu":{"enabled":false},"page_card":{"enabled":false},"page_cta":{"enabled":false},"page_post":{"enabled":false},"page_shop":{"enabled":false},"pixels":[{"feature_instance_id":"798387502384774","enabled":true}],"thread_intent":{"enabled":false}}
 CONTEXT: {"_legacy":true}
2024-10-19T15:19:07+00:00 NOTICE Request
method: GET
uri: https://graph.facebook.com/v20.0/fbe_business?fbe_external_business_id=sicnehenceecomemrce-665f929422055
user-agent: Facebook-for-WooCommerce/3.2.10 (WooCommerce/9.3.3; WordPress/6.6.2)
body:
duration: 0.45826s
 CONTEXT: {"_legacy":true}
2024-10-19T15:19:07+00:00 NOTICE Response
code: 200
message: OK
body: {"business":{"name":"SicneHence eComemrce"},"ads":[{"feature_instance_id":"813554103728373","enabled":true}],"catalogs":[{"feature_instance_id":"777710937847014","enabled":true}],"catalog_feed_scheduled":{"enabled":false},"ig_cta":{"enabled":false},"ig_shopping":{"enabled":false},"messenger_chat":{"enabled":false},"messenger_menu":{"enabled":false},"page_card":{"enabled":false},"page_cta":{"enabled":false},"page_post":{"enabled":false},"page_shop":{"enabled":false},"pixels":[{"feature_instance_id":"798387502384774","enabled":true}],"thread_intent":{"enabled":false}}
 CONTEXT: {"_legacy":true}
2024-10-19T16:14:10+00:00 NOTICE Request
method: POST
uri: https://graph.facebook.com/v20.0/820729112865218/events
user-agent: Facebook-for-WooCommerce/3.2.10 (WooCommerce/9.3.3; WordPress/6.6.2)
body: {"data":[{"action_source":"website","event_time":1729354450,"event_id":"939ebba0-867a-4185-b4e7-9b64f76b47ce","event_source_url":"https:\/\/sincehence.store\/?add-to-cart=127","custom_data":{"content_ids":"[\"SHSUP-TB00026_127\"]","content_name":"Hair Growth Serum | Hair-Skin-Nails Supplement Combo | Ultimate Health","content_type":"product","contents":"[{\"id\":\"SHSUP-TB00026_127\",\"quantity\":1}]","value":49.95,"currency":"USD"},"user_data":{"client_ip_address":"185.207.107.130","client_user_agent":"Mozilla\/5.0 (Windows NT 6.3; WOW64; Trident\/7.0; Touch; ASU2JS; rv:11.0) like Gecko","fbc":"","fbp":""},"event_name":"AddToCart"}],"partner_agent":"woocommerce-9.3.3-3.2.10"}
duration: 0.55379s
 CONTEXT: {"_legacy":true}
2024-10-19T16:14:11+00:00 NOTICE Response
code: 200
message: OK
body: {"events_received":1,"messages":[],"fbtrace_id":"A0JftVVVJzx5oePid0i0G-u"}
 CONTEXT: {"_legacy":true}
2024-10-19T16:14:32+00:00 NOTICE Request
method: POST
uri: https://graph.facebook.com/v20.0/820729112865218/events
user-agent: Facebook-for-WooCommerce/3.2.10 (WooCommerce/9.3.3; WordPress/6.6.2)
body: {"data":[{"action_source":"website","event_time":1729354471,"event_id":"e735cbf9-bd9c-4ada-b49a-96dba38074bd","event_source_url":"https:\/\/sincehence.store\/?add-to-cart=173","custom_data":{"content_ids":"[\"SHSUP-TB00003_173\"]","content_name":"CBD Patches | Pack of 6 | 24-Hour Relief | 24mg CBD Isolate | Convenient - Discreet - Targeted Application","content_type":"product","contents":"[{\"id\":\"SHSUP-TB00003_173\",\"quantity\":1}]","value":14.95,"currency":"USD"},"user_data":{"client_ip_address":"185.67.82.114","client_user_agent":"Mozilla\/5.0 (Windows NT 6.3; WOW64; Trident\/7.0; Touch; ASU2JS; rv:11.0) like Gecko","fbc":"","fbp":""},"event_name":"AddToCart"}],"partner_agent":"woocommerce-9.3.3-3.2.10"}
duration: 0.37138s
 CONTEXT: {"_legacy":true}
2024-10-19T16:14:32+00:00 NOTICE Response
code: 200
message: OK
body: {"events_received":1,"messages":[],"fbtrace_id":"AU4D3xlvPLkgpxoyVOM7lBR"}
 CONTEXT: {"_legacy":true}
2024-10-19T16:14:35+00:00 NOTICE Request
method: POST
uri: https://graph.facebook.com/v20.0/820729112865218/events
user-agent: Facebook-for-WooCommerce/3.2.10 (WooCommerce/9.3.3; WordPress/6.6.2)
body: {"data":[{"action_source":"website","event_time":1729354475,"event_id":"82a388b2-a71f-49d8-86da-183162d4329c","event_source_url":"https:\/\/sincehence.store\/?add-to-cart=175","custom_data":{"content_ids":"[\"SHSUP-TB00002_175\"]","content_name":"CBD Patches | Pack of 12 | 24-Hour Relief | 24mg CBD Isolate | Convenient - Discreet - Targeted Application","content_type":"product","contents":"[{\"id\":\"SHSUP-TB00002_175\",\"quantity\":1}]","value":29.95,"currency":"USD"},"user_data":{"client_ip_address":"154.213.185.165","client_user_agent":"Mozilla\/5.0 (Windows NT 6.3; WOW64; Trident\/7.0; Touch; ASU2JS; rv:11.0) like Gecko","fbc":"","fbp":""},"event_name":"AddToCart"}],"partner_agent":"woocommerce-9.3.3-3.2.10"}
duration: 0.37434s
 CONTEXT: {"_legacy":true}
2024-10-19T16:14:35+00:00 NOTICE Response
code: 200
message: OK
body: {"events_received":1,"messages":[],"fbtrace_id":"AUlvVuD5TnRY_XokakiA89E"}
 CONTEXT: {"_legacy":true}
2024-10-19T16:14:38+00:00 NOTICE Request
method: POST
uri: https://graph.facebook.com/v20.0/820729112865218/events
user-agent: Facebook-for-WooCommerce/3.2.10 (WooCommerce/9.3.3; WordPress/6.6.2)
body: {"data":[{"action_source":"website","event_time":1729354477,"event_id":"a4c5110c-a3e5-4a92-9c04-71c4e9aed8b5","event_source_url":"https:\/\/sincehence.store\/?add-to-cart=177","custom_data":{"content_ids":"[\"SHSUP-TB00001_177\"]","content_name":"CBD Patches | Pack of 30 | 24-Hour Relief | 24mg CBD Isolate | Convenient - Discreet - Targeted Application","content_type":"product","contents":"[{\"id\":\"SHSUP-TB00001_177\",\"quantity\":1}]","value":64.95,"currency":"USD"},"user_data":{"client_ip_address":"154.213.185.165","client_user_agent":"Mozilla\/5.0 (Windows NT 6.3; WOW64; Trident\/7.0; Touch; ASU2JS; rv:11.0) like Gecko","fbc":"","fbp":""},"event_name":"AddToCart"}],"partner_agent":"woocommerce-9.3.3-3.2.10"}
duration: 0.3764s
 CONTEXT: {"_legacy":true}
2024-10-19T16:14:38+00:00 NOTICE Response
code: 200
message: OK
body: {"events_received":1,"messages":[],"fbtrace_id":"AzPuF6z3pNA6gTG5e0MiXCV"}
 CONTEXT: {"_legacy":true}
2024-10-19T16:14:41+00:00 NOTICE Request
method: POST
uri: https://graph.facebook.com/v20.0/820729112865218/events
user-agent: Facebook-for-WooCommerce/3.2.10 (WooCommerce/9.3.3; WordPress/6.6.2)
body: {"data":[{"action_source":"website","event_time":1729354481,"event_id":"0abcdd35-761d-446e-a169-f6c4c83e909d","event_source_url":"https:\/\/sincehence.store\/?add-to-cart=81","custom_data":{"content_ids":"[\"SHSUP-TB00049_81\"]","content_name":"Advanced Formula for Digestive Aid Cleanse Capsules - Natural Dietary Supplement for Gut Health - Promotes Healthy Digestion and Eases Bloating","content_type":"product","contents":"[{\"id\":\"SHSUP-TB00049_81\",\"quantity\":1}]","value":20.95,"currency":"USD"},"user_data":{"client_ip_address":"154.213.185.165","client_user_agent":"Mozilla\/5.0 (Windows NT 6.3; WOW64; Trident\/7.0; Touch; ASU2JS; rv:11.0) like Gecko","fbc":"","fbp":""},"event_name":"AddToCart"}],"partner_agent":"woocommerce-9.3.3-3.2.10"}
duration: 0.36729s
 CONTEXT: {"_legacy":true}
2024-10-19T16:14:41+00:00 NOTICE Response
code: 200
message: OK
body: {"events_received":1,"messages":[],"fbtrace_id":"ANH50rB_8uwCn82WZqfU6m-"}
 CONTEXT: {"_legacy":true}
2024-10-19T16:14:44+00:00 NOTICE Request
method: POST
uri: https://graph.facebook.com/v20.0/820729112865218/events
user-agent: Facebook-for-WooCommerce/3.2.10 (WooCommerce/9.3.3; WordPress/6.6.2)
body: {"data":[{"action_source":"website","event_time":1729354483,"event_id":"9fa6cfef-7479-42dc-8d13-dd5a310c90ca","event_source_url":"https:\/\/sincehence.store\/?add-to-cart=93","custom_data":{"content_ids":"[\"SHSUP-TB00043_93\"]","content_name":"Anti-Wrinkle Face Cream | Natural Ingredients | Cream Jar | Paraben-free","content_type":"product","contents":"[{\"id\":\"SHSUP-TB00043_93\",\"quantity\":1}]","value":30.95,"currency":"USD"},"user_data":{"client_ip_address":"154.213.185.165","client_user_agent":"Mozilla\/5.0 (Windows NT 6.3; WOW64; Trident\/7.0; Touch; ASU2JS; rv:11.0) like Gecko","fbc":"","fbp":""},"event_name":"AddToCart"}],"partner_agent":"woocommerce-9.3.3-3.2.10"}
duration: 0.37437s
 CONTEXT: {"_legacy":true}
2024-10-19T16:14:44+00:00 NOTICE Response
code: 200
message: OK
body: {"events_received":1,"messages":[],"fbtrace_id":"AAQ_4wzM3zv5_Re3t2qqN2W"}
 CONTEXT: {"_legacy":true}
2024-10-19T16:14:47+00:00 NOTICE Request
method: POST
uri: https://graph.facebook.com/v20.0/820729112865218/events
user-agent: Facebook-for-WooCommerce/3.2.10 (WooCommerce/9.3.3; WordPress/6.6.2)
body: {"data":[{"action_source":"website","event_time":1729354486,"event_id":"7d24e412-9612-406d-9217-f42810dc6982","event_source_url":"https:\/\/sincehence.store\/?add-to-cart=97","custom_data":{"content_ids":"[\"SHSUP-TB00041_97\"]","content_name":"Advanced Skin Toning Serum | Brighten Skin | Antioxidant","content_type":"product","contents":"[{\"id\":\"SHSUP-TB00041_97\",\"quantity\":1}]","value":22.95,"currency":"USD"},"user_data":{"client_ip_address":"154.213.185.165","client_user_agent":"Mozilla\/5.0 (Windows NT 6.3; WOW64; Trident\/7.0; Touch; ASU2JS; rv:11.0) like Gecko","fbc":"","fbp":""},"event_name":"AddToCart"}],"partner_agent":"woocommerce-9.3.3-3.2.10"}
duration: 0.37763s
 CONTEXT: {"_legacy":true}
2024-10-19T16:14:47+00:00 NOTICE Response
code: 200
message: OK
body: {"events_received":1,"messages":[],"fbtrace_id":"AI43U4gx0bEG7Qk5LpSMfID"}
 CONTEXT: {"_legacy":true}
2024-10-19T16:14:51+00:00 NOTICE Request
method: POST
uri: https://graph.facebook.com/v20.0/820729112865218/events
user-agent: Facebook-for-WooCommerce/3.2.10 (WooCommerce/9.3.3; WordPress/6.6.2)
body: {"data":[{"action_source":"website","event_time":1729354491,"event_id":"a44bf311-f092-4307-94cc-858aea375344","event_source_url":"https:\/\/sincehence.store\/?add-to-cart=99","custom_data":{"content_ids":"[\"SHSUP-TB00040_99\"]","content_name":"Testosterone Advanced Formula | Increase Testosterone Levels | 60 Capsules","content_type":"product","contents":"[{\"id\":\"SHSUP-TB00040_99\",\"quantity\":1}]","value":30.95,"currency":"USD"},"user_data":{"client_ip_address":"5.42.80.232","client_user_agent":"Mozilla\/5.0 (Windows NT 6.3; WOW64; Trident\/7.0; Touch; ASU2JS; rv:11.0) like Gecko","fbc":"","fbp":""},"event_name":"AddToCart"}],"partner_agent":"woocommerce-9.3.3-3.2.10"}
duration: 0.37244s
 CONTEXT: {"_legacy":true}
2024-10-19T16:14:51+00:00 NOTICE Response
code: 200
message: OK
body: {"events_received":1,"messages":[],"fbtrace_id":"Af-s3D8lAZpxS0ioOiNrU5u"}
 CONTEXT: {"_legacy":true}
2024-10-19T16:17:03+00:00 NOTICE Request
method: POST
uri: https://graph.facebook.com/v20.0/820729112865218/events
user-agent: Facebook-for-WooCommerce/3.2.10 (WooCommerce/9.3.3; WordPress/6.6.2)
body: {"data":[{"action_source":"website","event_time":1729354620,"event_id":"657ea7d4-2667-4b96-86ca-bb69252efac2","event_source_url":"https:\/\/sincehence.store\/product\/blood-sugar-capsules\/?v=8bcc25c96aa5","custom_data":{"content_name":"Blood Sugar Suppliments | Natural Suppliments |  Blood Sugar Support | 60 Capsules","content_ids":"[\"SHSUP-TB00013_153\"]","content_type":"product","contents":"[{\"id\":\"SHSUP-TB00013_153\",\"quantity\":1}]","content_category":"BLOOD SUGAR","value":"24.95","currency":"USD"},"user_data":{"client_ip_address":"5.255.100.219","client_user_agent":"Mozilla\/5.0 (Windows NT 6.3; WOW64; Trident\/7.0; Touch; ASU2JS; rv:11.0) like Gecko","fbc":"","fbp":""},"event_name":"ViewContent"}],"partner_agent":"woocommerce-9.3.3-3.2.10"}
duration: 0.42181s
 CONTEXT: {"_legacy":true}
2024-10-19T16:17:03+00:00 NOTICE Response
code: 200
message: OK
body: {"events_received":1,"messages":[],"fbtrace_id":"A0zU6XirBAJx5jcdpsm_-WC"}
 CONTEXT: {"_legacy":true}
2024-10-19T16:17:11+00:00 NOTICE Request
method: POST
uri: https://graph.facebook.com/v20.0/820729112865218/events
user-agent: Facebook-for-WooCommerce/3.2.10 (WooCommerce/9.3.3; WordPress/6.6.2)
body: {"data":[{"action_source":"website","event_time":1729354629,"event_id":"862cba08-456b-46d0-9069-bb9ab3e6caf5","event_source_url":"https:\/\/sincehence.store\/product\/brain-support-capsules\/?v=8bcc25c96aa5","custom_data":{"content_name":"Brain Support Capsules | Blood Sugar Support | Natural Dietary Supplement","content_ids":"[\"SHSUP-TB00012_155\"]","content_type":"product","contents":"[{\"id\":\"SHSUP-TB00012_155\",\"quantity\":1}]","content_category":"BRAIN HEALTH","value":"24.95","currency":"USD"},"user_data":{"client_ip_address":"5.255.100.219","client_user_agent":"Mozilla\/5.0 (Windows NT 6.3; WOW64; Trident\/7.0; Touch; ASU2JS; rv:11.0) like Gecko","fbc":"","fbp":""},"event_name":"ViewContent"}],"partner_agent":"woocommerce-9.3.3-3.2.10"}
duration: 0.38294s
 CONTEXT: {"_legacy":true}
2024-10-19T16:17:11+00:00 NOTICE Response
code: 200
message: OK
body: {"events_received":1,"messages":[],"fbtrace_id":"AoLNvzGRPZxiF91Ry7ffvBz"}
 CONTEXT: {"_legacy":true}
2024-10-19T16:17:47+00:00 NOTICE Request
method: POST
uri: https://graph.facebook.com/v20.0/820729112865218/events
user-agent: Facebook-for-WooCommerce/3.2.10 (WooCommerce/9.3.3; WordPress/6.6.2)
body: {"data":[{"action_source":"website","event_time":1729354665,"event_id":"b3ea4f34-6826-4da6-8f75-cb23a85b37fc","event_source_url":"https:\/\/sincehence.store\/product\/pain-relief-24mg-extra-strength-patches-12-pack\/?v=8bcc25c96aa5","custom_data":{"content_name":"CBD Patches | Pack of 12 | 24-Hour Relief | 24mg CBD Isolate | Convenient - Discreet - Targeted Application","content_ids":"[\"SHSUP-TB00002_175\"]","content_type":"product","contents":"[{\"id\":\"SHSUP-TB00002_175\",\"quantity\":1}]","content_category":"PAIN RELIEF","value":"29.95","currency":"USD"},"user_data":{"client_ip_address":"2.58.56.35","client_user_agent":"Mozilla\/5.0 (Windows NT 6.3; WOW64; Trident\/7.0; Touch; ASU2JS; rv:11.0) like Gecko","fbc":"","fbp":""},"event_name":"ViewContent"}],"partner_agent":"woocommerce-9.3.3-3.2.10"}
duration: 0.38191s
 CONTEXT: {"_legacy":true}
2024-10-19T16:17:47+00:00 NOTICE Response
code: 200
message: OK
body: {"events_received":1,"messages":[],"fbtrace_id":"Al27RbCOCIN9YpeLLwEY0Xc"}
 CONTEXT: {"_legacy":true}
2024-10-19T16:17:56+00:00 NOTICE Request
method: GET
uri: https://graph.facebook.com/v20.0/fbe_business?fbe_external_business_id=sicnehenceecomemrce-665f929422055
user-agent: Facebook-for-WooCommerce/3.2.10 (WooCommerce/9.3.3; WordPress/6.6.2)
body:
duration: 0.45372s
 CONTEXT: {"_legacy":true}
2024-10-19T16:17:56+00:00 NOTICE Response
code: 200
message: OK
body: {"business":{"name":"SicneHence eComemrce"},"ads":[{"feature_instance_id":"813554103728373","enabled":true}],"catalogs":[{"feature_instance_id":"777710937847014","enabled":true}],"catalog_feed_scheduled":{"enabled":false},"ig_cta":{"enabled":false},"ig_shopping":{"enabled":false},"messenger_chat":{"enabled":false},"messenger_menu":{"enabled":false},"page_card":{"enabled":false},"page_cta":{"enabled":false},"page_post":{"enabled":false},"page_shop":{"enabled":false},"pixels":[{"feature_instance_id":"798387502384774","enabled":true}],"thread_intent":{"enabled":false}}
 CONTEXT: {"_legacy":true}
2024-10-19T17:22:26+00:00 NOTICE Request
method: GET
uri: https://graph.facebook.com/v20.0/fbe_business?fbe_external_business_id=sicnehenceecomemrce-665f929422055
user-agent: Facebook-for-WooCommerce/3.2.10 (WooCommerce/9.3.3; WordPress/6.6.2)
body:
duration: 0.55915s
 CONTEXT: {"_legacy":true}
2024-10-19T17:22:27+00:00 NOTICE Response
code: 200
message: OK
body: {"business":{"name":"SicneHence eComemrce"},"ads":[{"feature_instance_id":"813554103728373","enabled":true}],"catalogs":[{"feature_instance_id":"777710937847014","enabled":true}],"catalog_feed_scheduled":{"enabled":false},"ig_cta":{"enabled":false},"ig_shopping":{"enabled":false},"messenger_chat":{"enabled":false},"messenger_menu":{"enabled":false},"page_card":{"enabled":false},"page_cta":{"enabled":false},"page_post":{"enabled":false},"page_shop":{"enabled":false},"pixels":[{"feature_instance_id":"798387502384774","enabled":true}],"thread_intent":{"enabled":false}}
 CONTEXT: {"_legacy":true}
2024-10-19T18:22:24+00:00 NOTICE Request
method: GET
uri: https://graph.facebook.com/v20.0/fbe_business?fbe_external_business_id=sicnehenceecomemrce-665f929422055
user-agent: Facebook-for-WooCommerce/3.2.10 (WooCommerce/9.3.3; WordPress/6.6.2)
body:
duration: 0.47793s
 CONTEXT: {"_legacy":true}
2024-10-19T18:22:24+00:00 NOTICE Response
code: 200
message: OK
body: {"business":{"name":"SicneHence eComemrce"},"ads":[{"feature_instance_id":"813554103728373","enabled":true}],"catalogs":[{"feature_instance_id":"777710937847014","enabled":true}],"catalog_feed_scheduled":{"enabled":false},"ig_cta":{"enabled":false},"ig_shopping":{"enabled":false},"messenger_chat":{"enabled":false},"messenger_menu":{"enabled":false},"page_card":{"enabled":false},"page_cta":{"enabled":false},"page_post":{"enabled":false},"page_shop":{"enabled":false},"pixels":[{"feature_instance_id":"798387502384774","enabled":true}],"thread_intent":{"enabled":false}}
 CONTEXT: {"_legacy":true}
2024-10-19T18:45:17+00:00 NOTICE Request
method: POST
uri: https://graph.facebook.com/v20.0/820729112865218/events
user-agent: Facebook-for-WooCommerce/3.2.10 (WooCommerce/9.3.3; WordPress/6.6.2)
body: {"data":[{"action_source":"website","event_time":1729363514,"event_id":"ed8320d0-43d3-4642-8758-ed5a8cb653c5","event_source_url":"https:\/\/sincehence.store\/product-category\/sleep\/?v=0b3b97fa6688","custom_data":{"content_name":"SLEEP REMEDIES","content_category":"SLEEP REMEDIES","content_ids":"[\"SHSUP-TB00021_137\",\"SHSUP-TB00024_131\",\"SHSUP-TB00025_129\",\"SHSUP-TB00023_133\",\"SHSUP-TB00022_135\"]","content_type":"product","contents":[{"id":"SHSUP-TB00021_137","quantity":1},{"id":"SHSUP-TB00024_131","quantity":1},{"id":"SHSUP-TB00025_129","quantity":1},{"id":"SHSUP-TB00023_133","quantity":1},{"id":"SHSUP-TB00022_135","quantity":1}]},"user_data":{"client_ip_address":"43.159.143.187","client_user_agent":"Mozilla\/5.0 (iPhone; CPU iPhone OS 13_2_3 like Mac OS X) AppleWebKit\/605.1.15 (KHTML, like Gecko) Version\/13.0.3 Mobile\/15E148 Safari\/604.1","fbc":"","fbp":""},"event_name":"ViewCategory"}],"partner_agent":"woocommerce-9.3.3-3.2.10"}
duration: 0.39325s
 CONTEXT: {"_legacy":true}
2024-10-19T18:45:17+00:00 NOTICE Response
code: 200
message: OK
body: {"events_received":1,"messages":[],"fbtrace_id":"A3yCoLJpwpB9RUzYEFCJG-t"}
 CONTEXT: {"_legacy":true}
2024-10-19T19:17:59+00:00 NOTICE Request
method: GET
uri: https://graph.facebook.com/v20.0/fbe_business?fbe_external_business_id=sicnehenceecomemrce-665f929422055
user-agent: Facebook-for-WooCommerce/3.2.10 (WooCommerce/9.3.3; WordPress/6.6.2)
body:
duration: 0.45337s
 CONTEXT: {"_legacy":true}
2024-10-19T19:17:59+00:00 NOTICE Response
code: 200
message: OK
body: {"business":{"name":"SicneHence eComemrce"},"ads":[{"feature_instance_id":"813554103728373","enabled":true}],"catalogs":[{"feature_instance_id":"777710937847014","enabled":true}],"catalog_feed_scheduled":{"enabled":false},"ig_cta":{"enabled":false},"ig_shopping":{"enabled":false},"messenger_chat":{"enabled":false},"messenger_menu":{"enabled":false},"page_card":{"enabled":false},"page_cta":{"enabled":false},"page_post":{"enabled":false},"page_shop":{"enabled":false},"pixels":[{"feature_instance_id":"798387502384774","enabled":true}],"thread_intent":{"enabled":false}}
 CONTEXT: {"_legacy":true}
2024-10-19T20:22:21+00:00 NOTICE Request
method: GET
uri: https://graph.facebook.com/v20.0/fbe_business?fbe_external_business_id=sicnehenceecomemrce-665f929422055
user-agent: Facebook-for-WooCommerce/3.2.10 (WooCommerce/9.3.3; WordPress/6.6.2)
body:
duration: 0.52157s
 CONTEXT: {"_legacy":true}
2024-10-19T20:22:21+00:00 NOTICE Response
code: 200
message: OK
body: {"business":{"name":"SicneHence eComemrce"},"ads":[{"feature_instance_id":"813554103728373","enabled":true}],"catalogs":[{"feature_instance_id":"777710937847014","enabled":true}],"catalog_feed_scheduled":{"enabled":false},"ig_cta":{"enabled":false},"ig_shopping":{"enabled":false},"messenger_chat":{"enabled":false},"messenger_menu":{"enabled":false},"page_card":{"enabled":false},"page_cta":{"enabled":false},"page_post":{"enabled":false},"page_shop":{"enabled":false},"pixels":[{"feature_instance_id":"798387502384774","enabled":true}],"thread_intent":{"enabled":false}}
 CONTEXT: {"_legacy":true}
2024-10-19T21:18:00+00:00 NOTICE Request
method: GET
uri: https://graph.facebook.com/v20.0/fbe_business?fbe_external_business_id=sicnehenceecomemrce-665f929422055
user-agent: Facebook-for-WooCommerce/3.2.10 (WooCommerce/9.3.3; WordPress/6.6.2)
body:
duration: 0.57275s
 CONTEXT: {"_legacy":true}
2024-10-19T21:18:00+00:00 NOTICE Response
code: 200
message: OK
body: {"business":{"name":"SicneHence eComemrce"},"ads":[{"feature_instance_id":"813554103728373","enabled":true}],"catalogs":[{"feature_instance_id":"777710937847014","enabled":true}],"catalog_feed_scheduled":{"enabled":false},"ig_cta":{"enabled":false},"ig_shopping":{"enabled":false},"messenger_chat":{"enabled":false},"messenger_menu":{"enabled":false},"page_card":{"enabled":false},"page_cta":{"enabled":false},"page_post":{"enabled":false},"page_shop":{"enabled":false},"pixels":[{"feature_instance_id":"798387502384774","enabled":true}],"thread_intent":{"enabled":false}}
 CONTEXT: {"_legacy":true}
2024-10-19T22:18:22+00:00 NOTICE Request
method: GET
uri: https://graph.facebook.com/v20.0/fbe_business?fbe_external_business_id=sicnehenceecomemrce-665f929422055
user-agent: Facebook-for-WooCommerce/3.2.10 (WooCommerce/9.3.3; WordPress/6.6.2)
body:
duration: 0.53031s
 CONTEXT: {"_legacy":true}
2024-10-19T22:18:22+00:00 NOTICE Response
code: 200
message: OK
body: {"business":{"name":"SicneHence eComemrce"},"ads":[{"feature_instance_id":"813554103728373","enabled":true}],"catalogs":[{"feature_instance_id":"777710937847014","enabled":true}],"catalog_feed_scheduled":{"enabled":false},"ig_cta":{"enabled":false},"ig_shopping":{"enabled":false},"messenger_chat":{"enabled":false},"messenger_menu":{"enabled":false},"page_card":{"enabled":false},"page_cta":{"enabled":false},"page_post":{"enabled":false},"page_shop":{"enabled":false},"pixels":[{"feature_instance_id":"798387502384774","enabled":true}],"thread_intent":{"enabled":false}}
 CONTEXT: {"_legacy":true}
2024-10-19T22:21:03+00:00 NOTICE Request
method: GET
uri: https://graph.facebook.com/v20.0/987788172779218/product_feeds
user-agent: Facebook-for-WooCommerce/3.2.10 (WooCommerce/9.3.3; WordPress/6.6.2)
body:
duration: 0.45254s
 CONTEXT: {"_legacy":true}
2024-10-19T22:21:03+00:00 NOTICE Response
code: 200
message: OK
body: {"data":[{"id":"980052693510616","file_name":"SicneHence eComemrce Supplimet - Catalog - Feed","name":"SicneHence eComemrce Supplimet - Catalog - Feed"}],"paging":{"cursors":{"before":"QVFIUlpFTE9uUTRPVi0zSlAxcGNuMGlVNDEzMVVCdTNXYVhfNU80ZAXRhMk55eTR2eC11WGdRaHVmeDJ3aHRQUFVHSXo0RmtxZAkRXX3Fid1VwQjNhbG9fc093","after":"QVFIUlpFTE9uUTRPVi0zSlAxcGNuMGlVNDEzMVVCdTNXYVhfNU80ZAXRhMk55eTR2eC11WGdRaHVmeDJ3aHRQUFVHSXo0RmtxZAkRXX3Fid1VwQjNhbG9fc093"}}}
 CONTEXT: {"_legacy":true}
2024-10-19T22:21:03+00:00 NOTICE Request
method: GET
uri: https://graph.facebook.com/v20.0/980052693510616/?fields=created_time,latest_upload,product_count,schedule,update_schedule
user-agent: Facebook-for-WooCommerce/3.2.10 (WooCommerce/9.3.3; WordPress/6.6.2)
body:
duration: 0.5207s
 CONTEXT: {"_legacy":true}
2024-10-19T22:21:03+00:00 NOTICE Response
code: 200
message: OK
body: {"created_time":"2024-06-05T19:21:45+0000","product_count":0,"id":"980052693510616"}
 CONTEXT: {"_legacy":true}
2024-10-19T22:21:04+00:00 NOTICE Request
method: GET
uri: https://graph.facebook.com/v20.0/fbe_business/fbe_installs?fbe_external_business_id=sicnehenceecomemrce-665f929422055
user-agent: Facebook-for-WooCommerce/3.2.10 (WooCommerce/9.3.3; WordPress/6.6.2)
body:
duration: 0.7725s
 CONTEXT: {"_legacy":true}
2024-10-19T22:21:04+00:00 NOTICE Response
code: 200
message: OK
body: {"data":[{"business_manager_id":"280213847030763","onsite_eligible":false,"pixel_id":"820729112865218","profiles":["100481805425565","17841445880604158"],"ad_account_id":"307726204234823","catalog_id":"987788172779218","pages":["100481805425565"],"instagram_profiles":["17841445880604158"],"ig_shop":{"status":"NOT_SUBMITTED"},"token_type":"User","installed_features":[{"feature_instance_id":"813554103728373","feature_type":"ads","connected_assets":{"ad_account_id":"307726204234823","business_manager_id":"280213847030763","catalog_id":"987788172779218","ig_profile_id":"17841445880604158","page_id":"100481805425565","pixel_id":"820729112865218"},"additional_info":{"onsite_eligible":false,"pixel_is_consolidated_container":false}},{"feature_instance_id":"798387502384774","feature_type":"pixel","connected_assets":{"ad_account_id":"307726204234823","business_manager_id":"280213847030763","ig_profile_id":"17841445880604158","page_id":"100481805425565","pixel_id":"820729112865218"},"additional_info":{"onsite_eligible":false,"pixel_is_consolidated_container":false}},{"feature_instance_id":"777710937847014","feature_type":"catalog","connected_assets":{"ad_account_id":"307726204234823","business_manager_id":"280213847030763","catalog_id":"987788172779218","ig_profile_id":"17841445880604158","page_id":"100481805425565","pixel_id":"820729112865218"},"additional_info":{"onsite_eligible":false,"pixel_is_consolidated_container":false}}]}]}
 CONTEXT: {"_legacy":true}
2024-10-19T22:21:04+00:00 NOTICE Retrieving page access token CONTEXT: {"_legacy":true}
2024-10-19T23:20:21+00:00 NOTICE Request
method: GET
uri: https://graph.facebook.com/v20.0/fbe_business?fbe_external_business_id=sicnehenceecomemrce-665f929422055
user-agent: Facebook-for-WooCommerce/3.2.10 (WooCommerce/9.3.3; WordPress/6.6.2)
body:
duration: 0.49986s
 CONTEXT: {"_legacy":true}
2024-10-19T23:20:21+00:00 NOTICE Response
code: 200
message: OK
body: {"business":{"name":"SicneHence eComemrce"},"ads":[{"feature_instance_id":"813554103728373","enabled":true}],"catalogs":[{"feature_instance_id":"777710937847014","enabled":true}],"catalog_feed_scheduled":{"enabled":false},"ig_cta":{"enabled":false},"ig_shopping":{"enabled":false},"messenger_chat":{"enabled":false},"messenger_menu":{"enabled":false},"page_card":{"enabled":false},"page_cta":{"enabled":false},"page_post":{"enabled":false},"page_shop":{"enabled":false},"pixels":[{"feature_instance_id":"798387502384774","enabled":true}],"thread_intent":{"enabled":false}}
 CONTEXT: {"_legacy":true}
