2024-11-05T00:22:55+00:00 NOTICE Request
method: GET
uri: https://graph.facebook.com/v20.0/fbe_business?fbe_external_business_id=sicnehenceecomemrce-665f929422055
user-agent: Facebook-for-WooCommerce/3.2.10 (WooCommerce/9.3.3; WordPress/6.6.2)
body:
duration: 0.30508s
 CONTEXT: {"_legacy":true}
2024-11-05T00:22:55+00:00 NOTICE Response
code: 200
message: OK
body: {"business":{"name":"SicneHence eComemrce"},"ads":[{"feature_instance_id":"813554103728373","enabled":true}],"catalogs":[{"feature_instance_id":"777710937847014","enabled":true}],"catalog_feed_scheduled":{"enabled":false},"ig_cta":{"enabled":false},"ig_shopping":{"enabled":false},"messenger_chat":{"enabled":false},"messenger_menu":{"enabled":false},"page_card":{"enabled":false},"page_cta":{"enabled":false},"page_post":{"enabled":false},"page_shop":{"enabled":false},"pixels":[{"feature_instance_id":"798387502384774","enabled":true}],"thread_intent":{"enabled":false}}
 CONTEXT: {"_legacy":true}
2024-11-05T01:17:37+00:00 NOTICE Request
method: GET
uri: https://graph.facebook.com/v20.0/fbe_business?fbe_external_business_id=sicnehenceecomemrce-665f929422055
user-agent: Facebook-for-WooCommerce/3.2.10 (WooCommerce/9.3.3; WordPress/6.6.2)
body:
duration: 0.18742s
 CONTEXT: {"_legacy":true}
2024-11-05T01:17:37+00:00 NOTICE Response
code: 200
message: OK
body: {"business":{"name":"SicneHence eComemrce"},"ads":[{"feature_instance_id":"813554103728373","enabled":true}],"catalogs":[{"feature_instance_id":"777710937847014","enabled":true}],"catalog_feed_scheduled":{"enabled":false},"ig_cta":{"enabled":false},"ig_shopping":{"enabled":false},"messenger_chat":{"enabled":false},"messenger_menu":{"enabled":false},"page_card":{"enabled":false},"page_cta":{"enabled":false},"page_post":{"enabled":false},"page_shop":{"enabled":false},"pixels":[{"feature_instance_id":"798387502384774","enabled":true}],"thread_intent":{"enabled":false}}
 CONTEXT: {"_legacy":true}
2024-11-05T02:18:45+00:00 NOTICE Request
method: GET
uri: https://graph.facebook.com/v20.0/fbe_business?fbe_external_business_id=sicnehenceecomemrce-665f929422055
user-agent: Facebook-for-WooCommerce/3.2.10 (WooCommerce/9.3.3; WordPress/6.6.2)
body:
duration: 0.33986s
 CONTEXT: {"_legacy":true}
2024-11-05T02:18:45+00:00 NOTICE Response
code: 200
message: OK
body: {"business":{"name":"SicneHence eComemrce"},"ads":[{"feature_instance_id":"813554103728373","enabled":true}],"catalogs":[{"feature_instance_id":"777710937847014","enabled":true}],"catalog_feed_scheduled":{"enabled":false},"ig_cta":{"enabled":false},"ig_shopping":{"enabled":false},"messenger_chat":{"enabled":false},"messenger_menu":{"enabled":false},"page_card":{"enabled":false},"page_cta":{"enabled":false},"page_post":{"enabled":false},"page_shop":{"enabled":false},"pixels":[{"feature_instance_id":"798387502384774","enabled":true}],"thread_intent":{"enabled":false}}
 CONTEXT: {"_legacy":true}
2024-11-05T03:17:50+00:00 NOTICE Request
method: GET
uri: https://graph.facebook.com/v20.0/fbe_business?fbe_external_business_id=sicnehenceecomemrce-665f929422055
user-agent: Facebook-for-WooCommerce/3.2.10 (WooCommerce/9.3.3; WordPress/6.6.2)
body:
duration: 0.13206s
 CONTEXT: {"_legacy":true}
2024-11-05T03:17:50+00:00 NOTICE Response
code: 200
message: OK
body: {"business":{"name":"SicneHence eComemrce"},"ads":[{"feature_instance_id":"813554103728373","enabled":true}],"catalogs":[{"feature_instance_id":"777710937847014","enabled":true}],"catalog_feed_scheduled":{"enabled":false},"ig_cta":{"enabled":false},"ig_shopping":{"enabled":false},"messenger_chat":{"enabled":false},"messenger_menu":{"enabled":false},"page_card":{"enabled":false},"page_cta":{"enabled":false},"page_post":{"enabled":false},"page_shop":{"enabled":false},"pixels":[{"feature_instance_id":"798387502384774","enabled":true}],"thread_intent":{"enabled":false}}
 CONTEXT: {"_legacy":true}
2024-11-05T03:42:52+00:00 NOTICE Generating a fresh product feed file CONTEXT: {"_legacy":true}
2024-11-05T03:42:53+00:00 NOTICE Product feed file generated CONTEXT: {"_legacy":true}
2024-11-05T04:17:54+00:00 NOTICE Request
method: GET
uri: https://graph.facebook.com/v20.0/fbe_business?fbe_external_business_id=sicnehenceecomemrce-665f929422055
user-agent: Facebook-for-WooCommerce/3.2.10 (WooCommerce/9.3.3; WordPress/6.6.2)
body:
duration: 0.2033s
 CONTEXT: {"_legacy":true}
2024-11-05T04:17:54+00:00 NOTICE Response
code: 200
message: OK
body: {"business":{"name":"SicneHence eComemrce"},"ads":[{"feature_instance_id":"813554103728373","enabled":true}],"catalogs":[{"feature_instance_id":"777710937847014","enabled":true}],"catalog_feed_scheduled":{"enabled":false},"ig_cta":{"enabled":false},"ig_shopping":{"enabled":false},"messenger_chat":{"enabled":false},"messenger_menu":{"enabled":false},"page_card":{"enabled":false},"page_cta":{"enabled":false},"page_post":{"enabled":false},"page_shop":{"enabled":false},"pixels":[{"feature_instance_id":"798387502384774","enabled":true}],"thread_intent":{"enabled":false}}
 CONTEXT: {"_legacy":true}
2024-11-05T04:49:57+00:00 NOTICE Request
method: POST
uri: https://graph.facebook.com/v20.0/820729112865218/events
user-agent: Facebook-for-WooCommerce/3.2.10 (WooCommerce/9.3.3; WordPress/6.6.2)
body: {"data":[{"action_source":"website","event_time":1730782195,"event_id":"e2376dfa-2746-4c16-a4ce-dba40b7496af","event_source_url":"https:\/\/sincehence.store\/product\/cbd-cream-jar\/?v=7885444af42e","custom_data":{"content_name":"CBD Relief Cream | 250MG | Fast-Acting | Soothing Muscle & Joint Discomfort Relief |  Cruelty-Free with Peppermint Oil & Menthol","content_ids":"[\"SHSUP-TB00044_91\"]","content_type":"product","contents":"[{\"id\":\"SHSUP-TB00044_91\",\"quantity\":1}]","content_category":"CBD REMEDIES","value":"27.95","currency":"USD"},"user_data":{"client_ip_address":"66.249.79.166","client_user_agent":"Mozilla\/5.0 (Linux; Android 6.0.1; Nexus 5X Build\/MMB29P) AppleWebKit\/537.36 (KHTML, like Gecko) Chrome\/130.0.6723.69 Mobile Safari\/537.36 (compatible; Googlebot\/2.1; +http:\/\/www.google.com\/bot.html)","fbc":"","fbp":""},"event_name":"ViewContent"}],"partner_agent":"woocommerce-9.3.3-3.2.10"}
duration: 0.11574s
 CONTEXT: {"_legacy":true}
2024-11-05T04:49:57+00:00 NOTICE Response
code: 200
message: OK
body: {"events_received":1,"messages":[],"fbtrace_id":"A2sPsxgjvxWUNHA-eSGpgLa"}
 CONTEXT: {"_legacy":true}
2024-11-05T05:19:35+00:00 NOTICE Request
method: GET
uri: https://graph.facebook.com/v20.0/fbe_business?fbe_external_business_id=sicnehenceecomemrce-665f929422055
user-agent: Facebook-for-WooCommerce/3.2.10 (WooCommerce/9.3.3; WordPress/6.6.2)
body:
duration: 0.20389s
 CONTEXT: {"_legacy":true}
2024-11-05T05:19:35+00:00 NOTICE Response
code: 200
message: OK
body: {"business":{"name":"SicneHence eComemrce"},"ads":[{"feature_instance_id":"813554103728373","enabled":true}],"catalogs":[{"feature_instance_id":"777710937847014","enabled":true}],"catalog_feed_scheduled":{"enabled":false},"ig_cta":{"enabled":false},"ig_shopping":{"enabled":false},"messenger_chat":{"enabled":false},"messenger_menu":{"enabled":false},"page_card":{"enabled":false},"page_cta":{"enabled":false},"page_post":{"enabled":false},"page_shop":{"enabled":false},"pixels":[{"feature_instance_id":"798387502384774","enabled":true}],"thread_intent":{"enabled":false}}
 CONTEXT: {"_legacy":true}
2024-11-05T06:17:47+00:00 NOTICE Request
method: GET
uri: https://graph.facebook.com/v20.0/fbe_business?fbe_external_business_id=sicnehenceecomemrce-665f929422055
user-agent: Facebook-for-WooCommerce/3.2.10 (WooCommerce/9.3.3; WordPress/6.6.2)
body:
duration: 0.19903s
 CONTEXT: {"_legacy":true}
2024-11-05T06:17:47+00:00 NOTICE Response
code: 200
message: OK
body: {"business":{"name":"SicneHence eComemrce"},"ads":[{"feature_instance_id":"813554103728373","enabled":true}],"catalogs":[{"feature_instance_id":"777710937847014","enabled":true}],"catalog_feed_scheduled":{"enabled":false},"ig_cta":{"enabled":false},"ig_shopping":{"enabled":false},"messenger_chat":{"enabled":false},"messenger_menu":{"enabled":false},"page_card":{"enabled":false},"page_cta":{"enabled":false},"page_post":{"enabled":false},"page_shop":{"enabled":false},"pixels":[{"feature_instance_id":"798387502384774","enabled":true}],"thread_intent":{"enabled":false}}
 CONTEXT: {"_legacy":true}
2024-11-05T06:27:05+00:00 NOTICE Request
method: POST
uri: https://graph.facebook.com/v20.0/820729112865218/events
user-agent: Facebook-for-WooCommerce/3.2.10 (WooCommerce/9.3.3; WordPress/6.6.2)
body: {"data":[{"action_source":"website","event_time":1730788022,"event_id":"585e983a-745d-4963-8714-ad3d0b9d665d","event_source_url":"https:\/\/sincehence.store\/product\/focus-patches-30-day\/?v=7885444af42e","custom_data":{"content_name":"Focus Patches | 30 Days Topical Skin Patches | Enhance Focus and Mental Clarity | Natural Ingredients","content_ids":"[\"SHSUP-TB00009_161\"]","content_type":"product","contents":"[{\"id\":\"SHSUP-TB00009_161\",\"quantity\":1}]","content_category":"BRAIN HEALTH","value":"29.95","currency":"USD"},"user_data":{"client_ip_address":"66.249.79.164","client_user_agent":"Mozilla\/5.0 (Linux; Android 6.0.1; Nexus 5X Build\/MMB29P) AppleWebKit\/537.36 (KHTML, like Gecko) Chrome\/130.0.6723.69 Mobile Safari\/537.36 (compatible; Googlebot\/2.1; +http:\/\/www.google.com\/bot.html)","fbc":"","fbp":""},"event_name":"ViewContent"}],"partner_agent":"woocommerce-9.3.3-3.2.10"}
duration: 0.25934s
 CONTEXT: {"_legacy":true}
2024-11-05T06:27:05+00:00 NOTICE Response
code: 200
message: OK
body: {"events_received":1,"messages":[],"fbtrace_id":"ArbVWDwjfgFkACslRd3cX5k"}
 CONTEXT: {"_legacy":true}
2024-11-05T06:36:24+00:00 NOTICE Request
method: POST
uri: https://graph.facebook.com/v20.0/820729112865218/events
user-agent: Facebook-for-WooCommerce/3.2.10 (WooCommerce/9.3.3; WordPress/6.6.2)
body: {"data":[{"action_source":"website","event_time":1730788582,"event_id":"463c8c11-ffa4-42a0-b332-b2bc167223b2","event_source_url":"https:\/\/sincehence.store\/product\/sleep-pillow-spray\/?v=7885444af42e","custom_data":{"content_name":"Sleep Time Pillow Spray | Lavender Scent | Relaxation and Enhanced Sleep Quality","content_ids":"[\"SHSUP-TB00022_135\"]","content_type":"product","contents":"[{\"id\":\"SHSUP-TB00022_135\",\"quantity\":1}]","content_category":"SLEEP REMEDIES","value":"15.95","currency":"USD"},"user_data":{"client_ip_address":"47.128.51.6","client_user_agent":"Mozilla\/5.0 (compatible; Bytespider; spider-feedback@bytedance.com) AppleWebKit\/537.36 (KHTML, like Gecko) Chrome\/70.0.0.0 Safari\/537.36","fbc":"","fbp":""},"event_name":"ViewContent"}],"partner_agent":"woocommerce-9.3.3-3.2.10"}
duration: 0.15933s
 CONTEXT: {"_legacy":true}
2024-11-05T06:36:24+00:00 NOTICE Response
code: 200
message: OK
body: {"events_received":1,"messages":[],"fbtrace_id":"AubBTqHnoTAqAp1N6pv4ypM"}
 CONTEXT: {"_legacy":true}
2024-11-05T07:17:49+00:00 NOTICE Request
method: GET
uri: https://graph.facebook.com/v20.0/fbe_business?fbe_external_business_id=sicnehenceecomemrce-665f929422055
user-agent: Facebook-for-WooCommerce/3.2.10 (WooCommerce/9.3.3; WordPress/6.6.2)
body:
duration: 0.17307s
 CONTEXT: {"_legacy":true}
2024-11-05T07:17:49+00:00 NOTICE Response
code: 200
message: OK
body: {"business":{"name":"SicneHence eComemrce"},"ads":[{"feature_instance_id":"813554103728373","enabled":true}],"catalogs":[{"feature_instance_id":"777710937847014","enabled":true}],"catalog_feed_scheduled":{"enabled":false},"ig_cta":{"enabled":false},"ig_shopping":{"enabled":false},"messenger_chat":{"enabled":false},"messenger_menu":{"enabled":false},"page_card":{"enabled":false},"page_cta":{"enabled":false},"page_post":{"enabled":false},"page_shop":{"enabled":false},"pixels":[{"feature_instance_id":"798387502384774","enabled":true}],"thread_intent":{"enabled":false}}
 CONTEXT: {"_legacy":true}
2024-11-05T08:13:43+00:00 NOTICE Request
method: POST
uri: https://graph.facebook.com/v20.0/820729112865218/events
user-agent: Facebook-for-WooCommerce/3.2.10 (WooCommerce/9.3.3; WordPress/6.6.2)
body: {"data":[{"action_source":"website","event_time":1730794422,"event_id":"3b7a93f0-5be4-48c8-9fd7-cf05b3d6009f","event_source_url":"https:\/\/sincehence.store\/product\/hair-restoration-ultimate-combo\/?v=7885444af42e","custom_data":{"content_name":"Hair Growth Serum | Hair-Skin-Nails Supplement Combo | Ultimate Health","content_ids":"[\"SHSUP-TB00026_127\"]","content_type":"product","contents":"[{\"id\":\"SHSUP-TB00026_127\",\"quantity\":1}]","content_category":"HAIR GROWTH","value":"49.95","currency":"USD"},"user_data":{"client_ip_address":"47.128.126.136","client_user_agent":"Mozilla\/5.0 (compatible; Bytespider; spider-feedback@bytedance.com) AppleWebKit\/537.36 (KHTML, like Gecko) Chrome\/70.0.0.0 Safari\/537.36","fbc":"","fbp":""},"event_name":"ViewContent"}],"partner_agent":"woocommerce-9.3.3-3.2.10"}
duration: 0.14506s
 CONTEXT: {"_legacy":true}
2024-11-05T08:13:43+00:00 NOTICE Response
code: 200
message: OK
body: {"events_received":1,"messages":[],"fbtrace_id":"AOyq9lxKYBtTjhClcSDow80"}
 CONTEXT: {"_legacy":true}
2024-11-05T08:18:29+00:00 NOTICE Request
method: GET
uri: https://graph.facebook.com/v20.0/fbe_business?fbe_external_business_id=sicnehenceecomemrce-665f929422055
user-agent: Facebook-for-WooCommerce/3.2.10 (WooCommerce/9.3.3; WordPress/6.6.2)
body:
duration: 0.18424s
 CONTEXT: {"_legacy":true}
2024-11-05T08:18:29+00:00 NOTICE Response
code: 200
message: OK
body: {"business":{"name":"SicneHence eComemrce"},"ads":[{"feature_instance_id":"813554103728373","enabled":true}],"catalogs":[{"feature_instance_id":"777710937847014","enabled":true}],"catalog_feed_scheduled":{"enabled":false},"ig_cta":{"enabled":false},"ig_shopping":{"enabled":false},"messenger_chat":{"enabled":false},"messenger_menu":{"enabled":false},"page_card":{"enabled":false},"page_cta":{"enabled":false},"page_post":{"enabled":false},"page_shop":{"enabled":false},"pixels":[{"feature_instance_id":"798387502384774","enabled":true}],"thread_intent":{"enabled":false}}
 CONTEXT: {"_legacy":true}
2024-11-05T09:05:13+00:00 NOTICE Request
method: POST
uri: https://graph.facebook.com/v20.0/820729112865218/events
user-agent: Facebook-for-WooCommerce/3.2.10 (WooCommerce/9.3.3; WordPress/6.6.2)
body: {"data":[{"action_source":"website","event_time":1730797511,"event_id":"e6379d4e-54b1-48f0-a1d1-a03730c28834","event_source_url":"https:\/\/sincehence.store\/product\/cbd-patches\/?v=7885444af42e","custom_data":{"content_name":"CBD Patches - 8MG CBD Isolate Per Patch - 30 Patches - Long-Lasting 24-Hour Relief - Easy Application, Minimal Skin Irritation","content_ids":"[\"SHSUP-TB00045_89\"]","content_type":"product","contents":"[{\"id\":\"SHSUP-TB00045_89\",\"quantity\":1}]","content_category":"CBD REMEDIES","value":"25.95","currency":"USD"},"user_data":{"client_ip_address":"66.249.79.164","client_user_agent":"Mozilla\/5.0 (compatible; Googlebot\/2.1; +http:\/\/www.google.com\/bot.html)","fbc":"","fbp":""},"event_name":"ViewContent"}],"partner_agent":"woocommerce-9.3.3-3.2.10"}
duration: 0.15843s
 CONTEXT: {"_legacy":true}
2024-11-05T09:05:13+00:00 NOTICE Response
code: 200
message: OK
body: {"events_received":1,"messages":[],"fbtrace_id":"A6c8JcvaUHQ2JhjK2syeFqb"}
 CONTEXT: {"_legacy":true}
2024-11-05T09:16:41+00:00 NOTICE Request
method: POST
uri: https://graph.facebook.com/v20.0/820729112865218/events
user-agent: Facebook-for-WooCommerce/3.2.10 (WooCommerce/9.3.3; WordPress/6.6.2)
body: {"data":[{"action_source":"website","event_time":1730798198,"event_id":"d4840d45-4f93-48f8-8f50-dd3581703875","event_source_url":"https:\/\/sincehence.store\/product-category\/keto\/?v=7885444af42e","custom_data":{"content_name":"KETO","content_category":"KETO","content_ids":"[\"SHSUP-TB00049_81\",\"SHSUP-TB00019_141\",\"SHSUP-TB00017_145\",\"SHSUP-TB00016_147\",\"SHSUP-TB00050_79\",\"SHSUP-TB00048_83\",\"SHSUP-TB00018_143\"]","content_type":"product","contents":[{"id":"SHSUP-TB00049_81","quantity":1},{"id":"SHSUP-TB00019_141","quantity":1},{"id":"SHSUP-TB00017_145","quantity":1},{"id":"SHSUP-TB00016_147","quantity":1},{"id":"SHSUP-TB00050_79","quantity":1},{"id":"SHSUP-TB00048_83","quantity":1},{"id":"SHSUP-TB00018_143","quantity":1}]},"user_data":{"client_ip_address":"17.241.75.29","client_user_agent":"Mozilla\/5.0 (Macintosh; Intel Mac OS X 10_15_7) AppleWebKit\/605.1.15 (KHTML, like Gecko) Version\/17.4 Safari\/605.1.15 (Applebot\/0.1; +http:\/\/www.apple.com\/go\/applebot)","fbc":"","fbp":""},"event_name":"ViewCategory"}],"partner_agent":"woocommerce-9.3.3-3.2.10"}
duration: 0.14731s
 CONTEXT: {"_legacy":true}
2024-11-05T09:16:41+00:00 NOTICE Response
code: 200
message: OK
body: {"events_received":1,"messages":[],"fbtrace_id":"AKJ8h2Rsj1gJaRO6bxBcUz2"}
 CONTEXT: {"_legacy":true}
2024-11-05T09:22:56+00:00 NOTICE Request
method: GET
uri: https://graph.facebook.com/v20.0/fbe_business?fbe_external_business_id=sicnehenceecomemrce-665f929422055
user-agent: Facebook-for-WooCommerce/3.2.10 (WooCommerce/9.3.3; WordPress/6.6.2)
body:
duration: 0.17303s
 CONTEXT: {"_legacy":true}
2024-11-05T09:22:56+00:00 NOTICE Response
code: 200
message: OK
body: {"business":{"name":"SicneHence eComemrce"},"ads":[{"feature_instance_id":"813554103728373","enabled":true}],"catalogs":[{"feature_instance_id":"777710937847014","enabled":true}],"catalog_feed_scheduled":{"enabled":false},"ig_cta":{"enabled":false},"ig_shopping":{"enabled":false},"messenger_chat":{"enabled":false},"messenger_menu":{"enabled":false},"page_card":{"enabled":false},"page_cta":{"enabled":false},"page_post":{"enabled":false},"page_shop":{"enabled":false},"pixels":[{"feature_instance_id":"798387502384774","enabled":true}],"thread_intent":{"enabled":false}}
 CONTEXT: {"_legacy":true}
2024-11-05T09:43:30+00:00 NOTICE Request
method: POST
uri: https://graph.facebook.com/v20.0/820729112865218/events
user-agent: Facebook-for-WooCommerce/3.2.10 (WooCommerce/9.3.3; WordPress/6.6.2)
body: {"data":[{"action_source":"website","event_time":1730799809,"event_id":"ccb1c2a4-2222-4d13-8ae6-03d96d45bcae","event_source_url":"https:\/\/sincehence.store\/product\/brain-support-capsules\/?v=7885444af42e","custom_data":{"content_name":"Brain Support Capsules | Blood Sugar Support | Natural Dietary Supplement","content_ids":"[\"SHSUP-TB00012_155\"]","content_type":"product","contents":"[{\"id\":\"SHSUP-TB00012_155\",\"quantity\":1}]","content_category":"BRAIN HEALTH","value":"24.95","currency":"USD"},"user_data":{"client_ip_address":"47.128.41.26","client_user_agent":"Mozilla\/5.0 (compatible; Bytespider; spider-feedback@bytedance.com) AppleWebKit\/537.36 (KHTML, like Gecko) Chrome\/70.0.0.0 Safari\/537.36","fbc":"","fbp":""},"event_name":"ViewContent"}],"partner_agent":"woocommerce-9.3.3-3.2.10"}
duration: 0.15152s
 CONTEXT: {"_legacy":true}
2024-11-05T09:43:30+00:00 NOTICE Response
code: 200
message: OK
body: {"events_received":1,"messages":[],"fbtrace_id":"AqVHrLkNRhoY2CbnP9k78aB"}
 CONTEXT: {"_legacy":true}
2024-11-05T10:02:58+00:00 NOTICE Request
method: POST
uri: https://graph.facebook.com/v20.0/820729112865218/events
user-agent: Facebook-for-WooCommerce/3.2.10 (WooCommerce/9.3.3; WordPress/6.6.2)
body: {"data":[{"action_source":"website","event_time":1730800976,"event_id":"b2ab8245-2347-4de7-b49a-66825290710a","event_source_url":"https:\/\/sincehence.store\/product\/sleep-pillow-spray\/?v=7885444af42e","custom_data":{"content_name":"Sleep Time Pillow Spray | Lavender Scent | Relaxation and Enhanced Sleep Quality","content_ids":"[\"SHSUP-TB00022_135\"]","content_type":"product","contents":"[{\"id\":\"SHSUP-TB00022_135\",\"quantity\":1}]","content_category":"SLEEP REMEDIES","value":"15.95","currency":"USD"},"user_data":{"client_ip_address":"66.249.79.164","client_user_agent":"Mozilla\/5.0 (Linux; Android 6.0.1; Nexus 5X Build\/MMB29P) AppleWebKit\/537.36 (KHTML, like Gecko) Chrome\/130.0.6723.69 Mobile Safari\/537.36 (compatible; Googlebot\/2.1; +http:\/\/www.google.com\/bot.html)","fbc":"","fbp":""},"event_name":"ViewContent"}],"partner_agent":"woocommerce-9.3.3-3.2.10"}
duration: 0.16038s
 CONTEXT: {"_legacy":true}
2024-11-05T10:02:58+00:00 NOTICE Response
code: 200
message: OK
body: {"events_received":1,"messages":[],"fbtrace_id":"AervdMvKidbWCdCKhW7cnI5"}
 CONTEXT: {"_legacy":true}
2024-11-05T10:17:14+00:00 NOTICE Request
method: POST
uri: https://graph.facebook.com/v20.0/820729112865218/events
user-agent: Facebook-for-WooCommerce/3.2.10 (WooCommerce/9.3.3; WordPress/6.6.2)
body: {"data":[{"action_source":"website","event_time":1730801832,"event_id":"aa496f07-7efd-47a4-95ed-a3a9a555faaa","event_source_url":"https:\/\/sincehence.store\/product\/sleep-patch-3-days-trial-pack\/?v=7885444af42e","custom_data":{"content_name":"Sleep Patches | 3 Day Pack | Achieve a Restful Night Sleep | Natural Ingredients","content_ids":"[\"SHSUP-TB00025_129\"]","content_type":"product","contents":"[{\"id\":\"SHSUP-TB00025_129\",\"quantity\":1}]","content_category":"SLEEP REMEDIES","value":"7.95","currency":"USD"},"user_data":{"client_ip_address":"47.128.28.218","client_user_agent":"Mozilla\/5.0 (compatible; Bytespider; spider-feedback@bytedance.com) AppleWebKit\/537.36 (KHTML, like Gecko) Chrome\/70.0.0.0 Safari\/537.36","fbc":"","fbp":""},"event_name":"ViewContent"}],"partner_agent":"woocommerce-9.3.3-3.2.10"}
duration: 0.135s
 CONTEXT: {"_legacy":true}
2024-11-05T10:17:14+00:00 NOTICE Response
code: 200
message: OK
body: {"events_received":1,"messages":[],"fbtrace_id":"AI6TcXNZrTzXGfrj2PF0Iiw"}
 CONTEXT: {"_legacy":true}
2024-11-05T10:22:48+00:00 NOTICE Request
method: GET
uri: https://graph.facebook.com/v20.0/fbe_business?fbe_external_business_id=sicnehenceecomemrce-665f929422055
user-agent: Facebook-for-WooCommerce/3.2.10 (WooCommerce/9.3.3; WordPress/6.6.2)
body:
duration: 0.169s
 CONTEXT: {"_legacy":true}
2024-11-05T10:22:48+00:00 NOTICE Response
code: 200
message: OK
body: {"business":{"name":"SicneHence eComemrce"},"ads":[{"feature_instance_id":"813554103728373","enabled":true}],"catalogs":[{"feature_instance_id":"777710937847014","enabled":true}],"catalog_feed_scheduled":{"enabled":false},"ig_cta":{"enabled":false},"ig_shopping":{"enabled":false},"messenger_chat":{"enabled":false},"messenger_menu":{"enabled":false},"page_card":{"enabled":false},"page_cta":{"enabled":false},"page_post":{"enabled":false},"page_shop":{"enabled":false},"pixels":[{"feature_instance_id":"798387502384774","enabled":true}],"thread_intent":{"enabled":false}}
 CONTEXT: {"_legacy":true}
2024-11-05T11:15:39+00:00 NOTICE Request
method: POST
uri: https://graph.facebook.com/v20.0/820729112865218/events
user-agent: Facebook-for-WooCommerce/3.2.10 (WooCommerce/9.3.3; WordPress/6.6.2)
body: {"data":[{"action_source":"website","event_time":1730805338,"event_id":"2a61e1fc-9160-4c84-b7b8-9106905d9666","event_source_url":"https:\/\/sincehence.store\/product-category\/keto\/?v=c419b06b4c65","custom_data":{"content_name":"KETO","content_category":"KETO","content_ids":"[\"SHSUP-TB00049_81\",\"SHSUP-TB00019_141\",\"SHSUP-TB00017_145\",\"SHSUP-TB00016_147\",\"SHSUP-TB00050_79\",\"SHSUP-TB00048_83\",\"SHSUP-TB00018_143\"]","content_type":"product","contents":[{"id":"SHSUP-TB00049_81","quantity":1},{"id":"SHSUP-TB00019_141","quantity":1},{"id":"SHSUP-TB00017_145","quantity":1},{"id":"SHSUP-TB00016_147","quantity":1},{"id":"SHSUP-TB00050_79","quantity":1},{"id":"SHSUP-TB00048_83","quantity":1},{"id":"SHSUP-TB00018_143","quantity":1}]},"user_data":{"client_ip_address":"202.144.201.15","client_user_agent":"Mozilla\/5.0 (Windows NT 10.0; Win64; x64) AppleWebKit\/537.36 (KHTML, like Gecko) Chrome\/130.0.0.0 Safari\/537.36","fbc":"","fbp":"fb.1.1717511689208.463758672727181086"},"event_name":"ViewCategory"}],"partner_agent":"woocommerce-9.3.3-3.2.10"}
duration: 0.14703s
 CONTEXT: {"_legacy":true}
2024-11-05T11:15:39+00:00 NOTICE Response
code: 200
message: OK
body: {"events_received":1,"messages":[],"fbtrace_id":"AaLfMX0IGTLyW63sKBoprCo"}
 CONTEXT: {"_legacy":true}
2024-11-05T11:17:41+00:00 NOTICE Request
method: GET
uri: https://graph.facebook.com/v20.0/fbe_business?fbe_external_business_id=sicnehenceecomemrce-665f929422055
user-agent: Facebook-for-WooCommerce/3.2.10 (WooCommerce/9.3.3; WordPress/6.6.2)
body:
duration: 0.17955s
 CONTEXT: {"_legacy":true}
2024-11-05T11:17:41+00:00 NOTICE Response
code: 200
message: OK
body: {"business":{"name":"SicneHence eComemrce"},"ads":[{"feature_instance_id":"813554103728373","enabled":true}],"catalogs":[{"feature_instance_id":"777710937847014","enabled":true}],"catalog_feed_scheduled":{"enabled":false},"ig_cta":{"enabled":false},"ig_shopping":{"enabled":false},"messenger_chat":{"enabled":false},"messenger_menu":{"enabled":false},"page_card":{"enabled":false},"page_cta":{"enabled":false},"page_post":{"enabled":false},"page_shop":{"enabled":false},"pixels":[{"feature_instance_id":"798387502384774","enabled":true}],"thread_intent":{"enabled":false}}
 CONTEXT: {"_legacy":true}
2024-11-05T11:22:24+00:00 NOTICE Request
method: POST
uri: https://graph.facebook.com/v20.0/820729112865218/events
user-agent: Facebook-for-WooCommerce/3.2.10 (WooCommerce/9.3.3; WordPress/6.6.2)
body: {"data":[{"action_source":"website","event_time":1730805743,"event_id":"56344279-5d86-4593-96e3-6ba75b4bfc8a","event_source_url":"https:\/\/sincehence.store\/checkout\/","custom_data":{"num_items":3,"content_ids":"[\"SHSUP-TB00040_99\",\"SHSUP-TB00026_127\",\"SHSUP-TB00043_93\"]","content_name":"[\"Testosterone Advanced Formula | Increase Testosterone Levels | 60 Capsules\",\"Hair Growth Serum | Hair-Skin-Nails Supplement Combo | Ultimate Health\",\"Anti-Wrinkle Face Cream | Natural Ingredients | Cream Jar | Paraben-free\"]","content_type":"product","contents":"[{\"id\":\"SHSUP-TB00040_99\",\"quantity\":1},{\"id\":\"SHSUP-TB00026_127\",\"quantity\":1},{\"id\":\"SHSUP-TB00043_93\",\"quantity\":1}]","value":"111.85","currency":"USD"},"user_data":{"client_ip_address":"202.144.201.15","client_user_agent":"Mozilla\/5.0 (Windows NT 10.0; Win64; x64) AppleWebKit\/537.36 (KHTML, like Gecko) Chrome\/130.0.0.0 Safari\/537.36","em":"a986f61edac0d07f7aa7c60cea6298387c84c9a010fab7b2b53b8a21dc6063ce","external_id":"6b86b273ff34fce19d6b804eff5a3f5747ada4eaa22f1d49c01e52ddb7875b4b","ct":"9f86d081884c7d659a2feaa0c55ad015a3bf4f1b2b0b822cd15d6c15b0f00a08","st":"5e657ff6158d3e2a6d23e2a523917a2305acee9423365e268695c4b7b8919f4c","country":"5e657ff6158d3e2a6d23e2a523917a2305acee9423365e268695c4b7b8919f4c","fbc":"","fbp":"fb.1.1717511689208.463758672727181086"},"event_name":"InitiateCheckout"}],"partner_agent":"woocommerce-9.3.3-3.2.10"}
duration: 0.1496s
 CONTEXT: {"_legacy":true}
2024-11-05T11:22:24+00:00 NOTICE Response
code: 200
message: OK
body: {"events_received":1,"messages":[],"fbtrace_id":"AH4QNlG7f82-gleja7vt9Ax"}
 CONTEXT: {"_legacy":true}
