2024-10-18T01:53:19+00:00 DEBUG 
====Stripe Version: 8.8.0====
====Stripe Plugin API Version: 2024-06-20====
====Start Log====
account
====End Log====

2024-10-18T03:56:12+00:00 DEBUG 
====Stripe Version: 8.8.0====
====Stripe Plugin API Version: 2024-06-20====
====Start Log====
account
====End Log====

2024-10-18T05:58:20+00:00 DEBUG 
====Stripe Version: 8.8.0====
====Stripe Plugin API Version: 2024-06-20====
====Start Log====
account
====End Log====

2024-10-18T07:58:27+00:00 DEBUG 
====Stripe Version: 8.8.0====
====Stripe Plugin API Version: 2024-06-20====
====Start Log====
account
====End Log====

2024-10-18T09:59:33+00:00 DEBUG 
====Stripe Version: 8.8.0====
====Stripe Plugin API Version: 2024-06-20====
====Start Log====
account
====End Log====

2024-10-18T12:03:16+00:00 DEBUG 
====Stripe Version: 8.8.0====
====Stripe Plugin API Version: 2024-06-20====
====Start Log====
account
====End Log====

2024-10-18T12:38:00+00:00 DEBUG 
====Stripe Version: 8.8.0====
====Stripe Plugin API Version: 2024-06-20====
====Start Log====
Your domain has been verified with Apple Pay!
====End Log====

2024-10-18T12:38:04+00:00 DEBUG 
====Stripe Version: 8.8.0====
====Stripe Plugin API Version: 2024-06-20====
====Start Log====
Your domain has been verified with Apple Pay!
====End Log====

2024-10-18T12:38:05+00:00 DEBUG 
====Stripe Version: 8.8.0====
====Stripe Plugin API Version: 2024-06-20====
====Start Log====
Your domain has been verified with Apple Pay!
====End Log====

2024-10-18T14:03:22+00:00 DEBUG 
====Stripe Version: 8.8.0====
====Stripe Plugin API Version: 2024-06-20====
====Start Log====
account
====End Log====

2024-10-18T16:08:15+00:00 DEBUG 
====Stripe Version: 8.8.0====
====Stripe Plugin API Version: 2024-06-20====
====Start Log====
account
====End Log====

2024-10-18T18:08:25+00:00 DEBUG 
====Stripe Version: 8.8.0====
====Stripe Plugin API Version: 2024-06-20====
====Start Log====
account
====End Log====

2024-10-18T20:11:02+00:00 DEBUG 
====Stripe Version: 8.8.0====
====Stripe Plugin API Version: 2024-06-20====
====Start Log====
account
====End Log====

2024-10-18T22:12:05+00:00 DEBUG 
====Stripe Version: 8.8.0====
====Stripe Plugin API Version: 2024-06-20====
====Start Log====
account
====End Log====

