2024-10-20T00:37:35+00:00 DEBUG 
====Stripe Version: 8.8.0====
====Stripe Plugin API Version: 2024-06-20====
====Start Log====
account
====End Log====

2024-10-20T02:38:17+00:00 DEBUG 
====Stripe Version: 8.8.0====
====Stripe Plugin API Version: 2024-06-20====
====Start Log====
account
====End Log====

2024-10-20T04:42:20+00:00 DEBUG 
====Stripe Version: 8.8.0====
====Stripe Plugin API Version: 2024-06-20====
====Start Log====
account
====End Log====

2024-10-20T06:47:26+00:00 DEBUG 
====Stripe Version: 8.8.0====
====Stripe Plugin API Version: 2024-06-20====
====Start Log====
account
====End Log====

2024-10-20T08:47:30+00:00 DEBUG 
====Stripe Version: 8.8.0====
====Stripe Plugin API Version: 2024-06-20====
====Start Log====
account
====End Log====

2024-10-20T10:49:14+00:00 DEBUG 
====Stripe Version: 8.8.0====
====Stripe Plugin API Version: 2024-06-20====
====Start Log====
account
====End Log====

2024-10-20T12:52:26+00:00 DEBUG 
====Stripe Version: 8.8.0====
====Stripe Plugin API Version: 2024-06-20====
====Start Log====
account
====End Log====

2024-10-20T14:52:31+00:00 DEBUG 
====Stripe Version: 8.8.0====
====Stripe Plugin API Version: 2024-06-20====
====Start Log====
account
====End Log====

2024-10-20T16:57:25+00:00 DEBUG 
====Stripe Version: 8.8.0====
====Stripe Plugin API Version: 2024-06-20====
====Start Log====
account
====End Log====

2024-10-20T18:57:27+00:00 DEBUG 
====Stripe Version: 8.8.0====
====Stripe Plugin API Version: 2024-06-20====
====Start Log====
account
====End Log====

2024-10-20T21:02:25+00:00 DEBUG 
====Stripe Version: 8.8.0====
====Stripe Plugin API Version: 2024-06-20====
====Start Log====
account
====End Log====

2024-10-20T23:07:25+00:00 DEBUG 
====Stripe Version: 8.8.0====
====Stripe Plugin API Version: 2024-06-20====
====Start Log====
account
====End Log====

