2024-10-27T01:32:31+00:00 DEBUG 
====Stripe Version: 8.8.0====
====Stripe Plugin API Version: 2024-06-20====
====Start Log====
account
====End Log====

2024-10-27T03:34:35+00:00 DEBUG 
====Stripe Version: 8.8.0====
====Stripe Plugin API Version: 2024-06-20====
====Start Log====
account
====End Log====

2024-10-27T05:37:27+00:00 DEBUG 
====Stripe Version: 8.8.0====
====Stripe Plugin API Version: 2024-06-20====
====Start Log====
account
====End Log====

2024-10-27T07:37:31+00:00 DEBUG 
====Stripe Version: 8.8.0====
====Stripe Plugin API Version: 2024-06-20====
====Start Log====
account
====End Log====

2024-10-27T09:37:34+00:00 DEBUG 
====Stripe Version: 8.8.0====
====Stripe Plugin API Version: 2024-06-20====
====Start Log====
account
====End Log====

2024-10-27T11:42:35+00:00 DEBUG 
====Stripe Version: 8.8.0====
====Stripe Plugin API Version: 2024-06-20====
====Start Log====
account
====End Log====

2024-10-27T13:43:26+00:00 DEBUG 
====Stripe Version: 8.8.0====
====Stripe Plugin API Version: 2024-06-20====
====Start Log====
account
====End Log====

2024-10-27T15:47:26+00:00 DEBUG 
====Stripe Version: 8.8.0====
====Stripe Plugin API Version: 2024-06-20====
====Start Log====
account
====End Log====

2024-10-27T17:47:35+00:00 DEBUG 
====Stripe Version: 8.8.0====
====Stripe Plugin API Version: 2024-06-20====
====Start Log====
account
====End Log====

2024-10-27T19:47:36+00:00 DEBUG 
====Stripe Version: 8.8.0====
====Stripe Plugin API Version: 2024-06-20====
====Start Log====
account
====End Log====

2024-10-27T21:52:33+00:00 DEBUG 
====Stripe Version: 8.8.0====
====Stripe Plugin API Version: 2024-06-20====
====Start Log====
account
====End Log====

2024-10-27T23:57:30+00:00 DEBUG 
====Stripe Version: 8.8.0====
====Stripe Plugin API Version: 2024-06-20====
====Start Log====
account
====End Log====

