2024-10-14T00:19:12+00:00 DEBUG 
====Stripe Version: 8.7.0====
====Stripe Plugin API Version: 2024-06-20====
====Start Log====
account
====End Log====

2024-10-14T02:21:11+00:00 DEBUG 
====Stripe Version: 8.7.0====
====Stripe Plugin API Version: 2024-06-20====
====Start Log====
account
====End Log====

2024-10-14T04:21:54+00:00 DEBUG 
====Stripe Version: 8.7.0====
====Stripe Plugin API Version: 2024-06-20====
====Start Log====
account
====End Log====

2024-10-14T06:23:12+00:00 DEBUG 
====Stripe Version: 8.7.0====
====Stripe Plugin API Version: 2024-06-20====
====Start Log====
account
====End Log====

2024-10-14T08:27:26+00:00 DEBUG 
====Stripe Version: 8.7.0====
====Stripe Plugin API Version: 2024-06-20====
====Start Log====
account
====End Log====

2024-10-14T10:27:57+00:00 DEBUG 
====Stripe Version: 8.7.0====
====Stripe Plugin API Version: 2024-06-20====
====Start Log====
account
====End Log====

2024-10-14T12:28:05+00:00 DEBUG 
====Stripe Version: 8.7.0====
====Stripe Plugin API Version: 2024-06-20====
====Start Log====
account
====End Log====

2024-10-14T14:31:54+00:00 DEBUG 
====Stripe Version: 8.7.0====
====Stripe Plugin API Version: 2024-06-20====
====Start Log====
account
====End Log====

2024-10-14T16:33:07+00:00 DEBUG 
====Stripe Version: 8.7.0====
====Stripe Plugin API Version: 2024-06-20====
====Start Log====
account
====End Log====

2024-10-14T18:35:25+00:00 DEBUG 
====Stripe Version: 8.7.0====
====Stripe Plugin API Version: 2024-06-20====
====Start Log====
account
====End Log====

2024-10-14T20:36:26+00:00 DEBUG 
====Stripe Version: 8.7.0====
====Stripe Plugin API Version: 2024-06-20====
====Start Log====
account
====End Log====

2024-10-14T22:38:06+00:00 DEBUG 
====Stripe Version: 8.7.0====
====Stripe Plugin API Version: 2024-06-20====
====Start Log====
account
====End Log====

