2024-11-04T00:52:45+00:00 DEBUG 
====Stripe Version: 8.8.1====
====Stripe Plugin API Version: 2024-06-20====
====Start Log====
account
====End Log====

2024-11-04T02:52:54+00:00 DEBUG 
====Stripe Version: 8.8.1====
====Stripe Plugin API Version: 2024-06-20====
====Start Log====
account
====End Log====

2024-11-04T04:57:43+00:00 DEBUG 
====Stripe Version: 8.8.1====
====Stripe Plugin API Version: 2024-06-20====
====Start Log====
account
====End Log====

2024-11-04T06:57:44+00:00 DEBUG 
====Stripe Version: 8.8.1====
====Stripe Plugin API Version: 2024-06-20====
====Start Log====
account
====End Log====

2024-11-04T08:58:32+00:00 DEBUG 
====Stripe Version: 8.8.1====
====Stripe Plugin API Version: 2024-06-20====
====Start Log====
account
====End Log====

2024-11-04T10:59:56+00:00 DEBUG 
====Stripe Version: 8.8.1====
====Stripe Plugin API Version: 2024-06-20====
====Start Log====
account
====End Log====

2024-11-04T13:02:49+00:00 DEBUG 
====Stripe Version: 8.8.1====
====Stripe Plugin API Version: 2024-06-20====
====Start Log====
account
====End Log====

2024-11-04T15:02:51+00:00 DEBUG 
====Stripe Version: 8.8.1====
====Stripe Plugin API Version: 2024-06-20====
====Start Log====
account
====End Log====

2024-11-04T17:08:09+00:00 DEBUG 
====Stripe Version: 8.8.1====
====Stripe Plugin API Version: 2024-06-20====
====Start Log====
account
====End Log====

2024-11-04T19:10:57+00:00 DEBUG 
====Stripe Version: 8.8.1====
====Stripe Plugin API Version: 2024-06-20====
====Start Log====
account
====End Log====

2024-11-04T21:11:10+00:00 DEBUG 
====Stripe Version: 8.8.1====
====Stripe Plugin API Version: 2024-06-20====
====Start Log====
account
====End Log====

2024-11-04T23:11:12+00:00 DEBUG 
====Stripe Version: 8.8.1====
====Stripe Plugin API Version: 2024-06-20====
====Start Log====
account
====End Log====

