2024-10-21T01:12:23+00:00 DEBUG 
====Stripe Version: 8.8.0====
====Stripe Plugin API Version: 2024-06-20====
====Start Log====
account
====End Log====

2024-10-21T03:12:36+00:00 DEBUG 
====Stripe Version: 8.8.0====
====Stripe Plugin API Version: 2024-06-20====
====Start Log====
account
====End Log====

2024-10-21T05:12:59+00:00 DEBUG 
====Stripe Version: 8.8.0====
====Stripe Plugin API Version: 2024-06-20====
====Start Log====
account
====End Log====

2024-10-21T07:14:00+00:00 DEBUG 
====Stripe Version: 8.8.0====
====Stripe Plugin API Version: 2024-06-20====
====Start Log====
account
====End Log====

2024-10-21T09:15:19+00:00 DEBUG 
====Stripe Version: 8.8.0====
====Stripe Plugin API Version: 2024-06-20====
====Start Log====
account
====End Log====

2024-10-21T11:16:07+00:00 DEBUG 
====Stripe Version: 8.8.0====
====Stripe Plugin API Version: 2024-06-20====
====Start Log====
account
====End Log====

2024-10-21T13:17:07+00:00 DEBUG 
====Stripe Version: 8.8.0====
====Stripe Plugin API Version: 2024-06-20====
====Start Log====
account
====End Log====

2024-10-21T15:17:19+00:00 DEBUG 
====Stripe Version: 8.8.0====
====Stripe Plugin API Version: 2024-06-20====
====Start Log====
account
====End Log====

2024-10-21T17:17:24+00:00 DEBUG 
====Stripe Version: 8.8.0====
====Stripe Plugin API Version: 2024-06-20====
====Start Log====
account
====End Log====

2024-10-21T19:18:14+00:00 DEBUG 
====Stripe Version: 8.8.0====
====Stripe Plugin API Version: 2024-06-20====
====Start Log====
account
====End Log====

2024-10-21T21:22:24+00:00 DEBUG 
====Stripe Version: 8.8.0====
====Stripe Plugin API Version: 2024-06-20====
====Start Log====
account
====End Log====

2024-10-21T23:27:24+00:00 DEBUG 
====Stripe Version: 8.8.0====
====Stripe Plugin API Version: 2024-06-20====
====Start Log====
account
====End Log====

