2024-10-30T00:42:32+00:00 DEBUG 
====Stripe Version: 8.8.1====
====Stripe Plugin API Version: 2024-06-20====
====Start Log====
account
====End Log====

2024-10-30T02:42:36+00:00 DEBUG 
====Stripe Version: 8.8.1====
====Stripe Plugin API Version: 2024-06-20====
====Start Log====
account
====End Log====

2024-10-30T04:42:37+00:00 DEBUG 
====Stripe Version: 8.8.1====
====Stripe Plugin API Version: 2024-06-20====
====Start Log====
account
====End Log====

2024-10-30T06:47:32+00:00 DEBUG 
====Stripe Version: 8.8.1====
====Stripe Plugin API Version: 2024-06-20====
====Start Log====
account
====End Log====

2024-10-30T08:48:27+00:00 DEBUG 
====Stripe Version: 8.8.1====
====Stripe Plugin API Version: 2024-06-20====
====Start Log====
account
====End Log====

2024-10-30T10:52:28+00:00 DEBUG 
====Stripe Version: 8.8.1====
====Stripe Plugin API Version: 2024-06-20====
====Start Log====
account
====End Log====

2024-10-30T12:52:30+00:00 DEBUG 
====Stripe Version: 8.8.1====
====Stripe Plugin API Version: 2024-06-20====
====Start Log====
account
====End Log====

2024-10-30T14:52:44+00:00 DEBUG 
====Stripe Version: 8.8.1====
====Stripe Plugin API Version: 2024-06-20====
====Start Log====
account
====End Log====

2024-10-30T16:57:45+00:00 DEBUG 
====Stripe Version: 8.8.1====
====Stripe Plugin API Version: 2024-06-20====
====Start Log====
account
====End Log====

2024-10-30T19:02:44+00:00 DEBUG 
====Stripe Version: 8.8.1====
====Stripe Plugin API Version: 2024-06-20====
====Start Log====
account
====End Log====

2024-10-30T21:04:26+00:00 DEBUG 
====Stripe Version: 8.8.1====
====Stripe Plugin API Version: 2024-06-20====
====Start Log====
account
====End Log====

2024-10-30T23:06:47+00:00 DEBUG 
====Stripe Version: 8.8.1====
====Stripe Plugin API Version: 2024-06-20====
====Start Log====
account
====End Log====

