2024-11-01T01:27:45+00:00 DEBUG 
====Stripe Version: 8.8.1====
====Stripe Plugin API Version: 2024-06-20====
====Start Log====
account
====End Log====

2024-11-01T03:28:20+00:00 DEBUG 
====Stripe Version: 8.8.1====
====Stripe Plugin API Version: 2024-06-20====
====Start Log====
account
====End Log====

2024-11-01T03:28:20+00:00 DEBUG 
====Stripe Version: 8.8.1====
====Stripe Plugin API Version: 2024-06-20====
====Start Log====
account
====End Log====

2024-11-01T03:28:21+00:00 DEBUG 
====Stripe Version: 8.8.1====
====Stripe Plugin API Version: 2024-06-20====
====Start Log====
account
====End Log====

2024-11-01T03:28:21+00:00 DEBUG 
====Stripe Version: 8.8.1====
====Stripe Plugin API Version: 2024-06-20====
====Start Log====
account
====End Log====

2024-11-01T03:28:22+00:00 DEBUG 
====Stripe Version: 8.8.1====
====Stripe Plugin API Version: 2024-06-20====
====Start Log====
account
====End Log====

2024-11-01T03:28:22+00:00 DEBUG 
====Stripe Version: 8.8.1====
====Stripe Plugin API Version: 2024-06-20====
====Start Log====
account
====End Log====

2024-11-01T03:28:23+00:00 DEBUG 
====Stripe Version: 8.8.1====
====Stripe Plugin API Version: 2024-06-20====
====Start Log====
account
====End Log====

2024-11-01T03:28:24+00:00 DEBUG 
====Stripe Version: 8.8.1====
====Stripe Plugin API Version: 2024-06-20====
====Start Log====
account
====End Log====

2024-11-01T03:28:24+00:00 DEBUG 
====Stripe Version: 8.8.1====
====Stripe Plugin API Version: 2024-06-20====
====Start Log====
account
====End Log====

2024-11-01T03:28:25+00:00 DEBUG 
====Stripe Version: 8.8.1====
====Stripe Plugin API Version: 2024-06-20====
====Start Log====
account
====End Log====

2024-11-01T03:28:25+00:00 DEBUG 
====Stripe Version: 8.8.1====
====Stripe Plugin API Version: 2024-06-20====
====Start Log====
account
====End Log====

2024-11-01T03:28:26+00:00 DEBUG 
====Stripe Version: 8.8.1====
====Stripe Plugin API Version: 2024-06-20====
====Start Log====
account
====End Log====

2024-11-01T03:28:26+00:00 DEBUG 
====Stripe Version: 8.8.1====
====Stripe Plugin API Version: 2024-06-20====
====Start Log====
account
====End Log====

2024-11-01T03:28:27+00:00 DEBUG 
====Stripe Version: 8.8.1====
====Stripe Plugin API Version: 2024-06-20====
====Start Log====
account
====End Log====

2024-11-01T03:28:27+00:00 DEBUG 
====Stripe Version: 8.8.1====
====Stripe Plugin API Version: 2024-06-20====
====Start Log====
account
====End Log====

2024-11-01T03:28:28+00:00 DEBUG 
====Stripe Version: 8.8.1====
====Stripe Plugin API Version: 2024-06-20====
====Start Log====
account
====End Log====

2024-11-01T03:28:28+00:00 DEBUG 
====Stripe Version: 8.8.1====
====Stripe Plugin API Version: 2024-06-20====
====Start Log====
account
====End Log====

2024-11-01T03:28:29+00:00 DEBUG 
====Stripe Version: 8.8.1====
====Stripe Plugin API Version: 2024-06-20====
====Start Log====
account
====End Log====

2024-11-01T03:28:29+00:00 DEBUG 
====Stripe Version: 8.8.1====
====Stripe Plugin API Version: 2024-06-20====
====Start Log====
account
====End Log====

2024-11-01T03:28:30+00:00 DEBUG 
====Stripe Version: 8.8.1====
====Stripe Plugin API Version: 2024-06-20====
====Start Log====
account
====End Log====

2024-11-01T03:28:31+00:00 DEBUG 
====Stripe Version: 8.8.1====
====Stripe Plugin API Version: 2024-06-20====
====Start Log====
account
====End Log====

2024-11-01T03:28:31+00:00 DEBUG 
====Stripe Version: 8.8.1====
====Stripe Plugin API Version: 2024-06-20====
====Start Log====
account
====End Log====

2024-11-01T03:28:32+00:00 DEBUG 
====Stripe Version: 8.8.1====
====Stripe Plugin API Version: 2024-06-20====
====Start Log====
account
====End Log====

2024-11-01T03:28:32+00:00 DEBUG 
====Stripe Version: 8.8.1====
====Stripe Plugin API Version: 2024-06-20====
====Start Log====
account
====End Log====

2024-11-01T03:28:33+00:00 DEBUG 
====Stripe Version: 8.8.1====
====Stripe Plugin API Version: 2024-06-20====
====Start Log====
account
====End Log====

2024-11-01T03:28:33+00:00 DEBUG 
====Stripe Version: 8.8.1====
====Stripe Plugin API Version: 2024-06-20====
====Start Log====
account
====End Log====

2024-11-01T03:28:34+00:00 DEBUG 
====Stripe Version: 8.8.1====
====Stripe Plugin API Version: 2024-06-20====
====Start Log====
account
====End Log====

2024-11-01T03:28:35+00:00 DEBUG 
====Stripe Version: 8.8.1====
====Stripe Plugin API Version: 2024-06-20====
====Start Log====
account
====End Log====

2024-11-01T03:28:35+00:00 DEBUG 
====Stripe Version: 8.8.1====
====Stripe Plugin API Version: 2024-06-20====
====Start Log====
account
====End Log====

2024-11-01T03:28:36+00:00 DEBUG 
====Stripe Version: 8.8.1====
====Stripe Plugin API Version: 2024-06-20====
====Start Log====
account
====End Log====

2024-11-01T03:28:36+00:00 DEBUG 
====Stripe Version: 8.8.1====
====Stripe Plugin API Version: 2024-06-20====
====Start Log====
account
====End Log====

2024-11-01T03:28:37+00:00 DEBUG 
====Stripe Version: 8.8.1====
====Stripe Plugin API Version: 2024-06-20====
====Start Log====
account
====End Log====

2024-11-01T03:28:37+00:00 DEBUG 
====Stripe Version: 8.8.1====
====Stripe Plugin API Version: 2024-06-20====
====Start Log====
account
====End Log====

2024-11-01T03:28:38+00:00 DEBUG 
====Stripe Version: 8.8.1====
====Stripe Plugin API Version: 2024-06-20====
====Start Log====
account
====End Log====

2024-11-01T03:28:38+00:00 DEBUG 
====Stripe Version: 8.8.1====
====Stripe Plugin API Version: 2024-06-20====
====Start Log====
account
====End Log====

2024-11-01T03:28:39+00:00 DEBUG 
====Stripe Version: 8.8.1====
====Stripe Plugin API Version: 2024-06-20====
====Start Log====
account
====End Log====

2024-11-01T03:28:40+00:00 DEBUG 
====Stripe Version: 8.8.1====
====Stripe Plugin API Version: 2024-06-20====
====Start Log====
account
====End Log====

2024-11-01T03:28:40+00:00 DEBUG 
====Stripe Version: 8.8.1====
====Stripe Plugin API Version: 2024-06-20====
====Start Log====
account
====End Log====

2024-11-01T03:28:41+00:00 DEBUG 
====Stripe Version: 8.8.1====
====Stripe Plugin API Version: 2024-06-20====
====Start Log====
account
====End Log====

2024-11-01T03:28:41+00:00 DEBUG 
====Stripe Version: 8.8.1====
====Stripe Plugin API Version: 2024-06-20====
====Start Log====
account
====End Log====

2024-11-01T03:28:42+00:00 DEBUG 
====Stripe Version: 8.8.1====
====Stripe Plugin API Version: 2024-06-20====
====Start Log====
account
====End Log====

2024-11-01T03:28:43+00:00 DEBUG 
====Stripe Version: 8.8.1====
====Stripe Plugin API Version: 2024-06-20====
====Start Log====
account
====End Log====

2024-11-01T03:28:43+00:00 DEBUG 
====Stripe Version: 8.8.1====
====Stripe Plugin API Version: 2024-06-20====
====Start Log====
account
====End Log====

2024-11-01T03:28:44+00:00 DEBUG 
====Stripe Version: 8.8.1====
====Stripe Plugin API Version: 2024-06-20====
====Start Log====
account
====End Log====

2024-11-01T03:28:44+00:00 DEBUG 
====Stripe Version: 8.8.1====
====Stripe Plugin API Version: 2024-06-20====
====Start Log====
account
====End Log====

2024-11-01T03:28:45+00:00 DEBUG 
====Stripe Version: 8.8.1====
====Stripe Plugin API Version: 2024-06-20====
====Start Log====
account
====End Log====

2024-11-01T03:28:45+00:00 DEBUG 
====Stripe Version: 8.8.1====
====Stripe Plugin API Version: 2024-06-20====
====Start Log====
account
====End Log====

2024-11-01T03:28:46+00:00 DEBUG 
====Stripe Version: 8.8.1====
====Stripe Plugin API Version: 2024-06-20====
====Start Log====
account
====End Log====

2024-11-01T03:28:46+00:00 DEBUG 
====Stripe Version: 8.8.1====
====Stripe Plugin API Version: 2024-06-20====
====Start Log====
account
====End Log====

2024-11-01T03:28:47+00:00 DEBUG 
====Stripe Version: 8.8.1====
====Stripe Plugin API Version: 2024-06-20====
====Start Log====
account
====End Log====

2024-11-01T03:28:47+00:00 DEBUG 
====Stripe Version: 8.8.1====
====Stripe Plugin API Version: 2024-06-20====
====Start Log====
account
====End Log====

2024-11-01T03:28:48+00:00 DEBUG 
====Stripe Version: 8.8.1====
====Stripe Plugin API Version: 2024-06-20====
====Start Log====
account
====End Log====

2024-11-01T03:28:48+00:00 DEBUG 
====Stripe Version: 8.8.1====
====Stripe Plugin API Version: 2024-06-20====
====Start Log====
account
====End Log====

2024-11-01T03:28:49+00:00 DEBUG 
====Stripe Version: 8.8.1====
====Stripe Plugin API Version: 2024-06-20====
====Start Log====
account
====End Log====

2024-11-01T03:28:50+00:00 DEBUG 
====Stripe Version: 8.8.1====
====Stripe Plugin API Version: 2024-06-20====
====Start Log====
account
====End Log====

2024-11-01T03:28:50+00:00 DEBUG 
====Stripe Version: 8.8.1====
====Stripe Plugin API Version: 2024-06-20====
====Start Log====
account
====End Log====

2024-11-01T03:28:51+00:00 DEBUG 
====Stripe Version: 8.8.1====
====Stripe Plugin API Version: 2024-06-20====
====Start Log====
account
====End Log====

2024-11-01T03:28:51+00:00 DEBUG 
====Stripe Version: 8.8.1====
====Stripe Plugin API Version: 2024-06-20====
====Start Log====
account
====End Log====

2024-11-01T03:28:52+00:00 DEBUG 
====Stripe Version: 8.8.1====
====Stripe Plugin API Version: 2024-06-20====
====Start Log====
account
====End Log====

2024-11-01T03:28:52+00:00 DEBUG 
====Stripe Version: 8.8.1====
====Stripe Plugin API Version: 2024-06-20====
====Start Log====
account
====End Log====

2024-11-01T03:28:53+00:00 DEBUG 
====Stripe Version: 8.8.1====
====Stripe Plugin API Version: 2024-06-20====
====Start Log====
account
====End Log====

2024-11-01T03:28:53+00:00 DEBUG 
====Stripe Version: 8.8.1====
====Stripe Plugin API Version: 2024-06-20====
====Start Log====
account
====End Log====

2024-11-01T03:28:54+00:00 DEBUG 
====Stripe Version: 8.8.1====
====Stripe Plugin API Version: 2024-06-20====
====Start Log====
account
====End Log====

2024-11-01T03:28:54+00:00 DEBUG 
====Stripe Version: 8.8.1====
====Stripe Plugin API Version: 2024-06-20====
====Start Log====
account
====End Log====

2024-11-01T03:28:55+00:00 DEBUG 
====Stripe Version: 8.8.1====
====Stripe Plugin API Version: 2024-06-20====
====Start Log====
account
====End Log====

2024-11-01T03:28:56+00:00 DEBUG 
====Stripe Version: 8.8.1====
====Stripe Plugin API Version: 2024-06-20====
====Start Log====
account
====End Log====

2024-11-01T03:28:56+00:00 DEBUG 
====Stripe Version: 8.8.1====
====Stripe Plugin API Version: 2024-06-20====
====Start Log====
account
====End Log====

2024-11-01T03:28:57+00:00 DEBUG 
====Stripe Version: 8.8.1====
====Stripe Plugin API Version: 2024-06-20====
====Start Log====
account
====End Log====

2024-11-01T03:28:57+00:00 DEBUG 
====Stripe Version: 8.8.1====
====Stripe Plugin API Version: 2024-06-20====
====Start Log====
account
====End Log====

2024-11-01T03:28:58+00:00 DEBUG 
====Stripe Version: 8.8.1====
====Stripe Plugin API Version: 2024-06-20====
====Start Log====
account
====End Log====

2024-11-01T05:32:43+00:00 DEBUG 
====Stripe Version: 8.8.1====
====Stripe Plugin API Version: 2024-06-20====
====Start Log====
account
====End Log====

2024-11-01T07:34:54+00:00 DEBUG 
====Stripe Version: 8.8.1====
====Stripe Plugin API Version: 2024-06-20====
====Start Log====
account
====End Log====

2024-11-01T09:37:45+00:00 DEBUG 
====Stripe Version: 8.8.1====
====Stripe Plugin API Version: 2024-06-20====
====Start Log====
account
====End Log====

2024-11-01T11:42:49+00:00 DEBUG 
====Stripe Version: 8.8.1====
====Stripe Plugin API Version: 2024-06-20====
====Start Log====
account
====End Log====

2024-11-01T13:47:44+00:00 DEBUG 
====Stripe Version: 8.8.1====
====Stripe Plugin API Version: 2024-06-20====
====Start Log====
account
====End Log====

2024-11-01T15:52:42+00:00 DEBUG 
====Stripe Version: 8.8.1====
====Stripe Plugin API Version: 2024-06-20====
====Start Log====
account
====End Log====

2024-11-01T17:52:44+00:00 DEBUG 
====Stripe Version: 8.8.1====
====Stripe Plugin API Version: 2024-06-20====
====Start Log====
account
====End Log====

2024-11-01T19:57:56+00:00 DEBUG 
====Stripe Version: 8.8.1====
====Stripe Plugin API Version: 2024-06-20====
====Start Log====
account
====End Log====

2024-11-01T21:59:03+00:00 DEBUG 
====Stripe Version: 8.8.1====
====Stripe Plugin API Version: 2024-06-20====
====Start Log====
account
====End Log====

