2024-11-02T00:02:41+00:00 DEBUG 
====Stripe Version: 8.8.1====
====Stripe Plugin API Version: 2024-06-20====
====Start Log====
account
====End Log====

2024-11-02T02:07:39+00:00 DEBUG 
====Stripe Version: 8.8.1====
====Stripe Plugin API Version: 2024-06-20====
====Start Log====
account
====End Log====

2024-11-02T04:07:49+00:00 DEBUG 
====Stripe Version: 8.8.1====
====Stripe Plugin API Version: 2024-06-20====
====Start Log====
account
====End Log====

2024-11-02T06:11:18+00:00 DEBUG 
====Stripe Version: 8.8.1====
====Stripe Plugin API Version: 2024-06-20====
====Start Log====
account
====End Log====

2024-11-02T08:12:23+00:00 DEBUG 
====Stripe Version: 8.8.1====
====Stripe Plugin API Version: 2024-06-20====
====Start Log====
account
====End Log====

2024-11-02T10:14:10+00:00 DEBUG 
====Stripe Version: 8.8.1====
====Stripe Plugin API Version: 2024-06-20====
====Start Log====
account
====End Log====

2024-11-02T12:15:11+00:00 DEBUG 
====Stripe Version: 8.8.1====
====Stripe Plugin API Version: 2024-06-20====
====Start Log====
account
====End Log====

2024-11-02T14:15:21+00:00 DEBUG 
====Stripe Version: 8.8.1====
====Stripe Plugin API Version: 2024-06-20====
====Start Log====
account
====End Log====

2024-11-02T16:16:08+00:00 DEBUG 
====Stripe Version: 8.8.1====
====Stripe Plugin API Version: 2024-06-20====
====Start Log====
account
====End Log====

2024-11-02T18:17:46+00:00 DEBUG 
====Stripe Version: 8.8.1====
====Stripe Plugin API Version: 2024-06-20====
====Start Log====
account
====End Log====

2024-11-02T20:17:48+00:00 DEBUG 
====Stripe Version: 8.8.1====
====Stripe Plugin API Version: 2024-06-20====
====Start Log====
account
====End Log====

2024-11-02T22:18:04+00:00 DEBUG 
====Stripe Version: 8.8.1====
====Stripe Plugin API Version: 2024-06-20====
====Start Log====
account
====End Log====

