2024-11-05T01:12:07+00:00 DEBUG 
====Stripe Version: 8.8.1====
====Stripe Plugin API Version: 2024-06-20====
====Start Log====
account
====End Log====

2024-11-05T03:12:09+00:00 DEBUG 
====Stripe Version: 8.8.1====
====Stripe Plugin API Version: 2024-06-20====
====Start Log====
account
====End Log====

2024-11-05T05:12:44+00:00 DEBUG 
====Stripe Version: 8.8.1====
====Stripe Plugin API Version: 2024-06-20====
====Start Log====
account
====End Log====

2024-11-05T07:13:17+00:00 DEBUG 
====Stripe Version: 8.8.1====
====Stripe Plugin API Version: 2024-06-20====
====Start Log====
account
====End Log====

2024-11-05T09:14:06+00:00 DEBUG 
====Stripe Version: 8.8.1====
====Stripe Plugin API Version: 2024-06-20====
====Start Log====
account
====End Log====

2024-11-05T11:15:37+00:00 DEBUG 
====Stripe Version: 8.8.1====
====Stripe Plugin API Version: 2024-06-20====
====Start Log====
account
====End Log====

2024-11-05T11:22:22+00:00 DEBUG 
====Stripe Version: 8.8.1====
====Stripe Plugin API Version: 2024-06-20====
====Start Log====
payment_methods request: Array
(
    [customer] => cus_QGgVMWV8RSTixz
    [type] => card
    [limit] => 100
)

====End Log====

2024-11-05T11:22:23+00:00 DEBUG 
====Stripe Version: 8.8.1====
====Stripe Plugin API Version: 2024-06-20====
====Start Log====
payment_methods response with stripe-version: 2024-06-20
====End Log====

2024-11-05T11:22:23+00:00 DEBUG 
====Stripe Version: 8.8.1====
====Stripe Plugin API Version: 2024-06-20====
====Start Log====
payment_methods request: Array
(
    [customer] => cus_QGgVMWV8RSTixz
    [type] => link
    [limit] => 100
)

====End Log====

2024-11-05T11:22:23+00:00 DEBUG 
====Stripe Version: 8.8.1====
====Stripe Plugin API Version: 2024-06-20====
====Start Log====
payment_methods response with stripe-version: 2024-06-20
====End Log====

2024-11-05T11:53:37+00:00 DEBUG 
====Stripe Version: 8.8.1====
====Stripe Plugin API Version: 2024-06-20====
====Start Log====
payment_intents/pi_3QD3KeCPjevOheLT197TvCxZ?expand[]=payment_method request: Array
(
)

====End Log====

2024-11-05T11:53:37+00:00 DEBUG 
====Stripe Version: 8.8.1====
====Stripe Plugin API Version: 2024-06-20====
====Start Log====
payment_intents/pi_3QD3KeCPjevOheLT197TvCxZ?expand[]=payment_method response with stripe-version: 2024-06-20
====End Log====

2024-11-05T11:54:16+00:00 DEBUG 
====Stripe Version: 8.8.1====
====Stripe Plugin API Version: 2024-06-20====
====Start Log====
payment_intents/pi_3QD36DCPjevOheLT1rd8Xvrq?expand[]=payment_method request: Array
(
)

====End Log====

2024-11-05T11:54:16+00:00 DEBUG 
====Stripe Version: 8.8.1====
====Stripe Plugin API Version: 2024-06-20====
====Start Log====
payment_intents/pi_3QD36DCPjevOheLT1rd8Xvrq?expand[]=payment_method response with stripe-version: 2024-06-20
====End Log====

2024-11-05T13:00:46+00:00 DEBUG 
====Stripe Version: 8.8.1====
====Stripe Plugin API Version: 2024-06-20====
====Start Log====
Stripe Payment Request live mode requires SSL.
====End Log====


2024-11-05T13:00:57+00:00 DEBUG 
====Stripe Version: 8.8.1====
====Stripe Plugin API Version: 2024-06-20====
====Start Log====
Stripe Payment Request live mode requires SSL.
====End Log====


