2024-10-31T01:07:41+00:00 DEBUG 
====Stripe Version: 8.8.1====
====Stripe Plugin API Version: 2024-06-20====
====Start Log====
account
====End Log====

2024-10-31T03:09:23+00:00 DEBUG 
====Stripe Version: 8.8.1====
====Stripe Plugin API Version: 2024-06-20====
====Start Log====
account
====End Log====

2024-10-31T05:12:53+00:00 DEBUG 
====Stripe Version: 8.8.1====
====Stripe Plugin API Version: 2024-06-20====
====Start Log====
account
====End Log====

2024-10-31T07:13:15+00:00 DEBUG 
====Stripe Version: 8.8.1====
====Stripe Plugin API Version: 2024-06-20====
====Start Log====
account
====End Log====

2024-10-31T09:14:24+00:00 DEBUG 
====Stripe Version: 8.8.1====
====Stripe Plugin API Version: 2024-06-20====
====Start Log====
account
====End Log====

2024-10-31T11:14:48+00:00 DEBUG 
====Stripe Version: 8.8.1====
====Stripe Plugin API Version: 2024-06-20====
====Start Log====
account
====End Log====

2024-10-31T13:15:37+00:00 DEBUG 
====Stripe Version: 8.8.1====
====Stripe Plugin API Version: 2024-06-20====
====Start Log====
account
====End Log====

2024-10-31T15:16:35+00:00 DEBUG 
====Stripe Version: 8.8.1====
====Stripe Plugin API Version: 2024-06-20====
====Start Log====
account
====End Log====

2024-10-31T17:17:50+00:00 DEBUG 
====Stripe Version: 8.8.1====
====Stripe Plugin API Version: 2024-06-20====
====Start Log====
account
====End Log====

2024-10-31T19:18:45+00:00 DEBUG 
====Stripe Version: 8.8.1====
====Stripe Plugin API Version: 2024-06-20====
====Start Log====
account
====End Log====

2024-10-31T21:22:45+00:00 DEBUG 
====Stripe Version: 8.8.1====
====Stripe Plugin API Version: 2024-06-20====
====Start Log====
account
====End Log====

2024-10-31T23:27:43+00:00 DEBUG 
====Stripe Version: 8.8.1====
====Stripe Plugin API Version: 2024-06-20====
====Start Log====
account
====End Log====

